Log file open, 02/25/17 21:29:51
LogInit:Display: Running engine for game: Shangda_Wus_Book
LogPlatformFile: Not using cached read wrapper
LogInit:Display: RandInit(1548946309) SRandInit(1548946309).
LogTaskGraph: Started task graph with 5 named threads and 6 total threads with 1 sets of task threads.
LogStats: Stats thread started at 0.066772
LogInit: Using libcurl 7.47.1
LogInit:  - built for x86_64-pc-win32
LogInit:  - supports SSL with OpenSSL/1.0.2g
LogInit:  - supports HTTP deflate (compression) using libz 1.2.8
LogInit:  - other features:
LogInit:      CURL_VERSION_SSL
LogInit:      CURL_VERSION_LIBZ
LogInit:      CURL_VERSION_IPV6
LogInit:      CURL_VERSION_ASYNCHDNS
LogInit:      CURL_VERSION_LARGEFILE
LogInit:      CURL_VERSION_IDN
LogInit:  CurlRequestOptions (configurable via config and command line):
LogInit:  - bVerifyPeer = false  - Libcurl will NOT verify peer certificate
LogInit:  - bUseHttpProxy = false  - Libcurl will NOT use HTTP proxy
LogInit:  - bDontReuseConnections = false  - Libcurl will reuse connections
LogInit:  - CertBundlePath = nullptr  - Libcurl will use whatever was configured at build time.
LogInit: Build: ++UE4+Release-4.15-CL-3299760
LogInit: Engine Version: 4.15.0-3299760+++UE4+Release-4.15
LogInit: Compatible Engine Version: 4.15.0-3299760+++UE4+Release-4.15
LogInit: Net CL: 3299760
LogDevObjectVersion: Number of dev versions registered: 14
LogDevObjectVersion:   Dev-Blueprints (B0D832E4-1F89-4F0D-ACCF-7EB736FD4AA2): 8
LogDevObjectVersion:   Dev-Build (E1C64328-A22C-4D53-A36C-8E866417BD8C): 0
LogDevObjectVersion:   Dev-Core (375EC13C-06E4-48FB-B500-84F0262A717E): 2
LogDevObjectVersion:   Dev-Editor (E4B068ED-F494-42E9-A231-DA0B2E46BB41): 14
LogDevObjectVersion:   Dev-Framework (CFFC743F-43B0-4480-9391-14DF171D2073): 22
LogDevObjectVersion:   Dev-Mobile (B02B49B5-BB20-44E9-A304-32B752E40360): 0
LogDevObjectVersion:   Dev-Networking (A4E4105C-59A1-49B5-A7C5-40C4547EDFEE): 0
LogDevObjectVersion:   Dev-Online (39C831C9-5AE6-47DC-9A44-9C173E1C8E7C): 0
LogDevObjectVersion:   Dev-Physics (78F01B33-EBEA-4F98-B9B4-84EACCB95AA2): 0
LogDevObjectVersion:   Dev-Platform (6631380F-2D4D-43E0-8009-CF276956A95A): 0
LogDevObjectVersion:   Dev-Rendering (12F88B9F-8875-4AFC-A67C-D90C383ABD29): 12
LogDevObjectVersion:   Dev-Sequencer (7B5AE74C-D270-4C10-A958-57980B212A5A): 3
LogDevObjectVersion:   Dev-VR (D7296918-1DD6-4BDD-9DE2-64A83CC13884): 0
LogDevObjectVersion:   Dev-LoadTimes (C2A15278-BFE7-4AFE-6C17-90FF531DF755): 1
LogInit: Compiled (64-bit): Feb 14 2017 02:04:14
LogInit: Compiled with Visual C++: 19.00.23026.00
LogInit: Build Configuration: Development
LogInit: Branch Name: ++UE4+Release-4.15
LogInit: Command line:  
LogInit: Base directory: C:/Program Files (x86)/Epic Games/4.15/Engine/Binaries/Win64/
LogInit: Installed Engine Build: 1
LogInit: Presizing for max 8388607 objects, including 0 objects not considered by GC, pre-allocating 0 bytes for permanent pool.
LogInit: Object subsystem initialized
[2017.02.25-13.29.52:559][  0]LogInit: Selected Device Profile: [Windows]
[2017.02.25-13.29.52:559][  0]LogInit: Applying CVar settings loaded from the selected device profile: [Windows]
[2017.02.25-13.29.52:578][  0]LogInit: Computer: DESKTOP-4SGI5H6
[2017.02.25-13.29.52:578][  0]LogInit: User: shang
[2017.02.25-13.29.52:578][  0]LogInit: CPU Page size=65536, Cores=2
[2017.02.25-13.29.52:578][  0]LogInit: High frequency timer resolution =3.234371 MHz
[2017.02.25-13.29.52:579][  0]LogMemory: Memory total: Physical=15.8GB (16GB approx)
[2017.02.25-13.29.52:579][  0]LogMemory: Platform Memory Stats for Windows
[2017.02.25-13.29.52:579][  0]LogMemory: Process Physical Memory: 263.86 MB used, 263.86 MB peak
[2017.02.25-13.29.52:579][  0]LogMemory: Process Virtual Memory: 262.16 MB used, 262.16 MB peak
[2017.02.25-13.29.52:579][  0]LogMemory: Physical Memory: 6179.01 MB used,  10021.90 MB free, 16200.91 MB total
[2017.02.25-13.29.52:579][  0]LogMemory: Virtual Memory: 641.67 MB used,  10021.90 MB free, 134217728.00 MB total
[2017.02.25-13.29.52:659][  0]LogInit: Overriding culture en with editor configuration.
[2017.02.25-13.29.53:329][  0]LogD3D11RHI: D3D11 adapters:
[2017.02.25-13.29.53:375][  0]LogD3D11RHI:    0. 'NVIDIA Quadro M1000M' (Feature Level 11_0)
[2017.02.25-13.29.53:375][  0]LogD3D11RHI:       4064/0/8100 MB DedicatedVideo/DedicatedSystem/SharedSystem, Outputs:1, VendorId:0x10de
[2017.02.25-13.29.53:385][  0]LogD3D11RHI:    1. 'Intel(R) Iris(TM) Graphics 550' (Feature Level 11_0)
[2017.02.25-13.29.53:385][  0]LogD3D11RHI:       128/0/8100 MB DedicatedVideo/DedicatedSystem/SharedSystem, Outputs:0, VendorId:0x8086
[2017.02.25-13.29.53:386][  0]LogD3D11RHI:    2. 'Microsoft Basic Render Driver' (Feature Level 11_0)
[2017.02.25-13.29.53:386][  0]LogD3D11RHI:       0/0/8100 MB DedicatedVideo/DedicatedSystem/SharedSystem, Outputs:0, VendorId:0x1414
[2017.02.25-13.29.53:386][  0]LogD3D11RHI: Chosen D3D11 Adapter: 0
[2017.02.25-13.29.53:391][  0]LogD3D11RHI: Creating new Direct3DDevice
[2017.02.25-13.29.53:391][  0]LogD3D11RHI:     GPU DeviceId: 0x13b1 (for the marketing name, search the web for "GPU Device Id")
[2017.02.25-13.29.53:391][  0]LogWindows: EnumDisplayDevices:
[2017.02.25-13.29.53:391][  0]LogWindows:    0. 'Intel(R) Iris(TM) Graphics 550' (P:1 D:1)
[2017.02.25-13.29.53:391][  0]LogWindows:    1. 'Intel(R) Iris(TM) Graphics 550' (P:0 D:0)
[2017.02.25-13.29.53:391][  0]LogWindows:    2. 'Intel(R) Iris(TM) Graphics 550' (P:0 D:0)
[2017.02.25-13.29.53:392][  0]LogWindows: DebugString: PrimaryIsNotTheChoosenAdapter PrimaryIsNotTheChoosenAdapter PrimaryIsNotTheChoosenAdapter FoundDriverCount:0 
[2017.02.25-13.29.53:392][  0]LogD3D11RHI:     Adapter Name: NVIDIA Quadro M1000M
[2017.02.25-13.29.53:392][  0]LogD3D11RHI:   Driver Version: Unknown (internal:Unknown, unified:Unknown)
[2017.02.25-13.29.53:392][  0]LogD3D11RHI:      Driver Date: Unknown
[2017.02.25-13.29.53:392][  0]LogRHI: Texture pool is 1361 MB (70% of 1945 MB)
[2017.02.25-13.29.53:411][  0]LogD3D11RHI: Async texture creation enabled
[2017.02.25-13.29.53:431][  0]LogD3D11RHI: GPU Timing Frequency: 1000.000000 (Debug: 2 2)
[2017.02.25-13.29.53:431][  0]LogShaderCompilers: Guid format shader working directory is -27 characters bigger than the processId version (../../../../../../Users/shang/Documents/Unreal Projects/Shangda_Wus_Book/Intermediate/Shaders/WorkingDirectory/18184/).
[2017.02.25-13.29.53:431][  0]LogShaderCompilers: Cleaned the shader compiler working directory 'C:/Users/shang/AppData/Local/Temp/UnrealShaderWorkingDir/0D05647446920C926868689AAF44BD61/'.
[2017.02.25-13.29.53:431][  0]LogShaderCompilers:Display: Using Local Shader Compiler.
[2017.02.25-13.29.54:498][  0]LogTemp:Display: Loaded TP AllDesktopTargetPlatform
[2017.02.25-13.29.54:549][  0]LogTemp:Display: Loaded TP MacClientTargetPlatform
[2017.02.25-13.29.54:600][  0]LogTemp:Display: Loaded TP MacNoEditorTargetPlatform
[2017.02.25-13.29.54:651][  0]LogTemp:Display: Loaded TP MacServerTargetPlatform
[2017.02.25-13.29.54:703][  0]LogTemp:Display: Loaded TP MacTargetPlatform
[2017.02.25-13.29.54:757][  0]LogTemp:Display: Loaded TP WindowsClientTargetPlatform
[2017.02.25-13.29.54:808][  0]LogTemp:Display: Loaded TP WindowsNoEditorTargetPlatform
[2017.02.25-13.29.54:860][  0]LogTemp:Display: Loaded TP WindowsServerTargetPlatform
[2017.02.25-13.29.54:902][  0]LogTemp:Display: Loaded TP WindowsTargetPlatform
[2017.02.25-13.29.54:953][  0]LogTemp:Display: Loaded TP AndroidTargetPlatform
[2017.02.25-13.29.55:004][  0]LogTemp:Display: Loaded TP Android_ASTCTargetPlatform
[2017.02.25-13.29.55:056][  0]LogTemp:Display: Loaded TP Android_ATCTargetPlatform
[2017.02.25-13.29.55:108][  0]LogTemp:Display: Loaded TP Android_DXTTargetPlatform
[2017.02.25-13.29.55:158][  0]LogTemp:Display: Loaded TP Android_ETC1TargetPlatform
[2017.02.25-13.29.55:211][  0]LogTemp:Display: Loaded TP Android_ETC2TargetPlatform
[2017.02.25-13.29.55:313][  0]LogTemp:Display: Loaded TP Android_MultiTargetPlatform
[2017.02.25-13.29.55:313][  0]LogTemp:Display: Loaded TP Android_PVRTCTargetPlatform
[2017.02.25-13.29.55:350][  0]LogTemp:Display: Loaded TP HTML5TargetPlatform
[2017.02.25-13.29.55:442][  0]LogTemp:Display: Loaded TP IOSTargetPlatform
[2017.02.25-13.29.55:473][  0]LogTemp:Display: Loaded TP TVOSTargetPlatform
[2017.02.25-13.29.55:523][  0]LogTemp:Display: Loaded TP LinuxClientTargetPlatform
[2017.02.25-13.29.55:573][  0]LogTemp:Display: Loaded TP LinuxNoEditorTargetPlatform
[2017.02.25-13.29.55:622][  0]LogTemp:Display: Loaded TP LinuxServerTargetPlatform
[2017.02.25-13.29.55:673][  0]LogTemp:Display: Loaded TP LinuxTargetPlatform
[2017.02.25-13.29.55:673][  0]LogTargetPlatformManager:Display: Building Assets For Windows
[2017.02.25-13.29.56:074][  0]LogDerivedDataCache:Display: Max Cache Size: 512 MB
[2017.02.25-13.29.56:127][  0]LogDerivedDataCache: Loaded boot cache 0.05s 50MB C:/Users/shang/AppData/Local/UnrealEngine/4.15/DerivedDataCache/Boot.ddc.
[2017.02.25-13.29.56:127][  0]LogDerivedDataCache:Display: Loaded Boot cache: C:/Users/shang/AppData/Local/UnrealEngine/4.15/DerivedDataCache/Boot.ddc
[2017.02.25-13.29.56:127][  0]LogDerivedDataCache: FDerivedDataBackendGraph:  Pak pak cache file ../../../../../../Users/shang/Documents/Unreal Projects/Shangda_Wus_Book/DerivedDataCache/DDC.ddp not found, will not use a pak cache.
[2017.02.25-13.29.56:127][  0]LogDerivedDataCache: Unable to find inner node Pak for hierarchical cache Hierarchy.
[2017.02.25-13.29.56:127][  0]LogDerivedDataCache: FDerivedDataBackendGraph:  CompressedPak pak cache file ../../../../../../Users/shang/Documents/Unreal Projects/Shangda_Wus_Book/DerivedDataCache/Compressed.ddp not found, will not use a pak cache.
[2017.02.25-13.29.56:127][  0]LogDerivedDataCache: Unable to find inner node CompressedPak for hierarchical cache Hierarchy.
[2017.02.25-13.29.56:145][  0]LogDerivedDataCache:Display: Pak cache opened for reading ../../../Engine/DerivedDataCache/Compressed.ddp.
[2017.02.25-13.29.56:157][  0]LogDerivedDataCache: Using Local data cache path C:/Users/shang/AppData/Local/UnrealEngine/Common/DerivedDataCache: Writable
[2017.02.25-13.29.56:166][  0]LogSlate: Using Freetype 2.6.0
[2017.02.25-13.29.56:168][  0]LogSlate: SlateFontCache - WITH_FREETYPE: 1, WITH_HARFBUZZ: 1
[2017.02.25-13.29.56:168][  0]LogSlate: SlateFontCache - WITH_FREETYPE: 1, WITH_HARFBUZZ: 1
[2017.02.25-13.29.56:404][  0]LogInit: Selected Device Profile: [Windows]
[2017.02.25-13.29.56:406][  0]LogContentStreaming: Texture pool size is 0.00 MB
[2017.02.25-13.29.56:603][  0]LogMeshUtilities: Using QuadricMeshReduction for automatic static mesh reduction
[2017.02.25-13.29.56:643][  0]LogSimplygon: Simplygon DLL not present - disabling.
[2017.02.25-13.29.56:683][  0]LogMeshUtilities: Using SimplygonSwarm for distributed automatic mesh merging
[2017.02.25-13.29.56:683][  0]LogMeshUtilities: No automatic skeletal mesh reduction module available
[2017.02.25-13.29.56:683][  0]LogMeshUtilities: No automatic mesh merging module available
[2017.02.25-13.29.57:240][  0]LogNetVersion: GetLocalNetworkVersion: CL: 3299760, ProjectName: shangda_wus_book, ProjectVersion: , EngineNetworkVersion: 2, GameNetworkVersion: 0, NetworkChecksum: 2213960243
[2017.02.25-13.29.57:286][  0]LogAssetRegistry: FAssetRegistry took 0.0221 seconds to start up
[2017.02.25-13.29.57:326][  0]LogPackageLocalizationCache: Processed 3 localized package path(s) for 1 prioritized culture(s) in 0.015221 seconds
[2017.02.25-13.29.57:332][  0]LogUObjectArray: 32475 objects as part of root set at end of initial load.
[2017.02.25-13.29.57:332][  0]LogUObjectAllocator: 7073368 out of 0 bytes used by permanent object pool.
[2017.02.25-13.29.57:332][  0]LogUObjectArray: CloseDisregardForGC: 0/0 objects in disregard for GC pool
[2017.02.25-13.29.57:394][  0]LogInit: WinSock: version 1.1 (2.2), MaxSocks=32767, MaxUdp=65467
[2017.02.25-13.29.58:881][  0]LogTcpMessaging: Initializing TcpMessaging bridge
[2017.02.25-13.29.58:917][  0]LogUdpMessaging: Initializing bridge on interface 0.0.0.0:0 to multicast group 230.0.0.1:6666.
[2017.02.25-13.29.59:344][  0]LogMaterial: Uniform references updated for custom material expression Custom.
[2017.02.25-13.29.59:699][  0]SourceControl: Info Source control is disabled
[2017.02.25-13.29.59:700][  0]SourceControl: Info Source control is disabled
[2017.02.25-13.29.59:743][  0]SourceControl: Info Source control is disabled
[2017.02.25-13.29.59:784][  0]SourceControl: Info Source control is disabled
[2017.02.25-13.30.00:912][  0]LogEngine: Initializing Engine...
[2017.02.25-13.30.00:913][  0]LogHMD: Failed to initialize OpenVR with code 110
[2017.02.25-13.30.01:134][  0]LogAIModule: Creating AISystem for world Untitled
[2017.02.25-13.30.01:144][  0]LogInit: XAudio2 using '扬声器 (Realtek High Definition Audio)' : 2 channels at 48 kHz using 32 bits per sample (channel mask 0x3)
[2017.02.25-13.30.01:159][  0]LogInit: FAudioDevice initialized.
[2017.02.25-13.30.01:189][  0]LogDerivedDataCache: Saved boot cache 0.03s 50MB C:/Users/shang/AppData/Local/UnrealEngine/4.15/DerivedDataCache/Boot.ddc.
[2017.02.25-13.30.01:196][  0]LogInit: Texture streaming: Enabled
[2017.02.25-13.30.01:288][  0]LogEngineSessionManager: EngineSessionManager initialized
[2017.02.25-13.30.01:371][  0]LogInit: Transaction tracking system initialized
[2017.02.25-13.30.01:702][  0]BlueprintLog: New page: Editor Load
[2017.02.25-13.30.02:520][  0]LocalizationService: Info Localization service is disabled
[2017.02.25-13.30.03:142][  0]LogConsoleResponse:Display: 
[2017.02.25-13.30.03:275][  0]LogCook:Display: Max memory allowance for cook 16384mb min free memory 0mb
[2017.02.25-13.30.03:275][  0]LogCook:Display: Mobile HDR setting 1
[2017.02.25-13.30.03:477][  0]LogFileCache: Scanning file cache for directory 'C:/Users/shang/Documents/Unreal Projects/Shangda_Wus_Book/Content/' took 0.01s
[2017.02.25-13.30.04:224][  0]SourceControl: Info Source control is disabled
[2017.02.25-13.30.04:224][  0]Cmd: MAP LOAD FILE="../../../Engine/Content/Maps/Templates/Template_Default.umap" TEMPLATE=1 SHOWPROGRESS=1 FEATURELEVEL=3
[2017.02.25-13.30.04:226][  0]LightingResults: New page: Lighting Build
[2017.02.25-13.30.04:267][  0]MapCheck: New page: Map Check
[2017.02.25-13.30.04:267][  0]LightingResults: New page: Lighting Build
[2017.02.25-13.30.04:468][  0]LogAIModule: Creating AISystem for world Untitled_1
[2017.02.25-13.30.04:469][  0]LogActorComponent: RegisterComponentWithWorld: (/Temp/Untitled_1.Untitled_1:PersistentLevel.WorldSettings_1.StaticMeshComponent0) Trying to register component with IsPendingKill() == true. Aborting.
[2017.02.25-13.30.04:475][  0]LogEditorServer: Finished looking for orphan Actors (0.000 secs)
[2017.02.25-13.30.04:479][  0]Cmd: MAP CHECKDEP NOCLEARLOG
[2017.02.25-13.30.04:519][  0]MapCheck: Info Map check complete: 0 Error(s), 0 Warning(s), took 39.873ms to complete.
[2017.02.25-13.30.04:519][  0]LogFileHelpers: Loading map 'Template_Default' took 0.295
[2017.02.25-13.30.04:586][  0]LogWindowsTextInputMethodSystem:Display: IME system now activated using TSF (微软拼音).
[2017.02.25-13.30.04:586][  0]LogWindowsTextInputMethodSystem:Display: IME system now activated using TSF (微软拼音).
[2017.02.25-13.30.04:719][  0]LogCollectionManager: Loaded 0 collections in 0.001309 seconds
[2017.02.25-13.30.04:802][  0]LogFileCache: Scanning file cache for directory 'C:/Users/shang/Documents/Unreal Projects/Shangda_Wus_Book/Saved/Collections/' took 0.01s
[2017.02.25-13.30.04:802][  0]LogFileCache: Scanning file cache for directory 'C:/Users/shang/Documents/Unreal Projects/Shangda_Wus_Book/Content/Developers/shang/Collections/' took 0.01s
[2017.02.25-13.30.04:802][  0]LogFileCache: Scanning file cache for directory 'C:/Users/shang/Documents/Unreal Projects/Shangda_Wus_Book/Content/Collections/' took 0.01s
[2017.02.25-13.30.04:802][  0]LogCollectionManager: Rebuilt the GUID cache for 0 collections in 0.000002 seconds
[2017.02.25-13.30.04:810][  0]LogContentBrowser: Native class hierarchy populated in 0.0084 seconds. Added 2244 classes and 450 folders.
[2017.02.25-13.30.04:813][  0]LogStats: UGameplayTagsManager::ConstructGameplayTagTree: Construct from data asset -  0.000 s
[2017.02.25-13.30.04:813][  0]LogStats: UGameplayTagsManager::ConstructGameplayTagTree: GameplayTagTreeChangedEvent.Broadcast -  0.000 s
[2017.02.25-13.30.04:875][  0]LogContentBrowser: Native class hierarchy updated for 'WidgetCarousel' in 0.0004 seconds. Added 0 classes and 0 folders.
[2017.02.25-13.30.04:912][  0]LogContentBrowser: Native class hierarchy updated for 'AddContentDialog' in 0.0005 seconds. Added 0 classes and 0 folders.
[2017.02.25-13.30.04:956][  0]LogContentBrowser: Native class hierarchy updated for 'SceneOutliner' in 0.0005 seconds. Added 1 classes and 2 folders.
[2017.02.25-13.30.05:064][  0]LogCrashTracker: Crashtracker disabled due to settings.
[2017.02.25-13.30.05:072][  0]LogUObjectGlobals:Warning: Failed to find object 'Class None.'
[2017.02.25-13.30.05:138][  0]LogContentBrowser: Native class hierarchy updated for 'HierarchicalLODOutliner' in 0.0005 seconds. Added 1 classes and 2 folders.
[2017.02.25-13.30.05:138][  0]LogLoad: (Engine Initialization) Total time: 14.87 seconds
[2017.02.25-13.30.05:138][  0]LogLoad: (Engine Initialization) Total Blueprint compile time: 0.09 seconds
[2017.02.25-13.30.05:138][  0]LogExternalProfiler: No external profilers were discovered.  External profiling features will not be available.
[2017.02.25-13.30.05:157][  0]LogOcInput: OculusInput pre-init called
[2017.02.25-13.30.05:178][  0]LogContentStreaming: Texture pool size now 1000 MB
[2017.02.25-13.30.05:179][  0]LogSlate: Took 0.000248 seconds to synchronously load lazily loaded font '../../../Engine/Content/Slate/Fonts/Roboto-Regular.ttf' (155K)
[2017.02.25-13.30.05:182][  0]LogSlate: Took 0.000186 seconds to synchronously load lazily loaded font '../../../Engine/Content/Slate/Fonts/Roboto-Bold.ttf' (160K)
[2017.02.25-13.30.05:187][  0]LogSlate: Took 0.000179 seconds to synchronously load lazily loaded font '../../../Engine/Content/Editor/Slate/Fonts/FontAwesome.ttf' (139K)
[2017.02.25-13.30.05:283][  0]LogSlate: Took 0.000164 seconds to synchronously load lazily loaded font '../../../Engine/Content/Slate/Fonts/Roboto-Light.ttf' (159K)
[2017.02.25-13.30.05:331][  0]LogRenderer: Reallocating scene render targets to support 1208x576 NumSamples 1 (Frame:2).
[2017.02.25-13.30.05:400][  1]LogAssetRegistry: Asset discovery search completed in 8.1358 seconds
[2017.02.25-13.30.05:400][  1]LogCollectionManager: Rebuilt the object cache for 0 collections in 0.000006 seconds (found 0 objects)
[2017.02.25-13.30.05:400][  1]LogCollectionManager: Fixed up redirectors for 0 collections in 0.000020 seconds (updated 0 objects)
[2017.02.25-13.30.11:291][349]LogSlate: Took 0.000195 seconds to synchronously load lazily loaded font '../../../Engine/Content/Slate/Fonts/Roboto-Light.ttf' (159K)
[2017.02.25-13.30.11:347][349]LogAIModule: Creating AISystem for world Shangda_Wus_Book_Main_Scenes
[2017.02.25-13.30.11:384][349]Cmd: MAP LOAD FILE="../../../../../../Users/shang/Documents/Unreal Projects/Shangda_Wus_Book/Content/Shangda_Wus_Book_Main_Scenes.umap" TEMPLATE=0 SHOWPROGRESS=1 FEATURELEVEL=3
[2017.02.25-13.30.11:384][349]LightingResults: New page: Lighting Build
[2017.02.25-13.30.11:386][349]LoadErrors: New page: Loading map: Shangda_Wus_Book_Main_Scenes.umap
[2017.02.25-13.30.11:387][349]MapCheck: New page: Map Check
[2017.02.25-13.30.11:387][349]LightingResults: New page: Lighting Build
[2017.02.25-13.30.11:466][349]LogEditorServer: Finished looking for orphan Actors (0.000 secs)
[2017.02.25-13.30.11:492][349]Cmd: MAP CHECKDEP NOCLEARLOG
[2017.02.25-13.30.11:538][349]MapCheck: Info Map check complete: 0 Error(s), 0 Warning(s), took 46.168ms to complete.
[2017.02.25-13.30.11:538][349]LogFileHelpers: Loading map 'Shangda_Wus_Book_Main_Scenes' took 0.158
[2017.02.25-13.30.18:035][729]LogEditorViewport: Clicking on Actor (LMB): StaticMeshActor (Plane)
[2017.02.25-13.30.24:072][ 84]LogEditorActor: Deleted Actor: StaticMeshActor
[2017.02.25-13.30.24:091][ 84]LogEditorActor: Deleted 1 Actors (0.021 secs)
