Log file open, 02/28/17 12:22:00
LogInit:Display: Running engine for game: Shangda_Wus_Book
LogPlatformFile: Not using cached read wrapper
LogInit:Display: RandInit(-842222943) SRandInit(-842222943).
LogTaskGraph: Started task graph with 5 named threads and 8 total threads with 1 sets of task threads.
LogStats: Stats thread started at 5.011685
LogInit: Using libcurl 7.47.1
LogInit:  - built for x86_64-pc-win32
LogInit:  - supports SSL with OpenSSL/1.0.2g
LogInit:  - supports HTTP deflate (compression) using libz 1.2.8
LogInit:  - other features:
LogInit:      CURL_VERSION_SSL
LogInit:      CURL_VERSION_LIBZ
LogInit:      CURL_VERSION_IPV6
LogInit:      CURL_VERSION_ASYNCHDNS
LogInit:      CURL_VERSION_LARGEFILE
LogInit:      CURL_VERSION_IDN
LogInit:  CurlRequestOptions (configurable via config and command line):
LogInit:  - bVerifyPeer = false  - Libcurl will NOT verify peer certificate
LogInit:  - bUseHttpProxy = false  - Libcurl will NOT use HTTP proxy
LogInit:  - bDontReuseConnections = false  - Libcurl will reuse connections
LogInit:  - CertBundlePath = nullptr  - Libcurl will use whatever was configured at build time.
LogInit: Build: ++UE4+Release-4.15-CL-3299760
LogInit: Engine Version: 4.15.0-3299760+++UE4+Release-4.15
LogInit: Compatible Engine Version: 4.15.0-3299760+++UE4+Release-4.15
LogInit: Net CL: 3299760
LogDevObjectVersion: Number of dev versions registered: 14
LogDevObjectVersion:   Dev-Blueprints (B0D832E4-1F89-4F0D-ACCF-7EB736FD4AA2): 8
LogDevObjectVersion:   Dev-Build (E1C64328-A22C-4D53-A36C-8E866417BD8C): 0
LogDevObjectVersion:   Dev-Core (375EC13C-06E4-48FB-B500-84F0262A717E): 2
LogDevObjectVersion:   Dev-Editor (E4B068ED-F494-42E9-A231-DA0B2E46BB41): 14
LogDevObjectVersion:   Dev-Framework (CFFC743F-43B0-4480-9391-14DF171D2073): 22
LogDevObjectVersion:   Dev-Mobile (B02B49B5-BB20-44E9-A304-32B752E40360): 0
LogDevObjectVersion:   Dev-Networking (A4E4105C-59A1-49B5-A7C5-40C4547EDFEE): 0
LogDevObjectVersion:   Dev-Online (39C831C9-5AE6-47DC-9A44-9C173E1C8E7C): 0
LogDevObjectVersion:   Dev-Physics (78F01B33-EBEA-4F98-B9B4-84EACCB95AA2): 0
LogDevObjectVersion:   Dev-Platform (6631380F-2D4D-43E0-8009-CF276956A95A): 0
LogDevObjectVersion:   Dev-Rendering (12F88B9F-8875-4AFC-A67C-D90C383ABD29): 12
LogDevObjectVersion:   Dev-Sequencer (7B5AE74C-D270-4C10-A958-57980B212A5A): 3
LogDevObjectVersion:   Dev-VR (D7296918-1DD6-4BDD-9DE2-64A83CC13884): 0
LogDevObjectVersion:   Dev-LoadTimes (C2A15278-BFE7-4AFE-6C17-90FF531DF755): 1
LogInit: Compiled (64-bit): Feb 14 2017 02:04:14
LogInit: Compiled with Visual C++: 19.00.23026.00
LogInit: Build Configuration: Development
LogInit: Branch Name: ++UE4+Release-4.15
LogInit: Command line:  
LogInit: Base directory: D:/UE/UE_4.15/Engine/Binaries/Win64/
LogInit: Installed Engine Build: 1
LogInit: Presizing for max 8388607 objects, including 0 objects not considered by GC, pre-allocating 0 bytes for permanent pool.
LogInit: Object subsystem initialized
[2017.02.28-04.22.03:339][  0]LogInit: Selected Device Profile: [Windows]
[2017.02.28-04.22.03:339][  0]LogInit: Applying CVar settings loaded from the selected device profile: [Windows]
[2017.02.28-04.22.03:427][  0]LogInit: Computer: SHANGDA_WU
[2017.02.28-04.22.03:427][  0]LogInit: User: Wu
[2017.02.28-04.22.03:427][  0]LogInit: CPU Page size=65536, Cores=4
[2017.02.28-04.22.03:427][  0]LogInit: High frequency timer resolution =2.531251 MHz
[2017.02.28-04.22.03:441][  0]LogMemory: Memory total: Physical=7.8GB (8GB approx)
[2017.02.28-04.22.03:441][  0]LogMemory: Platform Memory Stats for Windows
[2017.02.28-04.22.03:441][  0]LogMemory: Process Physical Memory: 271.66 MB used, 271.66 MB peak
[2017.02.28-04.22.03:441][  0]LogMemory: Process Virtual Memory: 262.60 MB used, 262.60 MB peak
[2017.02.28-04.22.03:441][  0]LogMemory: Physical Memory: 4000.27 MB used,  4009.68 MB free, 8009.96 MB total
[2017.02.28-04.22.03:441][  0]LogMemory: Virtual Memory: 643.55 MB used,  4009.68 MB free, 134217728.00 MB total
[2017.02.28-04.22.04:667][  0]LogInit: Overriding culture en with editor configuration.
[2017.02.28-04.22.06:753][  0]LogD3D11RHI: D3D11 adapters:
[2017.02.28-04.22.06:788][  0]LogD3D11RHI:    0. 'NVIDIA GeForce GTX 970M' (Feature Level 11_0)
[2017.02.28-04.22.06:788][  0]LogD3D11RHI:       3037/0/4004 MB DedicatedVideo/DedicatedSystem/SharedSystem, Outputs:2, VendorId:0x10de
[2017.02.28-04.22.06:796][  0]LogD3D11RHI:    1. 'Intel(R) HD Graphics 530' (Feature Level 11_0)
[2017.02.28-04.22.06:796][  0]LogD3D11RHI:       128/0/4004 MB DedicatedVideo/DedicatedSystem/SharedSystem, Outputs:0, VendorId:0x8086
[2017.02.28-04.22.06:798][  0]LogD3D11RHI:    2. 'Microsoft Basic Render Driver' (Feature Level 11_0)
[2017.02.28-04.22.06:798][  0]LogD3D11RHI:       0/0/4004 MB DedicatedVideo/DedicatedSystem/SharedSystem, Outputs:0, VendorId:0x1414
[2017.02.28-04.22.06:798][  0]LogD3D11RHI: Chosen D3D11 Adapter: 0
[2017.02.28-04.22.06:814][  0]LogD3D11RHI: Creating new Direct3DDevice
[2017.02.28-04.22.06:815][  0]LogD3D11RHI:     GPU DeviceId: 0x13d8 (for the marketing name, search the web for "GPU Device Id")
[2017.02.28-04.22.06:815][  0]LogWindows: EnumDisplayDevices:
[2017.02.28-04.22.06:815][  0]LogWindows:    0. 'Intel(R) HD Graphics 530' (P:1 D:1)
[2017.02.28-04.22.06:816][  0]LogWindows:    1. 'Intel(R) HD Graphics 530' (P:0 D:0)
[2017.02.28-04.22.06:817][  0]LogWindows:    2. 'Intel(R) HD Graphics 530' (P:0 D:0)
[2017.02.28-04.22.06:817][  0]LogWindows:    3. 'NVIDIA GeForce GTX 970M' (P:0 D:1)
[2017.02.28-04.22.06:818][  0]LogWindows:    4. 'NVIDIA GeForce GTX 970M' (P:0 D:0)
[2017.02.28-04.22.06:818][  0]LogWindows:    5. 'NVIDIA GeForce GTX 970M' (P:0 D:0)
[2017.02.28-04.22.06:819][  0]LogWindows:    6. 'NVIDIA GeForce GTX 970M' (P:0 D:0)
[2017.02.28-04.22.06:819][  0]LogWindows: DebugString: PrimaryIsNotTheChoosenAdapter PrimaryIsNotTheChoosenAdapter PrimaryIsNotTheChoosenAdapter FoundDriverCount:4 
[2017.02.28-04.22.06:819][  0]LogD3D11RHI:     Adapter Name: NVIDIA GeForce GTX 970M
[2017.02.28-04.22.06:819][  0]LogD3D11RHI:   Driver Version: 369.09 (internal:21.21.13.6909, unified:369.09)
[2017.02.28-04.22.06:819][  0]LogD3D11RHI:      Driver Date: 8-1-2016
[2017.02.28-04.22.06:820][  0]LogRHI: Texture pool is 1361 MB (70% of 1945 MB)
[2017.02.28-04.22.06:856][  0]LogD3D11RHI: Async texture creation enabled
[2017.02.28-04.22.07:348][  0]LogD3D11RHI: GPU Timing Frequency: 1000.000000 (Debug: 2 1)
[2017.02.28-04.22.07:565][  0]LogShaderCompilers: Guid format shader working directory is 15 characters bigger than the processId version (../../../../Shangda_Wus_Book/Intermediate/Shaders/WorkingDirectory/8308/).
[2017.02.28-04.22.07:565][  0]LogShaderCompilers: Cleaned the shader compiler working directory 'C:/Users/Wu/AppData/Local/Temp/UnrealShaderWorkingDir/9AC0070B4EEB7BA2F639FEA07F5AA16B/'.
[2017.02.28-04.22.07:572][  0]LogShaderCompilers:Display: Using Local Shader Compiler.
[2017.02.28-04.22.11:591][  0]LogTemp:Display: Loaded TP AllDesktopTargetPlatform
[2017.02.28-04.22.11:684][  0]LogTemp:Display: Loaded TP MacClientTargetPlatform
[2017.02.28-04.22.11:762][  0]LogTemp:Display: Loaded TP MacNoEditorTargetPlatform
[2017.02.28-04.22.11:827][  0]LogTemp:Display: Loaded TP MacServerTargetPlatform
[2017.02.28-04.22.11:908][  0]LogTemp:Display: Loaded TP MacTargetPlatform
[2017.02.28-04.22.11:978][  0]LogTemp:Display: Loaded TP WindowsClientTargetPlatform
[2017.02.28-04.22.12:041][  0]LogTemp:Display: Loaded TP WindowsNoEditorTargetPlatform
[2017.02.28-04.22.12:131][  0]LogTemp:Display: Loaded TP WindowsServerTargetPlatform
[2017.02.28-04.22.12:173][  0]LogTemp:Display: Loaded TP WindowsTargetPlatform
[2017.02.28-04.22.12:242][  0]LogTemp:Display: Loaded TP AndroidTargetPlatform
[2017.02.28-04.22.12:314][  0]LogTemp:Display: Loaded TP Android_ASTCTargetPlatform
[2017.02.28-04.22.12:405][  0]LogTemp:Display: Loaded TP Android_ATCTargetPlatform
[2017.02.28-04.22.12:467][  0]LogTemp:Display: Loaded TP Android_DXTTargetPlatform
[2017.02.28-04.22.12:529][  0]LogTemp:Display: Loaded TP Android_ETC1TargetPlatform
[2017.02.28-04.22.12:596][  0]LogTemp:Display: Loaded TP Android_ETC2TargetPlatform
[2017.02.28-04.22.12:749][  0]LogTemp:Display: Loaded TP Android_MultiTargetPlatform
[2017.02.28-04.22.12:749][  0]LogTemp:Display: Loaded TP Android_PVRTCTargetPlatform
[2017.02.28-04.22.12:813][  0]LogTemp:Display: Loaded TP HTML5TargetPlatform
[2017.02.28-04.22.13:025][  0]LogTemp:Display: Loaded TP IOSTargetPlatform
[2017.02.28-04.22.13:071][  0]LogTemp:Display: Loaded TP TVOSTargetPlatform
[2017.02.28-04.22.13:135][  0]LogTemp:Display: Loaded TP LinuxClientTargetPlatform
[2017.02.28-04.22.13:187][  0]LogTemp:Display: Loaded TP LinuxNoEditorTargetPlatform
[2017.02.28-04.22.13:243][  0]LogTemp:Display: Loaded TP LinuxServerTargetPlatform
[2017.02.28-04.22.13:300][  0]LogTemp:Display: Loaded TP LinuxTargetPlatform
[2017.02.28-04.22.13:300][  0]LogTargetPlatformManager:Display: Building Assets For Windows
[2017.02.28-04.22.14:501][  0]LogDerivedDataCache:Display: Max Cache Size: 512 MB
[2017.02.28-04.22.14:794][  0]LogDerivedDataCache: Loaded boot cache 0.29s 50MB C:/Users/Wu/AppData/Local/UnrealEngine/4.15/DerivedDataCache/Boot.ddc.
[2017.02.28-04.22.14:795][  0]LogDerivedDataCache:Display: Loaded Boot cache: C:/Users/Wu/AppData/Local/UnrealEngine/4.15/DerivedDataCache/Boot.ddc
[2017.02.28-04.22.14:795][  0]LogDerivedDataCache: FDerivedDataBackendGraph:  Pak pak cache file ../../../../Shangda_Wus_Book/DerivedDataCache/DDC.ddp not found, will not use a pak cache.
[2017.02.28-04.22.14:795][  0]LogDerivedDataCache: Unable to find inner node Pak for hierarchical cache Hierarchy.
[2017.02.28-04.22.14:795][  0]LogDerivedDataCache: FDerivedDataBackendGraph:  CompressedPak pak cache file ../../../../Shangda_Wus_Book/DerivedDataCache/Compressed.ddp not found, will not use a pak cache.
[2017.02.28-04.22.14:795][  0]LogDerivedDataCache: Unable to find inner node CompressedPak for hierarchical cache Hierarchy.
[2017.02.28-04.22.14:882][  0]LogDerivedDataCache:Display: Pak cache opened for reading ../../../Engine/DerivedDataCache/Compressed.ddp.
[2017.02.28-04.22.14:896][  0]LogDerivedDataCache: Using Local data cache path C:/Users/Wu/AppData/Local/UnrealEngine/Common/DerivedDataCache: Writable
[2017.02.28-04.22.15:261][  0]LogSlate: Using Freetype 2.6.0
[2017.02.28-04.22.15:342][  0]LogSlate: SlateFontCache - WITH_FREETYPE: 1, WITH_HARFBUZZ: 1
[2017.02.28-04.22.15:342][  0]LogSlate: SlateFontCache - WITH_FREETYPE: 1, WITH_HARFBUZZ: 1
[2017.02.28-04.22.25:837][  0]LogInit: Selected Device Profile: [Windows]
[2017.02.28-04.22.26:003][  0]LogContentStreaming: Texture pool size is 0.00 MB
[2017.02.28-04.22.27:242][  0]LogMeshUtilities: Using QuadricMeshReduction for automatic static mesh reduction
[2017.02.28-04.22.27:433][  0]LogSimplygon: Simplygon DLL not present - disabling.
[2017.02.28-04.22.27:508][  0]LogMeshUtilities: Using SimplygonSwarm for distributed automatic mesh merging
[2017.02.28-04.22.27:508][  0]LogMeshUtilities: No automatic skeletal mesh reduction module available
[2017.02.28-04.22.27:508][  0]LogMeshUtilities: No automatic mesh merging module available
[2017.02.28-04.22.35:896][  0]LogNetVersion: GetLocalNetworkVersion: CL: 3299760, ProjectName: shangda_wus_book, ProjectVersion: , EngineNetworkVersion: 2, GameNetworkVersion: 0, NetworkChecksum: 2213960243
[2017.02.28-04.22.36:229][  0]LogAssetRegistry: FAssetRegistry took 0.0254 seconds to start up
[2017.02.28-04.22.36:462][  0]LogPackageLocalizationCache: Processed 3 localized package path(s) for 1 prioritized culture(s) in 0.117064 seconds
[2017.02.28-04.22.36:526][  0]LogUObjectArray: 32475 objects as part of root set at end of initial load.
[2017.02.28-04.22.36:526][  0]LogUObjectAllocator: 7073360 out of 0 bytes used by permanent object pool.
[2017.02.28-04.22.36:526][  0]LogUObjectArray: CloseDisregardForGC: 0/0 objects in disregard for GC pool
[2017.02.28-04.22.36:661][  0]LogInit: WinSock: version 1.1 (2.2), MaxSocks=32767, MaxUdp=65467
[2017.02.28-04.23.03:510][  0]LogTcpMessaging: Initializing TcpMessaging bridge
[2017.02.28-04.23.03:573][  0]LogUdpMessaging: Initializing bridge on interface 0.0.0.0:0 to multicast group 230.0.0.1:6666.
[2017.02.28-04.23.05:767][  0]LogMaterial: Uniform references updated for custom material expression Custom.
[2017.02.28-04.23.06:678][  0]SourceControl: Info Source control is disabled
[2017.02.28-04.23.06:693][  0]SourceControl: Info Source control is disabled
[2017.02.28-04.23.06:852][  0]SourceControl: Info Source control is disabled
[2017.02.28-04.23.07:009][  0]SourceControl: Info Source control is disabled
[2017.02.28-04.23.10:514][  0]LogEngine: Initializing Engine...
[2017.02.28-04.23.10:546][  0]LogHMD: Failed to initialize OpenVR with code 110
[2017.02.28-04.23.11:629][  0]LogAIModule: Creating AISystem for world Untitled
[2017.02.28-04.23.12:083][  0]LogInit: XAudio2 using '扬声器 (Realtek High Definition Audio)' : 2 channels at 48 kHz using 32 bits per sample (channel mask 0x3)
[2017.02.28-04.23.12:276][  0]LogInit: FAudioDevice initialized.
[2017.02.28-04.23.12:316][  0]LogDerivedDataCache: Saved boot cache 0.04s 50MB C:/Users/Wu/AppData/Local/UnrealEngine/4.15/DerivedDataCache/Boot.ddc.
[2017.02.28-04.23.12:320][  0]LogInit: Texture streaming: Enabled
[2017.02.28-04.23.12:509][  0]LogEngineSessionManager: EngineSessionManager initialized
[2017.02.28-04.23.13:095][  0]LogInit: Transaction tracking system initialized
[2017.02.28-04.23.14:286][  0]BlueprintLog: New page: Editor Load
[2017.02.28-04.23.16:922][  0]LocalizationService: Info Localization service is disabled
[2017.02.28-04.23.18:439][  0]LogConsoleResponse:Display: 
[2017.02.28-04.23.21:000][  0]LogFileCache: Scanning file cache for directory 'D:/UE/Shangda_Wus_Book/Content/' took 0.02s
[2017.02.28-04.23.21:000][  0]LogCook:Display: Max memory allowance for cook 16384mb min free memory 0mb
[2017.02.28-04.23.21:004][  0]LogCook:Display: Mobile HDR setting 1
[2017.02.28-04.23.25:692][  0]SourceControl: Info Source control is disabled
[2017.02.28-04.23.25:796][  0]Cmd: MAP LOAD FILE="../../../Engine/Content/Maps/Templates/Template_Default.umap" TEMPLATE=1 SHOWPROGRESS=1 FEATURELEVEL=3
[2017.02.28-04.23.25:820][  0]LightingResults: New page: Lighting Build
[2017.02.28-04.23.26:277][  0]MapCheck: New page: Map Check
[2017.02.28-04.23.26:277][  0]LightingResults: New page: Lighting Build
[2017.02.28-04.23.28:717][  0]LogAIModule: Creating AISystem for world Untitled_1
[2017.02.28-04.23.28:731][  0]LogActorComponent: RegisterComponentWithWorld: (/Temp/Untitled_1.Untitled_1:PersistentLevel.WorldSettings_1.StaticMeshComponent0) Trying to register component with IsPendingKill() == true. Aborting.
[2017.02.28-04.23.29:725][  0]LogEditorServer: Finished looking for orphan Actors (0.000 secs)
[2017.02.28-04.23.29:837][  0]Cmd: MAP CHECKDEP NOCLEARLOG
[2017.02.28-04.23.29:877][  0]MapCheck: Info Map check complete: 0 Error(s), 0 Warning(s), took 30.208ms to complete.
[2017.02.28-04.23.29:877][  0]LogFileHelpers: Loading map 'Template_Default' took 4.128
[2017.02.28-04.23.32:343][  0]LogCollectionManager: Loaded 0 collections in 0.001289 seconds
[2017.02.28-04.23.32:558][  0]LogFileCache: Scanning file cache for directory 'D:/UE/Shangda_Wus_Book/Saved/Collections/' took 0.01s
[2017.02.28-04.23.32:558][  0]LogFileCache: Scanning file cache for directory 'D:/UE/Shangda_Wus_Book/Content/Developers/Wu/Collections/' took 0.01s
[2017.02.28-04.23.32:558][  0]LogFileCache: Scanning file cache for directory 'D:/UE/Shangda_Wus_Book/Content/Collections/' took 0.01s
[2017.02.28-04.23.32:558][  0]LogCollectionManager: Rebuilt the GUID cache for 0 collections in 0.000002 seconds
[2017.02.28-04.23.32:622][  0]LogContentBrowser: Native class hierarchy populated in 0.0236 seconds. Added 2244 classes and 450 folders.
[2017.02.28-04.23.32:753][  0]LogStats: UGameplayTagsManager::ConstructGameplayTagTree: Construct from data asset -  0.007 s
[2017.02.28-04.23.32:754][  0]LogStats: UGameplayTagsManager::ConstructGameplayTagTree: GameplayTagTreeChangedEvent.Broadcast -  0.000 s
[2017.02.28-04.23.32:845][  0]LogContentBrowser: Native class hierarchy updated for 'WidgetCarousel' in 0.0110 seconds. Added 0 classes and 0 folders.
[2017.02.28-04.23.34:097][  0]LogContentBrowser: Native class hierarchy updated for 'AddContentDialog' in 0.0009 seconds. Added 0 classes and 0 folders.
[2017.02.28-04.23.34:230][  0]LogContentBrowser: Native class hierarchy updated for 'SceneOutliner' in 0.0005 seconds. Added 1 classes and 2 folders.
[2017.02.28-04.23.35:864][  0]LogCrashTracker: Crashtracker disabled due to settings.
[2017.02.28-04.23.36:661][  0]LogUObjectGlobals:Warning: Failed to find object 'Class None.'
[2017.02.28-04.23.37:763][  0]LogContentBrowser: Native class hierarchy updated for 'HierarchicalLODOutliner' in 0.0006 seconds. Added 1 classes and 2 folders.
[2017.02.28-04.23.37:763][  0]LogLoad: (Engine Initialization) Total time: 109.74 seconds
[2017.02.28-04.23.37:763][  0]LogLoad: (Engine Initialization) Total Blueprint compile time: 0.92 seconds
[2017.02.28-04.23.37:763][  0]LogExternalProfiler: No external profilers were discovered.  External profiling features will not be available.
[2017.02.28-04.23.38:349][  0]LogOcInput: OculusInput pre-init called
[2017.02.28-04.23.42:569][  0]LogContentStreaming: Texture pool size now 1000 MB
[2017.02.28-04.23.43:127][  0]LogSlate: Took 0.012870 seconds to synchronously load lazily loaded font '../../../Engine/Content/Slate/Fonts/Roboto-Regular.ttf' (155K)
[2017.02.28-04.23.43:196][  0]LogSlate: Took 0.037074 seconds to synchronously load lazily loaded font '../../../Engine/Content/Slate/Fonts/Roboto-Bold.ttf' (160K)
[2017.02.28-04.23.43:379][  0]LogSlate: Took 0.012255 seconds to synchronously load lazily loaded font '../../../Engine/Content/Editor/Slate/Fonts/FontAwesome.ttf' (139K)
[2017.02.28-04.23.46:931][  0]LogRenderer: Reallocating scene render targets to support 1116x616 NumSamples 1 (Frame:2).
[2017.02.28-04.23.49:983][  5]LogAssetRegistry: Asset discovery search completed in 73.7777 seconds
[2017.02.28-04.23.49:989][  5]LogCollectionManager: Rebuilt the object cache for 0 collections in 0.004721 seconds (found 0 objects)
[2017.02.28-04.23.49:989][  5]LogCollectionManager: Fixed up redirectors for 0 collections in 0.004945 seconds (updated 0 objects)
[2017.02.28-04.23.53:812][ 16]LogSlate: Took 0.009725 seconds to synchronously load lazily loaded font '../../../Engine/Content/Slate/Fonts/Roboto-Light.ttf' (159K)
[2017.02.28-04.24.31:676][131]LogHttp:Warning: 00000186DE0EFE80: request failed, libcurl error: 7 (Couldn't connect to server)
[2017.02.28-04.24.31:676][131]LogHttp:Warning: 00000186DE0EFE80: libcurl info message cache 0 (Found bundle for host cdn.unrealengine.com: 0x186c61bbfe8 [can pipeline])
[2017.02.28-04.24.31:676][131]LogHttp:Warning: 00000186DE0EFE80: libcurl info message cache 1 (Re-using existing connection! (#0) with host cdn.unrealengine.com)
[2017.02.28-04.24.31:676][131]LogHttp:Warning: 00000186DE0EFE80: libcurl info message cache 2 (Connected to cdn.unrealengine.com (54.239.176.55) port 80 (#0))
[2017.02.28-04.24.31:676][131]LogHttp:Warning: 00000186DE0EFE80: libcurl info message cache 3 (Recv failure: Connection was aborted)
[2017.02.28-04.24.31:676][131]LogHttp:Warning: 00000186DE0EFE80: libcurl info message cache 4 (Connection died, retrying a fresh connect)
[2017.02.28-04.24.31:676][131]LogHttp:Warning: 00000186DE0EFE80: libcurl info message cache 5 (Closing connection 0)
[2017.02.28-04.24.31:676][131]LogHttp:Warning: 00000186DE0EFE80: libcurl info message cache 6 (Issue another request to this URL: 'http://cdn.unrealengine.com/surveys/index.json')
[2017.02.28-04.24.31:676][131]LogHttp:Warning: 00000186DE0EFE80: libcurl info message cache 7 (Hostname cdn.unrealengine.com was found in DNS cache)
[2017.02.28-04.24.31:676][131]LogHttp:Warning: 00000186DE0EFE80: libcurl info message cache 8 (  Trying 54.239.176.55...)
[2017.02.28-04.24.31:676][131]LogHttp:Warning: 00000186DE0EFE80: libcurl info message cache 9 (connect to 54.239.176.55 port 80 failed: Timed out)
[2017.02.28-04.24.31:676][131]LogHttp:Warning: 00000186DE0EFE80: libcurl info message cache 10 (Failed to connect to cdn.unrealengine.com port 80: Timed out)
[2017.02.28-04.24.31:676][131]LogHttp:Warning: 00000186DE0EFE80: libcurl info message cache 11 (Closing connection 1)
[2017.02.28-04.27.55:454][159]LogSlate: Only BGRA pngs, bmps or icos are supported in by External Image Picker
[2017.02.28-04.27.55:745][160]LogTemp:Display: Executing iPhonePackager certificates Engine -bundlename com.YourCompany.ShangdaWusBook

[2017.02.28-04.27.55:745][160]LogTemp:Display: CWD: D:\UE\UE_4.15\Engine\Binaries\DotNET\IOS

[2017.02.28-04.27.55:745][160]LogTemp:Display: Initial Dir: D:\UE\UE_4.15

[2017.02.28-04.27.55:745][160]LogTemp:Display: Env CWD: D:\UE\UE_4.15\Engine\Binaries\DotNET\IOS

[2017.02.28-04.27.55:745][160]LogTemp:Display: BranchPath = SHANGDA_WU/D/UE/UE_4.15/Engine/Binaries --- GameBranchPath = SHANGDA_WU/D/UE/UE_4.15/Engine/Binaries

[2017.02.28-04.27.55:745][160]LogTemp:Display: IPP ERROR: Application exception: System.IO.DirectoryNotFoundException: δ???ҵ?·????C:\Users\Wu\AppData\Local\Apple Computer\MobileDevice\Provisioning Profiles????һ???֡?

[2017.02.28-04.27.55:745][160]LogTemp:Display:    ?? System.IO.__Error.WinIOError(Int32 errorCode, String maybeFullPath)

[2017.02.28-04.27.55:745][160]LogTemp:Display:    ?? System.IO.FileSystemEnumerableIterator`1.CommonInit()

[2017.02.28-04.27.55:745][160]LogTemp:Display:    ?? System.IO.Directory.EnumerateFiles(String path, String searchPattern)

[2017.02.28-04.27.55:745][160]LogTemp:Display:    ?? iPhonePackager.CodeSignatureBuilder.FindProvisions(String CFBundleIdentifier)

[2017.02.28-04.27.55:745][160]LogTemp:Display:    ?? iPhonePackager.Program.Main(String[] args)

[2017.02.28-04.28.00:080][390]LogSlate: Took 0.000167 seconds to synchronously load lazily loaded font '../../../Engine/Content/Slate/Fonts/Roboto-Light.ttf' (159K)
[2017.02.28-04.28.08:178][824]LogTemp: Repeting last play command: New Editor Window (PIE)
[2017.02.28-04.28.08:251][824]LogPlayLevel: PlayLevel: No blueprints needed recompiling
[2017.02.28-04.28.08:337][824]PIE: New page: PIE session: Untitled_1 (Feb 28, 2017, 8:28:08 PM)
[2017.02.28-04.28.08:355][824]LogPlayLevel: Creating play world package: /Temp/UEDPIE_0_Untitled_1
[2017.02.28-04.28.08:445][824]LogPlayLevel: PIE: StaticDuplicateObject took: (0.090127s)
[2017.02.28-04.28.08:446][824]LogAIModule: Creating AISystem for world Untitled_1
[2017.02.28-04.28.08:496][824]LogPlayLevel: PIE: World Init took: (0.051002s)
[2017.02.28-04.28.08:512][824]LogPlayLevel: PIE: Created PIE world by copying editor world from /Temp/Untitled_1.Untitled_1 to /Temp/UEDPIE_0_Untitled_1.Untitled_1 (0.162329s)
[2017.02.28-04.28.08:703][824]LogInit: XAudio2 using '扬声器 (Realtek High Definition Audio)' : 2 channels at 48 kHz using 32 bits per sample (channel mask 0x3)
[2017.02.28-04.28.08:730][824]LogInit: FAudioDevice initialized.
[2017.02.28-04.28.08:938][824]LogLoad: Game class is 'GameModeBase'
[2017.02.28-04.28.09:074][824]LogWorld: Bringing World /Temp/UEDPIE_0_Untitled_1.Untitled_1 up for play (max tick rate 60) at 2017.02.28-12.28.09
[2017.02.28-04.28.09:110][824]LogWorld: Bringing up level for play took: 0.056026
[2017.02.28-04.28.09:363][824]LogContentBrowser: Native class hierarchy updated for 'MovieSceneCapture' in 0.0009 seconds. Added 11 classes and 0 folders.
[2017.02.28-04.28.09:547][824]PIE: Info Play in editor start time for /Temp/UEDPIE_0_Untitled_1 1.576
[2017.02.28-04.28.09:719][824]LogRenderer: Reallocating scene render targets to support 1116x676 NumSamples 1 (Frame:933).
[2017.02.28-04.28.13:781][ 27]LogSlate: Took 0.000111 seconds to synchronously load lazily loaded font '../../../Engine/Content/Slate/Fonts/Roboto-Light.ttf' (159K)
[2017.02.28-04.28.15:625][ 27]LogSlate: Took 0.000226 seconds to synchronously load lazily loaded font '../../../Engine/Content/Slate/Fonts/Roboto-Regular.ttf' (155K)
[2017.02.28-04.28.16:971][ 27]LogAIModule: Creating AISystem for world Shangda_Wus_Book_Main_Scenes
[2017.02.28-04.28.17:244][ 27]Cmd: MAP LOAD FILE="../../../../Shangda_Wus_Book/Content/Shangda_Wus_Book_Main_Scenes.umap" TEMPLATE=0 SHOWPROGRESS=1 FEATURELEVEL=3
[2017.02.28-04.28.17:244][ 27]LightingResults: New page: Lighting Build
[2017.02.28-04.28.17:248][ 27]LoadErrors: New page: Loading map: Shangda_Wus_Book_Main_Scenes.umap
[2017.02.28-04.28.17:248][ 27]MapCheck: New page: Map Check
[2017.02.28-04.28.17:248][ 27]LightingResults: New page: Lighting Build
[2017.02.28-04.28.17:608][ 27]LogEditorServer: Finished looking for orphan Actors (0.000 secs)
[2017.02.28-04.28.17:669][ 27]Cmd: MAP CHECKDEP NOCLEARLOG
[2017.02.28-04.28.17:715][ 27]MapCheck: Info Map check complete: 0 Error(s), 0 Warning(s), took 46.362ms to complete.
[2017.02.28-04.28.17:715][ 27]LogFileHelpers: Loading map 'Shangda_Wus_Book_Main_Scenes' took 0.504
[2017.02.28-04.28.18:026][ 30]LogSlate: Took 0.040450 seconds to synchronously load lazily loaded font '../../../Engine/Content/Slate/Fonts/DroidSansFallback.ttf' (3848K)
[2017.02.28-04.44.25:354][492]LogEditorViewport: Clicking on Actor (LMB): UI_Start_Game_3D_C (UI_Start_Game_3D)
[2017.02.28-04.44.26:233][504]LogEditorViewport: Clicking on Actor (LMB): UI_Start_Game_3D_C (UI_Start_Game_3D)
[2017.02.28-04.44.29:284][605]LogContentBrowser: Native class hierarchy updated for 'BlueprintGraph' in 0.0015 seconds. Added 112 classes and 0 folders.
[2017.02.28-04.44.31:450][605]LogSlate: Took 0.023897 seconds to synchronously load lazily loaded font '../../../Engine/Content/Editor/Slate/Fonts/Roboto-BoldCondensed.ttf' (158K)
[2017.02.28-04.44.31:736][606]LogSlate: Took 0.018481 seconds to synchronously load lazily loaded font '../../../Engine/Content/Editor/Slate/Fonts/Roboto-Italic.ttf' (157K)
[2017.02.28-04.44.33:837][683]LogRenderer: Reallocating scene render targets to support 1144x900 NumSamples 1 (Frame:54570).
[2017.02.28-04.45.41:545][301]LogTemp: Repeting last play command: New Editor Window (PIE)
[2017.02.28-04.45.41:570][301]LogBlueprintUserMessages: Early PlayInEditor Detection: Level '/Game/Shangda_Wus_Book_Main_Scenes.Shangda_Wus_Book_Main_Scenes:PersistentLevel' has LevelScriptBlueprint '/Game/Shangda_Wus_Book_Main_Scenes.Shangda_Wus_Book_Main_Scenes:PersistentLevel.Shangda_Wus_Book_Main_Scenes' with GeneratedClass '/Game/Shangda_Wus_Book_Main_Scenes.Shangda_Wus_Book_Main_Scenes_C' with ClassGeneratedBy '/Game/Shangda_Wus_Book_Main_Scenes.Shangda_Wus_Book_Main_Scenes:PersistentLevel.Shangda_Wus_Book_Main_Scenes'
[2017.02.28-04.45.41:570][301]LogPlayLevel: PlayLevel: No blueprints needed recompiling
[2017.02.28-04.45.41:571][301]PIE: New page: PIE session: Shangda_Wus_Book_Main_Scenes (Feb 28, 2017, 8:45:41 PM)
[2017.02.28-04.45.41:571][301]LogPlayLevel: Creating play world package: /Game/UEDPIE_0_Shangda_Wus_Book_Main_Scenes
[2017.02.28-04.45.41:576][301]LogPlayLevel: PIE: StaticDuplicateObject took: (0.005072s)
[2017.02.28-04.45.41:577][301]LogAIModule: Creating AISystem for world Shangda_Wus_Book_Main_Scenes
[2017.02.28-04.45.41:577][301]LogPlayLevel: PIE: World Init took: (0.001151s)
[2017.02.28-04.45.41:577][301]LogPlayLevel: PIE: Created PIE world by copying editor world from /Game/Shangda_Wus_Book_Main_Scenes.Shangda_Wus_Book_Main_Scenes to /Game/UEDPIE_0_Shangda_Wus_Book_Main_Scenes.Shangda_Wus_Book_Main_Scenes (0.006492s)
[2017.02.28-04.45.41:672][301]LogInit: XAudio2 using '扬声器 (Realtek High Definition Audio)' : 2 channels at 48 kHz using 32 bits per sample (channel mask 0x3)
[2017.02.28-04.45.41:699][301]LogInit: FAudioDevice initialized.
[2017.02.28-04.45.41:773][301]LogLoad: Game class is 'GameMode'
[2017.02.28-04.45.41:799][301]LogWorld: Bringing World /Game/UEDPIE_0_Shangda_Wus_Book_Main_Scenes.Shangda_Wus_Book_Main_Scenes up for play (max tick rate 60) at 2017.02.28-12.45.41
[2017.02.28-04.45.41:849][301]LogWorld: Bringing up level for play took: 0.074738
[2017.02.28-04.45.41:850][301]LogGameMode:Display: Match State Changed from EnteringMap to WaitingToStart
[2017.02.28-04.45.41:850][301]LogGameState: Match State Changed from EnteringMap to WaitingToStart
[2017.02.28-04.45.41:850][301]LogGameMode:Display: Match State Changed from WaitingToStart to InProgress
[2017.02.28-04.45.41:912][301]LogGameState: Match State Changed from WaitingToStart to InProgress
[2017.02.28-04.45.41:921][301]PIE: Info Play in editor start time for /Game/UEDPIE_0_Shangda_Wus_Book_Main_Scenes -0.05
[2017.02.28-04.45.41:922][301]LogBlueprintUserMessages: Late PlayInEditor Detection: Level '/Game/Shangda_Wus_Book_Main_Scenes.Shangda_Wus_Book_Main_Scenes:PersistentLevel' has LevelScriptBlueprint '/Game/Shangda_Wus_Book_Main_Scenes.Shangda_Wus_Book_Main_Scenes:PersistentLevel.Shangda_Wus_Book_Main_Scenes' with GeneratedClass '/Game/Shangda_Wus_Book_Main_Scenes.Shangda_Wus_Book_Main_Scenes_C' with ClassGeneratedBy '/Game/Shangda_Wus_Book_Main_Scenes.Shangda_Wus_Book_Main_Scenes:PersistentLevel.Shangda_Wus_Book_Main_Scenes'
[2017.02.28-04.46.02:997][136]LogBlueprintUserMessages: Early EndPlayMap Detection: Level '/Game/Shangda_Wus_Book_Main_Scenes.Shangda_Wus_Book_Main_Scenes:PersistentLevel' has LevelScriptBlueprint '/Game/Shangda_Wus_Book_Main_Scenes.Shangda_Wus_Book_Main_Scenes:PersistentLevel.Shangda_Wus_Book_Main_Scenes' with GeneratedClass '/Game/Shangda_Wus_Book_Main_Scenes.Shangda_Wus_Book_Main_Scenes_C' with ClassGeneratedBy '/Game/Shangda_Wus_Book_Main_Scenes.Shangda_Wus_Book_Main_Scenes:PersistentLevel.Shangda_Wus_Book_Main_Scenes'
[2017.02.28-04.46.03:041][136]LogBlueprintUserMessages: Late EndPlayMap Detection: Level '/Game/Shangda_Wus_Book_Main_Scenes.Shangda_Wus_Book_Main_Scenes:PersistentLevel' has LevelScriptBlueprint '/Game/Shangda_Wus_Book_Main_Scenes.Shangda_Wus_Book_Main_Scenes:PersistentLevel.Shangda_Wus_Book_Main_Scenes' with GeneratedClass '/Game/Shangda_Wus_Book_Main_Scenes.Shangda_Wus_Book_Main_Scenes_C' with ClassGeneratedBy '/Game/Shangda_Wus_Book_Main_Scenes.Shangda_Wus_Book_Main_Scenes:PersistentLevel.Shangda_Wus_Book_Main_Scenes'
[2017.02.28-04.47.19:359][739]BlueprintLog: New page: Compile UI_Story
[2017.02.28-04.47.20:200][757]LogTemp: Repeting last play command: New Editor Window (PIE)
[2017.02.28-04.47.20:217][757]LogBlueprintUserMessages: Early PlayInEditor Detection: Level '/Game/Shangda_Wus_Book_Main_Scenes.Shangda_Wus_Book_Main_Scenes:PersistentLevel' has LevelScriptBlueprint '/Game/Shangda_Wus_Book_Main_Scenes.Shangda_Wus_Book_Main_Scenes:PersistentLevel.Shangda_Wus_Book_Main_Scenes' with GeneratedClass '/Game/Shangda_Wus_Book_Main_Scenes.Shangda_Wus_Book_Main_Scenes_C' with ClassGeneratedBy '/Game/Shangda_Wus_Book_Main_Scenes.Shangda_Wus_Book_Main_Scenes:PersistentLevel.Shangda_Wus_Book_Main_Scenes'
[2017.02.28-04.47.20:217][757]LogPlayLevel: PlayLevel: No blueprints needed recompiling
[2017.02.28-04.47.20:217][757]PIE: New page: PIE session: Shangda_Wus_Book_Main_Scenes (Feb 28, 2017, 8:47:20 PM)
[2017.02.28-04.47.20:217][757]LogPlayLevel: Creating play world package: /Game/UEDPIE_0_Shangda_Wus_Book_Main_Scenes
[2017.02.28-04.47.20:221][757]LogPlayLevel: PIE: StaticDuplicateObject took: (0.004263s)
[2017.02.28-04.47.20:222][757]LogAIModule: Creating AISystem for world Shangda_Wus_Book_Main_Scenes
[2017.02.28-04.47.20:223][757]LogPlayLevel: PIE: World Init took: (0.001209s)
[2017.02.28-04.47.20:223][757]LogPlayLevel: PIE: Created PIE world by copying editor world from /Game/Shangda_Wus_Book_Main_Scenes.Shangda_Wus_Book_Main_Scenes to /Game/UEDPIE_0_Shangda_Wus_Book_Main_Scenes.Shangda_Wus_Book_Main_Scenes (0.005690s)
[2017.02.28-04.47.20:263][757]LogInit: XAudio2 using '扬声器 (Realtek High Definition Audio)' : 2 channels at 48 kHz using 32 bits per sample (channel mask 0x3)
[2017.02.28-04.47.20:290][757]LogInit: FAudioDevice initialized.
[2017.02.28-04.47.20:366][757]LogLoad: Game class is 'GameMode'
[2017.02.28-04.47.20:371][757]LogWorld: Bringing World /Game/UEDPIE_0_Shangda_Wus_Book_Main_Scenes.Shangda_Wus_Book_Main_Scenes up for play (max tick rate 60) at 2017.02.28-12.47.20
[2017.02.28-04.47.20:372][757]LogWorld: Bringing up level for play took: 0.003124
[2017.02.28-04.47.20:372][757]LogGameMode:Display: Match State Changed from EnteringMap to WaitingToStart
[2017.02.28-04.47.20:372][757]LogGameState: Match State Changed from EnteringMap to WaitingToStart
[2017.02.28-04.47.20:372][757]LogGameMode:Display: Match State Changed from WaitingToStart to InProgress
[2017.02.28-04.47.20:373][757]LogGameState: Match State Changed from WaitingToStart to InProgress
[2017.02.28-04.47.20:380][757]PIE: Info Play in editor start time for /Game/UEDPIE_0_Shangda_Wus_Book_Main_Scenes 0.409
[2017.02.28-04.47.20:380][757]LogBlueprintUserMessages: Late PlayInEditor Detection: Level '/Game/Shangda_Wus_Book_Main_Scenes.Shangda_Wus_Book_Main_Scenes:PersistentLevel' has LevelScriptBlueprint '/Game/Shangda_Wus_Book_Main_Scenes.Shangda_Wus_Book_Main_Scenes:PersistentLevel.Shangda_Wus_Book_Main_Scenes' with GeneratedClass '/Game/Shangda_Wus_Book_Main_Scenes.Shangda_Wus_Book_Main_Scenes_C' with ClassGeneratedBy '/Game/Shangda_Wus_Book_Main_Scenes.Shangda_Wus_Book_Main_Scenes:PersistentLevel.Shangda_Wus_Book_Main_Scenes'
[2017.02.28-04.47.58:072][755]LogBlueprintUserMessages: Early EndPlayMap Detection: Level '/Game/Shangda_Wus_Book_Main_Scenes.Shangda_Wus_Book_Main_Scenes:PersistentLevel' has LevelScriptBlueprint '/Game/Shangda_Wus_Book_Main_Scenes.Shangda_Wus_Book_Main_Scenes:PersistentLevel.Shangda_Wus_Book_Main_Scenes' with GeneratedClass '/Game/Shangda_Wus_Book_Main_Scenes.Shangda_Wus_Book_Main_Scenes_C' with ClassGeneratedBy '/Game/Shangda_Wus_Book_Main_Scenes.Shangda_Wus_Book_Main_Scenes:PersistentLevel.Shangda_Wus_Book_Main_Scenes'
[2017.02.28-04.47.58:123][755]LogBlueprintUserMessages: Late EndPlayMap Detection: Level '/Game/Shangda_Wus_Book_Main_Scenes.Shangda_Wus_Book_Main_Scenes:PersistentLevel' has LevelScriptBlueprint '/Game/Shangda_Wus_Book_Main_Scenes.Shangda_Wus_Book_Main_Scenes:PersistentLevel.Shangda_Wus_Book_Main_Scenes' with GeneratedClass '/Game/Shangda_Wus_Book_Main_Scenes.Shangda_Wus_Book_Main_Scenes_C' with ClassGeneratedBy '/Game/Shangda_Wus_Book_Main_Scenes.Shangda_Wus_Book_Main_Scenes:PersistentLevel.Shangda_Wus_Book_Main_Scenes'
[2017.02.28-04.51.14:627][911]LogFileHelpers: Editor autosave (incl. sublevels) for '/Game/Shangda_Wus_Book_Main_Scenes' took 0.018
[2017.02.28-04.51.14:688][911]OBJ SavePackage: Generating thumbnails for [0] asset(s) in package [/Game/User_Interfaces/UI_Story] ([1] browsable assets)...
[2017.02.28-04.51.14:688][911]OBJ SavePackage: Finished generating thumbnails for package [/Game/User_Interfaces/UI_Story]
[2017.02.28-04.51.14:688][911]Cmd: OBJ SAVEPACKAGE PACKAGE="/Game/User_Interfaces/UI_Story" FILE="../../../../Shangda_Wus_Book/Saved/Autosaves/Game/User_Interfaces/UI_Story_Auto1.uasset" SILENT=false AUTOSAVING=true
[2017.02.28-04.51.14:860][911]LogSavePackage: Save=144.37ms
[2017.02.28-04.51.14:860][911]LogSavePackage: Moving '../../../../Shangda_Wus_Book/Saved/UI_Story_Auto187E3D4B24CD99F4F4142CFA394DD8DB0.tmp' to '../../../../Shangda_Wus_Book/Saved/Autosaves/Game/User_Interfaces/UI_Story_Auto1.uasset'
[2017.02.28-04.51.14:875][911]LogSavePackage:Display: Finished SavePackage ../../../../Shangda_Wus_Book/Saved/Autosaves/Game/User_Interfaces/UI_Story_Auto1.uasset
[2017.02.28-04.51.14:875][911]LogFileHelpers: Auto-saving content packages took 0.247
[2017.02.28-04.52.36:739][189]LogSlate:Warning: Prevented a slow task dialog from being summoned while a context menu was open
[2017.02.28-04.52.57:956][244]LogObjectTools:Warning: ForceReplaceReferences replaced references for a transient object 'UserConstructionScript' or package '/Engine/Transient'.
[2017.02.28-04.52.57:956][244]LogObjectTools:Warning: ForceReplaceReferences replaced references for a transient object 'DefaultSceneRoot' or package '/Engine/Transient'.
[2017.02.28-04.52.57:957][244]LogObjectTools:Warning: ForceReplaceReferences replaced references for a transient object 'DEADCLASS_NewBlueprint_C_1' or package '/Engine/Transient'.
[2017.02.28-04.52.57:968][244]LogObjectTools:Warning: ForceReplaceReferences replaced references for a transient object 'DefaultSceneRoot_GEN_VARIABLE' or package '/Engine/Transient'.
[2017.02.28-04.52.57:968][244]LogObjectTools:Warning: ForceReplaceReferences replaced references for a transient object 'SimpleConstructionScript_0' or package '/Engine/Transient'.
[2017.02.28-04.52.57:968][244]LogObjectTools:Warning: ForceReplaceReferences replaced references for a transient object 'DEADCLASS_NewBlueprint_C_0' or package '/Engine/Transient'.
[2017.02.28-04.52.57:968][244]LogObjectTools:Warning: ForceReplaceReferences replaced references for a transient object 'REINST_SKEL_NewBlueprint_C_57' or package '/Engine/Transient'.
[2017.02.28-04.52.57:968][244]LogObjectTools:Warning: ForceReplaceReferences replaced references for a transient object 'REINST_NewBlueprint_C_56' or package '/Engine/Transient'.
[2017.02.28-04.54.49:479][ 20]BlueprintLog: New page: Compile bphud
[2017.02.28-04.54.49:486][ 20]LogBlueprint:Error: [Compiler bphud] Error Spawn node  Create Widget  must have a class specified.
[2017.02.28-04.54.49:796][ 20]BlueprintEditorCompileResults:Error: Error Spawn node  Create Widget  must have a class specified.
[2017.02.28-04.54.49:797][ 20]LogBlueprint:Warning: [Compiler bphud] Warning [1981.77] Compile of bphud failed. 1 Fatal Issue(s) 0 Warning(s) [in 317 ms] (/Game/User_Interfaces/bphud.bphud)
[2017.02.28-04.54.52:391][161]LogSlate:Warning: Prevented a slow task dialog from being summoned while a context menu was open
[2017.02.28-04.55.04:591][848]BlueprintLog: New page: Compile bphud
[2017.02.28-04.55.07:333][999]LogSlate:Warning: Prevented a slow task dialog from being summoned while a context menu was open
[2017.02.28-04.57.26:162][518]LogObjectTools:Warning: ForceReplaceReferences replaced references for a transient object 'UberGraphFrame' or package '/Engine/Transient'.
[2017.02.28-04.57.26:162][518]LogObjectTools:Warning: ForceReplaceReferences replaced references for a transient object 'UserConstructionScript' or package '/Engine/Transient'.
[2017.02.28-04.57.26:162][518]LogObjectTools:Warning: ForceReplaceReferences replaced references for a transient object 'ReceiveBeginPlay' or package '/Engine/Transient'.
[2017.02.28-04.57.26:162][518]LogObjectTools:Warning: ForceReplaceReferences replaced references for a transient object 'ExecuteUbergraph_bphud' or package '/Engine/Transient'.
[2017.02.28-04.57.26:162][518]LogObjectTools:Warning: ForceReplaceReferences replaced references for a transient object 'ReceiveBeginPlay' or package '/Game/User_Interfaces/bphud'.
[2017.02.28-04.57.26:162][518]LogObjectTools:Warning: ForceReplaceReferences replaced references for a transient object 'DefaultSceneRoot' or package '/Engine/Transient'.
[2017.02.28-04.57.26:162][518]LogObjectTools:Warning: ForceReplaceReferences replaced references for a transient object 'DEADCLASS_bphud_C_3' or package '/Engine/Transient'.
[2017.02.28-04.57.26:162][518]LogObjectTools:Warning: ForceReplaceReferences replaced references for a transient object 'REINST_SKEL_bphud_C_71' or package '/Engine/Transient'.
[2017.02.28-04.57.26:162][518]LogObjectTools:Warning: ForceReplaceReferences replaced references for a transient object 'DefaultSceneRoot_GEN_VARIABLE' or package '/Engine/Transient'.
[2017.02.28-04.57.26:162][518]LogObjectTools:Warning: ForceReplaceReferences replaced references for a transient object 'SimpleConstructionScript_0' or package '/Engine/Transient'.
[2017.02.28-04.57.26:162][518]LogObjectTools:Warning: ForceReplaceReferences replaced references for a transient object 'DEADCLASS_bphud_C_2' or package '/Engine/Transient'.
[2017.02.28-04.57.26:162][518]LogObjectTools:Warning: ForceReplaceReferences replaced references for a transient object 'REINST_bphud_C_70' or package '/Engine/Transient'.
[2017.02.28-04.57.59:191][953]LogObjectTools:Warning: ForceReplaceReferences replaced references for a transient object 'UserConstructionScript' or package '/Engine/Transient'.
[2017.02.28-04.57.59:191][953]LogObjectTools:Warning: ForceReplaceReferences replaced references for a transient object 'Plane' or package '/Engine/Transient'.
[2017.02.28-04.57.59:191][953]LogObjectTools:Warning: ForceReplaceReferences replaced references for a transient object 'Scene' or package '/Engine/Transient'.
[2017.02.28-04.57.59:191][953]LogObjectTools:Warning: ForceReplaceReferences replaced references for a transient object 'DEADCLASS_GM_Main_Scenes_1_C_5' or package '/Engine/Transient'.
[2017.02.28-04.57.59:191][953]LogObjectTools:Warning: ForceReplaceReferences replaced references for a transient object 'Plane_GEN_VARIABLE' or package '/Engine/Transient'.
[2017.02.28-04.57.59:191][953]LogObjectTools:Warning: ForceReplaceReferences replaced references for a transient object 'Scene_GEN_VARIABLE' or package '/Engine/Transient'.
[2017.02.28-04.57.59:191][953]LogObjectTools:Warning: ForceReplaceReferences replaced references for a transient object 'DefaultSceneRoot_GEN_VARIABLE' or package '/Engine/Transient'.
[2017.02.28-04.57.59:191][953]LogObjectTools:Warning: ForceReplaceReferences replaced references for a transient object 'SimpleConstructionScript_0' or package '/Engine/Transient'.
[2017.02.28-04.57.59:191][953]LogObjectTools:Warning: ForceReplaceReferences replaced references for a transient object 'DEADCLASS_GM_Main_Scenes_1_C_4' or package '/Engine/Transient'.
[2017.02.28-04.57.59:191][953]LogObjectTools:Warning: ForceReplaceReferences replaced references for a transient object 'REINST_GM_Main_Scenes_1_C_72' or package '/Engine/Transient'.
[2017.02.28-04.57.59:191][953]LogObjectTools:Warning: ForceReplaceReferences replaced references for a transient object 'REINST_SKEL_GM_Main_Scenes_1_C_73' or package '/Engine/Transient'.
[2017.02.28-04.58.01:148][ 54]LogEditorViewport: Clicking on Actor (LMB): StaticMeshActor (Plane1)
[2017.02.28-04.58.02:781][139]Cmd: DELETE
[2017.02.28-04.58.02:781][139]Cmd: ACTOR DELETE
[2017.02.28-04.58.03:211][139]LogEditorActor: Deleted Actor: StaticMeshActor
[2017.02.28-04.58.03:226][139]LogEditorActor: Deleted 1 Actors (0.015 secs)
[2017.02.28-05.00.34:371][943]LogTemp: Repeting last play command: New Editor Window (PIE)
[2017.02.28-05.00.34:387][943]LogBlueprintUserMessages: Early PlayInEditor Detection: Level '/Game/Shangda_Wus_Book_Main_Scenes.Shangda_Wus_Book_Main_Scenes:PersistentLevel' has LevelScriptBlueprint '/Game/Shangda_Wus_Book_Main_Scenes.Shangda_Wus_Book_Main_Scenes:PersistentLevel.Shangda_Wus_Book_Main_Scenes' with GeneratedClass '/Game/Shangda_Wus_Book_Main_Scenes.Shangda_Wus_Book_Main_Scenes_C' with ClassGeneratedBy '/Game/Shangda_Wus_Book_Main_Scenes.Shangda_Wus_Book_Main_Scenes:PersistentLevel.Shangda_Wus_Book_Main_Scenes'
[2017.02.28-05.00.34:388][943]LogPlayLevel: PlayLevel: No blueprints needed recompiling
[2017.02.28-05.00.34:388][943]PIE: New page: PIE session: Shangda_Wus_Book_Main_Scenes (Feb 28, 2017, 9:00:34 PM)
[2017.02.28-05.00.34:388][943]LogPlayLevel: Creating play world package: /Game/UEDPIE_0_Shangda_Wus_Book_Main_Scenes
[2017.02.28-05.00.34:390][943]LogPlayLevel: PIE: StaticDuplicateObject took: (0.002477s)
[2017.02.28-05.00.34:391][943]LogAIModule: Creating AISystem for world Shangda_Wus_Book_Main_Scenes
[2017.02.28-05.00.34:392][943]LogPlayLevel: PIE: World Init took: (0.001387s)
[2017.02.28-05.00.34:392][943]LogPlayLevel: PIE: Created PIE world by copying editor world from /Game/Shangda_Wus_Book_Main_Scenes.Shangda_Wus_Book_Main_Scenes to /Game/UEDPIE_0_Shangda_Wus_Book_Main_Scenes.Shangda_Wus_Book_Main_Scenes (0.004184s)
[2017.02.28-05.00.34:434][943]LogInit: XAudio2 using '扬声器 (Realtek High Definition Audio)' : 2 channels at 48 kHz using 32 bits per sample (channel mask 0x3)
[2017.02.28-05.00.34:460][943]LogInit: FAudioDevice initialized.
[2017.02.28-05.00.34:534][943]LogLoad: Game class is 'GameMode'
[2017.02.28-05.00.34:538][943]LogWorld: Bringing World /Game/UEDPIE_0_Shangda_Wus_Book_Main_Scenes.Shangda_Wus_Book_Main_Scenes up for play (max tick rate 60) at 2017.02.28-13.00.34
[2017.02.28-05.00.34:539][943]LogWorld: Bringing up level for play took: 0.003260
[2017.02.28-05.00.34:540][943]LogGameMode:Display: Match State Changed from EnteringMap to WaitingToStart
[2017.02.28-05.00.34:540][943]LogGameState: Match State Changed from EnteringMap to WaitingToStart
[2017.02.28-05.00.34:540][943]LogGameMode:Display: Match State Changed from WaitingToStart to InProgress
[2017.02.28-05.00.34:541][943]LogGameState: Match State Changed from WaitingToStart to InProgress
[2017.02.28-05.00.34:546][943]PIE: Info Play in editor start time for /Game/UEDPIE_0_Shangda_Wus_Book_Main_Scenes 0.575
[2017.02.28-05.00.34:546][943]LogBlueprintUserMessages: Late PlayInEditor Detection: Level '/Game/Shangda_Wus_Book_Main_Scenes.Shangda_Wus_Book_Main_Scenes:PersistentLevel' has LevelScriptBlueprint '/Game/Shangda_Wus_Book_Main_Scenes.Shangda_Wus_Book_Main_Scenes:PersistentLevel.Shangda_Wus_Book_Main_Scenes' with GeneratedClass '/Game/Shangda_Wus_Book_Main_Scenes.Shangda_Wus_Book_Main_Scenes_C' with ClassGeneratedBy '/Game/Shangda_Wus_Book_Main_Scenes.Shangda_Wus_Book_Main_Scenes:PersistentLevel.Shangda_Wus_Book_Main_Scenes'
[2017.02.28-05.00.36:325][ 43]LogBlueprintUserMessages: Early EndPlayMap Detection: Level '/Game/Shangda_Wus_Book_Main_Scenes.Shangda_Wus_Book_Main_Scenes:PersistentLevel' has LevelScriptBlueprint '/Game/Shangda_Wus_Book_Main_Scenes.Shangda_Wus_Book_Main_Scenes:PersistentLevel.Shangda_Wus_Book_Main_Scenes' with GeneratedClass '/Game/Shangda_Wus_Book_Main_Scenes.Shangda_Wus_Book_Main_Scenes_C' with ClassGeneratedBy '/Game/Shangda_Wus_Book_Main_Scenes.Shangda_Wus_Book_Main_Scenes:PersistentLevel.Shangda_Wus_Book_Main_Scenes'
[2017.02.28-05.00.36:361][ 43]LogBlueprintUserMessages: Late EndPlayMap Detection: Level '/Game/Shangda_Wus_Book_Main_Scenes.Shangda_Wus_Book_Main_Scenes:PersistentLevel' has LevelScriptBlueprint '/Game/Shangda_Wus_Book_Main_Scenes.Shangda_Wus_Book_Main_Scenes:PersistentLevel.Shangda_Wus_Book_Main_Scenes' with GeneratedClass '/Game/Shangda_Wus_Book_Main_Scenes.Shangda_Wus_Book_Main_Scenes_C' with ClassGeneratedBy '/Game/Shangda_Wus_Book_Main_Scenes.Shangda_Wus_Book_Main_Scenes:PersistentLevel.Shangda_Wus_Book_Main_Scenes'
[2017.02.28-05.01.17:918][220]LogSavePackage: Save=102.35ms
[2017.02.28-05.01.17:918][220]LogSavePackage: Moving '../../../../Shangda_Wus_Book/Saved/Shangda_Wus_Book_Main_Scenes_Auto290208354431250FDFB74A38BDBFA9B4B.tmp' to '../../../../Shangda_Wus_Book/Saved/Autosaves/Game/Shangda_Wus_Book_Main_Scenes_Auto2.umap'
[2017.02.28-05.01.17:920][220]LogSavePackage:Display: Finished SavePackage ../../../../Shangda_Wus_Book/Saved/Autosaves/Game/Shangda_Wus_Book_Main_Scenes_Auto2.umap
[2017.02.28-05.01.17:922][220]LogFileHelpers: Editor autosave (incl. sublevels) for '/Game/Shangda_Wus_Book_Main_Scenes' took 0.136
[2017.02.28-05.01.17:922][220]LogFileHelpers: Editor autosave (incl. sublevels) for all levels took 0.136
[2017.02.28-07.47.10:899][512]Cmd: OBJ SAVEPACKAGE PACKAGE="/Game/Shangda_Wus_Book_Main_Scenes" FILE="../../../../Shangda_Wus_Book/Content/Shangda_Wus_Book_Main_Scenes.umap" SILENT=true AUTOSAVING=false KEEPDIRTY=false
[2017.02.28-07.47.11:118][512]LogSavePackage: Save=158.30ms
[2017.02.28-07.47.11:118][512]LogSavePackage: Moving '../../../../Shangda_Wus_Book/Saved/Shangda_Wus_Book_Main_ScenesF8DE3E8446532F227EA003A8E0078EB4.tmp' to '../../../../Shangda_Wus_Book/Content/Shangda_Wus_Book_Main_Scenes.umap'
[2017.02.28-07.47.11:124][512]LogSavePackage:Display: Finished SavePackage ../../../../Shangda_Wus_Book/Content/Shangda_Wus_Book_Main_Scenes.umap
[2017.02.28-07.47.12:583][590]LogSlate:Warning: Prevented a slow task dialog from being summoned while a context menu was open
[2017.02.28-07.47.15:369][753]Cmd: OBJ SAVEPACKAGE PACKAGE="/Game/Shangda_Wus_Book_Main_Scenes" FILE="../../../../Shangda_Wus_Book/Content/Shangda_Wus_Book_Main_Scenes.umap" SILENT=true AUTOSAVING=false KEEPDIRTY=false
[2017.02.28-07.47.15:508][753]LogSavePackage: Save=108.61ms
[2017.02.28-07.47.15:508][753]LogSavePackage: Moving '../../../../Shangda_Wus_Book/Saved/Shangda_Wus_Book_Main_Scenes5B78506A43833D5C88817DB0E3A64E04.tmp' to '../../../../Shangda_Wus_Book/Content/Shangda_Wus_Book_Main_Scenes.umap'
[2017.02.28-07.47.15:512][753]LogSavePackage:Display: Finished SavePackage ../../../../Shangda_Wus_Book/Content/Shangda_Wus_Book_Main_Scenes.umap
[2017.02.28-07.47.17:502][865]LogTemp: Repeting last play command: New Editor Window (PIE)
[2017.02.28-07.47.17:512][865]LogBlueprintUserMessages: Early PlayInEditor Detection: Level '/Game/Shangda_Wus_Book_Main_Scenes.Shangda_Wus_Book_Main_Scenes:PersistentLevel' has LevelScriptBlueprint '/Game/Shangda_Wus_Book_Main_Scenes.Shangda_Wus_Book_Main_Scenes:PersistentLevel.Shangda_Wus_Book_Main_Scenes' with GeneratedClass '/Game/Shangda_Wus_Book_Main_Scenes.Shangda_Wus_Book_Main_Scenes_C' with ClassGeneratedBy '/Game/Shangda_Wus_Book_Main_Scenes.Shangda_Wus_Book_Main_Scenes:PersistentLevel.Shangda_Wus_Book_Main_Scenes'
[2017.02.28-07.47.17:512][865]LogPlayLevel: PlayLevel: No blueprints needed recompiling
[2017.02.28-07.47.17:513][865]PIE: New page: PIE session: Shangda_Wus_Book_Main_Scenes (Feb 28, 2017, 11:47:17 PM)
[2017.02.28-07.47.17:513][865]LogPlayLevel: Creating play world package: /Game/UEDPIE_0_Shangda_Wus_Book_Main_Scenes
[2017.02.28-07.47.17:518][865]LogPlayLevel: PIE: StaticDuplicateObject took: (0.005297s)
[2017.02.28-07.47.17:522][865]LogAIModule: Creating AISystem for world Shangda_Wus_Book_Main_Scenes
[2017.02.28-07.47.17:522][865]LogPlayLevel: PIE: World Init took: (0.003734s)
[2017.02.28-07.47.17:522][865]LogPlayLevel: PIE: Created PIE world by copying editor world from /Game/Shangda_Wus_Book_Main_Scenes.Shangda_Wus_Book_Main_Scenes to /Game/UEDPIE_0_Shangda_Wus_Book_Main_Scenes.Shangda_Wus_Book_Main_Scenes (0.009379s)
[2017.02.28-07.47.17:562][865]LogInit: XAudio2 using '扬声器 (Realtek High Definition Audio)' : 2 channels at 48 kHz using 32 bits per sample (channel mask 0x3)
[2017.02.28-07.47.17:591][865]LogInit: FAudioDevice initialized.
[2017.02.28-07.47.17:655][865]LogLoad: Game class is 'GP_GameMode_C'
[2017.02.28-07.47.17:662][865]LogWorld: Bringing World /Game/UEDPIE_0_Shangda_Wus_Book_Main_Scenes.Shangda_Wus_Book_Main_Scenes up for play (max tick rate 60) at 2017.02.28-15.47.17
[2017.02.28-07.47.17:663][865]LogWorld: Bringing up level for play took: 0.005131
[2017.02.28-07.47.17:669][865]PIE: Info Play in editor start time for /Game/UEDPIE_0_Shangda_Wus_Book_Main_Scenes -0.302
[2017.02.28-07.47.17:670][865]LogBlueprintUserMessages: Late PlayInEditor Detection: Level '/Game/Shangda_Wus_Book_Main_Scenes.Shangda_Wus_Book_Main_Scenes:PersistentLevel' has LevelScriptBlueprint '/Game/Shangda_Wus_Book_Main_Scenes.Shangda_Wus_Book_Main_Scenes:PersistentLevel.Shangda_Wus_Book_Main_Scenes' with GeneratedClass '/Game/Shangda_Wus_Book_Main_Scenes.Shangda_Wus_Book_Main_Scenes_C' with ClassGeneratedBy '/Game/Shangda_Wus_Book_Main_Scenes.Shangda_Wus_Book_Main_Scenes:PersistentLevel.Shangda_Wus_Book_Main_Scenes'
[2017.02.28-07.47.22:682][154]LogBlueprintUserMessages: Early EndPlayMap Detection: Level '/Game/Shangda_Wus_Book_Main_Scenes.Shangda_Wus_Book_Main_Scenes:PersistentLevel' has LevelScriptBlueprint '/Game/Shangda_Wus_Book_Main_Scenes.Shangda_Wus_Book_Main_Scenes:PersistentLevel.Shangda_Wus_Book_Main_Scenes' with GeneratedClass '/Game/Shangda_Wus_Book_Main_Scenes.Shangda_Wus_Book_Main_Scenes_C' with ClassGeneratedBy '/Game/Shangda_Wus_Book_Main_Scenes.Shangda_Wus_Book_Main_Scenes:PersistentLevel.Shangda_Wus_Book_Main_Scenes'
[2017.02.28-07.47.22:716][154]LogBlueprintUserMessages: Late EndPlayMap Detection: Level '/Game/Shangda_Wus_Book_Main_Scenes.Shangda_Wus_Book_Main_Scenes:PersistentLevel' has LevelScriptBlueprint '/Game/Shangda_Wus_Book_Main_Scenes.Shangda_Wus_Book_Main_Scenes:PersistentLevel.Shangda_Wus_Book_Main_Scenes' with GeneratedClass '/Game/Shangda_Wus_Book_Main_Scenes.Shangda_Wus_Book_Main_Scenes_C' with ClassGeneratedBy '/Game/Shangda_Wus_Book_Main_Scenes.Shangda_Wus_Book_Main_Scenes:PersistentLevel.Shangda_Wus_Book_Main_Scenes'
[2017.02.28-07.47.26:695][383]Cmd: OBJ SAVEPACKAGE PACKAGE="/Game/Game_ProcessControl/GP_GameMode" FILE="../../../../Shangda_Wus_Book/Content/Game_ProcessControl/GP_GameMode.uasset" SILENT=true
[2017.02.28-07.47.26:711][383]LogSavePackage: Save=13.14ms
[2017.02.28-07.47.26:711][383]LogSavePackage: Moving '../../../../Shangda_Wus_Book/Saved/GP_GameModeD00F308A46776F13CD2A7C9F0EB79A91.tmp' to '../../../../Shangda_Wus_Book/Content/Game_ProcessControl/GP_GameMode.uasset'
[2017.02.28-07.47.26:715][383]LogSavePackage:Display: Finished SavePackage ../../../../Shangda_Wus_Book/Content/Game_ProcessControl/GP_GameMode.uasset
[2017.02.28-07.47.32:656][732]Cmd: OBJ SAVEPACKAGE PACKAGE="/Game/User_Interfaces/UI_Story" FILE="../../../../Shangda_Wus_Book/Content/User_Interfaces/UI_Story.uasset" SILENT=true
[2017.02.28-07.47.32:752][732]LogSavePackage: Save=82.38ms
[2017.02.28-07.47.32:752][732]LogSavePackage: Moving '../../../../Shangda_Wus_Book/Saved/UI_StoryAF20E95E4DAD147EC95D1BADD78839E7.tmp' to '../../../../Shangda_Wus_Book/Content/User_Interfaces/UI_Story.uasset'
[2017.02.28-07.47.32:758][732]LogSavePackage:Display: Finished SavePackage ../../../../Shangda_Wus_Book/Content/User_Interfaces/UI_Story.uasset
[2017.02.28-07.49.29:436][537]Cmd: OBJ SAVEPACKAGE PACKAGE="/Game/Game_ProcessControl/GP_HUD" FILE="../../../../Shangda_Wus_Book/Content/Game_ProcessControl/GP_HUD.uasset" SILENT=true
[2017.02.28-07.49.29:451][537]LogSavePackage: Save=11.34ms
[2017.02.28-07.49.29:451][537]LogSavePackage: Moving '../../../../Shangda_Wus_Book/Saved/GP_HUD86ED08604E60F35C4D17039A7E1BC03C.tmp' to '../../../../Shangda_Wus_Book/Content/Game_ProcessControl/GP_HUD.uasset'
[2017.02.28-07.49.29:456][537]LogSavePackage:Display: Finished SavePackage ../../../../Shangda_Wus_Book/Content/Game_ProcessControl/GP_HUD.uasset
[2017.02.28-07.49.30:458][595]LogSlate:Warning: Prevented a slow task dialog from being summoned while a context menu was open
[2017.02.28-07.49.32:364][702]Cmd: OBJ SAVEPACKAGE PACKAGE="/Game/Shangda_Wus_Book_Main_Scenes" FILE="../../../../Shangda_Wus_Book/Content/Shangda_Wus_Book_Main_Scenes.umap" SILENT=true AUTOSAVING=false KEEPDIRTY=false
[2017.02.28-07.49.32:522][702]LogSavePackage: Save=128.33ms
[2017.02.28-07.49.32:522][702]LogSavePackage: Moving '../../../../Shangda_Wus_Book/Saved/Shangda_Wus_Book_Main_ScenesD2C1A1A44875978751C330A2A42185E2.tmp' to '../../../../Shangda_Wus_Book/Content/Shangda_Wus_Book_Main_Scenes.umap'
[2017.02.28-07.49.32:525][702]LogSavePackage:Display: Finished SavePackage ../../../../Shangda_Wus_Book/Content/Shangda_Wus_Book_Main_Scenes.umap
[2017.02.28-07.49.33:859][771]Cmd: OBJ SAVEPACKAGE PACKAGE="/Game/Game_ProcessControl/GP_GameMode" FILE="../../../../Shangda_Wus_Book/Content/Game_ProcessControl/GP_GameMode.uasset" SILENT=true
[2017.02.28-07.49.33:881][771]LogSavePackage: Save=11.04ms
[2017.02.28-07.49.33:881][771]LogSavePackage: Moving '../../../../Shangda_Wus_Book/Saved/GP_GameMode54FE11B845F97C53F6955E8FE351D078.tmp' to '../../../../Shangda_Wus_Book/Content/Game_ProcessControl/GP_GameMode.uasset'
[2017.02.28-07.49.33:886][771]LogSavePackage:Display: Finished SavePackage ../../../../Shangda_Wus_Book/Content/Game_ProcessControl/GP_GameMode.uasset
[2017.02.28-07.49.34:845][821]Cmd: OBJ SAVEPACKAGE PACKAGE="/Game/Game_ProcessControl/GP_GameMode" FILE="../../../../Shangda_Wus_Book/Content/Game_ProcessControl/GP_GameMode.uasset" SILENT=true
[2017.02.28-07.49.34:867][821]LogSavePackage: Save=11.67ms
[2017.02.28-07.49.34:867][821]LogSavePackage: Moving '../../../../Shangda_Wus_Book/Saved/GP_GameModeF0171F434193DEE71A5E4EBBF293E002.tmp' to '../../../../Shangda_Wus_Book/Content/Game_ProcessControl/GP_GameMode.uasset'
[2017.02.28-07.49.34:870][821]LogSavePackage:Display: Finished SavePackage ../../../../Shangda_Wus_Book/Content/Game_ProcessControl/GP_GameMode.uasset
[2017.02.28-07.49.36:540][916]LogTemp: Repeting last play command: New Editor Window (PIE)
[2017.02.28-07.49.36:556][916]LogBlueprintUserMessages: Early PlayInEditor Detection: Level '/Game/Shangda_Wus_Book_Main_Scenes.Shangda_Wus_Book_Main_Scenes:PersistentLevel' has LevelScriptBlueprint '/Game/Shangda_Wus_Book_Main_Scenes.Shangda_Wus_Book_Main_Scenes:PersistentLevel.Shangda_Wus_Book_Main_Scenes' with GeneratedClass '/Game/Shangda_Wus_Book_Main_Scenes.Shangda_Wus_Book_Main_Scenes_C' with ClassGeneratedBy '/Game/Shangda_Wus_Book_Main_Scenes.Shangda_Wus_Book_Main_Scenes:PersistentLevel.Shangda_Wus_Book_Main_Scenes'
[2017.02.28-07.49.36:556][916]LogPlayLevel: PlayLevel: No blueprints needed recompiling
[2017.02.28-07.49.36:556][916]PIE: New page: PIE session: Shangda_Wus_Book_Main_Scenes (Feb 28, 2017, 11:49:36 PM)
[2017.02.28-07.49.36:556][916]LogPlayLevel: Creating play world package: /Game/UEDPIE_0_Shangda_Wus_Book_Main_Scenes
[2017.02.28-07.49.36:559][916]LogPlayLevel: PIE: StaticDuplicateObject took: (0.002349s)
[2017.02.28-07.49.36:560][916]LogAIModule: Creating AISystem for world Shangda_Wus_Book_Main_Scenes
[2017.02.28-07.49.36:560][916]LogPlayLevel: PIE: World Init took: (0.001517s)
[2017.02.28-07.49.36:560][916]LogPlayLevel: PIE: Created PIE world by copying editor world from /Game/Shangda_Wus_Book_Main_Scenes.Shangda_Wus_Book_Main_Scenes to /Game/UEDPIE_0_Shangda_Wus_Book_Main_Scenes.Shangda_Wus_Book_Main_Scenes (0.004247s)
[2017.02.28-07.49.36:603][916]LogInit: XAudio2 using '扬声器 (Realtek High Definition Audio)' : 2 channels at 48 kHz using 32 bits per sample (channel mask 0x3)
[2017.02.28-07.49.36:637][916]LogInit: FAudioDevice initialized.
[2017.02.28-07.49.36:722][916]LogLoad: Game class is 'GP_GameMode_C'
[2017.02.28-07.49.36:726][916]LogWorld: Bringing World /Game/UEDPIE_0_Shangda_Wus_Book_Main_Scenes.Shangda_Wus_Book_Main_Scenes up for play (max tick rate 60) at 2017.02.28-15.49.36
[2017.02.28-07.49.36:727][916]LogWorld: Bringing up level for play took: 0.002921
[2017.02.28-07.49.36:803][916]PIE: Info Play in editor start time for /Game/UEDPIE_0_Shangda_Wus_Book_Main_Scenes 0.833
[2017.02.28-07.49.36:804][916]LogBlueprintUserMessages: Late PlayInEditor Detection: Level '/Game/Shangda_Wus_Book_Main_Scenes.Shangda_Wus_Book_Main_Scenes:PersistentLevel' has LevelScriptBlueprint '/Game/Shangda_Wus_Book_Main_Scenes.Shangda_Wus_Book_Main_Scenes:PersistentLevel.Shangda_Wus_Book_Main_Scenes' with GeneratedClass '/Game/Shangda_Wus_Book_Main_Scenes.Shangda_Wus_Book_Main_Scenes_C' with ClassGeneratedBy '/Game/Shangda_Wus_Book_Main_Scenes.Shangda_Wus_Book_Main_Scenes:PersistentLevel.Shangda_Wus_Book_Main_Scenes'
[2017.02.28-07.49.41:482][188]LogBlueprintUserMessages: Early EndPlayMap Detection: Level '/Game/Shangda_Wus_Book_Main_Scenes.Shangda_Wus_Book_Main_Scenes:PersistentLevel' has LevelScriptBlueprint '/Game/Shangda_Wus_Book_Main_Scenes.Shangda_Wus_Book_Main_Scenes:PersistentLevel.Shangda_Wus_Book_Main_Scenes' with GeneratedClass '/Game/Shangda_Wus_Book_Main_Scenes.Shangda_Wus_Book_Main_Scenes_C' with ClassGeneratedBy '/Game/Shangda_Wus_Book_Main_Scenes.Shangda_Wus_Book_Main_Scenes:PersistentLevel.Shangda_Wus_Book_Main_Scenes'
[2017.02.28-07.49.41:518][188]LogBlueprintUserMessages: Late EndPlayMap Detection: Level '/Game/Shangda_Wus_Book_Main_Scenes.Shangda_Wus_Book_Main_Scenes:PersistentLevel' has LevelScriptBlueprint '/Game/Shangda_Wus_Book_Main_Scenes.Shangda_Wus_Book_Main_Scenes:PersistentLevel.Shangda_Wus_Book_Main_Scenes' with GeneratedClass '/Game/Shangda_Wus_Book_Main_Scenes.Shangda_Wus_Book_Main_Scenes_C' with ClassGeneratedBy '/Game/Shangda_Wus_Book_Main_Scenes.Shangda_Wus_Book_Main_Scenes:PersistentLevel.Shangda_Wus_Book_Main_Scenes'
[2017.02.28-07.50.33:760][179]MapCheck: New page: Map Check
[2017.02.28-07.50.33:824][179]Cmd: MAP REBUILD ALLVISIBLE
[2017.02.28-07.50.33:833][179]LogEditorServer: Rebuildmap Clear paths rebuilt
[2017.02.28-07.50.34:212][179]LogMaterial: Missing cached shader map for material FDebugViewModeMaterialProxy WorldGridMaterial, compiling. Is special engine material.
[2017.02.28-07.50.34:266][179]LogTemp:Display: Added material ShaderMap 0x00000186997B2400 with Material 0x000001868FA60100 to ShaderMapsBeingCompiled
[2017.02.28-07.50.34:320][179]LogTemp:Display: Kicking off shader compilation for FDebugViewModeMaterialProxy WorldGridMaterial, GameThreadShaderMap 0x00000186997B2400
[2017.02.28-07.50.34:324][179]LogMaterial: Missing cached shader map for material FDebugViewModeMaterialProxy DefaultMaterial, compiling. 
[2017.02.28-07.50.34:325][179]LogTemp:Display: Added material ShaderMap 0x00000186C6161600 with Material 0x00000186F4C4B400 to ShaderMapsBeingCompiled
[2017.02.28-07.50.34:328][179]LogTemp:Display: Kicking off shader compilation for FDebugViewModeMaterialProxy DefaultMaterial, GameThreadShaderMap 0x00000186C6161600
[2017.02.28-07.50.34:343][179]LogMaterial: Missing cached shader map for material FDebugViewModeMaterialProxy MaterialInstanceDynamic_14, compiling. 
[2017.02.28-07.50.34:345][179]LogTemp:Display: Added material ShaderMap 0x00000186D8374F00 with Material 0x00000186F4C4A800 to ShaderMapsBeingCompiled
[2017.02.28-07.50.34:347][179]LogTemp:Display: Kicking off shader compilation for FDebugViewModeMaterialProxy MaterialInstanceDynamic_14, GameThreadShaderMap 0x00000186D8374F00
[2017.02.28-07.50.34:349][179]LogMaterial: Missing cached shader map for material FDebugViewModeMaterialProxy MaterialInstanceDynamic_16, compiling. 
[2017.02.28-07.50.34:350][179]LogTemp:Display: Added material ShaderMap 0x00000186D8376080 with Material 0x000001868FB7FD00 to ShaderMapsBeingCompiled
[2017.02.28-07.50.34:352][179]LogTemp:Display: Kicking off shader compilation for FDebugViewModeMaterialProxy MaterialInstanceDynamic_16, GameThreadShaderMap 0x00000186D8376080
[2017.02.28-07.50.34:354][179]LogMaterial: Missing cached shader map for material FDebugViewModeMaterialProxy MatineeCam_mat, compiling. 
[2017.02.28-07.50.34:355][179]LogTemp:Display: Added material ShaderMap 0x00000186D8376400 with Material 0x000001868FB7E500 to ShaderMapsBeingCompiled
[2017.02.28-07.50.34:357][179]LogTemp:Display: Kicking off shader compilation for FDebugViewModeMaterialProxy MatineeCam_mat, GameThreadShaderMap 0x00000186D8376400
[2017.02.28-07.50.36:084][179]LogTemp:Display: Finished compile of shader map 0x00000186D8376080
[2017.02.28-07.50.36:084][179]LogTemp:Display: Shader map FDebugViewModeMaterialProxy MaterialInstanceDynamic_16 complete, GameThreadShaderMap 0x00000186D8376080, marking material FDebugViewModeMaterialProxy MaterialInstanceDynamic_16 as finished
[2017.02.28-07.50.36:084][179]LogTemp:Display: Marking material as finished 0x000001868FB7FD00
[2017.02.28-07.50.36:109][179]LogTemp:Display: Finished compile of shader map 0x00000186997B2400
[2017.02.28-07.50.36:109][179]LogTemp:Display: Shader map FDebugViewModeMaterialProxy WorldGridMaterial complete, GameThreadShaderMap 0x00000186997B2400, marking material FDebugViewModeMaterialProxy WorldGridMaterial as finished
[2017.02.28-07.50.36:109][179]LogTemp:Display: Marking material as finished 0x000001868FA60100
[2017.02.28-07.50.36:111][179]LogTemp:Display: Finished compile of shader map 0x00000186C6161600
[2017.02.28-07.50.36:111][179]LogTemp:Display: Shader map FDebugViewModeMaterialProxy DefaultMaterial complete, GameThreadShaderMap 0x00000186C6161600, marking material FDebugViewModeMaterialProxy DefaultMaterial as finished
[2017.02.28-07.50.36:111][179]LogTemp:Display: Marking material as finished 0x00000186F4C4B400
[2017.02.28-07.50.36:113][179]LogTemp:Display: Finished compile of shader map 0x00000186D8374F00
[2017.02.28-07.50.36:113][179]LogTemp:Display: Shader map FDebugViewModeMaterialProxy MaterialInstanceDynamic_14 complete, GameThreadShaderMap 0x00000186D8374F00, marking material FDebugViewModeMaterialProxy MaterialInstanceDynamic_14 as finished
[2017.02.28-07.50.36:113][179]LogTemp:Display: Marking material as finished 0x00000186F4C4A800
[2017.02.28-07.50.36:197][179]LogTemp:Display: Finished compile of shader map 0x00000186D8376400
[2017.02.28-07.50.36:197][179]LogTemp:Display: Shader map FDebugViewModeMaterialProxy MatineeCam_mat complete, GameThreadShaderMap 0x00000186D8376400, marking material FDebugViewModeMaterialProxy MatineeCam_mat as finished
[2017.02.28-07.50.36:198][179]LogTemp:Display: Marking material as finished 0x000001868FB7E500
[2017.02.28-07.50.36:206][179]TextureStreamingBuild:Display: Compiling optional shaders took 2.056 seconds.
[2017.02.28-07.50.36:250][179]LogLevel:Display: Export Material TexCoord Scales took 0.045 seconds.
[2017.02.28-07.50.36:299][179]TextureStreamingBuild:Display: Build Texture Streaming took 0.022 seconds.
[2017.02.28-07.50.36:327][179]LightingResults: New page: Lighting Build - Feb 28, 2017, 11:50:36 PM
[2017.02.28-07.50.36:522][179]LogSwarmInterface: [OpenConnection] Registering TCP channel ...
[2017.02.28-07.50.36:847][179]LogSwarmInterface: [OpenConnection] Connecting to agent ...
[2017.02.28-07.50.36:893][179]LogSwarmInterface: [TryOpenConnection] Testing the Agent
[2017.02.28-07.50.37:948][179]LogSwarmInterface: [TryOpenConnection] Opening Connection to Agent
[2017.02.28-07.50.37:948][179]LogSwarmInterface: [TryOpenConnection] Local Process ID is 8308
[2017.02.28-07.50.40:510][179]LogStaticLightingSystem:Warning: No importance volume found, so the scene bounding box was used.  You can optimize your scene's quality and lighting build times by adding importance volumes.
[2017.02.28-07.50.41:503][179]LogEditorBuildUtils: Build time 0:07
[2017.02.28-07.51.57:466][130]LogProperty:Warning: Illegal TEXT reference to a private object in external package (GC_Main_Scenes_C /Game/Shangda_Wus_Book_Main_Scenes.Shangda_Wus_Book_Main_Scenes:PersistentLevel.GC_Main_Scenes_310) from referencer (K2Node_Literal /Game/Game_ProcessControl/GP_GameMode.GP_GameMode:EventGraph.K2Node_Literal_0).  Import failed...
[2017.02.28-07.51.57:466][130]LogProperty:Warning: ObjectProperty /Script/BlueprintGraph.K2Node_Literal:ObjectRef: unresolved reference to 'GC_Main_Scenes_C'/Game/Shangda_Wus_Book_Main_Scenes.Shangda_Wus_Book_Main_Scenes:PersistentLevel.GC_Main_Scenes_310''
[2017.02.28-07.52.01:079][323]BlueprintLog: New page: Compile GP_GameMode
[2017.02.28-07.52.01:131][323]LogBlueprint:Warning: [Compiler GP_GameMode] Warning Node  Unknown  is not referencing a valid level actor
[2017.02.28-07.52.01:314][323]BlueprintEditorCompileResults:Warning: Warning Node  Unknown  is not referencing a valid level actor
[2017.02.28-07.52.01:316][323]LogBlueprint:Warning: [Compiler GP_GameMode] Warning [2613.29] Compile of GP_GameMode successful, but with 1 Warning(s) [in 236 ms] (/Game/Game_ProcessControl/GP_GameMode.GP_GameMode)
[2017.02.28-07.52.31:551][830]BlueprintLog: New page: Compile GP_GameMode
[2017.02.28-07.52.39:418][240]Cmd: OBJ SAVEPACKAGE PACKAGE="/Game/Game_ProcessControl/GP_GameMode" FILE="../../../../Shangda_Wus_Book/Content/Game_ProcessControl/GP_GameMode.uasset" SILENT=true
[2017.02.28-07.52.39:437][240]LogSavePackage: Save=10.40ms
[2017.02.28-07.52.39:437][240]LogSavePackage: Moving '../../../../Shangda_Wus_Book/Saved/GP_GameMode8977CD3645F6C5588C7960B847344F41.tmp' to '../../../../Shangda_Wus_Book/Content/Game_ProcessControl/GP_GameMode.uasset'
[2017.02.28-07.52.39:442][240]LogSavePackage:Display: Finished SavePackage ../../../../Shangda_Wus_Book/Content/Game_ProcessControl/GP_GameMode.uasset
[2017.02.28-07.52.42:654][431]LogEditorViewport: Clicking on Actor (LMB): BP_Sky_Sphere_C (Sky Sphere)
[2017.02.28-07.52.43:029][448]LogEditorViewport: Clicking on Actor (LMB): StaticMeshActor (Floor)
[2017.02.28-07.59.38:302][899]LogSavePackage: Save=135.52ms
[2017.02.28-07.59.38:302][899]LogSavePackage: Moving '../../../../Shangda_Wus_Book/Saved/Shangda_Wus_Book_Main_Scenes_Auto35040897E4511387711D396978C9BDFAD.tmp' to '../../../../Shangda_Wus_Book/Saved/Autosaves/Game/Shangda_Wus_Book_Main_Scenes_Auto3.umap'
[2017.02.28-07.59.38:304][899]LogSavePackage:Display: Finished SavePackage ../../../../Shangda_Wus_Book/Saved/Autosaves/Game/Shangda_Wus_Book_Main_Scenes_Auto3.umap
[2017.02.28-07.59.38:307][899]LogFileHelpers: Editor autosave (incl. sublevels) for '/Game/Shangda_Wus_Book_Main_Scenes' took 0.175
[2017.02.28-07.59.38:307][899]LogFileHelpers: Editor autosave (incl. sublevels) for all levels took 0.175
[2017.02.28-08.05.37:274][301]LogSlate:Warning: Prevented a slow task dialog from being summoned while a context menu was open
[2017.02.28-08.08.46:218][534]LogSlate: Took 0.015255 seconds to synchronously load lazily loaded font '../../../Engine/Content/Editor/Slate/Fonts/Roboto-BoldCondensedItalic.ttf' (160K)
[2017.02.28-08.11.29:505][212]LogEditorViewport: Clicking on Actor (LMB): GC_Main_Scenes_C (GC_Main_Scenes)
[2017.02.28-08.12.32:455][687]BlueprintLog: New page: Compile GP_GameMode
[2017.02.28-08.12.33:992][743]Cmd: OBJ SAVEPACKAGE PACKAGE="/Game/Game_ProcessControl/GP_GameMode" FILE="../../../../Shangda_Wus_Book/Content/Game_ProcessControl/GP_GameMode.uasset" SILENT=true
[2017.02.28-08.12.34:013][743]LogSavePackage: Save=11.82ms
[2017.02.28-08.12.34:013][743]LogSavePackage: Moving '../../../../Shangda_Wus_Book/Saved/GP_GameMode8705E3CF4CE1C472361DA6896660E403.tmp' to '../../../../Shangda_Wus_Book/Content/Game_ProcessControl/GP_GameMode.uasset'
[2017.02.28-08.12.34:017][743]LogSavePackage:Display: Finished SavePackage ../../../../Shangda_Wus_Book/Content/Game_ProcessControl/GP_GameMode.uasset
[2017.02.28-08.13.16:840][ 75]LogSavePackage: Save=143.07ms
[2017.02.28-08.13.16:840][ 75]LogSavePackage: Moving '../../../../Shangda_Wus_Book/Saved/Shangda_Wus_Book_Main_Scenes_Auto4AB539EB349B5EF3958C00CBBBA06ABE7.tmp' to '../../../../Shangda_Wus_Book/Saved/Autosaves/Game/Shangda_Wus_Book_Main_Scenes_Auto4.umap'
[2017.02.28-08.13.16:842][ 75]LogSavePackage:Display: Finished SavePackage ../../../../Shangda_Wus_Book/Saved/Autosaves/Game/Shangda_Wus_Book_Main_Scenes_Auto4.umap
[2017.02.28-08.13.16:847][ 75]LogFileHelpers: Editor autosave (incl. sublevels) for '/Game/Shangda_Wus_Book_Main_Scenes' took 0.181
[2017.02.28-08.13.16:847][ 75]LogFileHelpers: Editor autosave (incl. sublevels) for all levels took 0.181
[2017.02.28-08.14.53:136][430]BlueprintLog: New page: Compile GP_GameMode
[2017.02.28-08.14.55:721][560]BlueprintLog: New page: Compile Shangda_Wus_Book_Main_Scenes
[2017.02.28-08.15.02:442][935]Cmd: OBJ SAVEPACKAGE PACKAGE="/Game/Game_ProcessControl/GP_GameMode" FILE="../../../../Shangda_Wus_Book/Content/Game_ProcessControl/GP_GameMode.uasset" SILENT=true
[2017.02.28-08.15.02:465][935]LogSavePackage: Save=13.72ms
[2017.02.28-08.15.02:465][935]LogSavePackage: Moving '../../../../Shangda_Wus_Book/Saved/GP_GameModeB8573965447274580580CAB1CEF5DA4C.tmp' to '../../../../Shangda_Wus_Book/Content/Game_ProcessControl/GP_GameMode.uasset'
[2017.02.28-08.15.02:471][935]LogSavePackage:Display: Finished SavePackage ../../../../Shangda_Wus_Book/Content/Game_ProcessControl/GP_GameMode.uasset
[2017.02.28-08.15.51:339][153]Cmd: OBJ SAVEPACKAGE PACKAGE="/Game/Game_ProcessControl/GP_GameMode" FILE="../../../../Shangda_Wus_Book/Content/Game_ProcessControl/GP_GameMode.uasset" SILENT=true
[2017.02.28-08.15.51:359][153]LogSavePackage: Save=10.43ms
[2017.02.28-08.15.51:359][153]LogSavePackage: Moving '../../../../Shangda_Wus_Book/Saved/GP_GameMode9A80FE4D4A2D7FB36960289BBE98F262.tmp' to '../../../../Shangda_Wus_Book/Content/Game_ProcessControl/GP_GameMode.uasset'
[2017.02.28-08.15.51:361][153]LogSavePackage:Display: Finished SavePackage ../../../../Shangda_Wus_Book/Content/Game_ProcessControl/GP_GameMode.uasset
[2017.02.28-08.15.53:727][294]LogTemp: Repeting last play command: New Editor Window (PIE)
[2017.02.28-08.15.53:738][294]LogBlueprintUserMessages: Early PlayInEditor Detection: Level '/Game/Shangda_Wus_Book_Main_Scenes.Shangda_Wus_Book_Main_Scenes:PersistentLevel' has LevelScriptBlueprint '/Game/Shangda_Wus_Book_Main_Scenes.Shangda_Wus_Book_Main_Scenes:PersistentLevel.Shangda_Wus_Book_Main_Scenes' with GeneratedClass '/Game/Shangda_Wus_Book_Main_Scenes.Shangda_Wus_Book_Main_Scenes_C' with ClassGeneratedBy '/Game/Shangda_Wus_Book_Main_Scenes.Shangda_Wus_Book_Main_Scenes:PersistentLevel.Shangda_Wus_Book_Main_Scenes'
[2017.02.28-08.15.53:738][294]LogPlayLevel: PlayLevel: No blueprints needed recompiling
[2017.02.28-08.15.53:738][294]PIE: New page: PIE session: Shangda_Wus_Book_Main_Scenes (Mar 1, 2017, 12:15:53 AM)
[2017.02.28-08.15.53:738][294]LogPlayLevel: Creating play world package: /Game/UEDPIE_0_Shangda_Wus_Book_Main_Scenes
[2017.02.28-08.15.53:743][294]LogPlayLevel: PIE: StaticDuplicateObject took: (0.005693s)
[2017.02.28-08.15.53:745][294]LogAIModule: Creating AISystem for world Shangda_Wus_Book_Main_Scenes
[2017.02.28-08.15.53:745][294]LogPlayLevel: PIE: World Init took: (0.001315s)
[2017.02.28-08.15.53:745][294]LogPlayLevel: PIE: Created PIE world by copying editor world from /Game/Shangda_Wus_Book_Main_Scenes.Shangda_Wus_Book_Main_Scenes to /Game/UEDPIE_0_Shangda_Wus_Book_Main_Scenes.Shangda_Wus_Book_Main_Scenes (0.007275s)
[2017.02.28-08.15.53:813][294]LogInit: XAudio2 using '扬声器 (Realtek High Definition Audio)' : 2 channels at 48 kHz using 32 bits per sample (channel mask 0x3)
[2017.02.28-08.15.53:839][294]LogInit: FAudioDevice initialized.
[2017.02.28-08.15.53:907][294]LogLoad: Game class is 'GP_GameMode_C'
[2017.02.28-08.15.53:912][294]LogWorld: Bringing World /Game/UEDPIE_0_Shangda_Wus_Book_Main_Scenes.Shangda_Wus_Book_Main_Scenes up for play (max tick rate 60) at 2017.02.28-16.15.53
[2017.02.28-08.15.53:912][294]LogWorld: Bringing up level for play took: 0.002583
[2017.02.28-08.15.53:918][294]PIE: Info Play in editor start time for /Game/UEDPIE_0_Shangda_Wus_Book_Main_Scenes -0.053
[2017.02.28-08.15.53:918][294]LogBlueprintUserMessages: Late PlayInEditor Detection: Level '/Game/Shangda_Wus_Book_Main_Scenes.Shangda_Wus_Book_Main_Scenes:PersistentLevel' has LevelScriptBlueprint '/Game/Shangda_Wus_Book_Main_Scenes.Shangda_Wus_Book_Main_Scenes:PersistentLevel.Shangda_Wus_Book_Main_Scenes' with GeneratedClass '/Game/Shangda_Wus_Book_Main_Scenes.Shangda_Wus_Book_Main_Scenes_C' with ClassGeneratedBy '/Game/Shangda_Wus_Book_Main_Scenes.Shangda_Wus_Book_Main_Scenes:PersistentLevel.Shangda_Wus_Book_Main_Scenes'
[2017.02.28-08.15.59:374][611]LogBlueprintUserMessages: Early EndPlayMap Detection: Level '/Game/Shangda_Wus_Book_Main_Scenes.Shangda_Wus_Book_Main_Scenes:PersistentLevel' has LevelScriptBlueprint '/Game/Shangda_Wus_Book_Main_Scenes.Shangda_Wus_Book_Main_Scenes:PersistentLevel.Shangda_Wus_Book_Main_Scenes' with GeneratedClass '/Game/Shangda_Wus_Book_Main_Scenes.Shangda_Wus_Book_Main_Scenes_C' with ClassGeneratedBy '/Game/Shangda_Wus_Book_Main_Scenes.Shangda_Wus_Book_Main_Scenes:PersistentLevel.Shangda_Wus_Book_Main_Scenes'
[2017.02.28-08.15.59:422][611]LogBlueprintUserMessages: Late EndPlayMap Detection: Level '/Game/Shangda_Wus_Book_Main_Scenes.Shangda_Wus_Book_Main_Scenes:PersistentLevel' has LevelScriptBlueprint '/Game/Shangda_Wus_Book_Main_Scenes.Shangda_Wus_Book_Main_Scenes:PersistentLevel.Shangda_Wus_Book_Main_Scenes' with GeneratedClass '/Game/Shangda_Wus_Book_Main_Scenes.Shangda_Wus_Book_Main_Scenes_C' with ClassGeneratedBy '/Game/Shangda_Wus_Book_Main_Scenes.Shangda_Wus_Book_Main_Scenes:PersistentLevel.Shangda_Wus_Book_Main_Scenes'
[2017.02.28-08.16.00:168][650]Cmd: OBJ SAVEPACKAGE PACKAGE="/Game/Shangda_Wus_Book_Main_Scenes" FILE="../../../../Shangda_Wus_Book/Content/Shangda_Wus_Book_Main_Scenes.umap" SILENT=true AUTOSAVING=false KEEPDIRTY=false
[2017.02.28-08.16.00:305][650]LogSavePackage: Save=108.09ms
[2017.02.28-08.16.00:305][650]LogSavePackage: Moving '../../../../Shangda_Wus_Book/Saved/Shangda_Wus_Book_Main_ScenesA9089A764E31E44D5D46B081F8A390CC.tmp' to '../../../../Shangda_Wus_Book/Content/Shangda_Wus_Book_Main_Scenes.umap'
[2017.02.28-08.16.00:309][650]LogSavePackage:Display: Finished SavePackage ../../../../Shangda_Wus_Book/Content/Shangda_Wus_Book_Main_Scenes.umap
[2017.02.28-08.26.40:901][431]LogSlate:Warning: Prevented a slow task dialog from being summoned while a context menu was open
[2017.02.28-08.28.17:390][864]LogFileHelpers: Editor autosave (incl. sublevels) for '/Game/Shangda_Wus_Book_Main_Scenes' took 0.024
[2017.02.28-08.28.17:394][864]OBJ SavePackage: Generating thumbnails for [0] asset(s) in package [/Game/Game_ProcessControl/GP_HUD] ([1] browsable assets)...
[2017.02.28-08.28.17:394][864]OBJ SavePackage: Finished generating thumbnails for package [/Game/Game_ProcessControl/GP_HUD]
[2017.02.28-08.28.17:394][864]Cmd: OBJ SAVEPACKAGE PACKAGE="/Game/Game_ProcessControl/GP_HUD" FILE="../../../../Shangda_Wus_Book/Saved/Autosaves/Game/Game_ProcessControl/GP_HUD_Auto5.uasset" SILENT=false AUTOSAVING=true
[2017.02.28-08.28.17:413][864]LogSavePackage: Save=8.87ms
[2017.02.28-08.28.17:413][864]LogSavePackage: Moving '../../../../Shangda_Wus_Book/Saved/GP_HUD_Auto54F4B1D4C4DE272FA864B3693A5599FDA.tmp' to '../../../../Shangda_Wus_Book/Saved/Autosaves/Game/Game_ProcessControl/GP_HUD_Auto5.uasset'
[2017.02.28-08.28.17:415][864]LogSavePackage:Display: Finished SavePackage ../../../../Shangda_Wus_Book/Saved/Autosaves/Game/Game_ProcessControl/GP_HUD_Auto5.uasset
[2017.02.28-08.28.17:415][864]LogFileHelpers: Auto-saving content packages took 0.024
[2017.02.28-08.31.53:434][ 74]Cmd: OBJ SAVEPACKAGE PACKAGE="/Game/Game_ProcessControl/GP_HUD" FILE="../../../../Shangda_Wus_Book/Content/Game_ProcessControl/GP_HUD.uasset" SILENT=true
[2017.02.28-08.31.53:456][ 74]LogSavePackage: Save=9.90ms
[2017.02.28-08.31.53:456][ 74]LogSavePackage: Moving '../../../../Shangda_Wus_Book/Saved/GP_HUD4A596D2444830F6AEE5CB48745D3D1F4.tmp' to '../../../../Shangda_Wus_Book/Content/Game_ProcessControl/GP_HUD.uasset'
[2017.02.28-08.31.53:461][ 74]LogSavePackage:Display: Finished SavePackage ../../../../Shangda_Wus_Book/Content/Game_ProcessControl/GP_HUD.uasset
[2017.02.28-08.31.53:993][100]BlueprintLog: New page: Compile GP_HUD
[2017.02.28-08.31.54:052][100]LogBlueprint:Error: [Compiler GP_HUD] Error The type of  Object  is undetermined.  Connect something to  Cast To UI_Story  to imply a specific type.
[2017.02.28-08.31.54:070][100]LogBlueprint:Error: [Compiler GP_HUD] Error The current value of the ' Object ' pin is invalid: Unsupported type Object Wildcard on pin Object
[2017.02.28-08.31.54:422][100]BlueprintEditorCompileResults:Error: Error The type of  Object  is undetermined.  Connect something to  Cast To UI_Story  to imply a specific type.
[2017.02.28-08.31.54:422][100]BlueprintEditorCompileResults:Error: Error The current value of the ' Object ' pin is invalid: Unsupported type Object Wildcard on pin Object
[2017.02.28-08.31.54:424][100]LogBlueprint:Warning: [Compiler GP_HUD] Warning [5006.40] Compile of GP_HUD failed. 2 Fatal Issue(s) 0 Warning(s) [in 431 ms] (/Game/Game_ProcessControl/GP_HUD.GP_HUD)
[2017.02.28-08.31.59:956][383]BlueprintLog: New page: Compile GP_HUD
[2017.02.28-08.32.00:581][406]Cmd: OBJ SAVEPACKAGE PACKAGE="/Game/Game_ProcessControl/GP_HUD" FILE="../../../../Shangda_Wus_Book/Content/Game_ProcessControl/GP_HUD.uasset" SILENT=true
[2017.02.28-08.32.00:601][406]LogSavePackage: Save=11.40ms
[2017.02.28-08.32.00:601][406]LogSavePackage: Moving '../../../../Shangda_Wus_Book/Saved/GP_HUD35A1EF4C44C4E7EA49892BA153B2ACC7.tmp' to '../../../../Shangda_Wus_Book/Content/Game_ProcessControl/GP_HUD.uasset'
[2017.02.28-08.32.00:605][406]LogSavePackage:Display: Finished SavePackage ../../../../Shangda_Wus_Book/Content/Game_ProcessControl/GP_HUD.uasset
[2017.02.28-08.32.44:858][591]BlueprintLog: New page: Compile GP_HUD
[2017.02.28-08.32.45:970][640]LogTemp: Repeting last play command: New Editor Window (PIE)
[2017.02.28-08.32.45:994][640]LogBlueprintUserMessages: Early PlayInEditor Detection: Level '/Game/Shangda_Wus_Book_Main_Scenes.Shangda_Wus_Book_Main_Scenes:PersistentLevel' has LevelScriptBlueprint '/Game/Shangda_Wus_Book_Main_Scenes.Shangda_Wus_Book_Main_Scenes:PersistentLevel.Shangda_Wus_Book_Main_Scenes' with GeneratedClass '/Game/Shangda_Wus_Book_Main_Scenes.Shangda_Wus_Book_Main_Scenes_C' with ClassGeneratedBy '/Game/Shangda_Wus_Book_Main_Scenes.Shangda_Wus_Book_Main_Scenes:PersistentLevel.Shangda_Wus_Book_Main_Scenes'
[2017.02.28-08.32.45:994][640]BlueprintLog: New page: Pre-Play auto-recompile
[2017.02.28-08.32.45:994][640]LogPlayLevel: [PlayLevel] Compiling UI_Start_Game before play...
[2017.02.28-08.32.46:100][640]LogPlayLevel: PlayLevel: Blueprint regeneration took 105 ms (1 blueprints)
[2017.02.28-08.32.46:100][640]PIE: New page: PIE session: Shangda_Wus_Book_Main_Scenes (Mar 1, 2017, 12:32:46 AM)
[2017.02.28-08.32.46:100][640]LogPlayLevel: Creating play world package: /Game/UEDPIE_0_Shangda_Wus_Book_Main_Scenes
[2017.02.28-08.32.46:103][640]LogPlayLevel: PIE: StaticDuplicateObject took: (0.002891s)
[2017.02.28-08.32.46:104][640]LogAIModule: Creating AISystem for world Shangda_Wus_Book_Main_Scenes
[2017.02.28-08.32.46:105][640]LogPlayLevel: PIE: World Init took: (0.001306s)
[2017.02.28-08.32.46:105][640]LogPlayLevel: PIE: Created PIE world by copying editor world from /Game/Shangda_Wus_Book_Main_Scenes.Shangda_Wus_Book_Main_Scenes to /Game/UEDPIE_0_Shangda_Wus_Book_Main_Scenes.Shangda_Wus_Book_Main_Scenes (0.004534s)
[2017.02.28-08.32.46:181][640]LogInit: XAudio2 using '扬声器 (Realtek High Definition Audio)' : 2 channels at 48 kHz using 32 bits per sample (channel mask 0x3)
[2017.02.28-08.32.46:206][640]LogInit: FAudioDevice initialized.
[2017.02.28-08.32.46:278][640]LogLoad: Game class is 'GP_GameMode_C'
[2017.02.28-08.32.46:282][640]LogWorld: Bringing World /Game/UEDPIE_0_Shangda_Wus_Book_Main_Scenes.Shangda_Wus_Book_Main_Scenes up for play (max tick rate 60) at 2017.02.28-16.32.46
[2017.02.28-08.32.46:282][640]LogWorld: Bringing up level for play took: 0.002110
[2017.02.28-08.32.46:290][640]PIE: Info Play in editor start time for /Game/UEDPIE_0_Shangda_Wus_Book_Main_Scenes 0.319
[2017.02.28-08.32.46:291][640]LogBlueprintUserMessages: Late PlayInEditor Detection: Level '/Game/Shangda_Wus_Book_Main_Scenes.Shangda_Wus_Book_Main_Scenes:PersistentLevel' has LevelScriptBlueprint '/Game/Shangda_Wus_Book_Main_Scenes.Shangda_Wus_Book_Main_Scenes:PersistentLevel.Shangda_Wus_Book_Main_Scenes' with GeneratedClass '/Game/Shangda_Wus_Book_Main_Scenes.Shangda_Wus_Book_Main_Scenes_C' with ClassGeneratedBy '/Game/Shangda_Wus_Book_Main_Scenes.Shangda_Wus_Book_Main_Scenes:PersistentLevel.Shangda_Wus_Book_Main_Scenes'
[2017.02.28-08.32.51:058][850]LogBlueprintUserMessages: Early EndPlayMap Detection: Level '/Game/Shangda_Wus_Book_Main_Scenes.Shangda_Wus_Book_Main_Scenes:PersistentLevel' has LevelScriptBlueprint '/Game/Shangda_Wus_Book_Main_Scenes.Shangda_Wus_Book_Main_Scenes:PersistentLevel.Shangda_Wus_Book_Main_Scenes' with GeneratedClass '/Game/Shangda_Wus_Book_Main_Scenes.Shangda_Wus_Book_Main_Scenes_C' with ClassGeneratedBy '/Game/Shangda_Wus_Book_Main_Scenes.Shangda_Wus_Book_Main_Scenes:PersistentLevel.Shangda_Wus_Book_Main_Scenes'
[2017.02.28-08.32.51:107][850]LogBlueprintUserMessages: Late EndPlayMap Detection: Level '/Game/Shangda_Wus_Book_Main_Scenes.Shangda_Wus_Book_Main_Scenes:PersistentLevel' has LevelScriptBlueprint '/Game/Shangda_Wus_Book_Main_Scenes.Shangda_Wus_Book_Main_Scenes:PersistentLevel.Shangda_Wus_Book_Main_Scenes' with GeneratedClass '/Game/Shangda_Wus_Book_Main_Scenes.Shangda_Wus_Book_Main_Scenes_C' with ClassGeneratedBy '/Game/Shangda_Wus_Book_Main_Scenes.Shangda_Wus_Book_Main_Scenes:PersistentLevel.Shangda_Wus_Book_Main_Scenes'
[2017.02.28-08.34.48:939][716]BlueprintLog: New page: Compile UI_Start_Game
[2017.02.28-08.35.23:712][589]Cmd: OBJ SAVEPACKAGE PACKAGE="/Game/User_Interfaces/UI_Start_Game" FILE="../../../../Shangda_Wus_Book/Content/User_Interfaces/UI_Start_Game.uasset" SILENT=true
[2017.02.28-08.35.23:775][589]LogSavePackage: Save=52.73ms
[2017.02.28-08.35.23:775][589]LogSavePackage: Moving '../../../../Shangda_Wus_Book/Saved/UI_Start_Game54EBCF8A46340C11B6A0288DCDD5DA13.tmp' to '../../../../Shangda_Wus_Book/Content/User_Interfaces/UI_Start_Game.uasset'
[2017.02.28-08.35.23:780][589]LogSavePackage:Display: Finished SavePackage ../../../../Shangda_Wus_Book/Content/User_Interfaces/UI_Start_Game.uasset
[2017.02.28-08.35.27:091][763]Cmd: OBJ SAVEPACKAGE PACKAGE="/Game/User_Interfaces/UI_Start_Game" FILE="../../../../Shangda_Wus_Book/Content/User_Interfaces/UI_Start_Game.uasset" SILENT=true
[2017.02.28-08.35.27:111][763]LogSavePackage: Save=10.17ms
[2017.02.28-08.35.27:111][763]LogSavePackage: Moving '../../../../Shangda_Wus_Book/Saved/UI_Start_GameDBC9C52847C2FEA0877DC88B9D9F5572.tmp' to '../../../../Shangda_Wus_Book/Content/User_Interfaces/UI_Start_Game.uasset'
[2017.02.28-08.35.27:115][763]LogSavePackage:Display: Finished SavePackage ../../../../Shangda_Wus_Book/Content/User_Interfaces/UI_Start_Game.uasset
[2017.02.28-08.35.30:547][947]Cmd: OBJ SAVEPACKAGE PACKAGE="/Game/User_Interfaces/UI_Start_Game" FILE="../../../../Shangda_Wus_Book/Content/User_Interfaces/UI_Start_Game.uasset" SILENT=true
[2017.02.28-08.35.30:567][947]LogSavePackage: Save=10.30ms
[2017.02.28-08.35.30:567][947]LogSavePackage: Moving '../../../../Shangda_Wus_Book/Saved/UI_Start_Game7D27F53546E648CA7BDD689780CE01D3.tmp' to '../../../../Shangda_Wus_Book/Content/User_Interfaces/UI_Start_Game.uasset'
[2017.02.28-08.35.30:571][947]LogSavePackage:Display: Finished SavePackage ../../../../Shangda_Wus_Book/Content/User_Interfaces/UI_Start_Game.uasset
[2017.02.28-08.35.32:481][ 47]Cmd: OBJ SAVEPACKAGE PACKAGE="/Game/User_Interfaces/UI_Start_Game" FILE="../../../../Shangda_Wus_Book/Content/User_Interfaces/UI_Start_Game.uasset" SILENT=true
[2017.02.28-08.35.32:500][ 47]LogSavePackage: Save=10.55ms
[2017.02.28-08.35.32:500][ 47]LogSavePackage: Moving '../../../../Shangda_Wus_Book/Saved/UI_Start_Game576E11054220AA1E02928882F3CF7F77.tmp' to '../../../../Shangda_Wus_Book/Content/User_Interfaces/UI_Start_Game.uasset'
[2017.02.28-08.35.32:502][ 47]LogSavePackage:Display: Finished SavePackage ../../../../Shangda_Wus_Book/Content/User_Interfaces/UI_Start_Game.uasset
[2017.02.28-08.35.38:840][398]Cmd: OBJ SAVEPACKAGE PACKAGE="/Game/User_Interfaces/UI_Start_Game" FILE="../../../../Shangda_Wus_Book/Content/User_Interfaces/UI_Start_Game.uasset" SILENT=true
[2017.02.28-08.35.38:861][398]LogSavePackage: Save=10.91ms
[2017.02.28-08.35.38:861][398]LogSavePackage: Moving '../../../../Shangda_Wus_Book/Saved/UI_Start_Game9346C86040A5A4FDB1F93E82EAF210E5.tmp' to '../../../../Shangda_Wus_Book/Content/User_Interfaces/UI_Start_Game.uasset'
[2017.02.28-08.35.38:865][398]LogSavePackage:Display: Finished SavePackage ../../../../Shangda_Wus_Book/Content/User_Interfaces/UI_Start_Game.uasset
[2017.02.28-08.35.44:261][682]Cmd: OBJ SAVEPACKAGE PACKAGE="/Game/Game_ProcessControl/GP_HUD" FILE="../../../../Shangda_Wus_Book/Content/Game_ProcessControl/GP_HUD.uasset" SILENT=true
[2017.02.28-08.35.44:284][682]LogSavePackage: Save=10.78ms
[2017.02.28-08.35.44:284][682]LogSavePackage: Moving '../../../../Shangda_Wus_Book/Saved/GP_HUD5D6E098343E4137FD3DA3E8DA0C2D5DE.tmp' to '../../../../Shangda_Wus_Book/Content/Game_ProcessControl/GP_HUD.uasset'
[2017.02.28-08.35.44:289][682]LogSavePackage:Display: Finished SavePackage ../../../../Shangda_Wus_Book/Content/Game_ProcessControl/GP_HUD.uasset
[2017.02.28-08.35.44:810][708]BlueprintLog: New page: Compile GP_HUD
[2017.02.28-08.36.21:953][581]Cmd: OBJ SAVEPACKAGE PACKAGE="/Game/Game_ProcessControl/GP_HUD" FILE="../../../../Shangda_Wus_Book/Content/Game_ProcessControl/GP_HUD.uasset" SILENT=true
[2017.02.28-08.36.21:974][581]LogSavePackage: Save=11.19ms
[2017.02.28-08.36.21:974][581]LogSavePackage: Moving '../../../../Shangda_Wus_Book/Saved/GP_HUD876C060C4122314B0A9941BF447D5FDE.tmp' to '../../../../Shangda_Wus_Book/Content/Game_ProcessControl/GP_HUD.uasset'
[2017.02.28-08.36.21:978][581]LogSavePackage:Display: Finished SavePackage ../../../../Shangda_Wus_Book/Content/Game_ProcessControl/GP_HUD.uasset
[2017.02.28-08.37.34:289][532]BlueprintLog: New page: Compile GP_HUD
[2017.02.28-08.37.34:335][532]LogBlueprint:Error: [Compiler UI_Start_Game] Error Could not find a function named "CustomEvent_0" in 'GP_HUD_C'.
Make sure 'GP_HUD_C' has been compiled for  Custom Event 0
[2017.02.28-08.38.43:134][275]Cmd: OBJ SAVEPACKAGE PACKAGE="/Game/Game_ProcessControl/GP_HUD" FILE="../../../../Shangda_Wus_Book/Content/Game_ProcessControl/GP_HUD.uasset" SILENT=true
[2017.02.28-08.38.43:155][275]LogSavePackage: Save=11.04ms
[2017.02.28-08.38.43:155][275]LogSavePackage: Moving '../../../../Shangda_Wus_Book/Saved/GP_HUDB66BD3F74AC664200BA65C9F13CFDB5C.tmp' to '../../../../Shangda_Wus_Book/Content/Game_ProcessControl/GP_HUD.uasset'
[2017.02.28-08.38.43:160][275]LogSavePackage:Display: Finished SavePackage ../../../../Shangda_Wus_Book/Content/Game_ProcessControl/GP_HUD.uasset
[2017.02.28-08.38.50:550][681]Cmd: OBJ SAVEPACKAGE PACKAGE="/Game/Game_ProcessControl/GP_HUD" FILE="../../../../Shangda_Wus_Book/Content/Game_ProcessControl/GP_HUD.uasset" SILENT=true
[2017.02.28-08.38.50:568][681]LogSavePackage: Save=9.72ms
[2017.02.28-08.38.50:568][681]LogSavePackage: Moving '../../../../Shangda_Wus_Book/Saved/GP_HUD32815A0045B955E8612A58A208243507.tmp' to '../../../../Shangda_Wus_Book/Content/Game_ProcessControl/GP_HUD.uasset'
[2017.02.28-08.38.50:573][681]LogSavePackage:Display: Finished SavePackage ../../../../Shangda_Wus_Book/Content/Game_ProcessControl/GP_HUD.uasset
[2017.02.28-08.38.51:792][746]BlueprintLog: New page: Compile GP_HUD
[2017.02.28-08.38.51:805][746]LogBlueprint:Error: [Compiler UI_Start_Game] Error Could not find a function named "CustomEvent_0" in 'GP_HUD_C'.
Make sure 'GP_HUD_C' has been compiled for  Custom Event 0
[2017.02.28-08.38.57:113][ 17]Cmd: OBJ SAVEPACKAGE PACKAGE="/Game/User_Interfaces/UI_Start_Game" FILE="../../../../Shangda_Wus_Book/Content/User_Interfaces/UI_Start_Game.uasset" SILENT=true
[2017.02.28-08.38.57:135][ 17]LogSavePackage: Save=10.94ms
[2017.02.28-08.38.57:135][ 17]LogSavePackage: Moving '../../../../Shangda_Wus_Book/Saved/UI_Start_Game003143254A274A65E661179D1393DFD2.tmp' to '../../../../Shangda_Wus_Book/Content/User_Interfaces/UI_Start_Game.uasset'
[2017.02.28-08.38.57:140][ 17]LogSavePackage:Display: Finished SavePackage ../../../../Shangda_Wus_Book/Content/User_Interfaces/UI_Start_Game.uasset
[2017.02.28-08.38.58:171][ 67]Cmd: OBJ SAVEPACKAGE PACKAGE="/Game/User_Interfaces/UI_Start_Game" FILE="../../../../Shangda_Wus_Book/Content/User_Interfaces/UI_Start_Game.uasset" SILENT=true
[2017.02.28-08.38.58:190][ 67]LogSavePackage: Save=10.42ms
[2017.02.28-08.38.58:190][ 67]LogSavePackage: Moving '../../../../Shangda_Wus_Book/Saved/UI_Start_GameC77BE0F441E68EBC070F4AB050DACEF0.tmp' to '../../../../Shangda_Wus_Book/Content/User_Interfaces/UI_Start_Game.uasset'
[2017.02.28-08.38.58:192][ 67]LogSavePackage:Display: Finished SavePackage ../../../../Shangda_Wus_Book/Content/User_Interfaces/UI_Start_Game.uasset
[2017.02.28-08.39.16:939][ 46]Cmd: OBJ SAVEPACKAGE PACKAGE="/Game/User_Interfaces/UI_Start_Game" FILE="../../../../Shangda_Wus_Book/Content/User_Interfaces/UI_Start_Game.uasset" SILENT=true
[2017.02.28-08.39.16:959][ 46]LogSavePackage: Save=10.02ms
[2017.02.28-08.39.16:959][ 46]LogSavePackage: Moving '../../../../Shangda_Wus_Book/Saved/UI_Start_GameB49ACF994DFA08E4B80343B318F37555.tmp' to '../../../../Shangda_Wus_Book/Content/User_Interfaces/UI_Start_Game.uasset'
[2017.02.28-08.39.16:964][ 46]LogSavePackage:Display: Finished SavePackage ../../../../Shangda_Wus_Book/Content/User_Interfaces/UI_Start_Game.uasset
[2017.02.28-08.39.18:680][138]Cmd: OBJ SAVEPACKAGE PACKAGE="/Game/User_Interfaces/UI_Start_Game" FILE="../../../../Shangda_Wus_Book/Content/User_Interfaces/UI_Start_Game.uasset" SILENT=true
[2017.02.28-08.39.18:700][138]LogSavePackage: Save=12.55ms
[2017.02.28-08.39.18:700][138]LogSavePackage: Moving '../../../../Shangda_Wus_Book/Saved/UI_Start_GameA5EFC5D44564B73A404F7CAC3BF24F78.tmp' to '../../../../Shangda_Wus_Book/Content/User_Interfaces/UI_Start_Game.uasset'
[2017.02.28-08.39.18:702][138]LogSavePackage:Display: Finished SavePackage ../../../../Shangda_Wus_Book/Content/User_Interfaces/UI_Start_Game.uasset
[2017.02.28-08.39.21:307][272]BlueprintLog: New page: Compile UI_Start_Game
[2017.02.28-08.44.53:381][667]BlueprintLog: New page: Compile UI_Story
[2017.02.28-08.45.46:357][477]BlueprintLog: New page: Compile GP_HUD
[2017.02.28-08.46.12:766][900]BlueprintLog: New page: Compile GP_HUD
[2017.02.28-08.46.32:486][796]BlueprintLog: New page: Compile UI_Story
[2017.02.28-08.47.19:545][244]LogBlueprint:Warning: [GP_HUD] 'Story_Background_Button_Boolean' variable not found. Base class was probably changed.
[2017.02.28-08.47.19:545][244]LogBlueprint:Warning: [GP_HUD] 'Story_Background_Button_Boolean' variable not found. Base class was probably changed.
[2017.02.28-08.47.19:547][244]LogBlueprint:Warning: [GP_HUD] 'Story_TextBlock_Boolean' variable not found. Base class was probably changed.
[2017.02.28-08.47.19:547][244]LogBlueprint:Warning: [GP_HUD] 'Story_TextBlock_Boolean' variable not found. Base class was probably changed.
[2017.02.28-08.47.19:548][244]LogBlueprint:Warning: [GP_HUD] 'Story_Talk_ID' variable not found. Base class was probably changed.
[2017.02.28-08.47.19:548][244]LogBlueprint:Warning: [GP_HUD] 'Story_Talk_ID' variable not found. Base class was probably changed.
[2017.02.28-08.47.31:395][835]LogProperty:Warning: Illegal TEXT reference to a private object in external package (EdGraph /Game/User_Interfaces/UI_Story.UI_Story:Story_Talk_Text_Macros) from referencer (K2Node_MacroInstance /Game/Game_ProcessControl/GP_HUD.GP_HUD:EventGraph.K2Node_MacroInstance_24).  Import failed...
[2017.02.28-08.47.31:395][835]LogProperty:Warning: ObjectProperty /Script/Engine.GraphReference:MacroGraph: unresolved reference to 'EdGraph'Story_Talk_Text_Macros',GraphBlueprint=WidgetBlueprint'/Game/User_Interfaces/UI_Story.UI_Story',GraphGuid=37B990344548C06B8D633F9A4405462F)'
[2017.02.28-08.47.31:697][835]LogStats: FPlatformStackWalk::StackWalkAndDump -  0.275 s
[2017.02.28-08.47.31:697][835]LogOutputDevice:Error: === Handled ensure: ===
[2017.02.28-08.47.31:697][835]LogOutputDevice:Error: 
[2017.02.28-08.47.31:697][835]LogOutputDevice:Error: Ensure condition failed: ToPin->LinkedTo.Contains(this) [File:D:\Build\++UE4+Release-4.15+Compile\Sync\Engine\Source\Runtime\Engine\Private\EdGraph\EdGraphPin.cpp] [Line: 333]
[2017.02.28-08.47.31:697][835]LogOutputDevice:Error: UEdGraphPin::BreakLinkTo Pin 'then' on node 'Set Story_Talk_ID' not reciprocally linked with pin 'execute' on node 'Story_Talk_Text_Macros'
[2017.02.28-08.47.31:697][835]LogOutputDevice:Error: Stack: 
[2017.02.28-08.47.31:697][835]LogOutputDevice:Error: UE4Editor-Core.dll!0x00000000764C95D6
[2017.02.28-08.47.31:697][835]LogOutputDevice:Error: UE4Editor-Core.dll!0x0000000076279B72
[2017.02.28-08.47.31:697][835]LogOutputDevice:Error: UE4Editor-Core.dll!0x000000007628B656
[2017.02.28-08.47.31:697][835]LogOutputDevice:Error: UE4Editor-Engine.dll!0x000000006B6686B3
[2017.02.28-08.47.31:697][835]LogOutputDevice:Error: UE4Editor-Engine.dll!0x000000006B6684F6
[2017.02.28-08.47.31:697][835]LogOutputDevice:Error: UE4Editor-Engine.dll!0x000000006B668087
[2017.02.28-08.47.31:697][835]LogOutputDevice:Error: UE4Editor-UnrealEd.dll!0x00000000699977CF
[2017.02.28-08.47.31:697][835]LogOutputDevice:Error: UE4Editor-UnrealEd.dll!0x0000000069B66D8A
[2017.02.28-08.47.31:697][835]LogOutputDevice:Error: UE4Editor-UnrealEd.dll!0x00000000699801A3
[2017.02.28-08.47.31:697][835]LogOutputDevice:Error: UE4Editor-Kismet.dll!0x0000000068D72DAC
[2017.02.28-08.47.31:697][835]LogOutputDevice:Error: UE4Editor-Kismet.dll!0x0000000068D72B8F
[2017.02.28-08.47.31:697][835]LogOutputDevice:Error: UE4Editor-Kismet.dll!0x0000000068D01941
[2017.02.28-08.47.31:697][835]LogOutputDevice:Error: UE4Editor-Kismet.dll!0x0000000068D063E6
[2017.02.28-08.47.31:697][835]LogOutputDevice:Error: UE4Editor-Slate.dll!0x0000000075B98894
[2017.02.28-08.47.31:697][835]LogOutputDevice:Error: UE4Editor-Slate.dll!0x0000000075BDDBC2
[2017.02.28-08.47.31:697][835]LogOutputDevice:Error: UE4Editor-GraphEditor.dll!0x0000000067355F7D
[2017.02.28-08.47.31:697][835]LogOutputDevice:Error: UE4Editor-Slate.dll!0x0000000075B831D4
[2017.02.28-08.47.31:697][835]LogOutputDevice:Error: UE4Editor-Slate.dll!0x0000000075B5376E
[2017.02.28-08.47.31:697][835]LogOutputDevice:Error: UE4Editor-Slate.dll!0x0000000075B55366
[2017.02.28-08.47.31:697][835]LogOutputDevice:Error: UE4Editor-Slate.dll!0x0000000075BDF449
[2017.02.28-08.47.31:697][835]LogOutputDevice:Error: UE4Editor-Slate.dll!0x0000000075BCE3C8
[2017.02.28-08.47.31:697][835]LogOutputDevice:Error: UE4Editor-Core.dll!0x00000000764BCB2C
[2017.02.28-08.47.31:697][835]LogOutputDevice:Error: UE4Editor-Core.dll!0x00000000764A67B1
[2017.02.28-08.47.31:697][835]LogOutputDevice:Error: UE4Editor-Core.dll!0x00000000764BEA0C
[2017.02.28-08.47.31:697][835]LogOutputDevice:Error: UE4Editor-Core.dll!0x00000000764A26D9
[2017.02.28-08.47.31:697][835]LogOutputDevice:Error: USER32.dll!0x00000000A67D1C24
[2017.02.28-08.47.31:697][835]LogOutputDevice:Error: USER32.dll!0x00000000A67D156C
[2017.02.28-08.47.31:697][835]LogOutputDevice:Error: UE4Editor-Core.dll!0x00000000764BF316
[2017.02.28-08.47.31:697][835]LogOutputDevice:Error: UE4Editor.exe!0x00000000E74ED790
[2017.02.28-08.47.31:697][835]LogOutputDevice:Error: UE4Editor.exe!0x00000000E74DEB40
[2017.02.28-08.47.31:697][835]LogOutputDevice:Error: UE4Editor.exe!0x00000000E74DEBBA
[2017.02.28-08.47.31:697][835]LogOutputDevice:Error: UE4Editor.exe!0x00000000E74F0A29
[2017.02.28-08.47.31:697][835]LogOutputDevice:Error: UE4Editor.exe!0x00000000E74F22B6
[2017.02.28-08.47.31:697][835]LogOutputDevice:Error: KERNEL32.DLL!0x00000000A8028364
[2017.02.28-08.47.31:697][835]LogOutputDevice:Error: ntdll.dll!0x00000000A83370D1
[2017.02.28-08.47.31:697][835]LogOutputDevice:Error: 
[2017.02.28-08.47.31:702][835]LogStats:                SubmitErrorReport -  0.000 s
