Log file open, 03/09/17 19:03:40
LogInit:Display: Running engine for game: Shangda_Wus_Book
LogPlatformFile: Not using cached read wrapper
LogInit:Display: RandInit(1153465540) SRandInit(1153465541).
LogTaskGraph: Started task graph with 5 named threads and 8 total threads with 1 sets of task threads.
LogStats: Stats thread started at 5.455150
LogInit: Using libcurl 7.47.1
LogInit:  - built for x86_64-pc-win32
LogInit:  - supports SSL with OpenSSL/1.0.2g
LogInit:  - supports HTTP deflate (compression) using libz 1.2.8
LogInit:  - other features:
LogInit:      CURL_VERSION_SSL
LogInit:      CURL_VERSION_LIBZ
LogInit:      CURL_VERSION_IPV6
LogInit:      CURL_VERSION_ASYNCHDNS
LogInit:      CURL_VERSION_LARGEFILE
LogInit:      CURL_VERSION_IDN
LogInit:  CurlRequestOptions (configurable via config and command line):
LogInit:  - bVerifyPeer = false  - Libcurl will NOT verify peer certificate
LogInit:  - bUseHttpProxy = false  - Libcurl will NOT use HTTP proxy
LogInit:  - bDontReuseConnections = false  - Libcurl will reuse connections
LogInit:  - CertBundlePath = nullptr  - Libcurl will use whatever was configured at build time.
LogInit: Build: ++UE4+Release-4.15-CL-3299760
LogInit: Engine Version: 4.15.0-3299760+++UE4+Release-4.15
LogInit: Compatible Engine Version: 4.15.0-3299760+++UE4+Release-4.15
LogInit: Net CL: 3299760
LogDevObjectVersion: Number of dev versions registered: 14
LogDevObjectVersion:   Dev-Blueprints (B0D832E4-1F89-4F0D-ACCF-7EB736FD4AA2): 8
LogDevObjectVersion:   Dev-Build (E1C64328-A22C-4D53-A36C-8E866417BD8C): 0
LogDevObjectVersion:   Dev-Core (375EC13C-06E4-48FB-B500-84F0262A717E): 2
LogDevObjectVersion:   Dev-Editor (E4B068ED-F494-42E9-A231-DA0B2E46BB41): 14
LogDevObjectVersion:   Dev-Framework (CFFC743F-43B0-4480-9391-14DF171D2073): 22
LogDevObjectVersion:   Dev-Mobile (B02B49B5-BB20-44E9-A304-32B752E40360): 0
LogDevObjectVersion:   Dev-Networking (A4E4105C-59A1-49B5-A7C5-40C4547EDFEE): 0
LogDevObjectVersion:   Dev-Online (39C831C9-5AE6-47DC-9A44-9C173E1C8E7C): 0
LogDevObjectVersion:   Dev-Physics (78F01B33-EBEA-4F98-B9B4-84EACCB95AA2): 0
LogDevObjectVersion:   Dev-Platform (6631380F-2D4D-43E0-8009-CF276956A95A): 0
LogDevObjectVersion:   Dev-Rendering (12F88B9F-8875-4AFC-A67C-D90C383ABD29): 12
LogDevObjectVersion:   Dev-Sequencer (7B5AE74C-D270-4C10-A958-57980B212A5A): 3
LogDevObjectVersion:   Dev-VR (D7296918-1DD6-4BDD-9DE2-64A83CC13884): 0
LogDevObjectVersion:   Dev-LoadTimes (C2A15278-BFE7-4AFE-6C17-90FF531DF755): 1
LogInit: Compiled (64-bit): Feb 14 2017 02:04:14
LogInit: Compiled with Visual C++: 19.00.23026.00
LogInit: Build Configuration: Development
LogInit: Branch Name: ++UE4+Release-4.15
LogInit: Command line:  
LogInit: Base directory: D:/UE/UE_4.15/Engine/Binaries/Win64/
LogInit: Installed Engine Build: 1
LogInit: Presizing for max 8388607 objects, including 0 objects not considered by GC, pre-allocating 0 bytes for permanent pool.
LogInit: Object subsystem initialized
[2017.03.09-11.03.43:021][  0]LogInit: Selected Device Profile: [Windows]
[2017.03.09-11.03.43:021][  0]LogInit: Applying CVar settings loaded from the selected device profile: [Windows]
[2017.03.09-11.03.43:135][  0]LogInit: Computer: SHANGDA_WU
[2017.03.09-11.03.43:135][  0]LogInit: User: Wu
[2017.03.09-11.03.43:135][  0]LogInit: CPU Page size=65536, Cores=4
[2017.03.09-11.03.43:135][  0]LogInit: High frequency timer resolution =2.531250 MHz
[2017.03.09-11.03.43:135][  0]LogMemory: Memory total: Physical=7.8GB (8GB approx)
[2017.03.09-11.03.43:135][  0]LogMemory: Platform Memory Stats for Windows
[2017.03.09-11.03.43:135][  0]LogMemory: Process Physical Memory: 272.29 MB used, 272.29 MB peak
[2017.03.09-11.03.43:135][  0]LogMemory: Process Virtual Memory: 262.51 MB used, 262.51 MB peak
[2017.03.09-11.03.43:135][  0]LogMemory: Physical Memory: 3518.34 MB used,  4491.62 MB free, 8009.96 MB total
[2017.03.09-11.03.43:135][  0]LogMemory: Virtual Memory: 643.55 MB used,  4491.62 MB free, 134217728.00 MB total
[2017.03.09-11.03.44:408][  0]LogInit: Overriding culture en with editor configuration.
[2017.03.09-11.03.46:812][  0]LogD3D11RHI: D3D11 adapters:
[2017.03.09-11.03.46:847][  0]LogD3D11RHI:    0. 'NVIDIA GeForce GTX 970M' (Feature Level 11_0)
[2017.03.09-11.03.46:847][  0]LogD3D11RHI:       3037/0/4004 MB DedicatedVideo/DedicatedSystem/SharedSystem, Outputs:2, VendorId:0x10de
[2017.03.09-11.03.46:855][  0]LogD3D11RHI:    1. 'Intel(R) HD Graphics 530' (Feature Level 11_0)
[2017.03.09-11.03.46:855][  0]LogD3D11RHI:       128/0/4004 MB DedicatedVideo/DedicatedSystem/SharedSystem, Outputs:0, VendorId:0x8086
[2017.03.09-11.03.46:857][  0]LogD3D11RHI:    2. 'Microsoft Basic Render Driver' (Feature Level 11_0)
[2017.03.09-11.03.46:857][  0]LogD3D11RHI:       0/0/4004 MB DedicatedVideo/DedicatedSystem/SharedSystem, Outputs:0, VendorId:0x1414
[2017.03.09-11.03.46:857][  0]LogD3D11RHI: Chosen D3D11 Adapter: 0
[2017.03.09-11.03.46:863][  0]LogD3D11RHI: Creating new Direct3DDevice
[2017.03.09-11.03.46:863][  0]LogD3D11RHI:     GPU DeviceId: 0x13d8 (for the marketing name, search the web for "GPU Device Id")
[2017.03.09-11.03.46:863][  0]LogWindows: EnumDisplayDevices:
[2017.03.09-11.03.46:863][  0]LogWindows:    0. 'Intel(R) HD Graphics 530' (P:1 D:1)
[2017.03.09-11.03.46:863][  0]LogWindows:    1. 'Intel(R) HD Graphics 530' (P:0 D:0)
[2017.03.09-11.03.46:864][  0]LogWindows:    2. 'Intel(R) HD Graphics 530' (P:0 D:0)
[2017.03.09-11.03.46:865][  0]LogWindows:    3. 'NVIDIA GeForce GTX 970M' (P:0 D:1)
[2017.03.09-11.03.46:866][  0]LogWindows:    4. 'NVIDIA GeForce GTX 970M' (P:0 D:0)
[2017.03.09-11.03.46:866][  0]LogWindows:    5. 'NVIDIA GeForce GTX 970M' (P:0 D:0)
[2017.03.09-11.03.46:867][  0]LogWindows:    6. 'NVIDIA GeForce GTX 970M' (P:0 D:0)
[2017.03.09-11.03.46:867][  0]LogWindows: DebugString: PrimaryIsNotTheChoosenAdapter PrimaryIsNotTheChoosenAdapter PrimaryIsNotTheChoosenAdapter FoundDriverCount:4 
[2017.03.09-11.03.46:867][  0]LogD3D11RHI:     Adapter Name: NVIDIA GeForce GTX 970M
[2017.03.09-11.03.46:867][  0]LogD3D11RHI:   Driver Version: 369.09 (internal:21.21.13.6909, unified:369.09)
[2017.03.09-11.03.46:867][  0]LogD3D11RHI:      Driver Date: 8-1-2016
[2017.03.09-11.03.46:867][  0]LogRHI: Texture pool is 1361 MB (70% of 1945 MB)
[2017.03.09-11.03.46:901][  0]LogD3D11RHI: Async texture creation enabled
[2017.03.09-11.03.47:275][  0]LogD3D11RHI: GPU Timing Frequency: 1000.000000 (Debug: 2 1)
[2017.03.09-11.03.47:451][  0]LogShaderCompilers: Guid format shader working directory is 15 characters bigger than the processId version (../../../../Shangda_Wus_Book/Intermediate/Shaders/WorkingDirectory/2540/).
[2017.03.09-11.03.47:452][  0]LogShaderCompilers: Cleaned the shader compiler working directory 'C:/Users/Wu/AppData/Local/Temp/UnrealShaderWorkingDir/13D93A6045FF67B29616B6933A5A6F62/'.
[2017.03.09-11.03.47:457][  0]LogShaderCompilers:Display: Using Local Shader Compiler.
[2017.03.09-11.03.52:028][  0]LogTemp:Display: Loaded TP AllDesktopTargetPlatform
[2017.03.09-11.03.52:078][  0]LogTemp:Display: Loaded TP MacClientTargetPlatform
[2017.03.09-11.03.52:128][  0]LogTemp:Display: Loaded TP MacNoEditorTargetPlatform
[2017.03.09-11.03.52:174][  0]LogTemp:Display: Loaded TP MacServerTargetPlatform
[2017.03.09-11.03.52:245][  0]LogTemp:Display: Loaded TP MacTargetPlatform
[2017.03.09-11.03.52:310][  0]LogTemp:Display: Loaded TP WindowsClientTargetPlatform
[2017.03.09-11.03.52:369][  0]LogTemp:Display: Loaded TP WindowsNoEditorTargetPlatform
[2017.03.09-11.03.52:420][  0]LogTemp:Display: Loaded TP WindowsServerTargetPlatform
[2017.03.09-11.03.52:460][  0]LogTemp:Display: Loaded TP WindowsTargetPlatform
[2017.03.09-11.03.52:527][  0]LogTemp:Display: Loaded TP AndroidTargetPlatform
[2017.03.09-11.03.52:590][  0]LogTemp:Display: Loaded TP Android_ASTCTargetPlatform
[2017.03.09-11.03.52:644][  0]LogTemp:Display: Loaded TP Android_ATCTargetPlatform
[2017.03.09-11.03.52:713][  0]LogTemp:Display: Loaded TP Android_DXTTargetPlatform
[2017.03.09-11.03.52:763][  0]LogTemp:Display: Loaded TP Android_ETC1TargetPlatform
[2017.03.09-11.03.52:817][  0]LogTemp:Display: Loaded TP Android_ETC2TargetPlatform
[2017.03.09-11.03.52:942][  0]LogTemp:Display: Loaded TP Android_MultiTargetPlatform
[2017.03.09-11.03.52:942][  0]LogTemp:Display: Loaded TP Android_PVRTCTargetPlatform
[2017.03.09-11.03.52:981][  0]LogTemp:Display: Loaded TP HTML5TargetPlatform
[2017.03.09-11.03.53:160][  0]LogTemp:Display: Loaded TP IOSTargetPlatform
[2017.03.09-11.03.53:190][  0]LogTemp:Display: Loaded TP TVOSTargetPlatform
[2017.03.09-11.03.53:254][  0]LogTemp:Display: Loaded TP LinuxClientTargetPlatform
[2017.03.09-11.03.53:299][  0]LogTemp:Display: Loaded TP LinuxNoEditorTargetPlatform
[2017.03.09-11.03.53:352][  0]LogTemp:Display: Loaded TP LinuxServerTargetPlatform
[2017.03.09-11.03.53:416][  0]LogTemp:Display: Loaded TP LinuxTargetPlatform
[2017.03.09-11.03.53:416][  0]LogTargetPlatformManager:Display: Building Assets For Windows
[2017.03.09-11.03.54:384][  0]LogDerivedDataCache:Display: Max Cache Size: 512 MB
[2017.03.09-11.03.54:719][  0]LogDerivedDataCache: Loaded boot cache 0.33s 60MB C:/Users/Wu/AppData/Local/UnrealEngine/4.15/DerivedDataCache/Boot.ddc.
[2017.03.09-11.03.54:720][  0]LogDerivedDataCache:Display: Loaded Boot cache: C:/Users/Wu/AppData/Local/UnrealEngine/4.15/DerivedDataCache/Boot.ddc
[2017.03.09-11.03.54:720][  0]LogDerivedDataCache: FDerivedDataBackendGraph:  Pak pak cache file ../../../../Shangda_Wus_Book/DerivedDataCache/DDC.ddp not found, will not use a pak cache.
[2017.03.09-11.03.54:720][  0]LogDerivedDataCache: Unable to find inner node Pak for hierarchical cache Hierarchy.
[2017.03.09-11.03.54:720][  0]LogDerivedDataCache: FDerivedDataBackendGraph:  CompressedPak pak cache file ../../../../Shangda_Wus_Book/DerivedDataCache/Compressed.ddp not found, will not use a pak cache.
[2017.03.09-11.03.54:720][  0]LogDerivedDataCache: Unable to find inner node CompressedPak for hierarchical cache Hierarchy.
[2017.03.09-11.03.54:869][  0]LogDerivedDataCache:Display: Pak cache opened for reading ../../../Engine/DerivedDataCache/Compressed.ddp.
[2017.03.09-11.03.54:885][  0]LogDerivedDataCache: Using Local data cache path C:/Users/Wu/AppData/Local/UnrealEngine/Common/DerivedDataCache: Writable
[2017.03.09-11.03.55:130][  0]LogSlate: Using Freetype 2.6.0
[2017.03.09-11.03.55:224][  0]LogSlate: SlateFontCache - WITH_FREETYPE: 1, WITH_HARFBUZZ: 1
[2017.03.09-11.03.55:224][  0]LogSlate: SlateFontCache - WITH_FREETYPE: 1, WITH_HARFBUZZ: 1
[2017.03.09-11.04.04:459][  0]LogInit: Selected Device Profile: [Windows]
[2017.03.09-11.04.04:579][  0]LogContentStreaming: Texture pool size is 0.00 MB
[2017.03.09-11.04.05:486][  0]LogMeshUtilities: Using QuadricMeshReduction for automatic static mesh reduction
[2017.03.09-11.04.05:659][  0]LogSimplygon: Simplygon DLL not present - disabling.
[2017.03.09-11.04.05:775][  0]LogMeshUtilities: Using SimplygonSwarm for distributed automatic mesh merging
[2017.03.09-11.04.05:775][  0]LogMeshUtilities: No automatic skeletal mesh reduction module available
[2017.03.09-11.04.05:775][  0]LogMeshUtilities: No automatic mesh merging module available
[2017.03.09-11.04.12:599][  0]LogNetVersion: GetLocalNetworkVersion: CL: 3299760, ProjectName: shangda_wus_book, ProjectVersion: , EngineNetworkVersion: 2, GameNetworkVersion: 0, NetworkChecksum: 2213960243
[2017.03.09-11.04.12:804][  0]LogAssetRegistry: FAssetRegistry took 0.0234 seconds to start up
[2017.03.09-11.04.12:999][  0]LogPackageLocalizationCache: Processed 3 localized package path(s) for 1 prioritized culture(s) in 0.132914 seconds
[2017.03.09-11.04.13:050][  0]LogUObjectArray: 32475 objects as part of root set at end of initial load.
[2017.03.09-11.04.13:050][  0]LogUObjectAllocator: 7073360 out of 0 bytes used by permanent object pool.
[2017.03.09-11.04.13:050][  0]LogUObjectArray: CloseDisregardForGC: 0/0 objects in disregard for GC pool
[2017.03.09-11.04.13:156][  0]LogInit: WinSock: version 1.1 (2.2), MaxSocks=32767, MaxUdp=65467
[2017.03.09-11.04.29:600][  0]LogTcpMessaging: Initializing TcpMessaging bridge
[2017.03.09-11.04.29:657][  0]LogUdpMessaging: Initializing bridge on interface 0.0.0.0:0 to multicast group 230.0.0.1:6666.
[2017.03.09-11.04.31:777][  0]LogMaterial: Uniform references updated for custom material expression Custom.
[2017.03.09-11.04.32:892][  0]SourceControl: Info Source control is disabled
[2017.03.09-11.04.32:914][  0]SourceControl: Info Source control is disabled
[2017.03.09-11.04.33:041][  0]SourceControl: Info Source control is disabled
[2017.03.09-11.04.33:126][  0]SourceControl: Info Source control is disabled
[2017.03.09-11.04.36:109][  0]LogEngine: Initializing Engine...
[2017.03.09-11.04.36:130][  0]LogHMD: Failed to initialize OpenVR with code 110
[2017.03.09-11.04.37:325][  0]LogAIModule: Creating AISystem for world Untitled
[2017.03.09-11.04.37:578][  0]LogInit: XAudio2 using '扬声器 (Realtek High Definition Audio)' : 2 channels at 48 kHz using 32 bits per sample (channel mask 0x3)
[2017.03.09-11.04.37:793][  0]LogInit: FAudioDevice initialized.
[2017.03.09-11.04.37:832][  0]LogDerivedDataCache: Saved boot cache 0.04s 60MB C:/Users/Wu/AppData/Local/UnrealEngine/4.15/DerivedDataCache/Boot.ddc.
[2017.03.09-11.04.37:838][  0]LogInit: Texture streaming: Enabled
[2017.03.09-11.04.37:970][  0]LogEngineSessionManager: EngineSessionManager initialized
[2017.03.09-11.04.38:495][  0]LogInit: Transaction tracking system initialized
[2017.03.09-11.04.42:841][  0]BlueprintLog: New page: Editor Load
[2017.03.09-11.04.45:452][  0]LocalizationService: Info Localization service is disabled
[2017.03.09-11.04.46:944][  0]LogConsoleResponse:Display: 
[2017.03.09-11.04.50:035][  0]LogFileCache: Scanning file cache for directory 'D:/UE/Shangda_Wus_Book/Content/' took 0.05s
[2017.03.09-11.04.50:035][  0]LogCook:Display: Max memory allowance for cook 16384mb min free memory 0mb
[2017.03.09-11.04.50:036][  0]LogCook:Display: Mobile HDR setting 1
[2017.03.09-11.04.54:917][  0]SourceControl: Info Source control is disabled
[2017.03.09-11.04.55:018][  0]Cmd: MAP LOAD FILE="../../../Engine/Content/Maps/Templates/Template_Default.umap" TEMPLATE=1 SHOWPROGRESS=1 FEATURELEVEL=3
[2017.03.09-11.04.55:097][  0]LightingResults: New page: Lighting Build
[2017.03.09-11.04.55:443][  0]MapCheck: New page: Map Check
[2017.03.09-11.04.55:443][  0]LightingResults: New page: Lighting Build
[2017.03.09-11.04.57:060][  0]LogAIModule: Creating AISystem for world Untitled_1
[2017.03.09-11.04.57:061][  0]LogActorComponent: RegisterComponentWithWorld: (/Temp/Untitled_1.Untitled_1:PersistentLevel.WorldSettings_1.StaticMeshComponent0) Trying to register component with IsPendingKill() == true. Aborting.
[2017.03.09-11.04.57:634][  0]LogEditorServer: Finished looking for orphan Actors (0.000 secs)
[2017.03.09-11.04.57:750][  0]Cmd: MAP CHECKDEP NOCLEARLOG
[2017.03.09-11.04.57:841][  0]MapCheck: Info Map check complete: 0 Error(s), 0 Warning(s), took 90.409ms to complete.
[2017.03.09-11.04.57:841][  0]LogFileHelpers: Loading map 'Template_Default' took 2.880
[2017.03.09-11.04.59:799][  0]LogCollectionManager: Loaded 0 collections in 0.004212 seconds
[2017.03.09-11.05.00:036][  0]LogFileCache: Scanning file cache for directory 'D:/UE/Shangda_Wus_Book/Saved/Collections/' took 0.01s
[2017.03.09-11.05.00:036][  0]LogFileCache: Scanning file cache for directory 'D:/UE/Shangda_Wus_Book/Content/Developers/Wu/Collections/' took 0.01s
[2017.03.09-11.05.00:036][  0]LogFileCache: Scanning file cache for directory 'D:/UE/Shangda_Wus_Book/Content/Collections/' took 0.01s
[2017.03.09-11.05.00:036][  0]LogCollectionManager: Rebuilt the GUID cache for 0 collections in 0.000006 seconds
[2017.03.09-11.05.00:056][  0]LogContentBrowser: Native class hierarchy populated in 0.0157 seconds. Added 2244 classes and 450 folders.
[2017.03.09-11.05.00:089][  0]LogStats: UGameplayTagsManager::ConstructGameplayTagTree: Construct from data asset -  0.000 s
[2017.03.09-11.05.00:090][  0]LogStats: UGameplayTagsManager::ConstructGameplayTagTree: GameplayTagTreeChangedEvent.Broadcast -  0.000 s
[2017.03.09-11.05.00:152][  0]LogContentBrowser: Native class hierarchy updated for 'WidgetCarousel' in 0.0004 seconds. Added 0 classes and 0 folders.
[2017.03.09-11.05.01:824][  0]LogContentBrowser: Native class hierarchy updated for 'AddContentDialog' in 0.0011 seconds. Added 0 classes and 0 folders.
[2017.03.09-11.05.02:023][  0]LogContentBrowser: Native class hierarchy updated for 'SceneOutliner' in 0.0017 seconds. Added 1 classes and 2 folders.
[2017.03.09-11.05.03:586][  0]LogCrashTracker: Crashtracker disabled due to settings.
[2017.03.09-11.05.03:760][  0]LogUObjectGlobals:Warning: Failed to find object 'Class None.'
[2017.03.09-11.05.03:957][  0]LogContentBrowser: Native class hierarchy updated for 'HierarchicalLODOutliner' in 0.0208 seconds. Added 1 classes and 2 folders.
[2017.03.09-11.05.03:957][  0]LogLoad: (Engine Initialization) Total time: 98.19 seconds
[2017.03.09-11.05.03:957][  0]LogLoad: (Engine Initialization) Total Blueprint compile time: 0.82 seconds
[2017.03.09-11.05.03:957][  0]LogExternalProfiler: No external profilers were discovered.  External profiling features will not be available.
[2017.03.09-11.05.04:333][  0]LogOcInput: OculusInput pre-init called
[2017.03.09-11.05.04:519][  0]LogContentStreaming: Texture pool size now 1000 MB
[2017.03.09-11.05.04:609][  0]LogSlate: Took 0.013815 seconds to synchronously load lazily loaded font '../../../Engine/Content/Slate/Fonts/Roboto-Regular.ttf' (155K)
[2017.03.09-11.05.04:639][  0]LogSlate: Took 0.013668 seconds to synchronously load lazily loaded font '../../../Engine/Content/Slate/Fonts/Roboto-Bold.ttf' (160K)
[2017.03.09-11.05.04:697][  0]LogSlate: Took 0.019341 seconds to synchronously load lazily loaded font '../../../Engine/Content/Editor/Slate/Fonts/FontAwesome.ttf' (139K)
[2017.03.09-11.05.06:090][  0]LogRenderer: Reallocating scene render targets to support 1116x616 NumSamples 1 (Frame:2).
[2017.03.09-11.05.06:555][  2]LogSlate: Took 0.015962 seconds to synchronously load lazily loaded font '../../../Engine/Content/Slate/Fonts/Roboto-Light.ttf' (159K)
[2017.03.09-11.05.06:869][  3]LogAssetRegistry: Asset discovery search completed in 54.0862 seconds
[2017.03.09-11.05.06:869][  3]LogCollectionManager: Rebuilt the object cache for 0 collections in 0.000013 seconds (found 0 objects)
[2017.03.09-11.05.06:869][  3]LogCollectionManager: Fixed up redirectors for 0 collections in 0.000072 seconds (updated 0 objects)
[2017.03.09-11.05.08:223][  7]LogSlate: Took 0.000155 seconds to synchronously load lazily loaded font '../../../Engine/Content/Slate/Fonts/Roboto-Light.ttf' (159K)
[2017.03.09-11.05.09:367][ 67]LogSlate: Took 0.000111 seconds to synchronously load lazily loaded font '../../../Engine/Content/Slate/Fonts/Roboto-Light.ttf' (159K)
[2017.03.09-11.05.10:213][ 67]LogSlate: Took 0.000113 seconds to synchronously load lazily loaded font '../../../Engine/Content/Slate/Fonts/Roboto-Regular.ttf' (155K)
[2017.03.09-11.05.10:533][ 67]LogAIModule: Creating AISystem for world Shangda_Wus_Book_Main_Scenes
[2017.03.09-11.05.10:637][ 67]Cmd: MAP LOAD FILE="../../../../Shangda_Wus_Book/Content/Shangda_Wus_Book_Main_Scenes.umap" TEMPLATE=0 SHOWPROGRESS=1 FEATURELEVEL=3
[2017.03.09-11.05.10:637][ 67]LightingResults: New page: Lighting Build
[2017.03.09-11.05.10:640][ 67]LoadErrors: New page: Loading map: Shangda_Wus_Book_Main_Scenes.umap
[2017.03.09-11.05.10:661][ 67]MapCheck: New page: Map Check
[2017.03.09-11.05.10:661][ 67]LightingResults: New page: Lighting Build
[2017.03.09-11.05.10:873][ 67]LogEditorServer: Finished looking for orphan Actors (0.000 secs)
[2017.03.09-11.05.10:911][ 67]Cmd: MAP CHECKDEP NOCLEARLOG
[2017.03.09-11.05.10:936][ 67]MapCheck: Info Map check complete: 0 Error(s), 0 Warning(s), took 24.899ms to complete.
[2017.03.09-11.05.10:937][ 67]LogFileHelpers: Loading map 'Shangda_Wus_Book_Main_Scenes' took 0.344
[2017.03.09-11.05.14:474][190]LogContentBrowser: Native class hierarchy updated for 'BlueprintGraph' in 0.0010 seconds. Added 112 classes and 0 folders.
[2017.03.09-11.05.16:578][190]LogSlate: Took 0.025411 seconds to synchronously load lazily loaded font '../../../Engine/Content/Editor/Slate/Fonts/Roboto-BoldCondensed.ttf' (158K)
[2017.03.09-11.05.17:209][190]LogSlate: Took 0.051226 seconds to synchronously load lazily loaded font '../../../Engine/Content/Slate/Fonts/DroidSansFallback.ttf' (3848K)
[2017.03.09-11.05.42:865][141]LogTemp: Repeting last play command: New Editor Window (PIE)
[2017.03.09-11.05.42:900][141]LogBlueprintUserMessages: Early PlayInEditor Detection: Level '/Game/Shangda_Wus_Book_Main_Scenes.Shangda_Wus_Book_Main_Scenes:PersistentLevel' has LevelScriptBlueprint '/Game/Shangda_Wus_Book_Main_Scenes.Shangda_Wus_Book_Main_Scenes:PersistentLevel.Shangda_Wus_Book_Main_Scenes' with GeneratedClass '/Game/Shangda_Wus_Book_Main_Scenes.Shangda_Wus_Book_Main_Scenes_C' with ClassGeneratedBy '/Game/Shangda_Wus_Book_Main_Scenes.Shangda_Wus_Book_Main_Scenes:PersistentLevel.Shangda_Wus_Book_Main_Scenes'
[2017.03.09-11.05.42:900][141]LogPlayLevel: PlayLevel: No blueprints needed recompiling
[2017.03.09-11.05.42:932][141]PIE: New page: PIE session: Shangda_Wus_Book_Main_Scenes (Mar 10, 2017, 3:05:42 AM)
[2017.03.09-11.05.42:949][141]LogPlayLevel: Creating play world package: /Game/UEDPIE_0_Shangda_Wus_Book_Main_Scenes
[2017.03.09-11.05.42:974][141]LogPlayLevel: PIE: StaticDuplicateObject took: (0.024898s)
[2017.03.09-11.05.42:975][141]LogAIModule: Creating AISystem for world Shangda_Wus_Book_Main_Scenes
[2017.03.09-11.05.42:975][141]LogPlayLevel: PIE: World Init took: (0.001598s)
[2017.03.09-11.05.42:976][141]LogPlayLevel: PIE: Created PIE world by copying editor world from /Game/Shangda_Wus_Book_Main_Scenes.Shangda_Wus_Book_Main_Scenes to /Game/UEDPIE_0_Shangda_Wus_Book_Main_Scenes.Shangda_Wus_Book_Main_Scenes (0.043135s)
[2017.03.09-11.05.43:032][141]LogInit: XAudio2 using '扬声器 (Realtek High Definition Audio)' : 2 channels at 48 kHz using 32 bits per sample (channel mask 0x3)
[2017.03.09-11.05.43:055][141]LogInit: FAudioDevice initialized.
[2017.03.09-11.05.43:198][141]LogLoad: Game class is 'GP_GameMode_C'
[2017.03.09-11.05.43:205][141]LogWorld: Bringing World /Game/UEDPIE_0_Shangda_Wus_Book_Main_Scenes.Shangda_Wus_Book_Main_Scenes up for play (max tick rate 60) at 2017.03.09-19.05.43
[2017.03.09-11.05.43:221][141]LogWorld: Bringing up level for play took: 0.018038
[2017.03.09-11.05.43:371][141]LogContentBrowser: Native class hierarchy updated for 'MovieSceneCapture' in 0.0007 seconds. Added 11 classes and 0 folders.
[2017.03.09-11.05.43:463][141]PIE: Info Play in editor start time for /Game/UEDPIE_0_Shangda_Wus_Book_Main_Scenes 1.472
[2017.03.09-11.05.43:470][141]LogBlueprintUserMessages: Late PlayInEditor Detection: Level '/Game/Shangda_Wus_Book_Main_Scenes.Shangda_Wus_Book_Main_Scenes:PersistentLevel' has LevelScriptBlueprint '/Game/Shangda_Wus_Book_Main_Scenes.Shangda_Wus_Book_Main_Scenes:PersistentLevel.Shangda_Wus_Book_Main_Scenes' with GeneratedClass '/Game/Shangda_Wus_Book_Main_Scenes.Shangda_Wus_Book_Main_Scenes_C' with ClassGeneratedBy '/Game/Shangda_Wus_Book_Main_Scenes.Shangda_Wus_Book_Main_Scenes:PersistentLevel.Shangda_Wus_Book_Main_Scenes'
[2017.03.09-11.05.43:566][141]LogRenderer: Reallocating scene render targets to support 1116x996 NumSamples 1 (Frame:1046).
[2017.03.09-11.05.44:737][182]LogBlueprintUserMessages: Early EndPlayMap Detection: Level '/Game/Shangda_Wus_Book_Main_Scenes.Shangda_Wus_Book_Main_Scenes:PersistentLevel' has LevelScriptBlueprint '/Game/Shangda_Wus_Book_Main_Scenes.Shangda_Wus_Book_Main_Scenes:PersistentLevel.Shangda_Wus_Book_Main_Scenes' with GeneratedClass '/Game/Shangda_Wus_Book_Main_Scenes.Shangda_Wus_Book_Main_Scenes_C' with ClassGeneratedBy '/Game/Shangda_Wus_Book_Main_Scenes.Shangda_Wus_Book_Main_Scenes:PersistentLevel.Shangda_Wus_Book_Main_Scenes'
[2017.03.09-11.05.44:770][182]LogBlueprintUserMessages: Late EndPlayMap Detection: Level '/Game/Shangda_Wus_Book_Main_Scenes.Shangda_Wus_Book_Main_Scenes:PersistentLevel' has LevelScriptBlueprint '/Game/Shangda_Wus_Book_Main_Scenes.Shangda_Wus_Book_Main_Scenes:PersistentLevel.Shangda_Wus_Book_Main_Scenes' with GeneratedClass '/Game/Shangda_Wus_Book_Main_Scenes.Shangda_Wus_Book_Main_Scenes_C' with ClassGeneratedBy '/Game/Shangda_Wus_Book_Main_Scenes.Shangda_Wus_Book_Main_Scenes:PersistentLevel.Shangda_Wus_Book_Main_Scenes'
[2017.03.09-11.05.49:348][348]LogSlate: Took 0.011927 seconds to synchronously load lazily loaded font '../../../Engine/Content/Editor/Slate/Fonts/Roboto-Italic.ttf' (157K)
[2017.03.09-11.06.29:995][459]Cmd: OBJ SAVEPACKAGE PACKAGE="/Game/User_Interfaces/UI_Main_Scenes" FILE="../../../../Shangda_Wus_Book/Content/User_Interfaces/UI_Main_Scenes.uasset" SILENT=true
[2017.03.09-11.06.30:977][459]LogSavePackage: Save=237.18ms
[2017.03.09-11.06.30:977][459]LogSavePackage: Moving '../../../../Shangda_Wus_Book/Saved/UI_Main_Scenes21E9373F47428A1DEFB911A26A26DA15.tmp' to '../../../../Shangda_Wus_Book/Content/User_Interfaces/UI_Main_Scenes.uasset'
[2017.03.09-11.06.30:996][459]LogSavePackage:Display: Finished SavePackage ../../../../Shangda_Wus_Book/Content/User_Interfaces/UI_Main_Scenes.uasset
[2017.03.09-11.06.31:611][488]LogTemp: Repeting last play command: New Editor Window (PIE)
[2017.03.09-11.06.31:636][488]LogBlueprintUserMessages: Early PlayInEditor Detection: Level '/Game/Shangda_Wus_Book_Main_Scenes.Shangda_Wus_Book_Main_Scenes:PersistentLevel' has LevelScriptBlueprint '/Game/Shangda_Wus_Book_Main_Scenes.Shangda_Wus_Book_Main_Scenes:PersistentLevel.Shangda_Wus_Book_Main_Scenes' with GeneratedClass '/Game/Shangda_Wus_Book_Main_Scenes.Shangda_Wus_Book_Main_Scenes_C' with ClassGeneratedBy '/Game/Shangda_Wus_Book_Main_Scenes.Shangda_Wus_Book_Main_Scenes:PersistentLevel.Shangda_Wus_Book_Main_Scenes'
[2017.03.09-11.06.31:636][488]BlueprintLog: New page: Pre-Play auto-recompile
[2017.03.09-11.06.31:636][488]LogPlayLevel: [PlayLevel] Compiling UI_Main_Scenes before play...
[2017.03.09-11.06.32:088][488]LogPlayLevel: PlayLevel: Blueprint regeneration took 452 ms (1 blueprints)
[2017.03.09-11.06.32:088][488]PIE: New page: PIE session: Shangda_Wus_Book_Main_Scenes (Mar 10, 2017, 3:06:32 AM)
[2017.03.09-11.06.32:088][488]LogPlayLevel: Creating play world package: /Game/UEDPIE_0_Shangda_Wus_Book_Main_Scenes
[2017.03.09-11.06.32:092][488]LogPlayLevel: PIE: StaticDuplicateObject took: (0.003318s)
[2017.03.09-11.06.32:093][488]LogAIModule: Creating AISystem for world Shangda_Wus_Book_Main_Scenes
[2017.03.09-11.06.32:093][488]LogPlayLevel: PIE: World Init took: (0.001251s)
[2017.03.09-11.06.32:093][488]LogPlayLevel: PIE: Created PIE world by copying editor world from /Game/Shangda_Wus_Book_Main_Scenes.Shangda_Wus_Book_Main_Scenes to /Game/UEDPIE_0_Shangda_Wus_Book_Main_Scenes.Shangda_Wus_Book_Main_Scenes (0.004808s)
[2017.03.09-11.06.32:158][488]LogInit: XAudio2 using '扬声器 (Realtek High Definition Audio)' : 2 channels at 48 kHz using 32 bits per sample (channel mask 0x3)
[2017.03.09-11.06.32:197][488]LogInit: FAudioDevice initialized.
[2017.03.09-11.06.32:282][488]LogLoad: Game class is 'GP_GameMode_C'
[2017.03.09-11.06.32:286][488]LogWorld: Bringing World /Game/UEDPIE_0_Shangda_Wus_Book_Main_Scenes.Shangda_Wus_Book_Main_Scenes up for play (max tick rate 60) at 2017.03.09-19.06.32
[2017.03.09-11.06.32:287][488]LogWorld: Bringing up level for play took: 0.002317
[2017.03.09-11.06.32:300][488]PIE: Info Play in editor start time for /Game/UEDPIE_0_Shangda_Wus_Book_Main_Scenes 0.309
[2017.03.09-11.06.32:301][488]LogBlueprintUserMessages: Late PlayInEditor Detection: Level '/Game/Shangda_Wus_Book_Main_Scenes.Shangda_Wus_Book_Main_Scenes:PersistentLevel' has LevelScriptBlueprint '/Game/Shangda_Wus_Book_Main_Scenes.Shangda_Wus_Book_Main_Scenes:PersistentLevel.Shangda_Wus_Book_Main_Scenes' with GeneratedClass '/Game/Shangda_Wus_Book_Main_Scenes.Shangda_Wus_Book_Main_Scenes_C' with ClassGeneratedBy '/Game/Shangda_Wus_Book_Main_Scenes.Shangda_Wus_Book_Main_Scenes:PersistentLevel.Shangda_Wus_Book_Main_Scenes'
[2017.03.09-11.09.45:896][346]LogBlueprintUserMessages: Early EndPlayMap Detection: Level '/Game/Shangda_Wus_Book_Main_Scenes.Shangda_Wus_Book_Main_Scenes:PersistentLevel' has LevelScriptBlueprint '/Game/Shangda_Wus_Book_Main_Scenes.Shangda_Wus_Book_Main_Scenes:PersistentLevel.Shangda_Wus_Book_Main_Scenes' with GeneratedClass '/Game/Shangda_Wus_Book_Main_Scenes.Shangda_Wus_Book_Main_Scenes_C' with ClassGeneratedBy '/Game/Shangda_Wus_Book_Main_Scenes.Shangda_Wus_Book_Main_Scenes:PersistentLevel.Shangda_Wus_Book_Main_Scenes'
[2017.03.09-11.09.45:926][346]LogBlueprintUserMessages: Late EndPlayMap Detection: Level '/Game/Shangda_Wus_Book_Main_Scenes.Shangda_Wus_Book_Main_Scenes:PersistentLevel' has LevelScriptBlueprint '/Game/Shangda_Wus_Book_Main_Scenes.Shangda_Wus_Book_Main_Scenes:PersistentLevel.Shangda_Wus_Book_Main_Scenes' with GeneratedClass '/Game/Shangda_Wus_Book_Main_Scenes.Shangda_Wus_Book_Main_Scenes_C' with ClassGeneratedBy '/Game/Shangda_Wus_Book_Main_Scenes.Shangda_Wus_Book_Main_Scenes:PersistentLevel.Shangda_Wus_Book_Main_Scenes'
[2017.03.09-11.09.47:329][420]Cmd: OBJ SAVEPACKAGE PACKAGE="/Game/User_Interfaces/UI_Main_Scenes" FILE="../../../../Shangda_Wus_Book/Content/User_Interfaces/UI_Main_Scenes.uasset" SILENT=true
[2017.03.09-11.09.47:555][420]LogSavePackage: Save=208.72ms
[2017.03.09-11.09.47:555][420]LogSavePackage: Moving '../../../../Shangda_Wus_Book/Saved/UI_Main_ScenesE1AFAAA94916D3B5602974B4630E614B.tmp' to '../../../../Shangda_Wus_Book/Content/User_Interfaces/UI_Main_Scenes.uasset'
[2017.03.09-11.09.47:557][420]LogSavePackage:Display: Finished SavePackage ../../../../Shangda_Wus_Book/Content/User_Interfaces/UI_Main_Scenes.uasset
[2017.03.09-11.10.05:174][454]Cmd: OBJ SAVEPACKAGE PACKAGE="/Game/User_Interfaces/UI_Main_Scenes" FILE="../../../../Shangda_Wus_Book/Content/User_Interfaces/UI_Main_Scenes.uasset" SILENT=true
[2017.03.09-11.10.05:391][454]LogSavePackage: Save=199.78ms
[2017.03.09-11.10.05:391][454]LogSavePackage: Moving '../../../../Shangda_Wus_Book/Saved/UI_Main_Scenes505D2FE544B028022663E482B5CA7095.tmp' to '../../../../Shangda_Wus_Book/Content/User_Interfaces/UI_Main_Scenes.uasset'
[2017.03.09-11.10.05:394][454]LogSavePackage:Display: Finished SavePackage ../../../../Shangda_Wus_Book/Content/User_Interfaces/UI_Main_Scenes.uasset
[2017.03.09-11.10.08:068][598]LogWindowsTextInputMethodSystem:Display: IME system now activated using TSF (搜狗拼音输入法).
[2017.03.09-11.10.08:356][599]Cmd: QUIT_EDITOR
[2017.03.09-11.10.09:477][599]LogExit: Preparing to exit.
[2017.03.09-11.10.10:027][599]LogDirectoryWatcher: A directory notification for 'D:/UE/Shangda_Wus_Book/Content/' was aborted.
[2017.03.09-11.10.10:139][599]LogExit: Editor shut down
[2017.03.09-11.10.10:140][599]LogExit: Transaction tracking system shut down
[2017.03.09-11.10.10:609][599]LogObj: Freed 0b from 0 cluster array pools.
[2017.03.09-11.10.10:609][599]LogExit: Object subsystem successfully closed.
[2017.03.09-11.10.10:656][599]LogD3D11RHI: Shutdown
[2017.03.09-11.10.10:656][599]LogD3D11RHI: CleanupD3DDevice
[2017.03.09-11.10.10:874][599]LogD3D11RHI: ~FD3D11DynamicRHI
[2017.03.09-11.10.11:081][599]LogModuleManager: Shutting down and abandoning module MovieSceneCapture (504)
[2017.03.09-11.10.11:081][599]LogModuleManager: Shutting down and abandoning module SequencerWidgets (502)
[2017.03.09-11.10.11:081][599]LogModuleManager: Shutting down and abandoning module BlueprintGraph (500)
[2017.03.09-11.10.11:081][599]LogModuleManager: Shutting down and abandoning module BlueprintProfiler (498)
[2017.03.09-11.10.11:083][599]LogModuleManager: Shutting down and abandoning module HierarchicalLODOutliner (496)
[2017.03.09-11.10.11:083][599]LogModuleManager: Shutting down and abandoning module CrashTracker (494)
[2017.03.09-11.10.11:083][599]LogModuleManager: Shutting down and abandoning module SceneOutliner (492)
[2017.03.09-11.10.11:083][599]LogModuleManager: Shutting down and abandoning module AddContentDialog (490)
[2017.03.09-11.10.11:084][599]LogDirectoryWatcher: A directory notification for 'D:/UE/UE_4.15/FeaturePacks/' was aborted.
[2017.03.09-11.10.11:086][599]LogModuleManager: Shutting down and abandoning module WidgetCarousel (489)
[2017.03.09-11.10.11:086][599]LogModuleManager: Shutting down and abandoning module EditorWidgets (486)
[2017.03.09-11.10.11:086][599]LogModuleManager: Shutting down and abandoning module CollectionManager (484)
[2017.03.09-11.10.11:087][599]LogDirectoryWatcher: A directory notification for 'D:/UE/Shangda_Wus_Book/Content/Collections/' was aborted.
[2017.03.09-11.10.11:087][599]LogDirectoryWatcher: A directory notification for 'D:/UE/Shangda_Wus_Book/Content/Developers/Wu/Collections/' was aborted.
[2017.03.09-11.10.11:087][599]LogDirectoryWatcher: A directory notification for 'D:/UE/Shangda_Wus_Book/Saved/Collections/' was aborted.
[2017.03.09-11.10.11:087][599]LogModuleManager: Shutting down and abandoning module StatsViewer (482)
[2017.03.09-11.10.11:087][599]LogModuleManager: Shutting down and abandoning module FoliageEdit (480)
[2017.03.09-11.10.11:087][599]LogModuleManager: Shutting down and abandoning module LandscapeEditor (478)
[2017.03.09-11.10.11:087][599]LogModuleManager: Shutting down and abandoning module SceneDepthPickerMode (476)
[2017.03.09-11.10.11:087][599]LogModuleManager: Shutting down and abandoning module ActorPickerMode (474)
[2017.03.09-11.10.11:087][599]LogModuleManager: Shutting down and abandoning module GeometryMode (472)
[2017.03.09-11.10.11:087][599]LogModuleManager: Shutting down and abandoning module TextureAlignMode (470)
[2017.03.09-11.10.11:087][599]LogModuleManager: Shutting down and abandoning module BspMode (468)
[2017.03.09-11.10.11:087][599]LogModuleManager: Shutting down and abandoning module HardwareSurvey (466)
[2017.03.09-11.10.11:087][599]LogModuleManager: Shutting down and abandoning module SequenceRecorderSections (464)
[2017.03.09-11.10.11:087][599]LogModuleManager: Shutting down and abandoning module AutomationWorker (462)
[2017.03.09-11.10.11:087][599]LogModuleManager: Shutting down and abandoning module MatineeToLevelSequence (460)
[2017.03.09-11.10.11:087][599]LogModuleManager: Shutting down and abandoning module LevelSequenceEditor (458)
[2017.03.09-11.10.11:106][599]LogModuleManager: Shutting down and abandoning module PlacementMode (457)
[2017.03.09-11.10.11:106][599]LogModuleManager: Shutting down and abandoning module WmfMediaFactory (454)
[2017.03.09-11.10.11:106][599]LogModuleManager: Shutting down and abandoning module WmfMediaEditor (452)
[2017.03.09-11.10.11:106][599]LogModuleManager: Shutting down and abandoning module MfMediaFactory (450)
[2017.03.09-11.10.11:106][599]LogModuleManager: Shutting down and abandoning module MfMediaEditor (448)
[2017.03.09-11.10.11:106][599]LogModuleManager: Shutting down and abandoning module AvfMediaFactory (446)
[2017.03.09-11.10.11:106][599]LogModuleManager: Shutting down and abandoning module AvfMediaEditor (444)
[2017.03.09-11.10.11:106][599]LogModuleManager: Shutting down and abandoning module AndroidMediaFactory (442)
[2017.03.09-11.10.11:106][599]LogModuleManager: Shutting down and abandoning module Media (441)
[2017.03.09-11.10.11:106][599]LogModuleManager: Shutting down and abandoning module AndroidMediaEditor (438)
[2017.03.09-11.10.11:106][599]LogModuleManager: Shutting down and abandoning module CharacterAI (436)
[2017.03.09-11.10.11:106][599]LogModuleManager: Shutting down and abandoning module AudioCapture (434)
[2017.03.09-11.10.11:106][599]LogModuleManager: Shutting down and abandoning module SequenceRecorder (433)
[2017.03.09-11.10.11:106][599]LogModuleManager: Shutting down and abandoning module SmartSnapping (430)
[2017.03.09-11.10.11:106][599]LogModuleManager: Shutting down and abandoning module SessionServices (428)
[2017.03.09-11.10.11:106][599]LogModuleManager: Shutting down and abandoning module ViewportSnapping (426)
[2017.03.09-11.10.11:106][599]LogModuleManager: Shutting down and abandoning module ViewportInteraction (424)
[2017.03.09-11.10.11:106][599]LogModuleManager: Shutting down and abandoning module LogVisualizer (422)
[2017.03.09-11.10.11:117][599]LogModuleManager: Shutting down and abandoning module IntroTutorials (420)
[2017.03.09-11.10.11:129][599]LogModuleManager: Shutting down and abandoning module GameProjectGeneration (419)
[2017.03.09-11.10.11:139][599]LogModuleManager: Shutting down and abandoning module EditorLiveStreaming (416)
[2017.03.09-11.10.11:140][599]LogModuleManager: Shutting down and abandoning module IOSPlatformEditor (414)
[2017.03.09-11.10.11:140][599]LogModuleManager: Shutting down and abandoning module HTML5PlatformEditor (412)
[2017.03.09-11.10.11:140][599]LogModuleManager: Shutting down and abandoning module AndroidPlatformEditor (410)
[2017.03.09-11.10.11:140][599]LogModuleManager: Shutting down and abandoning module AndroidDeviceDetection (409)
[2017.03.09-11.10.11:389][599]LogModuleManager: Shutting down and abandoning module IOSRuntimeSettings (406)
[2017.03.09-11.10.11:389][599]LogModuleManager: Shutting down and abandoning module AndroidRuntimeSettings (404)
[2017.03.09-11.10.11:389][599]LogModuleManager: Shutting down and abandoning module InputBindingEditor (402)
[2017.03.09-11.10.11:389][599]LogModuleManager: Shutting down and abandoning module NiagaraEditor (400)
[2017.03.09-11.10.11:422][599]LogModuleManager: Shutting down and abandoning module MergeActors (398)
[2017.03.09-11.10.11:438][599]LogModuleManager: Shutting down and abandoning module SizeMap (396)
[2017.03.09-11.10.11:438][599]LogModuleManager: Shutting down and abandoning module TreeMap (394)
[2017.03.09-11.10.11:438][599]LogModuleManager: Shutting down and abandoning module ReferenceViewer (392)
[2017.03.09-11.10.11:438][599]LogModuleManager: Shutting down and abandoning module LocalizationDashboard (390)
[2017.03.09-11.10.11:453][599]LogModuleManager: Shutting down and abandoning module LocalizationService (389)
[2017.03.09-11.10.11:467][599]LogModuleManager: Shutting down and abandoning module HardwareTargeting (386)
[2017.03.09-11.10.11:467][599]LogModuleManager: Shutting down and abandoning module DeviceProfileEditor (384)
[2017.03.09-11.10.11:478][599]LogModuleManager: Shutting down and abandoning module UndoHistory (382)
[2017.03.09-11.10.11:478][599]LogModuleManager: Shutting down and abandoning module UserFeedback (380)
[2017.03.09-11.10.11:478][599]LogModuleManager: Shutting down and abandoning module XmlParser (378)
[2017.03.09-11.10.11:478][599]LogModuleManager: Shutting down and abandoning module Blutility (376)
[2017.03.09-11.10.11:478][599]LogModuleManager: Shutting down and abandoning module ProjectSettingsViewer (374)
[2017.03.09-11.10.11:478][599]LogModuleManager: Shutting down and abandoning module ProjectTargetPlatformEditor (373)
[2017.03.09-11.10.11:478][599]LogModuleManager: Shutting down and abandoning module EditorSettingsViewer (370)
[2017.03.09-11.10.11:478][599]LogModuleManager: Shutting down and abandoning module SettingsEditor (368)
[2017.03.09-11.10.11:478][599]LogModuleManager: Shutting down and abandoning module ProjectLauncher (366)
[2017.03.09-11.10.11:500][599]LogModuleManager: Shutting down and abandoning module SessionFrontend (364)
[2017.03.09-11.10.11:511][599]LogModuleManager: Shutting down and abandoning module ProfilerClient (362)
[2017.03.09-11.10.11:526][599]LogModuleManager: Shutting down and abandoning module DeviceManager (360)
[2017.03.09-11.10.11:539][599]LogModuleManager: Shutting down and abandoning module TargetDeviceServices (359)
[2017.03.09-11.10.11:581][599]LogModuleManager: Shutting down and abandoning module AutomationController (356)
[2017.03.09-11.10.11:581][599]LogModuleManager: Shutting down and abandoning module AutomationWindow (354)
[2017.03.09-11.10.11:609][599]LogModuleManager: Shutting down and abandoning module Layers (352)
[2017.03.09-11.10.11:611][599]LogModuleManager: Shutting down and abandoning module ComponentVisualizers (350)
[2017.03.09-11.10.11:611][599]LogModuleManager: Shutting down and abandoning module DetailCustomizations (348)
[2017.03.09-11.10.11:611][599]LogModuleManager: Shutting down and abandoning module PackagesDialog (346)
[2017.03.09-11.10.11:611][599]LogModuleManager: Shutting down and abandoning module Persona (344)
[2017.03.09-11.10.11:617][599]LogModuleManager: Shutting down and abandoning module AnimGraph (343)
[2017.03.09-11.10.11:617][599]LogModuleManager: Shutting down and abandoning module Kismet (340)
[2017.03.09-11.10.11:634][599]LogModuleManager: Shutting down and abandoning module GraphEditor (338)
[2017.03.09-11.10.11:635][599]LogModuleManager: Shutting down and abandoning module ClassViewer (336)
[2017.03.09-11.10.11:635][599]LogModuleManager: Shutting down and abandoning module Toolbox (334)
[2017.03.09-11.10.11:635][599]LogModuleManager: Shutting down and abandoning module ModuleUI (332)
[2017.03.09-11.10.11:651][599]LogModuleManager: Shutting down and abandoning module MovieSceneTools (330)
[2017.03.09-11.10.11:665][599]LogModuleManager: Shutting down and abandoning module OutputLog (328)
[2017.03.09-11.10.11:665][599]LogModuleManager: Shutting down and abandoning module GammaUI (326)
[2017.03.09-11.10.11:665][599]LogModuleManager: Shutting down and abandoning module Documentation (324)
[2017.03.09-11.10.11:665][599]LogModuleManager: Shutting down and abandoning module Niagara (322)
[2017.03.09-11.10.11:665][599]LogModuleManager: Shutting down and abandoning module StreamingPauseRendering (320)
[2017.03.09-11.10.11:665][599]LogModuleManager: Shutting down and abandoning module AnalyticsET (318)
[2017.03.09-11.10.11:665][599]LogModuleManager: Shutting down and abandoning module PortalServices (316)
[2017.03.09-11.10.11:665][599]LogModuleManager: Shutting down and abandoning module PortalRpc (314)
[2017.03.09-11.10.11:665][599]LogModuleManager: Shutting down and abandoning module MessagingRpc (312)
[2017.03.09-11.10.11:665][599]LogModuleManager: Shutting down and abandoning module AIModule (310)
[2017.03.09-11.10.11:665][599]LogModuleManager: Shutting down and abandoning module GameplayDebugger (309)
[2017.03.09-11.10.11:665][599]LogModuleManager: Shutting down and abandoning module AITestSuite (307)
[2017.03.09-11.10.11:665][599]LogModuleManager: Shutting down and abandoning module ProfilerService (304)
[2017.03.09-11.10.11:848][599]LogModuleManager: Shutting down and abandoning module TaskGraph (302)
[2017.03.09-11.10.11:860][599]LogModuleManager: Shutting down and abandoning module SteamVRController (300)
[2017.03.09-11.10.11:860][599]LogModuleManager: Shutting down and abandoning module SteamVR (298)
[2017.03.09-11.10.11:860][599]LogModuleManager: Shutting down and abandoning module ProceduralMeshComponentEditor (296)
[2017.03.09-11.10.11:860][599]LogModuleManager: Shutting down and abandoning module ProceduralMeshComponent (294)
[2017.03.09-11.10.11:860][599]LogModuleManager: Shutting down and abandoning module OculusLibrary (292)
[2017.03.09-11.10.11:860][599]LogModuleManager: Shutting down and abandoning module OculusInput (290)
[2017.03.09-11.10.11:860][599]LogModuleManager: Shutting down and abandoning module MobilePatchingUtils (288)
[2017.03.09-11.10.11:860][599]LogModuleManager: Shutting down and abandoning module CustomMeshComponent (286)
[2017.03.09-11.10.11:860][599]LogModuleManager: Shutting down and abandoning module CableComponent (284)
[2017.03.09-11.10.11:860][599]LogModuleManager: Shutting down and abandoning module ArchVisCharacter (282)
[2017.03.09-11.10.11:860][599]LogModuleManager: Shutting down and abandoning module MediaPlayerEditor (278)
[2017.03.09-11.10.11:861][599]LogModuleManager: Shutting down and abandoning module HTML5Networking (276)
[2017.03.09-11.10.11:861][599]LogModuleManager: Shutting down and abandoning module AlembicImporter (274)
[2017.03.09-11.10.11:861][599]LogModuleManager: Shutting down and abandoning module AlembicLibrary (273)
[2017.03.09-11.10.11:861][599]LogModuleManager: Shutting down and abandoning module GeometryCache (272)
[2017.03.09-11.10.11:861][599]LogModuleManager: Shutting down and abandoning module GeometryCacheEd (271)
[2017.03.09-11.10.11:861][599]LogModuleManager: Shutting down and abandoning module SuperSearchEditor (266)
[2017.03.09-11.10.11:861][599]LogModuleManager: Shutting down and abandoning module SuperSearch (265)
[2017.03.09-11.10.11:861][599]LogModuleManager: Shutting down and abandoning module SpeedTreeImporter (262)
[2017.03.09-11.10.11:861][599]LogModuleManager: Shutting down and abandoning module PluginBrowser (260)
[2017.03.09-11.10.11:872][599]LogModuleManager: Shutting down and abandoning module MobileLauncherProfileWizard (258)
[2017.03.09-11.10.11:872][599]LogModuleManager: Shutting down and abandoning module EpicSurvey (256)
[2017.03.09-11.10.11:872][599]LogModuleManager: Shutting down and abandoning module VisualStudioSourceCodeAccess (254)
[2017.03.09-11.10.11:872][599]LogModuleManager: Shutting down and abandoning module DesktopPlatform (253)
[2017.03.09-11.10.11:872][599]LogModuleManager: Shutting down and abandoning module UObjectPlugin (250)
[2017.03.09-11.10.11:872][599]LogModuleManager: Shutting down and abandoning module SubversionSourceControl (248)
[2017.03.09-11.10.11:872][599]LogModuleManager: Shutting down and abandoning module PerforceSourceControl (246)
[2017.03.09-11.10.11:883][599]LogModuleManager: Shutting down and abandoning module GitSourceControl (244)
[2017.03.09-11.10.11:883][599]LogModuleManager: Shutting down and abandoning module SourceControl (243)
[2017.03.09-11.10.11:894][599]LogModuleManager: Shutting down and abandoning module LightPropagationVolumeEditor (240)
[2017.03.09-11.10.11:894][599]LogModuleManager: Shutting down and abandoning module PaperTiledImporter (238)
[2017.03.09-11.10.11:894][599]LogModuleManager: Shutting down and abandoning module PaperSpriteSheetImporter (236)
[2017.03.09-11.10.11:894][599]LogModuleManager: Shutting down and abandoning module Paper2DEditor (234)
[2017.03.09-11.10.11:902][599]LogModuleManager: Shutting down and abandoning module MeshPaint (233)
[2017.03.09-11.10.11:902][599]LogModuleManager: Shutting down and abandoning module LevelEditor (231)
[2017.03.09-11.10.11:904][599]LogModuleManager: Shutting down and abandoning module PixelInspectorModule (230)
[2017.03.09-11.10.11:904][599]LogModuleManager: Shutting down and abandoning module MainFrame (228)
[2017.03.09-11.10.11:904][599]LogModuleManager: Shutting down and abandoning module HotReload (227)
[2017.03.09-11.10.11:906][599]LogModuleManager: Shutting down and abandoning module ContentBrowser (223)
[2017.03.09-11.10.11:908][599]LogModuleManager: Shutting down and abandoning module PhysXVehiclesEditor (220)
[2017.03.09-11.10.11:908][599]LogModuleManager: Shutting down and abandoning module PhysXVehicles (218)
[2017.03.09-11.10.11:908][599]LogModuleManager: Shutting down and abandoning module LocationServicesBPLibrary (216)
[2017.03.09-11.10.11:908][599]LogModuleManager: Shutting down and abandoning module UdpMessaging (214)
[2017.03.09-11.10.12:009][599]LogModuleManager: Shutting down and abandoning module TcpMessaging (212)
[2017.03.09-11.10.12:110][599]LogModuleManager: Shutting down and abandoning module GameplayTagsEditor (210)
[2017.03.09-11.10.12:111][599]LogModuleManager: Shutting down and abandoning module FacialAnimationEditor (208)
[2017.03.09-11.10.12:126][599]LogModuleManager: Shutting down and abandoning module FacialAnimation (206)
[2017.03.09-11.10.12:126][599]LogModuleManager: Shutting down and abandoning module LightPropagationVolumeRuntime (204)
[2017.03.09-11.10.12:126][599]LogModuleManager: Shutting down and abandoning module Paper2D (202)
[2017.03.09-11.10.12:139][599]LogModuleManager: Shutting down and abandoning module WindowsMoviePlayer (200)
[2017.03.09-11.10.12:139][599]LogModuleManager: Shutting down and abandoning module WmfMedia (198)
[2017.03.09-11.10.12:139][599]LogModuleManager: Shutting down and abandoning module MfMedia (196)
[2017.03.09-11.10.12:139][599]LogModuleManager: Shutting down and abandoning module MediaAssets (194)
[2017.03.09-11.10.12:139][599]LogModuleManager: Shutting down and abandoning module GameLiveStreaming (192)
[2017.03.09-11.10.12:139][599]LogModuleManager: Shutting down and abandoning module VREditor (190)
[2017.03.09-11.10.12:141][599]LogModuleManager: Shutting down and abandoning module GameplayTasksEditor (188)
[2017.03.09-11.10.12:141][599]LogModuleManager: Shutting down and abandoning module BehaviorTreeEditor (186)
[2017.03.09-11.10.12:157][599]LogModuleManager: Shutting down and abandoning module FunctionalTesting (184)
[2017.03.09-11.10.12:157][599]LogModuleManager: Shutting down and abandoning module CollisionAnalyzer (182)
[2017.03.09-11.10.12:164][599]LogModuleManager: Shutting down and abandoning module UMG (180)
[2017.03.09-11.10.12:164][599]LogModuleManager: Shutting down and abandoning module UMGEditor (179)
[2017.03.09-11.10.12:164][599]LogModuleManager: Shutting down and abandoning module Sequencer (178)
[2017.03.09-11.10.12:164][599]LogModuleManager: Shutting down and abandoning module AssetTools (176)
[2017.03.09-11.10.12:175][599]LogModuleManager: Shutting down and abandoning module MessageLog (175)
[2017.03.09-11.10.12:175][599]LogModuleManager: Shutting down and abandoning module WorkspaceMenuStructure (174)
[2017.03.09-11.10.12:175][599]LogModuleManager: Shutting down and abandoning module SlateReflector (168)
[2017.03.09-11.10.12:210][599]LogModuleManager: Shutting down and abandoning module Slate (166)
[2017.03.09-11.10.12:210][599]LogModuleManager: Shutting down and abandoning module EditorStyle (164)
[2017.03.09-11.10.12:215][599]LogModuleManager: Shutting down and abandoning module SourceCodeAccess (162)
[2017.03.09-11.10.12:215][599]LogModuleManager: Shutting down and abandoning module HeadMountedDisplay (160)
[2017.03.09-11.10.12:215][599]LogModuleManager: Shutting down and abandoning module XAudio2 (158)
[2017.03.09-11.10.12:215][599]LogModuleManager: Shutting down and abandoning module Networking (156)
[2017.03.09-11.10.12:215][599]LogModuleManager: Shutting down and abandoning module Core (152)
[2017.03.09-11.10.12:215][599]LogModuleManager: Shutting down and abandoning module AssetRegistry (150)
[2017.03.09-11.10.12:411][599]LogDirectoryWatcher: A directory notification for '../../../Engine/Content/' was aborted.
[2017.03.09-11.10.12:411][599]LogDirectoryWatcher: A directory notification for '../../../../Shangda_Wus_Book/Content/' was aborted.
[2017.03.09-11.10.12:411][599]LogDirectoryWatcher: A directory notification for '../../../Engine/Plugins/2D/Paper2D/Content/' was aborted.
[2017.03.09-11.10.12:412][599]LogModuleManager: Shutting down and abandoning module DirectoryWatcher (149)
[2017.03.09-11.10.12:412][599]LogModuleManager: Shutting down and abandoning module KismetCompiler (146)
[2017.03.09-11.10.12:412][599]LogModuleManager: Shutting down and abandoning module PhysXFormats (144)
[2017.03.09-11.10.12:412][599]LogModuleManager: Shutting down and abandoning module MeshUtilities (142)
[2017.03.09-11.10.12:412][599]LogModuleManager: Shutting down and abandoning module SimplygonSwarm (141)
[2017.03.09-11.10.12:412][599]LogModuleManager: Shutting down and abandoning module SimplygonMeshReduction (139)
[2017.03.09-11.10.12:412][599]LogModuleManager: Shutting down and abandoning module QuadricMeshReduction (137)
[2017.03.09-11.10.12:412][599]LogModuleManager: Shutting down and abandoning module PropertyEditor (135)
[2017.03.09-11.10.12:413][599]LogModuleManager: Shutting down and abandoning module DerivedDataCache (132)
[2017.03.09-11.10.12:476][599]LogDerivedDataCache: Shutdown
[2017.03.09-11.10.12:476][599]LogModuleManager: Shutting down and abandoning module TargetPlatform (130)
[2017.03.09-11.10.12:476][599]LogModuleManager: Shutting down and abandoning module VulkanShaderFormat (129)
[2017.03.09-11.10.12:476][599]LogModuleManager: Shutting down and abandoning module ShaderFormatOpenGL (127)
[2017.03.09-11.10.12:541][599]LogModuleManager: Shutting down and abandoning module ShaderFormatD3D (125)
[2017.03.09-11.10.12:541][599]LogModuleManager: Shutting down and abandoning module MetalShaderFormat (123)
[2017.03.09-11.10.12:562][599]LogModuleManager: Shutting down and abandoning module TextureFormatUncompressed (121)
[2017.03.09-11.10.12:562][599]LogModuleManager: Shutting down and abandoning module TextureFormatPVR (119)
[2017.03.09-11.10.12:562][599]LogModuleManager: Shutting down and abandoning module TextureFormatDXT (117)
[2017.03.09-11.10.12:563][599]LogModuleManager: Shutting down and abandoning module TextureFormatIntelISPCTexComp (115)
[2017.03.09-11.10.12:563][599]LogModuleManager: Shutting down and abandoning module TextureFormatASTC (113)
[2017.03.09-11.10.12:563][599]LogModuleManager: Shutting down and abandoning module ImageWrapper (112)
[2017.03.09-11.10.12:563][599]LogModuleManager: Shutting down and abandoning module TextureFormatAndroid (109)
[2017.03.09-11.10.12:563][599]LogModuleManager: Shutting down and abandoning module AudioFormatOpus (107)
[2017.03.09-11.10.12:563][599]LogModuleManager: Shutting down and abandoning module AudioFormatOgg (105)
[2017.03.09-11.10.12:563][599]LogModuleManager: Shutting down and abandoning module AudioFormatADPCM (103)
[2017.03.09-11.10.12:563][599]LogModuleManager: Shutting down and abandoning module LinuxTargetPlatform (101)
[2017.03.09-11.10.12:563][599]LogModuleManager: Shutting down and abandoning module LinuxServerTargetPlatform (99)
[2017.03.09-11.10.12:563][599]LogModuleManager: Shutting down and abandoning module LinuxNoEditorTargetPlatform (97)
[2017.03.09-11.10.12:563][599]LogModuleManager: Shutting down and abandoning module LinuxClientTargetPlatform (95)
[2017.03.09-11.10.12:563][599]LogModuleManager: Shutting down and abandoning module TVOSTargetPlatform (93)
[2017.03.09-11.10.12:563][599]LogModuleManager: Shutting down and abandoning module Messaging (91)
[2017.03.09-11.10.12:563][599]LogModuleManager: Shutting down and abandoning module IOSTargetPlatform (89)
[2017.03.09-11.10.12:563][599]LogModuleManager: Shutting down and abandoning module HTML5TargetPlatform (87)
[2017.03.09-11.10.12:563][599]LogModuleManager: Shutting down and abandoning module Android_PVRTCTargetPlatform (85)
[2017.03.09-11.10.12:563][599]LogModuleManager: Shutting down and abandoning module Android_MultiTargetPlatform (83)
[2017.03.09-11.10.12:563][599]LogModuleManager: Shutting down and abandoning module Android_ETC2TargetPlatform (81)
[2017.03.09-11.10.12:563][599]LogModuleManager: Shutting down and abandoning module Android_ETC1TargetPlatform (79)
[2017.03.09-11.10.12:563][599]LogModuleManager: Shutting down and abandoning module Android_DXTTargetPlatform (77)
[2017.03.09-11.10.12:563][599]LogModuleManager: Shutting down and abandoning module Android_ATCTargetPlatform (75)
[2017.03.09-11.10.12:563][599]LogModuleManager: Shutting down and abandoning module Android_ASTCTargetPlatform (73)
[2017.03.09-11.10.12:564][599]LogModuleManager: Shutting down and abandoning module AndroidTargetPlatform (71)
[2017.03.09-11.10.12:564][599]LogModuleManager: Shutting down and abandoning module WindowsTargetPlatform (69)
[2017.03.09-11.10.12:564][599]LogModuleManager: Shutting down and abandoning module WindowsServerTargetPlatform (67)
[2017.03.09-11.10.12:564][599]LogModuleManager: Shutting down and abandoning module WindowsNoEditorTargetPlatform (65)
[2017.03.09-11.10.12:564][599]LogModuleManager: Shutting down and abandoning module WindowsClientTargetPlatform (63)
[2017.03.09-11.10.12:564][599]LogModuleManager: Shutting down and abandoning module MacTargetPlatform (61)
[2017.03.09-11.10.12:564][599]LogModuleManager: Shutting down and abandoning module MacServerTargetPlatform (59)
[2017.03.09-11.10.12:564][599]LogModuleManager: Shutting down and abandoning module MacNoEditorTargetPlatform (57)
[2017.03.09-11.10.12:564][599]LogModuleManager: Shutting down and abandoning module MacClientTargetPlatform (55)
[2017.03.09-11.10.12:564][599]LogModuleManager: Shutting down and abandoning module AllDesktopTargetPlatform (53)
[2017.03.09-11.10.12:564][599]LogModuleManager: Shutting down and abandoning module InputCore (50)
[2017.03.09-11.10.12:564][599]LogModuleManager: Shutting down and abandoning module Settings (48)
[2017.03.09-11.10.12:564][599]LogModuleManager: Shutting down and abandoning module OculusRift (46)
[2017.03.09-11.10.12:564][599]LogModuleManager: Shutting down and abandoning module ExampleDeviceProfileSelector (44)
[2017.03.09-11.10.12:564][599]LogModuleManager: Shutting down and abandoning module OnlineBlueprintSupport (42)
[2017.03.09-11.10.12:564][599]LogModuleManager: Shutting down and abandoning module OnlineSubsystem (38)
[2017.03.09-11.10.12:564][599]LogOnline:Display: Unloading online subsystem: NULL
[2017.03.09-11.10.12:575][599]LogModuleManager: Shutting down and abandoning module XMPP (37)
[2017.03.09-11.10.12:589][599]LogModuleManager: Shutting down and abandoning module HTTP (35)
[2017.03.09-11.10.12:589][599]LogHttp:Display: Http module shutting down, but needs to wait on 1 outstanding Http requests:
[2017.03.09-11.10.12:589][599]LogHttp:Display: 	verb=[POST] url=[https://datarouter.ol.epicgames.com/datarouter/api/v1/public/data?SessionID=%7BA0D83D13-4FA5-20F2-7A04-AE803173F9E2%7D&AppID=UEEditor.Rocket.Release&AppVersion=4.15.0-3299760%2B%2B%2BUE4%2BRelease-4.15&UserID=632252274a1a51c5d09319ad812ffc6f%7Cdfb84846bd18458ea4123b3e7e2ad85b%7C611662be-5782-4c58-b6ba-4e13bbc45909&AppEnvironment=datacollector-binary&UploadType=eteventstream] status=Processing
[2017.03.09-11.10.12:619][599]LogModuleManager: Shutting down and abandoning module SSL (34)
[2017.03.09-11.10.12:622][599]LogModuleManager: Shutting down and abandoning module AudioEditor (30)
[2017.03.09-11.10.12:633][599]LogModuleManager: Shutting down and abandoning module TextureCompressor (28)
[2017.03.09-11.10.12:640][599]LogModuleManager: Shutting down and abandoning module ShaderCore (26)
[2017.03.09-11.10.12:640][599]LogModuleManager: Shutting down and abandoning module Landscape (24)
[2017.03.09-11.10.12:640][599]LogModuleManager: Shutting down and abandoning module SlateRHIRenderer (22)
[2017.03.09-11.10.12:658][599]LogModuleManager: Shutting down and abandoning module OpenGLDrv (20)
[2017.03.09-11.10.12:671][599]LogModuleManager: Shutting down and abandoning module D3D11RHI (18)
[2017.03.09-11.10.12:671][599]LogModuleManager: Shutting down and abandoning module AnimGraphRuntime (16)
[2017.03.09-11.10.12:683][599]LogModuleManager: Shutting down and abandoning module Renderer (14)
[2017.03.09-11.10.12:683][599]LogModuleManager: Shutting down and abandoning module Engine (12)
[2017.03.09-11.10.12:683][599]LogModuleManager: Shutting down and abandoning module CoreUObject (10)
[2017.03.09-11.10.12:683][599]LogModuleManager: Shutting down and abandoning module NetworkFile (8)
[2017.03.09-11.10.12:683][599]LogModuleManager: Shutting down and abandoning module StreamingFile (6)
[2017.03.09-11.10.12:683][599]LogModuleManager: Shutting down and abandoning module SandboxFile (4)
[2017.03.09-11.10.12:683][599]LogModuleManager: Shutting down and abandoning module PakFile (2)
[2017.03.09-11.10.12:702][599]LogExit: Exiting.
[2017.03.09-11.10.12:706][599]Log file closed, 03/09/17 19:10:12
