Log file open, 03/10/17 09:30:22
LogInit:Display: Running engine for game: Shangda_Wus_Book
LogPlatformFile: Not using cached read wrapper
LogInit:Display: RandInit(-355344970) SRandInit(-355344969).
LogTaskGraph: Started task graph with 5 named threads and 8 total threads with 1 sets of task threads.
LogStats: Stats thread started at 0.261803
LogInit: Using libcurl 7.47.1
LogInit:  - built for x86_64-pc-win32
LogInit:  - supports SSL with OpenSSL/1.0.2g
LogInit:  - supports HTTP deflate (compression) using libz 1.2.8
LogInit:  - other features:
LogInit:      CURL_VERSION_SSL
LogInit:      CURL_VERSION_LIBZ
LogInit:      CURL_VERSION_IPV6
LogInit:      CURL_VERSION_ASYNCHDNS
LogInit:      CURL_VERSION_LARGEFILE
LogInit:      CURL_VERSION_IDN
LogInit:  CurlRequestOptions (configurable via config and command line):
LogInit:  - bVerifyPeer = false  - Libcurl will NOT verify peer certificate
LogInit:  - bUseHttpProxy = false  - Libcurl will NOT use HTTP proxy
LogInit:  - bDontReuseConnections = false  - Libcurl will reuse connections
LogInit:  - CertBundlePath = nullptr  - Libcurl will use whatever was configured at build time.
LogInit: Build: ++UE4+Release-4.15-CL-3299760
LogInit: Engine Version: 4.15.0-3299760+++UE4+Release-4.15
LogInit: Compatible Engine Version: 4.15.0-3299760+++UE4+Release-4.15
LogInit: Net CL: 3299760
LogDevObjectVersion: Number of dev versions registered: 14
LogDevObjectVersion:   Dev-Blueprints (B0D832E4-1F89-4F0D-ACCF-7EB736FD4AA2): 8
LogDevObjectVersion:   Dev-Build (E1C64328-A22C-4D53-A36C-8E866417BD8C): 0
LogDevObjectVersion:   Dev-Core (375EC13C-06E4-48FB-B500-84F0262A717E): 2
LogDevObjectVersion:   Dev-Editor (E4B068ED-F494-42E9-A231-DA0B2E46BB41): 14
LogDevObjectVersion:   Dev-Framework (CFFC743F-43B0-4480-9391-14DF171D2073): 22
LogDevObjectVersion:   Dev-Mobile (B02B49B5-BB20-44E9-A304-32B752E40360): 0
LogDevObjectVersion:   Dev-Networking (A4E4105C-59A1-49B5-A7C5-40C4547EDFEE): 0
LogDevObjectVersion:   Dev-Online (39C831C9-5AE6-47DC-9A44-9C173E1C8E7C): 0
LogDevObjectVersion:   Dev-Physics (78F01B33-EBEA-4F98-B9B4-84EACCB95AA2): 0
LogDevObjectVersion:   Dev-Platform (6631380F-2D4D-43E0-8009-CF276956A95A): 0
LogDevObjectVersion:   Dev-Rendering (12F88B9F-8875-4AFC-A67C-D90C383ABD29): 12
LogDevObjectVersion:   Dev-Sequencer (7B5AE74C-D270-4C10-A958-57980B212A5A): 3
LogDevObjectVersion:   Dev-VR (D7296918-1DD6-4BDD-9DE2-64A83CC13884): 0
LogDevObjectVersion:   Dev-LoadTimes (C2A15278-BFE7-4AFE-6C17-90FF531DF755): 1
LogInit: Compiled (64-bit): Feb 14 2017 02:04:14
LogInit: Compiled with Visual C++: 19.00.23026.00
LogInit: Build Configuration: Development
LogInit: Branch Name: ++UE4+Release-4.15
LogInit: Command line:  
LogInit: Base directory: D:/UE/UE_4.15/Engine/Binaries/Win64/
LogInit: Installed Engine Build: 1
LogInit: Presizing for max 8388607 objects, including 0 objects not considered by GC, pre-allocating 0 bytes for permanent pool.
LogInit: Object subsystem initialized
[2017.03.10-01.30.23:778][  0]LogInit: Selected Device Profile: [Windows]
[2017.03.10-01.30.23:778][  0]LogInit: Applying CVar settings loaded from the selected device profile: [Windows]
[2017.03.10-01.30.23:851][  0]LogInit: Computer: SHANGDA_WU
[2017.03.10-01.30.23:851][  0]LogInit: User: Wu
[2017.03.10-01.30.23:851][  0]LogInit: CPU Page size=65536, Cores=4
[2017.03.10-01.30.23:851][  0]LogInit: High frequency timer resolution =2.531250 MHz
[2017.03.10-01.30.23:852][  0]LogMemory: Memory total: Physical=7.8GB (8GB approx)
[2017.03.10-01.30.23:852][  0]LogMemory: Platform Memory Stats for Windows
[2017.03.10-01.30.23:852][  0]LogMemory: Process Physical Memory: 265.43 MB used, 265.43 MB peak
[2017.03.10-01.30.23:852][  0]LogMemory: Process Virtual Memory: 262.45 MB used, 262.45 MB peak
[2017.03.10-01.30.23:852][  0]LogMemory: Physical Memory: 4337.04 MB used,  3672.92 MB free, 8009.96 MB total
[2017.03.10-01.30.23:852][  0]LogMemory: Virtual Memory: 643.55 MB used,  3672.92 MB free, 134217728.00 MB total
[2017.03.10-01.30.24:271][  0]LogInit: Overriding culture en with editor configuration.
[2017.03.10-01.30.26:483][  0]LogD3D11RHI: D3D11 adapters:
[2017.03.10-01.30.26:531][  0]LogD3D11RHI:    0. 'NVIDIA GeForce GTX 970M' (Feature Level 11_0)
[2017.03.10-01.30.26:531][  0]LogD3D11RHI:       3037/0/4004 MB DedicatedVideo/DedicatedSystem/SharedSystem, Outputs:2, VendorId:0x10de
[2017.03.10-01.30.26:541][  0]LogD3D11RHI:    1. 'Intel(R) HD Graphics 530' (Feature Level 11_0)
[2017.03.10-01.30.26:541][  0]LogD3D11RHI:       128/0/4004 MB DedicatedVideo/DedicatedSystem/SharedSystem, Outputs:0, VendorId:0x8086
[2017.03.10-01.30.26:542][  0]LogD3D11RHI:    2. 'Microsoft Basic Render Driver' (Feature Level 11_0)
[2017.03.10-01.30.26:543][  0]LogD3D11RHI:       0/0/4004 MB DedicatedVideo/DedicatedSystem/SharedSystem, Outputs:0, VendorId:0x1414
[2017.03.10-01.30.26:543][  0]LogD3D11RHI: Chosen D3D11 Adapter: 0
[2017.03.10-01.30.26:548][  0]LogD3D11RHI: Creating new Direct3DDevice
[2017.03.10-01.30.26:548][  0]LogD3D11RHI:     GPU DeviceId: 0x13d8 (for the marketing name, search the web for "GPU Device Id")
[2017.03.10-01.30.26:548][  0]LogWindows: EnumDisplayDevices:
[2017.03.10-01.30.26:548][  0]LogWindows:    0. 'Intel(R) HD Graphics 530' (P:1 D:1)
[2017.03.10-01.30.26:548][  0]LogWindows:    1. 'Intel(R) HD Graphics 530' (P:0 D:0)
[2017.03.10-01.30.26:549][  0]LogWindows:    2. 'Intel(R) HD Graphics 530' (P:0 D:0)
[2017.03.10-01.30.26:549][  0]LogWindows:    3. 'NVIDIA GeForce GTX 970M' (P:0 D:1)
[2017.03.10-01.30.26:550][  0]LogWindows:    4. 'NVIDIA GeForce GTX 970M' (P:0 D:0)
[2017.03.10-01.30.26:551][  0]LogWindows:    5. 'NVIDIA GeForce GTX 970M' (P:0 D:0)
[2017.03.10-01.30.26:552][  0]LogWindows:    6. 'NVIDIA GeForce GTX 970M' (P:0 D:0)
[2017.03.10-01.30.26:553][  0]LogWindows: DebugString: PrimaryIsNotTheChoosenAdapter PrimaryIsNotTheChoosenAdapter PrimaryIsNotTheChoosenAdapter FoundDriverCount:4 
[2017.03.10-01.30.26:553][  0]LogD3D11RHI:     Adapter Name: NVIDIA GeForce GTX 970M
[2017.03.10-01.30.26:553][  0]LogD3D11RHI:   Driver Version: 369.09 (internal:21.21.13.6909, unified:369.09)
[2017.03.10-01.30.26:553][  0]LogD3D11RHI:      Driver Date: 8-1-2016
[2017.03.10-01.30.26:553][  0]LogRHI: Texture pool is 1361 MB (70% of 1945 MB)
[2017.03.10-01.30.26:586][  0]LogD3D11RHI: Async texture creation enabled
[2017.03.10-01.30.26:598][  0]LogD3D11RHI: GPU Timing Frequency: 1000.000000 (Debug: 2 1)
[2017.03.10-01.30.26:647][  0]LogShaderCompilers: Guid format shader working directory is 15 characters bigger than the processId version (../../../../Shangda_Wus_Book/Intermediate/Shaders/WorkingDirectory/2952/).
[2017.03.10-01.30.26:648][  0]LogShaderCompilers: Cleaned the shader compiler working directory 'C:/Users/Wu/AppData/Local/Temp/UnrealShaderWorkingDir/2EFF8273430A678C502424B2FFFDCCE4/'.
[2017.03.10-01.30.26:648][  0]LogShaderCompilers:Display: Using Local Shader Compiler.
[2017.03.10-01.30.30:120][  0]LogTemp:Display: Loaded TP AllDesktopTargetPlatform
[2017.03.10-01.30.30:172][  0]LogTemp:Display: Loaded TP MacClientTargetPlatform
[2017.03.10-01.30.30:225][  0]LogTemp:Display: Loaded TP MacNoEditorTargetPlatform
[2017.03.10-01.30.30:278][  0]LogTemp:Display: Loaded TP MacServerTargetPlatform
[2017.03.10-01.30.30:351][  0]LogTemp:Display: Loaded TP MacTargetPlatform
[2017.03.10-01.30.30:405][  0]LogTemp:Display: Loaded TP WindowsClientTargetPlatform
[2017.03.10-01.30.30:458][  0]LogTemp:Display: Loaded TP WindowsNoEditorTargetPlatform
[2017.03.10-01.30.30:509][  0]LogTemp:Display: Loaded TP WindowsServerTargetPlatform
[2017.03.10-01.30.30:551][  0]LogTemp:Display: Loaded TP WindowsTargetPlatform
[2017.03.10-01.30.30:622][  0]LogTemp:Display: Loaded TP AndroidTargetPlatform
[2017.03.10-01.30.30:674][  0]LogTemp:Display: Loaded TP Android_ASTCTargetPlatform
[2017.03.10-01.30.30:725][  0]LogTemp:Display: Loaded TP Android_ATCTargetPlatform
[2017.03.10-01.30.30:777][  0]LogTemp:Display: Loaded TP Android_DXTTargetPlatform
[2017.03.10-01.30.30:827][  0]LogTemp:Display: Loaded TP Android_ETC1TargetPlatform
[2017.03.10-01.30.30:880][  0]LogTemp:Display: Loaded TP Android_ETC2TargetPlatform
[2017.03.10-01.30.30:982][  0]LogTemp:Display: Loaded TP Android_MultiTargetPlatform
[2017.03.10-01.30.30:982][  0]LogTemp:Display: Loaded TP Android_PVRTCTargetPlatform
[2017.03.10-01.30.31:018][  0]LogTemp:Display: Loaded TP HTML5TargetPlatform
[2017.03.10-01.30.31:275][  0]LogTemp:Display: Loaded TP IOSTargetPlatform
[2017.03.10-01.30.31:329][  0]LogTemp:Display: Loaded TP TVOSTargetPlatform
[2017.03.10-01.30.31:382][  0]LogTemp:Display: Loaded TP LinuxClientTargetPlatform
[2017.03.10-01.30.31:434][  0]LogTemp:Display: Loaded TP LinuxNoEditorTargetPlatform
[2017.03.10-01.30.31:484][  0]LogTemp:Display: Loaded TP LinuxServerTargetPlatform
[2017.03.10-01.30.31:537][  0]LogTemp:Display: Loaded TP LinuxTargetPlatform
[2017.03.10-01.30.31:537][  0]LogTargetPlatformManager:Display: Building Assets For Windows
[2017.03.10-01.30.32:596][  0]LogDerivedDataCache:Display: Max Cache Size: 512 MB
[2017.03.10-01.30.32:987][  0]LogDerivedDataCache: Loaded boot cache 0.39s 60MB C:/Users/Wu/AppData/Local/UnrealEngine/4.15/DerivedDataCache/Boot.ddc.
[2017.03.10-01.30.32:987][  0]LogDerivedDataCache:Display: Loaded Boot cache: C:/Users/Wu/AppData/Local/UnrealEngine/4.15/DerivedDataCache/Boot.ddc
[2017.03.10-01.30.32:987][  0]LogDerivedDataCache: FDerivedDataBackendGraph:  Pak pak cache file ../../../../Shangda_Wus_Book/DerivedDataCache/DDC.ddp not found, will not use a pak cache.
[2017.03.10-01.30.32:987][  0]LogDerivedDataCache: Unable to find inner node Pak for hierarchical cache Hierarchy.
[2017.03.10-01.30.32:987][  0]LogDerivedDataCache: FDerivedDataBackendGraph:  CompressedPak pak cache file ../../../../Shangda_Wus_Book/DerivedDataCache/Compressed.ddp not found, will not use a pak cache.
[2017.03.10-01.30.32:987][  0]LogDerivedDataCache: Unable to find inner node CompressedPak for hierarchical cache Hierarchy.
[2017.03.10-01.30.33:056][  0]LogDerivedDataCache:Display: Pak cache opened for reading ../../../Engine/DerivedDataCache/Compressed.ddp.
[2017.03.10-01.30.33:069][  0]LogDerivedDataCache: Using Local data cache path C:/Users/Wu/AppData/Local/UnrealEngine/Common/DerivedDataCache: Writable
[2017.03.10-01.30.33:078][  0]LogSlate: Using Freetype 2.6.0
[2017.03.10-01.30.33:117][  0]LogSlate: SlateFontCache - WITH_FREETYPE: 1, WITH_HARFBUZZ: 1
[2017.03.10-01.30.33:117][  0]LogSlate: SlateFontCache - WITH_FREETYPE: 1, WITH_HARFBUZZ: 1
[2017.03.10-01.30.37:889][  0]LogInit: Selected Device Profile: [Windows]
[2017.03.10-01.30.37:891][  0]LogContentStreaming: Texture pool size is 0.00 MB
[2017.03.10-01.30.38:203][  0]LogMeshUtilities: Using QuadricMeshReduction for automatic static mesh reduction
[2017.03.10-01.30.38:314][  0]LogSimplygon: Simplygon DLL not present - disabling.
[2017.03.10-01.30.38:412][  0]LogMeshUtilities: Using SimplygonSwarm for distributed automatic mesh merging
[2017.03.10-01.30.38:412][  0]LogMeshUtilities: No automatic skeletal mesh reduction module available
[2017.03.10-01.30.38:412][  0]LogMeshUtilities: No automatic mesh merging module available
[2017.03.10-01.30.39:346][  0]LogNetVersion: GetLocalNetworkVersion: CL: 3299760, ProjectName: shangda_wus_book, ProjectVersion: , EngineNetworkVersion: 2, GameNetworkVersion: 0, NetworkChecksum: 2213960243
[2017.03.10-01.30.39:399][  0]LogAssetRegistry: FAssetRegistry took 0.0224 seconds to start up
[2017.03.10-01.30.39:440][  0]LogPackageLocalizationCache: Processed 3 localized package path(s) for 1 prioritized culture(s) in 0.019751 seconds
[2017.03.10-01.30.39:445][  0]LogUObjectArray: 32475 objects as part of root set at end of initial load.
[2017.03.10-01.30.39:445][  0]LogUObjectAllocator: 7073360 out of 0 bytes used by permanent object pool.
[2017.03.10-01.30.39:445][  0]LogUObjectArray: CloseDisregardForGC: 0/0 objects in disregard for GC pool
[2017.03.10-01.30.39:506][  0]LogInit: WinSock: version 1.1 (2.2), MaxSocks=32767, MaxUdp=65467
[2017.03.10-01.30.53:679][  0]LogTcpMessaging: Initializing TcpMessaging bridge
[2017.03.10-01.30.53:753][  0]LogUdpMessaging: Initializing bridge on interface 0.0.0.0:0 to multicast group 230.0.0.1:6666.
[2017.03.10-01.30.54:755][  0]LogMaterial: Uniform references updated for custom material expression Custom.
[2017.03.10-01.30.55:308][  0]SourceControl: Info Source control is disabled
[2017.03.10-01.30.55:315][  0]SourceControl: Info Source control is disabled
[2017.03.10-01.30.55:406][  0]SourceControl: Info Source control is disabled
[2017.03.10-01.30.55:517][  0]SourceControl: Info Source control is disabled
[2017.03.10-01.30.57:570][  0]LogEngine: Initializing Engine...
[2017.03.10-01.30.57:572][  0]LogHMD: Failed to initialize OpenVR with code 110
[2017.03.10-01.30.57:834][  0]LogAIModule: Creating AISystem for world Untitled
[2017.03.10-01.30.57:877][  0]LogInit: XAudio2 using '扬声器 (Realtek High Definition Audio)' : 2 channels at 48 kHz using 32 bits per sample (channel mask 0x3)
[2017.03.10-01.30.58:041][  0]LogInit: FAudioDevice initialized.
[2017.03.10-01.30.58:080][  0]LogDerivedDataCache: Saved boot cache 0.04s 50MB C:/Users/Wu/AppData/Local/UnrealEngine/4.15/DerivedDataCache/Boot.ddc.
[2017.03.10-01.30.58:089][  0]LogInit: Texture streaming: Enabled
[2017.03.10-01.30.58:201][  0]LogEngineSessionManager: EngineSessionManager initialized
[2017.03.10-01.30.58:326][  0]LogInit: Transaction tracking system initialized
[2017.03.10-01.30.58:719][  0]BlueprintLog: New page: Editor Load
[2017.03.10-01.31.00:132][  0]LocalizationService: Info Localization service is disabled
[2017.03.10-01.31.01:101][  0]LogConsoleResponse:Display: 
[2017.03.10-01.31.02:096][  0]LogCook:Display: Max memory allowance for cook 16384mb min free memory 0mb
[2017.03.10-01.31.02:096][  0]LogCook:Display: Mobile HDR setting 1
[2017.03.10-01.31.03:493][  0]LogFileCache: Scanning file cache for directory 'D:/UE/Shangda_Wus_Book/Content/' took 0.01s
[2017.03.10-01.31.04:865][  0]SourceControl: Info Source control is disabled
[2017.03.10-01.31.04:865][  0]Cmd: MAP LOAD FILE="../../../Engine/Content/Maps/Templates/Template_Default.umap" TEMPLATE=1 SHOWPROGRESS=1 FEATURELEVEL=3
[2017.03.10-01.31.04:913][  0]LightingResults: New page: Lighting Build
[2017.03.10-01.31.04:963][  0]MapCheck: New page: Map Check
[2017.03.10-01.31.04:963][  0]LightingResults: New page: Lighting Build
[2017.03.10-01.31.05:511][  0]LogAIModule: Creating AISystem for world Untitled_1
[2017.03.10-01.31.05:512][  0]LogActorComponent: RegisterComponentWithWorld: (/Temp/Untitled_1.Untitled_1:PersistentLevel.WorldSettings_1.StaticMeshComponent0) Trying to register component with IsPendingKill() == true. Aborting.
[2017.03.10-01.31.05:516][  0]LogEditorServer: Finished looking for orphan Actors (0.000 secs)
[2017.03.10-01.31.05:522][  0]Cmd: MAP CHECKDEP NOCLEARLOG
[2017.03.10-01.31.05:549][  0]MapCheck: Info Map check complete: 0 Error(s), 0 Warning(s), took 26.161ms to complete.
[2017.03.10-01.31.05:549][  0]LogFileHelpers: Loading map 'Template_Default' took 0.683
[2017.03.10-01.31.05:762][  0]LogWindowsTextInputMethodSystem:Display: IME system now activated using TSF (搜狗拼音输入法).
[2017.03.10-01.31.06:037][  0]LogCollectionManager: Loaded 0 collections in 0.002260 seconds
[2017.03.10-01.31.06:137][  0]LogFileCache: Scanning file cache for directory 'D:/UE/Shangda_Wus_Book/Saved/Collections/' took 0.01s
[2017.03.10-01.31.06:137][  0]LogFileCache: Scanning file cache for directory 'D:/UE/Shangda_Wus_Book/Content/Developers/Wu/Collections/' took 0.01s
[2017.03.10-01.31.06:137][  0]LogFileCache: Scanning file cache for directory 'D:/UE/Shangda_Wus_Book/Content/Collections/' took 0.01s
[2017.03.10-01.31.06:137][  0]LogCollectionManager: Rebuilt the GUID cache for 0 collections in 0.000002 seconds
[2017.03.10-01.31.06:149][  0]LogContentBrowser: Native class hierarchy populated in 0.0123 seconds. Added 2244 classes and 450 folders.
[2017.03.10-01.31.06:153][  0]LogStats: UGameplayTagsManager::ConstructGameplayTagTree: Construct from data asset -  0.000 s
[2017.03.10-01.31.06:153][  0]LogStats: UGameplayTagsManager::ConstructGameplayTagTree: GameplayTagTreeChangedEvent.Broadcast -  0.000 s
[2017.03.10-01.31.06:208][  0]LogContentBrowser: Native class hierarchy updated for 'WidgetCarousel' in 0.0006 seconds. Added 0 classes and 0 folders.
[2017.03.10-01.31.07:708][  0]LogContentBrowser: Native class hierarchy updated for 'AddContentDialog' in 0.0008 seconds. Added 0 classes and 0 folders.
[2017.03.10-01.31.07:760][  0]LogContentBrowser: Native class hierarchy updated for 'SceneOutliner' in 0.0005 seconds. Added 1 classes and 2 folders.
[2017.03.10-01.31.07:889][  0]LogCrashTracker: Crashtracker disabled due to settings.
[2017.03.10-01.31.07:904][  0]LogUObjectGlobals:Warning: Failed to find object 'Class None.'
[2017.03.10-01.31.07:980][  0]LogContentBrowser: Native class hierarchy updated for 'HierarchicalLODOutliner' in 0.0005 seconds. Added 1 classes and 2 folders.
[2017.03.10-01.31.07:980][  0]LogLoad: (Engine Initialization) Total time: 53.06 seconds
[2017.03.10-01.31.07:980][  0]LogLoad: (Engine Initialization) Total Blueprint compile time: 0.23 seconds
[2017.03.10-01.31.07:980][  0]LogExternalProfiler: No external profilers were discovered.  External profiling features will not be available.
[2017.03.10-01.31.07:994][  0]LogOcInput: OculusInput pre-init called
[2017.03.10-01.31.08:016][  0]LogContentStreaming: Texture pool size now 1000 MB
[2017.03.10-01.31.08:032][  0]LogSlate: Took 0.015371 seconds to synchronously load lazily loaded font '../../../Engine/Content/Slate/Fonts/Roboto-Regular.ttf' (155K)
[2017.03.10-01.31.08:048][  0]LogSlate: Took 0.011614 seconds to synchronously load lazily loaded font '../../../Engine/Content/Slate/Fonts/Roboto-Bold.ttf' (160K)
[2017.03.10-01.31.08:073][  0]LogSlate: Took 0.018350 seconds to synchronously load lazily loaded font '../../../Engine/Content/Editor/Slate/Fonts/FontAwesome.ttf' (139K)
[2017.03.10-01.31.08:330][  0]LogRenderer: Reallocating scene render targets to support 1116x616 NumSamples 1 (Frame:2).
[2017.03.10-01.31.08:420][  1]LogAssetRegistry: Asset discovery search completed in 29.0433 seconds
[2017.03.10-01.31.08:420][  1]LogCollectionManager: Rebuilt the object cache for 0 collections in 0.000097 seconds (found 0 objects)
[2017.03.10-01.31.08:420][  1]LogCollectionManager: Fixed up redirectors for 0 collections in 0.000121 seconds (updated 0 objects)
[2017.03.10-01.31.12:324][396]LogSlate: Took 0.017498 seconds to synchronously load lazily loaded font '../../../Engine/Content/Slate/Fonts/Roboto-Light.ttf' (159K)
[2017.03.10-01.55.47:075][284]LogSlate: Took 0.000187 seconds to synchronously load lazily loaded font '../../../Engine/Content/Slate/Fonts/Roboto-Light.ttf' (159K)
[2017.03.10-01.55.47:933][284]LogSlate: Took 0.000119 seconds to synchronously load lazily loaded font '../../../Engine/Content/Slate/Fonts/Roboto-Regular.ttf' (155K)
[2017.03.10-01.55.48:019][284]LogAIModule: Creating AISystem for world Shangda_Wus_Book_Main_Scenes
[2017.03.10-01.55.48:066][284]Cmd: MAP LOAD FILE="../../../../Shangda_Wus_Book/Content/Shangda_Wus_Book_Main_Scenes.umap" TEMPLATE=0 SHOWPROGRESS=1 FEATURELEVEL=3
[2017.03.10-01.55.48:067][284]LightingResults: New page: Lighting Build
[2017.03.10-01.55.48:069][284]LoadErrors: New page: Loading map: Shangda_Wus_Book_Main_Scenes.umap
[2017.03.10-01.55.48:073][284]MapCheck: New page: Map Check
[2017.03.10-01.55.48:073][284]LightingResults: New page: Lighting Build
[2017.03.10-01.55.48:161][284]LogEditorServer: Finished looking for orphan Actors (0.000 secs)
[2017.03.10-01.55.48:184][284]Cmd: MAP CHECKDEP NOCLEARLOG
[2017.03.10-01.55.48:303][284]MapCheck: Info Map check complete: 0 Error(s), 0 Warning(s), took 86.162ms to complete.
[2017.03.10-01.55.48:308][284]LogFileHelpers: Loading map 'Shangda_Wus_Book_Main_Scenes' took 0.244
[2017.03.10-06.46.08:127][243]LogHttp:Warning: 000002C389B48D00: request failed, libcurl error: 0 (No error)
[2017.03.10-06.46.08:214][243]LogHttp:Warning: 000002C389B48D00: libcurl info message cache 0 (Found bundle for host datarouter.ol.epicgames.com: 0x2c38855ffe8 [can pipeline])
[2017.03.10-06.46.08:214][243]LogHttp:Warning: 000002C389B48D00: libcurl info message cache 1 (Re-using existing connection! (#31) with host datarouter.ol.epicgames.com)
[2017.03.10-06.46.08:214][243]LogHttp:Warning: 000002C389B48D00: libcurl info message cache 2 (Connected to datarouter.ol.epicgames.com (34.192.111.22) port 443 (#31))
[2017.03.10-06.46.08:214][243]LogHttp:Warning: 000002C389B48D00: libcurl info message cache 3 (upload completely sent off: 337 out of 337 bytes)
[2017.03.10-06.46.08:214][243]LogHttp:Warning: 000002C389B48D00: libcurl info message cache 4 (Closing connection 31)
[2017.03.10-06.46.08:214][243]LogHttp:Warning: 000002C389B48D00: libcurl info message cache 5 (TLSv1.2 (OUT), TLS alert, Client hello (1):)
[2017.03.10-07.12.18:887][ 76]LogContentBrowser: Native class hierarchy updated for 'BlueprintGraph' in 0.0077 seconds. Added 112 classes and 0 folders.
[2017.03.10-07.12.23:682][ 76]LogSlate: Took 0.047525 seconds to synchronously load lazily loaded font '../../../Engine/Content/Editor/Slate/Fonts/Roboto-BoldCondensed.ttf' (158K)
[2017.03.10-07.12.25:298][ 77]LogSlate: Took 0.046264 seconds to synchronously load lazily loaded font '../../../Engine/Content/Slate/Fonts/DroidSansFallback.ttf' (3848K)
[2017.03.10-07.12.32:120][271]LogSlate: Took 0.014407 seconds to synchronously load lazily loaded font '../../../Engine/Content/Slate/Fonts/Roboto-Light.ttf' (159K)
[2017.03.10-07.12.47:270][866]LogSlate: Took 0.018232 seconds to synchronously load lazily loaded font '../../../Engine/Content/Editor/Slate/Fonts/Roboto-Italic.ttf' (157K)
[2017.03.10-07.19.29:442][ 90]Cmd: OBJ SAVEPACKAGE PACKAGE="/Game/User_Interfaces/UI_Main_Scenes" FILE="../../../../Shangda_Wus_Book/Content/User_Interfaces/UI_Main_Scenes.uasset" SILENT=true
[2017.03.10-07.19.30:639][ 90]LogSavePackage: Save=392.08ms
[2017.03.10-07.19.30:639][ 90]LogSavePackage: Moving '../../../../Shangda_Wus_Book/Saved/UI_Main_ScenesFA7C734E4E17F63D2E35C48B0398A678.tmp' to '../../../../Shangda_Wus_Book/Content/User_Interfaces/UI_Main_Scenes.uasset'
[2017.03.10-07.19.30:719][ 90]LogSavePackage:Display: Finished SavePackage ../../../../Shangda_Wus_Book/Content/User_Interfaces/UI_Main_Scenes.uasset
[2017.03.10-07.19.31:091][ 99]BlueprintLog: New page: Compile UI_Main_Scenes
[2017.03.10-07.19.51:630][952]Cmd: OBJ SAVEPACKAGE PACKAGE="/Game/User_Interfaces/UI_Main_Scenes" FILE="../../../../Shangda_Wus_Book/Content/User_Interfaces/UI_Main_Scenes.uasset" SILENT=true
[2017.03.10-07.19.51:898][952]LogSavePackage: Save=251.87ms
[2017.03.10-07.19.51:898][952]LogSavePackage: Moving '../../../../Shangda_Wus_Book/Saved/UI_Main_Scenes1C44F27B463B9C53267113AAE603E70E.tmp' to '../../../../Shangda_Wus_Book/Content/User_Interfaces/UI_Main_Scenes.uasset'
[2017.03.10-07.19.51:903][952]LogSavePackage:Display: Finished SavePackage ../../../../Shangda_Wus_Book/Content/User_Interfaces/UI_Main_Scenes.uasset
[2017.03.10-07.20.05:650][524]Cmd: OBJ SAVEPACKAGE PACKAGE="/Game/User_Interfaces/UI_Main_Scenes" FILE="../../../../Shangda_Wus_Book/Content/User_Interfaces/UI_Main_Scenes.uasset" SILENT=true
[2017.03.10-07.20.05:873][524]LogSavePackage: Save=203.55ms
[2017.03.10-07.20.05:873][524]LogSavePackage: Moving '../../../../Shangda_Wus_Book/Saved/UI_Main_ScenesAE190833464058F1DF2BC78E2C6BF7C2.tmp' to '../../../../Shangda_Wus_Book/Content/User_Interfaces/UI_Main_Scenes.uasset'
[2017.03.10-07.20.05:878][524]LogSavePackage:Display: Finished SavePackage ../../../../Shangda_Wus_Book/Content/User_Interfaces/UI_Main_Scenes.uasset
[2017.03.10-07.20.23:393][296]Cmd: OBJ SAVEPACKAGE PACKAGE="/Game/User_Interfaces/UI_Main_Scenes" FILE="../../../../Shangda_Wus_Book/Content/User_Interfaces/UI_Main_Scenes.uasset" SILENT=true
[2017.03.10-07.20.23:621][296]LogSavePackage: Save=207.94ms
[2017.03.10-07.20.23:621][296]LogSavePackage: Moving '../../../../Shangda_Wus_Book/Saved/UI_Main_Scenes37BC8CA14263B95DC30E00A313D05BD2.tmp' to '../../../../Shangda_Wus_Book/Content/User_Interfaces/UI_Main_Scenes.uasset'
[2017.03.10-07.20.23:627][296]LogSavePackage:Display: Finished SavePackage ../../../../Shangda_Wus_Book/Content/User_Interfaces/UI_Main_Scenes.uasset
[2017.03.10-07.20.39:371][997]Cmd: OBJ SAVEPACKAGE PACKAGE="/Game/User_Interfaces/UI_Main_Scenes" FILE="../../../../Shangda_Wus_Book/Content/User_Interfaces/UI_Main_Scenes.uasset" SILENT=true
[2017.03.10-07.20.39:620][997]LogSavePackage: Save=228.51ms
[2017.03.10-07.20.39:620][997]LogSavePackage: Moving '../../../../Shangda_Wus_Book/Saved/UI_Main_Scenes95FA83DE44CAFAAEB93A0CAEE4A0E5BA.tmp' to '../../../../Shangda_Wus_Book/Content/User_Interfaces/UI_Main_Scenes.uasset'
[2017.03.10-07.20.39:625][997]LogSavePackage:Display: Finished SavePackage ../../../../Shangda_Wus_Book/Content/User_Interfaces/UI_Main_Scenes.uasset
[2017.03.10-07.21.20:305][394]LogBlueprint:Warning: [Compiler ] Warning Pasted node  CustomEvent   conflicted with  OnClicked (Player_Dodge_Button)  and was replaced as a Custom Event!
[2017.03.10-07.21.20:367][394]BlueprintEditorCompileResults:Warning: Warning Pasted node  CustomEvent   conflicted with  OnClicked (Player_Dodge_Button)  and was replaced as a Custom Event!
[2017.03.10-07.21.22:157][473]LogEditorTransaction: Undo Create Pin Link
[2017.03.10-07.22.09:967][831]BlueprintEditorCompileResults:Warning: Warning Pasted node  CustomEvent   conflicted with  OnClicked (Player_Dodge_Button)  and was replaced as a Custom Event!
[2017.03.10-07.22.23:813][464]BlueprintEditorCompileResults:Warning: Warning Pasted node  CustomEvent   conflicted with  OnClicked (Player_Dodge_Button)  and was replaced as a Custom Event!
[2017.03.10-07.22.27:480][648]Cmd: OBJ SAVEPACKAGE PACKAGE="/Game/User_Interfaces/UI_Main_Scenes" FILE="../../../../Shangda_Wus_Book/Content/User_Interfaces/UI_Main_Scenes.uasset" SILENT=true
[2017.03.10-07.22.27:724][648]LogSavePackage: Save=225.88ms
[2017.03.10-07.22.27:724][648]LogSavePackage: Moving '../../../../Shangda_Wus_Book/Saved/UI_Main_ScenesB3C410E34806D7E540AEC59D95D1391A.tmp' to '../../../../Shangda_Wus_Book/Content/User_Interfaces/UI_Main_Scenes.uasset'
[2017.03.10-07.22.27:729][648]LogSavePackage:Display: Finished SavePackage ../../../../Shangda_Wus_Book/Content/User_Interfaces/UI_Main_Scenes.uasset
[2017.03.10-07.22.42:159][260]BlueprintEditorCompileResults:Warning: Warning Pasted node  CustomEvent   conflicted with  OnClicked (Player_Dodge_Button)  and was replaced as a Custom Event!
[2017.03.10-07.22.56:913][923]BlueprintEditorCompileResults:Warning: Warning Pasted node  CustomEvent   conflicted with  OnClicked (Player_Dodge_Button)  and was replaced as a Custom Event!
[2017.03.10-07.23.06:558][407]Cmd: OBJ SAVEPACKAGE PACKAGE="/Game/User_Interfaces/UI_Main_Scenes" FILE="../../../../Shangda_Wus_Book/Content/User_Interfaces/UI_Main_Scenes.uasset" SILENT=true
[2017.03.10-07.23.06:808][407]LogSavePackage: Save=228.84ms
[2017.03.10-07.23.06:808][407]LogSavePackage: Moving '../../../../Shangda_Wus_Book/Saved/UI_Main_Scenes5FACAB964C6CAAECC716E382AE247270.tmp' to '../../../../Shangda_Wus_Book/Content/User_Interfaces/UI_Main_Scenes.uasset'
[2017.03.10-07.23.06:813][407]LogSavePackage:Display: Finished SavePackage ../../../../Shangda_Wus_Book/Content/User_Interfaces/UI_Main_Scenes.uasset
[2017.03.10-07.23.12:726][716]Cmd: OBJ SAVEPACKAGE PACKAGE="/Game/User_Interfaces/UI_Main_Scenes" FILE="../../../../Shangda_Wus_Book/Content/User_Interfaces/UI_Main_Scenes.uasset" SILENT=true
[2017.03.10-07.23.12:977][716]LogSavePackage: Save=232.40ms
[2017.03.10-07.23.12:977][716]LogSavePackage: Moving '../../../../Shangda_Wus_Book/Saved/UI_Main_Scenes6B8FD7B247F1A0521BBBC9A9218A9539.tmp' to '../../../../Shangda_Wus_Book/Content/User_Interfaces/UI_Main_Scenes.uasset'
[2017.03.10-07.23.12:982][716]LogSavePackage:Display: Finished SavePackage ../../../../Shangda_Wus_Book/Content/User_Interfaces/UI_Main_Scenes.uasset
[2017.03.10-07.23.48:363][273]LogFileHelpers: Editor autosave (incl. sublevels) for '/Game/Shangda_Wus_Book_Main_Scenes' took 0.040
[2017.03.10-07.23.48:415][273]OBJ SavePackage: Generating thumbnails for [0] asset(s) in package [/Game/Game_ProcessControl/GP_GameMode] ([1] browsable assets)...
[2017.03.10-07.23.48:415][273]OBJ SavePackage: Finished generating thumbnails for package [/Game/Game_ProcessControl/GP_GameMode]
[2017.03.10-07.23.48:415][273]Cmd: OBJ SAVEPACKAGE PACKAGE="/Game/Game_ProcessControl/GP_GameMode" FILE="../../../../Shangda_Wus_Book/Saved/Autosaves/Game/Game_ProcessControl/GP_GameMode_Auto1.uasset" SILENT=false AUTOSAVING=true
[2017.03.10-07.23.48:622][273]LogSavePackage: Save=129.77ms
[2017.03.10-07.23.48:622][273]LogSavePackage: Moving '../../../../Shangda_Wus_Book/Saved/GP_GameMode_Auto19882D3D44BA8BB52028B2E823F4CF187.tmp' to '../../../../Shangda_Wus_Book/Saved/Autosaves/Game/Game_ProcessControl/GP_GameMode_Auto1.uasset'
[2017.03.10-07.23.48:702][273]LogSavePackage:Display: Finished SavePackage ../../../../Shangda_Wus_Book/Saved/Autosaves/Game/Game_ProcessControl/GP_GameMode_Auto1.uasset
[2017.03.10-07.23.48:707][273]OBJ SavePackage: Generating thumbnails for [0] asset(s) in package [/Game/User_Interfaces/UI_Main_Scenes] ([1] browsable assets)...
[2017.03.10-07.23.48:707][273]OBJ SavePackage: Finished generating thumbnails for package [/Game/User_Interfaces/UI_Main_Scenes]
[2017.03.10-07.23.48:707][273]Cmd: OBJ SAVEPACKAGE PACKAGE="/Game/User_Interfaces/UI_Main_Scenes" FILE="../../../../Shangda_Wus_Book/Saved/Autosaves/Game/User_Interfaces/UI_Main_Scenes_Auto1.uasset" SILENT=false AUTOSAVING=true
[2017.03.10-07.23.48:966][273]LogSavePackage: Save=215.61ms
[2017.03.10-07.23.48:966][273]LogSavePackage: Moving '../../../../Shangda_Wus_Book/Saved/UI_Main_Scenes_Auto14473CCD84C865FE25F0AECA2B0C3DBE7.tmp' to '../../../../Shangda_Wus_Book/Saved/Autosaves/Game/User_Interfaces/UI_Main_Scenes_Auto1.uasset'
[2017.03.10-07.23.48:991][273]LogSavePackage:Display: Finished SavePackage ../../../../Shangda_Wus_Book/Saved/Autosaves/Game/User_Interfaces/UI_Main_Scenes_Auto1.uasset
[2017.03.10-07.23.48:991][273]LogFileHelpers: Auto-saving content packages took 0.627
[2017.03.10-07.23.49:345][283]Cmd: OBJ SAVEPACKAGE PACKAGE="/Game/User_Interfaces/UI_Main_Scenes" FILE="../../../../Shangda_Wus_Book/Content/User_Interfaces/UI_Main_Scenes.uasset" SILENT=true
[2017.03.10-07.23.49:581][283]LogSavePackage: Save=216.54ms
[2017.03.10-07.23.49:581][283]LogSavePackage: Moving '../../../../Shangda_Wus_Book/Saved/UI_Main_ScenesA063ECDA471716952E6BE7B8BA510A54.tmp' to '../../../../Shangda_Wus_Book/Content/User_Interfaces/UI_Main_Scenes.uasset'
[2017.03.10-07.23.49:585][283]LogSavePackage:Display: Finished SavePackage ../../../../Shangda_Wus_Book/Content/User_Interfaces/UI_Main_Scenes.uasset
[2017.03.10-07.23.58:680][760]Cmd: OBJ SAVEPACKAGE PACKAGE="/Game/User_Interfaces/UI_Main_Scenes" FILE="../../../../Shangda_Wus_Book/Content/User_Interfaces/UI_Main_Scenes.uasset" SILENT=true
[2017.03.10-07.23.58:905][760]LogSavePackage: Save=205.97ms
[2017.03.10-07.23.58:905][760]LogSavePackage: Moving '../../../../Shangda_Wus_Book/Saved/UI_Main_ScenesB25606D848478B79FD2EFBBAD653D6F7.tmp' to '../../../../Shangda_Wus_Book/Content/User_Interfaces/UI_Main_Scenes.uasset'
[2017.03.10-07.23.58:908][760]LogSavePackage:Display: Finished SavePackage ../../../../Shangda_Wus_Book/Content/User_Interfaces/UI_Main_Scenes.uasset
[2017.03.10-07.24.01:152][839]BlueprintLog: New page: Compile UI_Main_Scenes
[2017.03.10-07.24.05:168][975]Cmd: OBJ SAVEPACKAGE PACKAGE="/Game/User_Interfaces/UI_Main_Scenes" FILE="../../../../Shangda_Wus_Book/Content/User_Interfaces/UI_Main_Scenes.uasset" SILENT=true
[2017.03.10-07.24.05:398][975]LogSavePackage: Save=210.55ms
[2017.03.10-07.24.05:398][975]LogSavePackage: Moving '../../../../Shangda_Wus_Book/Saved/UI_Main_Scenes83D5BF07431FE344FAFEAFB103CFEE2A.tmp' to '../../../../Shangda_Wus_Book/Content/User_Interfaces/UI_Main_Scenes.uasset'
[2017.03.10-07.24.05:400][975]LogSavePackage:Display: Finished SavePackage ../../../../Shangda_Wus_Book/Content/User_Interfaces/UI_Main_Scenes.uasset
[2017.03.10-07.50.08:066][504]LogHttp:Warning: 000002C3B90B4280: request failed, libcurl error: 0 (No error)
[2017.03.10-07.50.08:067][504]LogHttp:Warning: 000002C3B90B4280: libcurl info message cache 0 (Found bundle for host datarouter.ol.epicgames.com: 0x2c38855ffe8 [can pipeline])
[2017.03.10-07.50.08:067][504]LogHttp:Warning: 000002C3B90B4280: libcurl info message cache 1 (Re-using existing connection! (#47) with host datarouter.ol.epicgames.com)
[2017.03.10-07.50.08:067][504]LogHttp:Warning: 000002C3B90B4280: libcurl info message cache 2 (Connected to datarouter.ol.epicgames.com (34.192.111.22) port 443 (#47))
[2017.03.10-07.50.08:067][504]LogHttp:Warning: 000002C3B90B4280: libcurl info message cache 3 (upload completely sent off: 666 out of 666 bytes)
[2017.03.10-07.50.08:067][504]LogHttp:Warning: 000002C3B90B4280: libcurl info message cache 4 (TLSv1.2 (IN), TLS alert, Client hello (1):)
[2017.03.10-07.50.08:067][504]LogHttp:Warning: 000002C3B90B4280: libcurl info message cache 5 (Connection died, retrying a fresh connect)
[2017.03.10-07.50.08:067][504]LogHttp:Warning: 000002C3B90B4280: libcurl info message cache 6 (Closing connection 47)
[2017.03.10-07.50.08:067][504]LogHttp:Warning: 000002C3B90B4280: libcurl info message cache 7 (TLSv1.2 (OUT), TLS alert, Client hello (1):)
[2017.03.10-07.50.08:067][504]LogHttp:Warning: 000002C3B90B4280: libcurl info message cache 8 (Issue another request to this URL: 'https://datarouter.ol.epicgames.com/datarouter/api/v1/public/data?SessionID=%7B0F2A41EF-43F9-D489-E7A5-72951A64A570%7D&AppID=UEEditor.Rocket.Release&AppVersion=4.15.0-3299760%2B%2B%2BUE4%2BRelease-4.15&UserID=632252274a1a51c5d09319ad812ffc6f%7Cdfb84846bd18458ea4123b3e7e2ad85b%7C611662be-5782-4c58-b6ba-4e13bbc45909&AppEnvironment=datacollector-binary&UploadType=eteventstream')
[2017.03.10-07.50.08:067][504]LogHttp:Warning: 000002C3B90B4280: libcurl info message cache 9 (  Trying 34.192.111.22...)
[2017.03.10-07.50.08:067][504]LogHttp:Warning: 000002C3B90B4280: libcurl info message cache 10 (Connected to datarouter.ol.epicgames.com (34.192.111.22) port 443 (#48))
[2017.03.10-07.50.08:067][504]LogHttp:Warning: 000002C3B90B4280: libcurl info message cache 11 (ALPN, offering http/1.1)
[2017.03.10-07.50.08:067][504]LogHttp:Warning: 000002C3B90B4280: libcurl info message cache 12 (Cipher selection: ALL:!EXPORT:!EXPORT40:!EXPORT56:!aNULL:!LOW:!RC4:@STRENGTH)
[2017.03.10-07.50.08:067][504]LogHttp:Warning: 000002C3B90B4280: libcurl info message cache 13 (SSL re-using session ID)
[2017.03.10-07.50.08:067][504]LogHttp:Warning: 000002C3B90B4280: libcurl info message cache 14 (TLSv1.2 (OUT), TLS handshake, Client hello (1):)
[2017.03.10-07.50.08:067][504]LogHttp:Warning: 000002C3B90B4280: libcurl info message cache 15 (TLSv1.2 (IN), TLS handshake, Server hello (2):)
[2017.03.10-07.50.08:067][504]LogHttp:Warning: 000002C3B90B4280: libcurl info message cache 16 (Closing connection 48)
[2017.03.10-07.55.05:727][396]LogWindowsTextInputMethodSystem:Display: IME system now deactivated.
[2017.03.10-07.55.05:729][396]LogWindowsTextInputMethodSystem:Display: IME system now activated using TSF (微软拼音).
[2017.03.10-07.55.06:394][428]Cmd: OBJ SAVEPACKAGE PACKAGE="/Game/User_Interfaces/UI_Main_Scenes" FILE="../../../../Shangda_Wus_Book/Content/User_Interfaces/UI_Main_Scenes.uasset" SILENT=true
[2017.03.10-07.55.06:679][428]LogSavePackage: Save=261.55ms
[2017.03.10-07.55.06:679][428]LogSavePackage: Moving '../../../../Shangda_Wus_Book/Saved/UI_Main_Scenes9A346CFC402CE3E715B494843EFBF019.tmp' to '../../../../Shangda_Wus_Book/Content/User_Interfaces/UI_Main_Scenes.uasset'
[2017.03.10-07.55.06:681][428]LogSavePackage:Display: Finished SavePackage ../../../../Shangda_Wus_Book/Content/User_Interfaces/UI_Main_Scenes.uasset
[2017.03.10-08.10.48:927][420]LogWindowsTextInputMethodSystem:Display: IME system now deactivated.
[2017.03.10-08.10.48:968][420]LogWindowsTextInputMethodSystem:Display: IME system now activated using TSF (搜狗拼音输入法).
[2017.03.10-08.29.05:601][637]Cmd: OBJ SAVEPACKAGE PACKAGE="/Game/User_Interfaces/UI_Main_Scenes" FILE="../../../../Shangda_Wus_Book/Content/User_Interfaces/UI_Main_Scenes.uasset" SILENT=true
[2017.03.10-08.29.05:836][637]LogSavePackage: Save=213.00ms
[2017.03.10-08.29.05:836][637]LogSavePackage: Moving '../../../../Shangda_Wus_Book/Saved/UI_Main_ScenesEA81198943EE30D7AEC4A695251AE7E3.tmp' to '../../../../Shangda_Wus_Book/Content/User_Interfaces/UI_Main_Scenes.uasset'
[2017.03.10-08.29.05:838][637]LogSavePackage:Display: Finished SavePackage ../../../../Shangda_Wus_Book/Content/User_Interfaces/UI_Main_Scenes.uasset
[2017.03.10-10.34.36:709][332]LogEditorViewport: Clicking on Actor (LMB): BP_Sky_Sphere_C (Sky Sphere)
[2017.03.10-10.34.37:154][332]Cmd: OBJ SAVEPACKAGE PACKAGE="/Game/Shangda_Wus_Book_Main_Scenes" FILE="../../../../Shangda_Wus_Book/Content/Shangda_Wus_Book_Main_Scenes.umap" SILENT=true AUTOSAVING=false KEEPDIRTY=false
[2017.03.10-10.34.38:030][332]LogSavePackage: Save=424.85ms
[2017.03.10-10.34.38:030][332]LogSavePackage: Moving '../../../../Shangda_Wus_Book/Saved/Shangda_Wus_Book_Main_ScenesC7D68BDC4C7ABD8EEEC6F6B61DF0A311.tmp' to '../../../../Shangda_Wus_Book/Content/Shangda_Wus_Book_Main_Scenes.umap'
[2017.03.10-10.34.38:032][332]LogSavePackage:Display: Finished SavePackage ../../../../Shangda_Wus_Book/Content/Shangda_Wus_Book_Main_Scenes.umap
[2017.03.10-11.38.17:636][454]LogD3D11RHI: Timed out while waiting for GPU to catch up. (500 ms)
[2017.03.10-15.32.12:218][640]Cmd: OBJ SAVEPACKAGE PACKAGE="/Game/Game_ProcessControl/GP_GameMode" FILE="../../../../Shangda_Wus_Book/Content/Game_ProcessControl/GP_GameMode.uasset" SILENT=true
[2017.03.10-15.32.13:253][640]LogSavePackage: Save=210.74ms
[2017.03.10-15.32.13:253][640]LogSavePackage: Moving '../../../../Shangda_Wus_Book/Saved/GP_GameModeF93AA0BA439B456A9E4D39BC8F16F292.tmp' to '../../../../Shangda_Wus_Book/Content/Game_ProcessControl/GP_GameMode.uasset'
[2017.03.10-15.32.13:277][640]LogSavePackage:Display: Finished SavePackage ../../../../Shangda_Wus_Book/Content/Game_ProcessControl/GP_GameMode.uasset
[2017.03.10-15.32.14:576][640]LogWindowsTextInputMethodSystem:Display: IME system now activated using TSF (搜狗拼音输入法).
[2017.03.10-15.32.15:340][641]Cmd: QUIT_EDITOR
[2017.03.10-15.32.16:113][641]LogExit: Preparing to exit.
[2017.03.10-15.32.17:896][641]LogDirectoryWatcher: A directory notification for 'D:/UE/Shangda_Wus_Book/Content/' was aborted.
[2017.03.10-15.32.18:544][641]LogExit: Editor shut down
[2017.03.10-15.32.18:546][641]LogExit: Transaction tracking system shut down
[2017.03.10-15.32.21:550][641]LogObj: Freed 0b from 0 cluster array pools.
[2017.03.10-15.32.21:581][641]LogExit: Object subsystem successfully closed.
[2017.03.10-15.32.22:097][641]LogD3D11RHI: Shutdown
[2017.03.10-15.32.22:097][641]LogD3D11RHI: CleanupD3DDevice
[2017.03.10-15.32.22:453][641]LogD3D11RHI: ~FD3D11DynamicRHI
[2017.03.10-15.32.25:360][641]LogModuleManager: Shutting down and abandoning module SequencerWidgets (502)
[2017.03.10-15.32.25:360][641]LogModuleManager: Shutting down and abandoning module BlueprintGraph (500)
[2017.03.10-15.32.25:360][641]LogModuleManager: Shutting down and abandoning module BlueprintProfiler (498)
[2017.03.10-15.32.25:372][641]LogModuleManager: Shutting down and abandoning module HierarchicalLODOutliner (496)
[2017.03.10-15.32.25:389][641]LogModuleManager: Shutting down and abandoning module CrashTracker (494)
[2017.03.10-15.32.25:389][641]LogModuleManager: Shutting down and abandoning module SceneOutliner (492)
[2017.03.10-15.32.25:389][641]LogModuleManager: Shutting down and abandoning module AddContentDialog (490)
[2017.03.10-15.32.25:429][641]LogDirectoryWatcher: A directory notification for 'D:/UE/UE_4.15/FeaturePacks/' was aborted.
[2017.03.10-15.32.25:442][641]LogModuleManager: Shutting down and abandoning module WidgetCarousel (489)
[2017.03.10-15.32.25:443][641]LogModuleManager: Shutting down and abandoning module EditorWidgets (486)
[2017.03.10-15.32.25:443][641]LogModuleManager: Shutting down and abandoning module CollectionManager (484)
[2017.03.10-15.32.25:480][641]LogDirectoryWatcher: A directory notification for 'D:/UE/Shangda_Wus_Book/Content/Collections/' was aborted.
[2017.03.10-15.32.25:480][641]LogDirectoryWatcher: A directory notification for 'D:/UE/Shangda_Wus_Book/Content/Developers/Wu/Collections/' was aborted.
[2017.03.10-15.32.25:480][641]LogDirectoryWatcher: A directory notification for 'D:/UE/Shangda_Wus_Book/Saved/Collections/' was aborted.
[2017.03.10-15.32.25:480][641]LogModuleManager: Shutting down and abandoning module StatsViewer (482)
[2017.03.10-15.32.25:496][641]LogModuleManager: Shutting down and abandoning module FoliageEdit (480)
[2017.03.10-15.32.25:496][641]LogModuleManager: Shutting down and abandoning module LandscapeEditor (478)
[2017.03.10-15.32.25:517][641]LogModuleManager: Shutting down and abandoning module SceneDepthPickerMode (476)
[2017.03.10-15.32.25:517][641]LogModuleManager: Shutting down and abandoning module ActorPickerMode (474)
[2017.03.10-15.32.25:517][641]LogModuleManager: Shutting down and abandoning module GeometryMode (472)
[2017.03.10-15.32.25:517][641]LogModuleManager: Shutting down and abandoning module TextureAlignMode (470)
[2017.03.10-15.32.25:517][641]LogModuleManager: Shutting down and abandoning module BspMode (468)
[2017.03.10-15.32.25:534][641]LogModuleManager: Shutting down and abandoning module HardwareSurvey (466)
[2017.03.10-15.32.25:545][641]LogModuleManager: Shutting down and abandoning module SequenceRecorderSections (464)
[2017.03.10-15.32.25:555][641]LogModuleManager: Shutting down and abandoning module AutomationWorker (462)
[2017.03.10-15.32.25:566][641]LogModuleManager: Shutting down and abandoning module MatineeToLevelSequence (460)
[2017.03.10-15.32.25:585][641]LogModuleManager: Shutting down and abandoning module LevelSequenceEditor (458)
[2017.03.10-15.32.25:680][641]LogModuleManager: Shutting down and abandoning module PlacementMode (457)
[2017.03.10-15.32.25:680][641]LogModuleManager: Shutting down and abandoning module WmfMediaFactory (454)
[2017.03.10-15.32.25:680][641]LogModuleManager: Shutting down and abandoning module WmfMediaEditor (452)
[2017.03.10-15.32.25:680][641]LogModuleManager: Shutting down and abandoning module MfMediaFactory (450)
[2017.03.10-15.32.25:680][641]LogModuleManager: Shutting down and abandoning module MfMediaEditor (448)
[2017.03.10-15.32.25:680][641]LogModuleManager: Shutting down and abandoning module AvfMediaFactory (446)
[2017.03.10-15.32.25:680][641]LogModuleManager: Shutting down and abandoning module AvfMediaEditor (444)
[2017.03.10-15.32.25:680][641]LogModuleManager: Shutting down and abandoning module AndroidMediaFactory (442)
[2017.03.10-15.32.25:680][641]LogModuleManager: Shutting down and abandoning module Media (441)
[2017.03.10-15.32.25:680][641]LogModuleManager: Shutting down and abandoning module AndroidMediaEditor (438)
[2017.03.10-15.32.25:680][641]LogModuleManager: Shutting down and abandoning module CharacterAI (436)
[2017.03.10-15.32.25:693][641]LogModuleManager: Shutting down and abandoning module AudioCapture (434)
[2017.03.10-15.32.25:736][641]LogModuleManager: Shutting down and abandoning module SequenceRecorder (433)
[2017.03.10-15.32.25:779][641]LogModuleManager: Shutting down and abandoning module SmartSnapping (430)
[2017.03.10-15.32.25:779][641]LogModuleManager: Shutting down and abandoning module SessionServices (428)
[2017.03.10-15.32.25:779][641]LogModuleManager: Shutting down and abandoning module ViewportSnapping (426)
[2017.03.10-15.32.25:779][641]LogModuleManager: Shutting down and abandoning module ViewportInteraction (424)
[2017.03.10-15.32.25:779][641]LogModuleManager: Shutting down and abandoning module LogVisualizer (422)
[2017.03.10-15.32.25:802][641]LogModuleManager: Shutting down and abandoning module IntroTutorials (420)
[2017.03.10-15.32.25:820][641]LogModuleManager: Shutting down and abandoning module GameProjectGeneration (419)
[2017.03.10-15.32.25:848][641]LogModuleManager: Shutting down and abandoning module EditorLiveStreaming (416)
[2017.03.10-15.32.25:848][641]LogModuleManager: Shutting down and abandoning module IOSPlatformEditor (414)
[2017.03.10-15.32.25:865][641]LogModuleManager: Shutting down and abandoning module HTML5PlatformEditor (412)
[2017.03.10-15.32.25:865][641]LogModuleManager: Shutting down and abandoning module AndroidPlatformEditor (410)
[2017.03.10-15.32.25:886][641]LogModuleManager: Shutting down and abandoning module AndroidDeviceDetection (409)
[2017.03.10-15.32.26:491][641]LogModuleManager: Shutting down and abandoning module IOSRuntimeSettings (406)
[2017.03.10-15.32.26:491][641]LogModuleManager: Shutting down and abandoning module AndroidRuntimeSettings (404)
[2017.03.10-15.32.26:491][641]LogModuleManager: Shutting down and abandoning module InputBindingEditor (402)
[2017.03.10-15.32.27:036][641]LogModuleManager: Shutting down and abandoning module NiagaraEditor (400)
[2017.03.10-15.32.27:137][641]LogModuleManager: Shutting down and abandoning module MergeActors (398)
[2017.03.10-15.32.27:189][641]LogModuleManager: Shutting down and abandoning module SizeMap (396)
[2017.03.10-15.32.27:202][641]LogModuleManager: Shutting down and abandoning module TreeMap (394)
[2017.03.10-15.32.27:215][641]LogModuleManager: Shutting down and abandoning module ReferenceViewer (392)
[2017.03.10-15.32.27:215][641]LogModuleManager: Shutting down and abandoning module LocalizationDashboard (390)
[2017.03.10-15.32.27:240][641]LogModuleManager: Shutting down and abandoning module LocalizationService (389)
[2017.03.10-15.32.27:254][641]LogModuleManager: Shutting down and abandoning module HardwareTargeting (386)
[2017.03.10-15.32.27:267][641]LogModuleManager: Shutting down and abandoning module DeviceProfileEditor (384)
[2017.03.10-15.32.27:295][641]LogModuleManager: Shutting down and abandoning module UndoHistory (382)
[2017.03.10-15.32.27:403][641]LogModuleManager: Shutting down and abandoning module UserFeedback (380)
[2017.03.10-15.32.27:403][641]LogModuleManager: Shutting down and abandoning module XmlParser (378)
[2017.03.10-15.32.27:483][641]LogModuleManager: Shutting down and abandoning module Blutility (376)
[2017.03.10-15.32.27:517][641]LogModuleManager: Shutting down and abandoning module ProjectSettingsViewer (374)
[2017.03.10-15.32.27:518][641]LogModuleManager: Shutting down and abandoning module ProjectTargetPlatformEditor (373)
[2017.03.10-15.32.27:555][641]LogModuleManager: Shutting down and abandoning module EditorSettingsViewer (370)
[2017.03.10-15.32.27:570][641]LogModuleManager: Shutting down and abandoning module SettingsEditor (368)
[2017.03.10-15.32.27:586][641]LogModuleManager: Shutting down and abandoning module ProjectLauncher (366)
[2017.03.10-15.32.27:606][641]LogModuleManager: Shutting down and abandoning module SessionFrontend (364)
[2017.03.10-15.32.27:633][641]LogModuleManager: Shutting down and abandoning module ProfilerClient (362)
[2017.03.10-15.32.27:648][641]LogModuleManager: Shutting down and abandoning module DeviceManager (360)
[2017.03.10-15.32.27:678][641]LogModuleManager: Shutting down and abandoning module TargetDeviceServices (359)
[2017.03.10-15.32.27:722][641]LogModuleManager: Shutting down and abandoning module AutomationController (356)
[2017.03.10-15.32.27:753][641]LogModuleManager: Shutting down and abandoning module AutomationWindow (354)
[2017.03.10-15.32.27:780][641]LogModuleManager: Shutting down and abandoning module Layers (352)
[2017.03.10-15.32.27:798][641]LogModuleManager: Shutting down and abandoning module ComponentVisualizers (350)
[2017.03.10-15.32.27:798][641]LogModuleManager: Shutting down and abandoning module DetailCustomizations (348)
[2017.03.10-15.32.27:831][641]LogModuleManager: Shutting down and abandoning module PackagesDialog (346)
[2017.03.10-15.32.27:832][641]LogModuleManager: Shutting down and abandoning module Persona (344)
[2017.03.10-15.32.27:878][641]LogModuleManager: Shutting down and abandoning module AnimGraph (343)
[2017.03.10-15.32.27:878][641]LogModuleManager: Shutting down and abandoning module Kismet (340)
[2017.03.10-15.32.27:921][641]LogModuleManager: Shutting down and abandoning module GraphEditor (338)
[2017.03.10-15.32.27:921][641]LogModuleManager: Shutting down and abandoning module ClassViewer (336)
[2017.03.10-15.32.27:944][641]LogModuleManager: Shutting down and abandoning module Toolbox (334)
[2017.03.10-15.32.27:972][641]LogModuleManager: Shutting down and abandoning module ModuleUI (332)
[2017.03.10-15.32.27:987][641]LogModuleManager: Shutting down and abandoning module MovieSceneTools (330)
[2017.03.10-15.32.28:007][641]LogModuleManager: Shutting down and abandoning module OutputLog (328)
[2017.03.10-15.32.28:029][641]LogModuleManager: Shutting down and abandoning module GammaUI (326)
[2017.03.10-15.32.28:042][641]LogModuleManager: Shutting down and abandoning module Documentation (324)
[2017.03.10-15.32.28:042][641]LogModuleManager: Shutting down and abandoning module Niagara (322)
[2017.03.10-15.32.28:042][641]LogModuleManager: Shutting down and abandoning module StreamingPauseRendering (320)
[2017.03.10-15.32.28:042][641]LogModuleManager: Shutting down and abandoning module AnalyticsET (318)
[2017.03.10-15.32.28:042][641]LogModuleManager: Shutting down and abandoning module PortalServices (316)
[2017.03.10-15.32.28:042][641]LogModuleManager: Shutting down and abandoning module PortalRpc (314)
[2017.03.10-15.32.28:042][641]LogModuleManager: Shutting down and abandoning module MessagingRpc (312)
[2017.03.10-15.32.28:042][641]LogModuleManager: Shutting down and abandoning module AIModule (310)
[2017.03.10-15.32.28:060][641]LogModuleManager: Shutting down and abandoning module GameplayDebugger (309)
[2017.03.10-15.32.28:077][641]LogModuleManager: Shutting down and abandoning module AITestSuite (307)
[2017.03.10-15.32.28:077][641]LogModuleManager: Shutting down and abandoning module ProfilerService (304)
[2017.03.10-15.32.28:194][641]LogModuleManager: Shutting down and abandoning module TaskGraph (302)
[2017.03.10-15.32.28:222][641]LogModuleManager: Shutting down and abandoning module SteamVRController (300)
[2017.03.10-15.32.28:222][641]LogModuleManager: Shutting down and abandoning module SteamVR (298)
[2017.03.10-15.32.28:223][641]LogModuleManager: Shutting down and abandoning module ProceduralMeshComponentEditor (296)
[2017.03.10-15.32.28:242][641]LogModuleManager: Shutting down and abandoning module ProceduralMeshComponent (294)
[2017.03.10-15.32.28:252][641]LogModuleManager: Shutting down and abandoning module OculusLibrary (292)
[2017.03.10-15.32.28:252][641]LogModuleManager: Shutting down and abandoning module OculusInput (290)
[2017.03.10-15.32.28:252][641]LogModuleManager: Shutting down and abandoning module MobilePatchingUtils (288)
[2017.03.10-15.32.28:252][641]LogModuleManager: Shutting down and abandoning module CustomMeshComponent (286)
[2017.03.10-15.32.28:252][641]LogModuleManager: Shutting down and abandoning module CableComponent (284)
[2017.03.10-15.32.28:260][641]LogModuleManager: Shutting down and abandoning module ArchVisCharacter (282)
[2017.03.10-15.32.28:260][641]LogModuleManager: Shutting down and abandoning module MediaPlayerEditor (278)
[2017.03.10-15.32.28:285][641]LogModuleManager: Shutting down and abandoning module HTML5Networking (276)
[2017.03.10-15.32.28:285][641]LogModuleManager: Shutting down and abandoning module AlembicImporter (274)
[2017.03.10-15.32.28:303][641]LogModuleManager: Shutting down and abandoning module AlembicLibrary (273)
[2017.03.10-15.32.28:303][641]LogModuleManager: Shutting down and abandoning module GeometryCache (272)
[2017.03.10-15.32.28:323][641]LogModuleManager: Shutting down and abandoning module GeometryCacheEd (271)
[2017.03.10-15.32.28:323][641]LogModuleManager: Shutting down and abandoning module SuperSearchEditor (266)
[2017.03.10-15.32.28:323][641]LogModuleManager: Shutting down and abandoning module SuperSearch (265)
[2017.03.10-15.32.28:323][641]LogModuleManager: Shutting down and abandoning module SpeedTreeImporter (262)
[2017.03.10-15.32.28:323][641]LogModuleManager: Shutting down and abandoning module PluginBrowser (260)
[2017.03.10-15.32.28:341][641]LogModuleManager: Shutting down and abandoning module MobileLauncherProfileWizard (258)
[2017.03.10-15.32.28:356][641]LogModuleManager: Shutting down and abandoning module EpicSurvey (256)
[2017.03.10-15.32.28:392][641]LogModuleManager: Shutting down and abandoning module VisualStudioSourceCodeAccess (254)
[2017.03.10-15.32.28:408][641]LogModuleManager: Shutting down and abandoning module DesktopPlatform (253)
[2017.03.10-15.32.28:408][641]LogModuleManager: Shutting down and abandoning module UObjectPlugin (250)
[2017.03.10-15.32.28:408][641]LogModuleManager: Shutting down and abandoning module SubversionSourceControl (248)
[2017.03.10-15.32.28:467][641]LogModuleManager: Shutting down and abandoning module PerforceSourceControl (246)
[2017.03.10-15.32.28:495][641]LogModuleManager: Shutting down and abandoning module GitSourceControl (244)
[2017.03.10-15.32.28:512][641]LogModuleManager: Shutting down and abandoning module SourceControl (243)
[2017.03.10-15.32.28:524][641]LogModuleManager: Shutting down and abandoning module LightPropagationVolumeEditor (240)
[2017.03.10-15.32.28:524][641]LogModuleManager: Shutting down and abandoning module PaperTiledImporter (238)
[2017.03.10-15.32.28:524][641]LogModuleManager: Shutting down and abandoning module PaperSpriteSheetImporter (236)
[2017.03.10-15.32.28:524][641]LogModuleManager: Shutting down and abandoning module Paper2DEditor (234)
[2017.03.10-15.32.28:548][641]LogModuleManager: Shutting down and abandoning module MeshPaint (233)
[2017.03.10-15.32.28:567][641]LogModuleManager: Shutting down and abandoning module LevelEditor (231)
[2017.03.10-15.32.28:594][641]LogModuleManager: Shutting down and abandoning module PixelInspectorModule (230)
[2017.03.10-15.32.28:619][641]LogModuleManager: Shutting down and abandoning module MainFrame (228)
[2017.03.10-15.32.28:631][641]LogModuleManager: Shutting down and abandoning module HotReload (227)
[2017.03.10-15.32.28:687][641]LogModuleManager: Shutting down and abandoning module ContentBrowser (223)
[2017.03.10-15.32.28:714][641]LogModuleManager: Shutting down and abandoning module PhysXVehiclesEditor (220)
[2017.03.10-15.32.28:729][641]LogModuleManager: Shutting down and abandoning module PhysXVehicles (218)
[2017.03.10-15.32.28:729][641]LogModuleManager: Shutting down and abandoning module LocationServicesBPLibrary (216)
[2017.03.10-15.32.28:729][641]LogModuleManager: Shutting down and abandoning module UdpMessaging (214)
[2017.03.10-15.32.28:830][641]LogModuleManager: Shutting down and abandoning module TcpMessaging (212)
[2017.03.10-15.32.28:984][641]LogModuleManager: Shutting down and abandoning module GameplayTagsEditor (210)
[2017.03.10-15.32.29:015][641]LogModuleManager: Shutting down and abandoning module FacialAnimationEditor (208)
[2017.03.10-15.32.29:035][641]LogModuleManager: Shutting down and abandoning module FacialAnimation (206)
[2017.03.10-15.32.29:035][641]LogModuleManager: Shutting down and abandoning module LightPropagationVolumeRuntime (204)
[2017.03.10-15.32.29:035][641]LogModuleManager: Shutting down and abandoning module Paper2D (202)
[2017.03.10-15.32.29:051][641]LogModuleManager: Shutting down and abandoning module WindowsMoviePlayer (200)
[2017.03.10-15.32.29:067][641]LogModuleManager: Shutting down and abandoning module WmfMedia (198)
[2017.03.10-15.32.29:129][641]LogModuleManager: Shutting down and abandoning module MfMedia (196)
[2017.03.10-15.32.29:129][641]LogModuleManager: Shutting down and abandoning module MediaAssets (194)
[2017.03.10-15.32.29:129][641]LogModuleManager: Shutting down and abandoning module GameLiveStreaming (192)
[2017.03.10-15.32.29:148][641]LogModuleManager: Shutting down and abandoning module VREditor (190)
[2017.03.10-15.32.29:172][641]LogModuleManager: Shutting down and abandoning module GameplayTasksEditor (188)
[2017.03.10-15.32.29:172][641]LogModuleManager: Shutting down and abandoning module BehaviorTreeEditor (186)
[2017.03.10-15.32.29:285][641]LogModuleManager: Shutting down and abandoning module FunctionalTesting (184)
[2017.03.10-15.32.29:286][641]LogModuleManager: Shutting down and abandoning module CollisionAnalyzer (182)
[2017.03.10-15.32.29:348][641]LogModuleManager: Shutting down and abandoning module UMG (180)
[2017.03.10-15.32.29:357][641]LogModuleManager: Shutting down and abandoning module UMGEditor (179)
[2017.03.10-15.32.29:357][641]LogModuleManager: Shutting down and abandoning module Sequencer (178)
[2017.03.10-15.32.29:357][641]LogModuleManager: Shutting down and abandoning module AssetTools (176)
[2017.03.10-15.32.29:403][641]LogModuleManager: Shutting down and abandoning module MessageLog (175)
[2017.03.10-15.32.29:403][641]LogModuleManager: Shutting down and abandoning module WorkspaceMenuStructure (174)
[2017.03.10-15.32.29:403][641]LogModuleManager: Shutting down and abandoning module SlateReflector (168)
[2017.03.10-15.32.29:430][641]LogModuleManager: Shutting down and abandoning module Slate (166)
[2017.03.10-15.32.29:430][641]LogModuleManager: Shutting down and abandoning module EditorStyle (164)
[2017.03.10-15.32.29:447][641]LogModuleManager: Shutting down and abandoning module SourceCodeAccess (162)
[2017.03.10-15.32.29:456][641]LogModuleManager: Shutting down and abandoning module HeadMountedDisplay (160)
[2017.03.10-15.32.29:456][641]LogModuleManager: Shutting down and abandoning module XAudio2 (158)
[2017.03.10-15.32.29:456][641]LogModuleManager: Shutting down and abandoning module Networking (156)
[2017.03.10-15.32.29:456][641]LogModuleManager: Shutting down and abandoning module Core (152)
[2017.03.10-15.32.29:456][641]LogModuleManager: Shutting down and abandoning module AssetRegistry (150)
[2017.03.10-15.32.29:632][641]LogDirectoryWatcher: A directory notification for '../../../Engine/Content/' was aborted.
[2017.03.10-15.32.29:632][641]LogDirectoryWatcher: A directory notification for '../../../../Shangda_Wus_Book/Content/' was aborted.
[2017.03.10-15.32.29:632][641]LogDirectoryWatcher: A directory notification for '../../../Engine/Plugins/2D/Paper2D/Content/' was aborted.
[2017.03.10-15.32.29:688][641]LogModuleManager: Shutting down and abandoning module DirectoryWatcher (149)
[2017.03.10-15.32.29:696][641]LogModuleManager: Shutting down and abandoning module KismetCompiler (146)
[2017.03.10-15.32.29:696][641]LogModuleManager: Shutting down and abandoning module PhysXFormats (144)
[2017.03.10-15.32.29:696][641]LogModuleManager: Shutting down and abandoning module MeshUtilities (142)
[2017.03.10-15.32.29:719][641]LogModuleManager: Shutting down and abandoning module SimplygonSwarm (141)
[2017.03.10-15.32.29:736][641]LogModuleManager: Shutting down and abandoning module SimplygonMeshReduction (139)
[2017.03.10-15.32.29:736][641]LogModuleManager: Shutting down and abandoning module QuadricMeshReduction (137)
[2017.03.10-15.32.29:746][641]LogModuleManager: Shutting down and abandoning module PropertyEditor (135)
[2017.03.10-15.32.29:761][641]LogModuleManager: Shutting down and abandoning module DerivedDataCache (132)
[2017.03.10-15.32.29:842][641]LogDerivedDataCache: Shutdown
[2017.03.10-15.32.29:842][641]LogModuleManager: Shutting down and abandoning module TargetPlatform (130)
[2017.03.10-15.32.29:842][641]LogModuleManager: Shutting down and abandoning module VulkanShaderFormat (129)
[2017.03.10-15.32.29:862][641]LogModuleManager: Shutting down and abandoning module ShaderFormatOpenGL (127)
[2017.03.10-15.32.29:878][641]LogModuleManager: Shutting down and abandoning module ShaderFormatD3D (125)
[2017.03.10-15.32.29:890][641]LogModuleManager: Shutting down and abandoning module MetalShaderFormat (123)
[2017.03.10-15.32.29:917][641]LogModuleManager: Shutting down and abandoning module TextureFormatUncompressed (121)
[2017.03.10-15.32.29:917][641]LogModuleManager: Shutting down and abandoning module TextureFormatPVR (119)
[2017.03.10-15.32.29:917][641]LogModuleManager: Shutting down and abandoning module TextureFormatDXT (117)
[2017.03.10-15.32.29:934][641]LogModuleManager: Shutting down and abandoning module TextureFormatIntelISPCTexComp (115)
[2017.03.10-15.32.29:981][641]LogModuleManager: Shutting down and abandoning module TextureFormatASTC (113)
[2017.03.10-15.32.29:981][641]LogModuleManager: Shutting down and abandoning module ImageWrapper (112)
[2017.03.10-15.32.29:981][641]LogModuleManager: Shutting down and abandoning module TextureFormatAndroid (109)
[2017.03.10-15.32.29:981][641]LogModuleManager: Shutting down and abandoning module AudioFormatOpus (107)
[2017.03.10-15.32.30:018][641]LogModuleManager: Shutting down and abandoning module AudioFormatOgg (105)
[2017.03.10-15.32.30:018][641]LogModuleManager: Shutting down and abandoning module AudioFormatADPCM (103)
[2017.03.10-15.32.30:028][641]LogModuleManager: Shutting down and abandoning module LinuxTargetPlatform (101)
[2017.03.10-15.32.30:028][641]LogModuleManager: Shutting down and abandoning module LinuxServerTargetPlatform (99)
[2017.03.10-15.32.30:028][641]LogModuleManager: Shutting down and abandoning module LinuxNoEditorTargetPlatform (97)
[2017.03.10-15.32.30:028][641]LogModuleManager: Shutting down and abandoning module LinuxClientTargetPlatform (95)
[2017.03.10-15.32.30:028][641]LogModuleManager: Shutting down and abandoning module TVOSTargetPlatform (93)
[2017.03.10-15.32.30:028][641]LogModuleManager: Shutting down and abandoning module Messaging (91)
[2017.03.10-15.32.30:028][641]LogModuleManager: Shutting down and abandoning module IOSTargetPlatform (89)
[2017.03.10-15.32.30:028][641]LogModuleManager: Shutting down and abandoning module HTML5TargetPlatform (87)
[2017.03.10-15.32.30:028][641]LogModuleManager: Shutting down and abandoning module Android_PVRTCTargetPlatform (85)
[2017.03.10-15.32.30:028][641]LogModuleManager: Shutting down and abandoning module Android_MultiTargetPlatform (83)
[2017.03.10-15.32.30:028][641]LogModuleManager: Shutting down and abandoning module Android_ETC2TargetPlatform (81)
[2017.03.10-15.32.30:028][641]LogModuleManager: Shutting down and abandoning module Android_ETC1TargetPlatform (79)
[2017.03.10-15.32.30:028][641]LogModuleManager: Shutting down and abandoning module Android_DXTTargetPlatform (77)
[2017.03.10-15.32.30:028][641]LogModuleManager: Shutting down and abandoning module Android_ATCTargetPlatform (75)
[2017.03.10-15.32.30:028][641]LogModuleManager: Shutting down and abandoning module Android_ASTCTargetPlatform (73)
[2017.03.10-15.32.30:028][641]LogModuleManager: Shutting down and abandoning module AndroidTargetPlatform (71)
[2017.03.10-15.32.30:028][641]LogModuleManager: Shutting down and abandoning module WindowsTargetPlatform (69)
[2017.03.10-15.32.30:028][641]LogModuleManager: Shutting down and abandoning module WindowsServerTargetPlatform (67)
[2017.03.10-15.32.30:028][641]LogModuleManager: Shutting down and abandoning module WindowsNoEditorTargetPlatform (65)
[2017.03.10-15.32.30:028][641]LogModuleManager: Shutting down and abandoning module WindowsClientTargetPlatform (63)
[2017.03.10-15.32.30:028][641]LogModuleManager: Shutting down and abandoning module MacTargetPlatform (61)
[2017.03.10-15.32.30:029][641]LogModuleManager: Shutting down and abandoning module MacServerTargetPlatform (59)
[2017.03.10-15.32.30:029][641]LogModuleManager: Shutting down and abandoning module MacNoEditorTargetPlatform (57)
[2017.03.10-15.32.30:029][641]LogModuleManager: Shutting down and abandoning module MacClientTargetPlatform (55)
[2017.03.10-15.32.30:029][641]LogModuleManager: Shutting down and abandoning module AllDesktopTargetPlatform (53)
[2017.03.10-15.32.30:029][641]LogModuleManager: Shutting down and abandoning module InputCore (50)
[2017.03.10-15.32.30:029][641]LogModuleManager: Shutting down and abandoning module Settings (48)
[2017.03.10-15.32.30:029][641]LogModuleManager: Shutting down and abandoning module OculusRift (46)
[2017.03.10-15.32.30:029][641]LogModuleManager: Shutting down and abandoning module ExampleDeviceProfileSelector (44)
[2017.03.10-15.32.30:029][641]LogModuleManager: Shutting down and abandoning module OnlineBlueprintSupport (42)
[2017.03.10-15.32.30:029][641]LogModuleManager: Shutting down and abandoning module OnlineSubsystem (38)
[2017.03.10-15.32.30:029][641]LogOnline:Display: Unloading online subsystem: NULL
[2017.03.10-15.32.30:072][641]LogModuleManager: Shutting down and abandoning module XMPP (37)
[2017.03.10-15.32.30:102][641]LogModuleManager: Shutting down and abandoning module HTTP (35)
[2017.03.10-15.32.30:117][641]LogHttp:Display: Http module shutting down, but needs to wait on 1 outstanding Http requests:
[2017.03.10-15.32.30:117][641]LogHttp:Display: 	verb=[POST] url=[https://datarouter.ol.epicgames.com/datarouter/api/v1/public/data?SessionID=%7B0F2A41EF-43F9-D489-E7A5-72951A64A570%7D&AppID=UEEditor.Rocket.Release&AppVersion=4.15.0-3299760%2B%2B%2BUE4%2BRelease-4.15&UserID=632252274a1a51c5d09319ad812ffc6f%7Cdfb84846bd18458ea4123b3e7e2ad85b%7C611662be-5782-4c58-b6ba-4e13bbc45909&AppEnvironment=datacollector-binary&UploadType=eteventstream] status=Processing
[2017.03.10-15.32.30:137][641]LogModuleManager: Shutting down and abandoning module SSL (34)
[2017.03.10-15.32.30:155][641]LogModuleManager: Shutting down and abandoning module AudioEditor (30)
[2017.03.10-15.32.30:170][641]LogModuleManager: Shutting down and abandoning module TextureCompressor (28)
[2017.03.10-15.32.30:186][641]LogModuleManager: Shutting down and abandoning module ShaderCore (26)
[2017.03.10-15.32.30:186][641]LogModuleManager: Shutting down and abandoning module Landscape (24)
[2017.03.10-15.32.30:186][641]LogModuleManager: Shutting down and abandoning module SlateRHIRenderer (22)
[2017.03.10-15.32.30:253][641]LogModuleManager: Shutting down and abandoning module OpenGLDrv (20)
[2017.03.10-15.32.30:271][641]LogModuleManager: Shutting down and abandoning module D3D11RHI (18)
[2017.03.10-15.32.30:271][641]LogModuleManager: Shutting down and abandoning module AnimGraphRuntime (16)
[2017.03.10-15.32.30:286][641]LogModuleManager: Shutting down and abandoning module Renderer (14)
[2017.03.10-15.32.30:286][641]LogModuleManager: Shutting down and abandoning module Engine (12)
[2017.03.10-15.32.30:286][641]LogModuleManager: Shutting down and abandoning module CoreUObject (10)
[2017.03.10-15.32.30:286][641]LogModuleManager: Shutting down and abandoning module NetworkFile (8)
[2017.03.10-15.32.30:297][641]LogModuleManager: Shutting down and abandoning module StreamingFile (6)
[2017.03.10-15.32.30:300][641]LogModuleManager: Shutting down and abandoning module SandboxFile (4)
[2017.03.10-15.32.30:300][641]LogModuleManager: Shutting down and abandoning module PakFile (2)
[2017.03.10-15.32.30:323][641]LogExit: Exiting.
[2017.03.10-15.32.30:329][641]Log file closed, 03/10/17 23:32:30
