Log file open, 03/02/17 09:57:36
LogInit:Display: Running engine for game: Shangda_Wus_Book
LogPlatformFile: Not using cached read wrapper
LogInit:Display: RandInit(-1987921789) SRandInit(-1987921789).
LogTaskGraph: Started task graph with 5 named threads and 8 total threads with 1 sets of task threads.
LogStats: Stats thread started at 0.741644
LogInit: Using libcurl 7.47.1
LogInit:  - built for x86_64-pc-win32
LogInit:  - supports SSL with OpenSSL/1.0.2g
LogInit:  - supports HTTP deflate (compression) using libz 1.2.8
LogInit:  - other features:
LogInit:      CURL_VERSION_SSL
LogInit:      CURL_VERSION_LIBZ
LogInit:      CURL_VERSION_IPV6
LogInit:      CURL_VERSION_ASYNCHDNS
LogInit:      CURL_VERSION_LARGEFILE
LogInit:      CURL_VERSION_IDN
LogInit:  CurlRequestOptions (configurable via config and command line):
LogInit:  - bVerifyPeer = false  - Libcurl will NOT verify peer certificate
LogInit:  - bUseHttpProxy = false  - Libcurl will NOT use HTTP proxy
LogInit:  - bDontReuseConnections = false  - Libcurl will reuse connections
LogInit:  - CertBundlePath = nullptr  - Libcurl will use whatever was configured at build time.
LogInit: Build: ++UE4+Release-4.15-CL-3299760
LogInit: Engine Version: 4.15.0-3299760+++UE4+Release-4.15
LogInit: Compatible Engine Version: 4.15.0-3299760+++UE4+Release-4.15
LogInit: Net CL: 3299760
LogDevObjectVersion: Number of dev versions registered: 14
LogDevObjectVersion:   Dev-Blueprints (B0D832E4-1F89-4F0D-ACCF-7EB736FD4AA2): 8
LogDevObjectVersion:   Dev-Build (E1C64328-A22C-4D53-A36C-8E866417BD8C): 0
LogDevObjectVersion:   Dev-Core (375EC13C-06E4-48FB-B500-84F0262A717E): 2
LogDevObjectVersion:   Dev-Editor (E4B068ED-F494-42E9-A231-DA0B2E46BB41): 14
LogDevObjectVersion:   Dev-Framework (CFFC743F-43B0-4480-9391-14DF171D2073): 22
LogDevObjectVersion:   Dev-Mobile (B02B49B5-BB20-44E9-A304-32B752E40360): 0
LogDevObjectVersion:   Dev-Networking (A4E4105C-59A1-49B5-A7C5-40C4547EDFEE): 0
LogDevObjectVersion:   Dev-Online (39C831C9-5AE6-47DC-9A44-9C173E1C8E7C): 0
LogDevObjectVersion:   Dev-Physics (78F01B33-EBEA-4F98-B9B4-84EACCB95AA2): 0
LogDevObjectVersion:   Dev-Platform (6631380F-2D4D-43E0-8009-CF276956A95A): 0
LogDevObjectVersion:   Dev-Rendering (12F88B9F-8875-4AFC-A67C-D90C383ABD29): 12
LogDevObjectVersion:   Dev-Sequencer (7B5AE74C-D270-4C10-A958-57980B212A5A): 3
LogDevObjectVersion:   Dev-VR (D7296918-1DD6-4BDD-9DE2-64A83CC13884): 0
LogDevObjectVersion:   Dev-LoadTimes (C2A15278-BFE7-4AFE-6C17-90FF531DF755): 1
LogInit: Compiled (64-bit): Feb 14 2017 02:04:14
LogInit: Compiled with Visual C++: 19.00.23026.00
LogInit: Build Configuration: Development
LogInit: Branch Name: ++UE4+Release-4.15
LogInit: Command line:  
LogInit: Base directory: D:/UE/UE_4.15/Engine/Binaries/Win64/
LogInit: Installed Engine Build: 1
LogInit: Presizing for max 8388607 objects, including 0 objects not considered by GC, pre-allocating 0 bytes for permanent pool.
LogInit: Object subsystem initialized
[2017.03.02-01.57.39:184][  0]LogInit: Selected Device Profile: [Windows]
[2017.03.02-01.57.39:184][  0]LogInit: Applying CVar settings loaded from the selected device profile: [Windows]
[2017.03.02-01.57.39:326][  0]LogInit: Computer: SHANGDA_WU
[2017.03.02-01.57.39:326][  0]LogInit: User: Wu
[2017.03.02-01.57.39:326][  0]LogInit: CPU Page size=65536, Cores=4
[2017.03.02-01.57.39:326][  0]LogInit: High frequency timer resolution =2.531251 MHz
[2017.03.02-01.57.39:337][  0]LogMemory: Memory total: Physical=7.8GB (8GB approx)
[2017.03.02-01.57.39:340][  0]LogMemory: Platform Memory Stats for Windows
[2017.03.02-01.57.39:340][  0]LogMemory: Process Physical Memory: 268.88 MB used, 268.88 MB peak
[2017.03.02-01.57.39:340][  0]LogMemory: Process Virtual Memory: 262.54 MB used, 262.54 MB peak
[2017.03.02-01.57.39:340][  0]LogMemory: Physical Memory: 4473.19 MB used,  3536.77 MB free, 8009.96 MB total
[2017.03.02-01.57.39:340][  0]LogMemory: Virtual Memory: 643.55 MB used,  3536.77 MB free, 134217728.00 MB total
[2017.03.02-01.57.40:670][  0]LogInit: Overriding culture en with editor configuration.
[2017.03.02-01.57.43:599][  0]LogD3D11RHI: D3D11 adapters:
[2017.03.02-01.57.43:640][  0]LogD3D11RHI:    0. 'NVIDIA GeForce GTX 970M' (Feature Level 11_0)
[2017.03.02-01.57.43:641][  0]LogD3D11RHI:       3037/0/4004 MB DedicatedVideo/DedicatedSystem/SharedSystem, Outputs:2, VendorId:0x10de
[2017.03.02-01.57.43:657][  0]LogD3D11RHI:    1. 'Intel(R) HD Graphics 530' (Feature Level 11_0)
[2017.03.02-01.57.43:657][  0]LogD3D11RHI:       128/0/4004 MB DedicatedVideo/DedicatedSystem/SharedSystem, Outputs:0, VendorId:0x8086
[2017.03.02-01.57.43:658][  0]LogD3D11RHI:    2. 'Microsoft Basic Render Driver' (Feature Level 11_0)
[2017.03.02-01.57.43:658][  0]LogD3D11RHI:       0/0/4004 MB DedicatedVideo/DedicatedSystem/SharedSystem, Outputs:0, VendorId:0x1414
[2017.03.02-01.57.43:658][  0]LogD3D11RHI: Chosen D3D11 Adapter: 0
[2017.03.02-01.57.43:666][  0]LogD3D11RHI: Creating new Direct3DDevice
[2017.03.02-01.57.43:667][  0]LogD3D11RHI:     GPU DeviceId: 0x13d8 (for the marketing name, search the web for "GPU Device Id")
[2017.03.02-01.57.43:667][  0]LogWindows: EnumDisplayDevices:
[2017.03.02-01.57.43:667][  0]LogWindows:    0. 'Intel(R) HD Graphics 530' (P:1 D:1)
[2017.03.02-01.57.43:667][  0]LogWindows:    1. 'Intel(R) HD Graphics 530' (P:0 D:0)
[2017.03.02-01.57.43:668][  0]LogWindows:    2. 'Intel(R) HD Graphics 530' (P:0 D:0)
[2017.03.02-01.57.43:668][  0]LogWindows:    3. 'NVIDIA GeForce GTX 970M' (P:0 D:1)
[2017.03.02-01.57.43:668][  0]LogWindows:    4. 'NVIDIA GeForce GTX 970M' (P:0 D:0)
[2017.03.02-01.57.43:669][  0]LogWindows:    5. 'NVIDIA GeForce GTX 970M' (P:0 D:0)
[2017.03.02-01.57.43:669][  0]LogWindows:    6. 'NVIDIA GeForce GTX 970M' (P:0 D:0)
[2017.03.02-01.57.43:670][  0]LogWindows: DebugString: PrimaryIsNotTheChoosenAdapter PrimaryIsNotTheChoosenAdapter PrimaryIsNotTheChoosenAdapter FoundDriverCount:4 
[2017.03.02-01.57.43:670][  0]LogD3D11RHI:     Adapter Name: NVIDIA GeForce GTX 970M
[2017.03.02-01.57.43:670][  0]LogD3D11RHI:   Driver Version: 369.09 (internal:21.21.13.6909, unified:369.09)
[2017.03.02-01.57.43:670][  0]LogD3D11RHI:      Driver Date: 8-1-2016
[2017.03.02-01.57.43:670][  0]LogRHI: Texture pool is 1361 MB (70% of 1945 MB)
[2017.03.02-01.57.43:731][  0]LogD3D11RHI: Async texture creation enabled
[2017.03.02-01.57.44:223][  0]LogD3D11RHI: GPU Timing Frequency: 1000.000000 (Debug: 2 1)
[2017.03.02-01.57.44:490][  0]LogShaderCompilers: Guid format shader working directory is 14 characters bigger than the processId version (../../../../Shangda_Wus_Book/Intermediate/Shaders/WorkingDirectory/15324/).
[2017.03.02-01.57.44:491][  0]LogShaderCompilers: Cleaned the shader compiler working directory 'C:/Users/Wu/AppData/Local/Temp/UnrealShaderWorkingDir/DE39E48A44495B5EDCA50C81A94AD5FA/'.
[2017.03.02-01.57.44:496][  0]LogShaderCompilers:Display: Using Local Shader Compiler.
[2017.03.02-01.57.48:591][  0]LogTemp:Display: Loaded TP AllDesktopTargetPlatform
[2017.03.02-01.57.48:661][  0]LogTemp:Display: Loaded TP MacClientTargetPlatform
[2017.03.02-01.57.48:729][  0]LogTemp:Display: Loaded TP MacNoEditorTargetPlatform
[2017.03.02-01.57.48:792][  0]LogTemp:Display: Loaded TP MacServerTargetPlatform
[2017.03.02-01.57.48:883][  0]LogTemp:Display: Loaded TP MacTargetPlatform
[2017.03.02-01.57.48:962][  0]LogTemp:Display: Loaded TP WindowsClientTargetPlatform
[2017.03.02-01.57.49:021][  0]LogTemp:Display: Loaded TP WindowsNoEditorTargetPlatform
[2017.03.02-01.57.49:083][  0]LogTemp:Display: Loaded TP WindowsServerTargetPlatform
[2017.03.02-01.57.49:141][  0]LogTemp:Display: Loaded TP WindowsTargetPlatform
[2017.03.02-01.57.49:219][  0]LogTemp:Display: Loaded TP AndroidTargetPlatform
[2017.03.02-01.57.49:291][  0]LogTemp:Display: Loaded TP Android_ASTCTargetPlatform
[2017.03.02-01.57.49:354][  0]LogTemp:Display: Loaded TP Android_ATCTargetPlatform
[2017.03.02-01.57.49:423][  0]LogTemp:Display: Loaded TP Android_DXTTargetPlatform
[2017.03.02-01.57.49:508][  0]LogTemp:Display: Loaded TP Android_ETC1TargetPlatform
[2017.03.02-01.57.49:581][  0]LogTemp:Display: Loaded TP Android_ETC2TargetPlatform
[2017.03.02-01.57.49:748][  0]LogTemp:Display: Loaded TP Android_MultiTargetPlatform
[2017.03.02-01.57.49:748][  0]LogTemp:Display: Loaded TP Android_PVRTCTargetPlatform
[2017.03.02-01.57.49:807][  0]LogTemp:Display: Loaded TP HTML5TargetPlatform
[2017.03.02-01.57.49:976][  0]LogTemp:Display: Loaded TP IOSTargetPlatform
[2017.03.02-01.57.50:011][  0]LogTemp:Display: Loaded TP TVOSTargetPlatform
[2017.03.02-01.57.50:082][  0]LogTemp:Display: Loaded TP LinuxClientTargetPlatform
[2017.03.02-01.57.50:143][  0]LogTemp:Display: Loaded TP LinuxNoEditorTargetPlatform
[2017.03.02-01.57.50:206][  0]LogTemp:Display: Loaded TP LinuxServerTargetPlatform
[2017.03.02-01.57.50:273][  0]LogTemp:Display: Loaded TP LinuxTargetPlatform
[2017.03.02-01.57.50:273][  0]LogTargetPlatformManager:Display: Building Assets For Windows
[2017.03.02-01.57.51:343][  0]LogDerivedDataCache:Display: Max Cache Size: 512 MB
[2017.03.02-01.57.51:634][  0]LogDerivedDataCache: Loaded boot cache 0.28s 52MB C:/Users/Wu/AppData/Local/UnrealEngine/4.15/DerivedDataCache/Boot.ddc.
[2017.03.02-01.57.51:634][  0]LogDerivedDataCache:Display: Loaded Boot cache: C:/Users/Wu/AppData/Local/UnrealEngine/4.15/DerivedDataCache/Boot.ddc
[2017.03.02-01.57.51:634][  0]LogDerivedDataCache: FDerivedDataBackendGraph:  Pak pak cache file ../../../../Shangda_Wus_Book/DerivedDataCache/DDC.ddp not found, will not use a pak cache.
[2017.03.02-01.57.51:634][  0]LogDerivedDataCache: Unable to find inner node Pak for hierarchical cache Hierarchy.
[2017.03.02-01.57.51:634][  0]LogDerivedDataCache: FDerivedDataBackendGraph:  CompressedPak pak cache file ../../../../Shangda_Wus_Book/DerivedDataCache/Compressed.ddp not found, will not use a pak cache.
[2017.03.02-01.57.51:634][  0]LogDerivedDataCache: Unable to find inner node CompressedPak for hierarchical cache Hierarchy.
[2017.03.02-01.57.51:713][  0]LogDerivedDataCache:Display: Pak cache opened for reading ../../../Engine/DerivedDataCache/Compressed.ddp.
[2017.03.02-01.57.51:730][  0]LogDerivedDataCache: Using Local data cache path C:/Users/Wu/AppData/Local/UnrealEngine/Common/DerivedDataCache: Writable
[2017.03.02-01.57.52:060][  0]LogSlate: Using Freetype 2.6.0
[2017.03.02-01.57.52:213][  0]LogSlate: SlateFontCache - WITH_FREETYPE: 1, WITH_HARFBUZZ: 1
[2017.03.02-01.57.52:213][  0]LogSlate: SlateFontCache - WITH_FREETYPE: 1, WITH_HARFBUZZ: 1
[2017.03.02-01.58.03:640][  0]LogInit: Selected Device Profile: [Windows]
[2017.03.02-01.58.03:812][  0]LogContentStreaming: Texture pool size is 0.00 MB
[2017.03.02-01.58.05:696][  0]LogMeshUtilities: Using QuadricMeshReduction for automatic static mesh reduction
[2017.03.02-01.58.05:867][  0]LogSimplygon: Simplygon DLL not present - disabling.
[2017.03.02-01.58.05:949][  0]LogMeshUtilities: Using SimplygonSwarm for distributed automatic mesh merging
[2017.03.02-01.58.05:949][  0]LogMeshUtilities: No automatic skeletal mesh reduction module available
[2017.03.02-01.58.05:949][  0]LogMeshUtilities: No automatic mesh merging module available
[2017.03.02-01.58.14:545][  0]LogNetVersion: GetLocalNetworkVersion: CL: 3299760, ProjectName: shangda_wus_book, ProjectVersion: , EngineNetworkVersion: 2, GameNetworkVersion: 0, NetworkChecksum: 2213960243
[2017.03.02-01.58.14:860][  0]LogAssetRegistry: FAssetRegistry took 0.0249 seconds to start up
[2017.03.02-01.58.15:086][  0]LogPackageLocalizationCache: Processed 3 localized package path(s) for 1 prioritized culture(s) in 0.125084 seconds
[2017.03.02-01.58.15:175][  0]LogUObjectArray: 32475 objects as part of root set at end of initial load.
[2017.03.02-01.58.15:176][  0]LogUObjectAllocator: 7073360 out of 0 bytes used by permanent object pool.
[2017.03.02-01.58.15:176][  0]LogUObjectArray: CloseDisregardForGC: 0/0 objects in disregard for GC pool
[2017.03.02-01.58.15:348][  0]LogInit: WinSock: version 1.1 (2.2), MaxSocks=32767, MaxUdp=65467
[2017.03.02-01.58.48:317][  0]LogTcpMessaging: Initializing TcpMessaging bridge
[2017.03.02-01.58.48:455][  0]LogUdpMessaging: Initializing bridge on interface 0.0.0.0:0 to multicast group 230.0.0.1:6666.
[2017.03.02-01.58.50:721][  0]LogMaterial: Uniform references updated for custom material expression Custom.
[2017.03.02-01.58.51:719][  0]SourceControl: Info Source control is disabled
[2017.03.02-01.58.51:722][  0]SourceControl: Info Source control is disabled
[2017.03.02-01.58.51:893][  0]SourceControl: Info Source control is disabled
[2017.03.02-01.58.51:991][  0]SourceControl: Info Source control is disabled
[2017.03.02-01.58.55:807][  0]LogEngine: Initializing Engine...
[2017.03.02-01.58.55:837][  0]LogHMD: Failed to initialize OpenVR with code 110
[2017.03.02-01.58.57:070][  0]LogAIModule: Creating AISystem for world Untitled
[2017.03.02-01.58.57:588][  0]LogInit: XAudio2 using '扬声器 (Realtek High Definition Audio)' : 2 channels at 48 kHz using 32 bits per sample (channel mask 0x3)
[2017.03.02-01.58.57:701][  0]LogInit: FAudioDevice initialized.
[2017.03.02-01.58.57:741][  0]LogDerivedDataCache: Saved boot cache 0.04s 52MB C:/Users/Wu/AppData/Local/UnrealEngine/4.15/DerivedDataCache/Boot.ddc.
[2017.03.02-01.58.57:748][  0]LogInit: Texture streaming: Enabled
[2017.03.02-01.58.57:986][  0]LogEngineSessionManager: EngineSessionManager initialized
[2017.03.02-01.58.58:346][  0]LogInit: Transaction tracking system initialized
[2017.03.02-01.58.59:285][  0]BlueprintLog: New page: Editor Load
[2017.03.02-01.59.01:894][  0]LocalizationService: Info Localization service is disabled
[2017.03.02-01.59.03:505][  0]LogConsoleResponse:Display: 
[2017.03.02-01.59.06:191][  0]LogFileCache: Scanning file cache for directory 'D:/UE/Shangda_Wus_Book/Content/' took 0.01s
[2017.03.02-01.59.06:191][  0]LogCook:Display: Max memory allowance for cook 16384mb min free memory 0mb
[2017.03.02-01.59.06:192][  0]LogCook:Display: Mobile HDR setting 1
[2017.03.02-01.59.10:733][  0]SourceControl: Info Source control is disabled
[2017.03.02-01.59.10:837][  0]Cmd: MAP LOAD FILE="../../../Engine/Content/Maps/Templates/Template_Default.umap" TEMPLATE=1 SHOWPROGRESS=1 FEATURELEVEL=3
[2017.03.02-01.59.10:861][  0]LightingResults: New page: Lighting Build
[2017.03.02-01.59.11:352][  0]MapCheck: New page: Map Check
[2017.03.02-01.59.11:352][  0]LightingResults: New page: Lighting Build
[2017.03.02-01.59.14:093][  0]LogAIModule: Creating AISystem for world Untitled_1
[2017.03.02-01.59.14:115][  0]LogActorComponent: RegisterComponentWithWorld: (/Temp/Untitled_1.Untitled_1:PersistentLevel.WorldSettings_1.StaticMeshComponent0) Trying to register component with IsPendingKill() == true. Aborting.
[2017.03.02-01.59.15:249][  0]LogEditorServer: Finished looking for orphan Actors (0.000 secs)
[2017.03.02-01.59.15:484][  0]Cmd: MAP CHECKDEP NOCLEARLOG
[2017.03.02-01.59.15:552][  0]MapCheck: Info Map check complete: 0 Error(s), 0 Warning(s), took 56.323ms to complete.
[2017.03.02-01.59.15:553][  0]LogFileHelpers: Loading map 'Template_Default' took 4.762
[2017.03.02-01.59.19:358][  0]LogCollectionManager: Loaded 0 collections in 0.002349 seconds
[2017.03.02-01.59.19:576][  0]LogFileCache: Scanning file cache for directory 'D:/UE/Shangda_Wus_Book/Saved/Collections/' took 0.01s
[2017.03.02-01.59.19:576][  0]LogFileCache: Scanning file cache for directory 'D:/UE/Shangda_Wus_Book/Content/Developers/Wu/Collections/' took 0.01s
[2017.03.02-01.59.19:576][  0]LogFileCache: Scanning file cache for directory 'D:/UE/Shangda_Wus_Book/Content/Collections/' took 0.01s
[2017.03.02-01.59.19:576][  0]LogCollectionManager: Rebuilt the GUID cache for 0 collections in 0.000002 seconds
[2017.03.02-01.59.19:588][  0]LogContentBrowser: Native class hierarchy populated in 0.0112 seconds. Added 2244 classes and 450 folders.
[2017.03.02-01.59.19:736][  0]LogStats: UGameplayTagsManager::ConstructGameplayTagTree: Construct from data asset -  0.007 s
[2017.03.02-01.59.19:737][  0]LogStats: UGameplayTagsManager::ConstructGameplayTagTree: GameplayTagTreeChangedEvent.Broadcast -  0.000 s
[2017.03.02-01.59.19:858][  0]LogContentBrowser: Native class hierarchy updated for 'WidgetCarousel' in 0.0005 seconds. Added 0 classes and 0 folders.
[2017.03.02-01.59.21:230][  0]LogContentBrowser: Native class hierarchy updated for 'AddContentDialog' in 0.0006 seconds. Added 0 classes and 0 folders.
[2017.03.02-01.59.21:383][  0]LogContentBrowser: Native class hierarchy updated for 'SceneOutliner' in 0.0007 seconds. Added 1 classes and 2 folders.
[2017.03.02-01.59.23:132][  0]LogCrashTracker: Crashtracker disabled due to settings.
[2017.03.02-01.59.23:511][  0]LogUObjectGlobals:Warning: Failed to find object 'Class None.'
[2017.03.02-01.59.23:760][  0]LogContentBrowser: Native class hierarchy updated for 'HierarchicalLODOutliner' in 0.0005 seconds. Added 1 classes and 2 folders.
[2017.03.02-01.59.23:761][  0]LogLoad: (Engine Initialization) Total time: 116.73 seconds
[2017.03.02-01.59.23:761][  0]LogLoad: (Engine Initialization) Total Blueprint compile time: 1.05 seconds
[2017.03.02-01.59.23:761][  0]LogExternalProfiler: No external profilers were discovered.  External profiling features will not be available.
[2017.03.02-01.59.24:232][  0]LogOcInput: OculusInput pre-init called
[2017.03.02-01.59.25:202][  0]LogContentStreaming: Texture pool size now 1000 MB
[2017.03.02-01.59.25:535][  0]LogSlate: Took 0.012532 seconds to synchronously load lazily loaded font '../../../Engine/Content/Slate/Fonts/Roboto-Regular.ttf' (155K)
[2017.03.02-01.59.25:604][  0]LogSlate: Took 0.018001 seconds to synchronously load lazily loaded font '../../../Engine/Content/Slate/Fonts/Roboto-Bold.ttf' (160K)
[2017.03.02-01.59.25:712][  0]LogSlate: Took 0.013456 seconds to synchronously load lazily loaded font '../../../Engine/Content/Editor/Slate/Fonts/FontAwesome.ttf' (139K)
[2017.03.02-01.59.27:859][  0]LogRenderer: Reallocating scene render targets to support 1116x616 NumSamples 1 (Frame:2).
[2017.03.02-01.59.29:059][  3]LogAssetRegistry: Asset discovery search completed in 74.2228 seconds
[2017.03.02-01.59.29:060][  3]LogCollectionManager: Rebuilt the object cache for 0 collections in 0.000418 seconds (found 0 objects)
[2017.03.02-01.59.29:060][  3]LogCollectionManager: Fixed up redirectors for 0 collections in 0.000643 seconds (updated 0 objects)
[2017.03.02-01.59.31:570][ 10]LogSlate: Took 0.018104 seconds to synchronously load lazily loaded font '../../../Engine/Content/Slate/Fonts/Roboto-Light.ttf' (159K)
[2017.03.02-02.09.02:563][ 40]LogSlate: Took 0.000128 seconds to synchronously load lazily loaded font '../../../Engine/Content/Slate/Fonts/Roboto-Light.ttf' (159K)
[2017.03.02-02.09.03:517][ 40]LogSlate: Took 0.000236 seconds to synchronously load lazily loaded font '../../../Engine/Content/Slate/Fonts/Roboto-Regular.ttf' (155K)
[2017.03.02-02.09.03:545][ 40]LogAIModule: Creating AISystem for world Shangda_Wus_Book_Main_Scenes
[2017.03.02-02.09.04:009][ 40]Cmd: MAP LOAD FILE="../../../../Shangda_Wus_Book/Content/Shangda_Wus_Book_Main_Scenes.umap" TEMPLATE=0 SHOWPROGRESS=1 FEATURELEVEL=3
[2017.03.02-02.09.04:010][ 40]LightingResults: New page: Lighting Build
[2017.03.02-02.09.04:012][ 40]LoadErrors: New page: Loading map: Shangda_Wus_Book_Main_Scenes.umap
[2017.03.02-02.09.04:063][ 40]MapCheck: New page: Map Check
[2017.03.02-02.09.04:063][ 40]LightingResults: New page: Lighting Build
[2017.03.02-02.09.04:577][ 40]LogEditorServer: Finished looking for orphan Actors (0.000 secs)
[2017.03.02-02.09.04:637][ 40]Cmd: MAP CHECKDEP NOCLEARLOG
[2017.03.02-02.09.04:669][ 40]MapCheck: Info Map check complete: 0 Error(s), 0 Warning(s), took 32.047ms to complete.
[2017.03.02-02.09.04:669][ 40]LogFileHelpers: Loading map 'Shangda_Wus_Book_Main_Scenes' took 0.713
[2017.03.02-02.09.05:038][ 43]LogSlate: Took 0.040363 seconds to synchronously load lazily loaded font '../../../Engine/Content/Slate/Fonts/DroidSansFallback.ttf' (3848K)
[2017.03.02-04.08.50:432][704]LogContentBrowser: Native class hierarchy updated for 'BlueprintGraph' in 0.0189 seconds. Added 112 classes and 0 folders.
[2017.03.02-04.08.54:770][704]LogSlate: Took 0.012275 seconds to synchronously load lazily loaded font '../../../Engine/Content/Slate/Fonts/Roboto-Light.ttf' (159K)
[2017.03.02-04.08.54:836][704]LogSlate: Took 0.064018 seconds to synchronously load lazily loaded font '../../../Engine/Content/Editor/Slate/Fonts/Roboto-BoldCondensed.ttf' (158K)
[2017.03.02-04.08.59:003][777]LogSlate: Took 0.012309 seconds to synchronously load lazily loaded font '../../../Engine/Content/Editor/Slate/Fonts/Roboto-Italic.ttf' (157K)
[2017.03.02-04.10.59:764][936]BlueprintLog: New page: Compile UI_Story
[2017.03.02-04.11.00:564][941]LogTemp: Repeting last play command: New Editor Window (PIE)
[2017.03.02-04.11.00:641][941]LogBlueprintUserMessages: Early PlayInEditor Detection: Level '/Game/Shangda_Wus_Book_Main_Scenes.Shangda_Wus_Book_Main_Scenes:PersistentLevel' has LevelScriptBlueprint '/Game/Shangda_Wus_Book_Main_Scenes.Shangda_Wus_Book_Main_Scenes:PersistentLevel.Shangda_Wus_Book_Main_Scenes' with GeneratedClass '/Game/Shangda_Wus_Book_Main_Scenes.Shangda_Wus_Book_Main_Scenes_C' with ClassGeneratedBy '/Game/Shangda_Wus_Book_Main_Scenes.Shangda_Wus_Book_Main_Scenes:PersistentLevel.Shangda_Wus_Book_Main_Scenes'
[2017.03.02-04.11.00:660][941]LogPlayLevel: PlayLevel: No blueprints needed recompiling
[2017.03.02-04.11.00:745][941]PIE: New page: PIE session: Shangda_Wus_Book_Main_Scenes (Mar 2, 2017, 8:11:00 PM)
[2017.03.02-04.11.00:757][941]LogPlayLevel: Creating play world package: /Game/UEDPIE_0_Shangda_Wus_Book_Main_Scenes
[2017.03.02-04.11.00:801][941]LogPlayLevel: PIE: StaticDuplicateObject took: (0.043934s)
[2017.03.02-04.11.00:802][941]LogAIModule: Creating AISystem for world Shangda_Wus_Book_Main_Scenes
[2017.03.02-04.11.00:819][941]LogPlayLevel: PIE: World Init took: (0.017358s)
[2017.03.02-04.11.00:833][941]LogPlayLevel: PIE: Created PIE world by copying editor world from /Game/Shangda_Wus_Book_Main_Scenes.Shangda_Wus_Book_Main_Scenes to /Game/UEDPIE_0_Shangda_Wus_Book_Main_Scenes.Shangda_Wus_Book_Main_Scenes (0.076388s)
[2017.03.02-04.11.00:942][941]LogInit: XAudio2 using '扬声器 (Realtek High Definition Audio)' : 2 channels at 48 kHz using 32 bits per sample (channel mask 0x3)
[2017.03.02-04.11.00:973][941]LogInit: FAudioDevice initialized.
[2017.03.02-04.11.01:186][941]LogLoad: Game class is 'GP_GameMode_C'
[2017.03.02-04.11.01:191][941]LogWorld: Bringing World /Game/UEDPIE_0_Shangda_Wus_Book_Main_Scenes.Shangda_Wus_Book_Main_Scenes up for play (max tick rate 60) at 2017.03.02-12.11.01
[2017.03.02-04.11.01:337][941]LogWorld: Bringing up level for play took: 0.148940
[2017.03.02-04.11.01:678][941]LogContentBrowser: Native class hierarchy updated for 'MovieSceneCapture' in 0.0009 seconds. Added 11 classes and 0 folders.
[2017.03.02-04.11.01:840][941]PIE: Info Play in editor start time for /Game/UEDPIE_0_Shangda_Wus_Book_Main_Scenes 1.89
[2017.03.02-04.11.01:855][941]LogBlueprintUserMessages: Late PlayInEditor Detection: Level '/Game/Shangda_Wus_Book_Main_Scenes.Shangda_Wus_Book_Main_Scenes:PersistentLevel' has LevelScriptBlueprint '/Game/Shangda_Wus_Book_Main_Scenes.Shangda_Wus_Book_Main_Scenes:PersistentLevel.Shangda_Wus_Book_Main_Scenes' with GeneratedClass '/Game/Shangda_Wus_Book_Main_Scenes.Shangda_Wus_Book_Main_Scenes_C' with ClassGeneratedBy '/Game/Shangda_Wus_Book_Main_Scenes.Shangda_Wus_Book_Main_Scenes:PersistentLevel.Shangda_Wus_Book_Main_Scenes'
[2017.03.02-04.11.02:005][941]LogRenderer: Reallocating scene render targets to support 1116x996 NumSamples 1 (Frame:8636).
[2017.03.02-04.11.10:177][247]LogBlueprintUserMessages: Early EndPlayMap Detection: Level '/Game/Shangda_Wus_Book_Main_Scenes.Shangda_Wus_Book_Main_Scenes:PersistentLevel' has LevelScriptBlueprint '/Game/Shangda_Wus_Book_Main_Scenes.Shangda_Wus_Book_Main_Scenes:PersistentLevel.Shangda_Wus_Book_Main_Scenes' with GeneratedClass '/Game/Shangda_Wus_Book_Main_Scenes.Shangda_Wus_Book_Main_Scenes_C' with ClassGeneratedBy '/Game/Shangda_Wus_Book_Main_Scenes.Shangda_Wus_Book_Main_Scenes:PersistentLevel.Shangda_Wus_Book_Main_Scenes'
[2017.03.02-04.11.10:248][247]LogBlueprintUserMessages: Late EndPlayMap Detection: Level '/Game/Shangda_Wus_Book_Main_Scenes.Shangda_Wus_Book_Main_Scenes:PersistentLevel' has LevelScriptBlueprint '/Game/Shangda_Wus_Book_Main_Scenes.Shangda_Wus_Book_Main_Scenes:PersistentLevel.Shangda_Wus_Book_Main_Scenes' with GeneratedClass '/Game/Shangda_Wus_Book_Main_Scenes.Shangda_Wus_Book_Main_Scenes_C' with ClassGeneratedBy '/Game/Shangda_Wus_Book_Main_Scenes.Shangda_Wus_Book_Main_Scenes:PersistentLevel.Shangda_Wus_Book_Main_Scenes'
[2017.03.02-04.11.50:604][293]BlueprintLog: New page: Compile UI_Story
[2017.03.02-04.11.51:341][315]LogTemp: Repeting last play command: New Editor Window (PIE)
[2017.03.02-04.11.51:356][315]LogBlueprintUserMessages: Early PlayInEditor Detection: Level '/Game/Shangda_Wus_Book_Main_Scenes.Shangda_Wus_Book_Main_Scenes:PersistentLevel' has LevelScriptBlueprint '/Game/Shangda_Wus_Book_Main_Scenes.Shangda_Wus_Book_Main_Scenes:PersistentLevel.Shangda_Wus_Book_Main_Scenes' with GeneratedClass '/Game/Shangda_Wus_Book_Main_Scenes.Shangda_Wus_Book_Main_Scenes_C' with ClassGeneratedBy '/Game/Shangda_Wus_Book_Main_Scenes.Shangda_Wus_Book_Main_Scenes:PersistentLevel.Shangda_Wus_Book_Main_Scenes'
[2017.03.02-04.11.51:356][315]LogPlayLevel: PlayLevel: No blueprints needed recompiling
[2017.03.02-04.11.51:356][315]PIE: New page: PIE session: Shangda_Wus_Book_Main_Scenes (Mar 2, 2017, 8:11:51 PM)
[2017.03.02-04.11.51:356][315]LogPlayLevel: Creating play world package: /Game/UEDPIE_0_Shangda_Wus_Book_Main_Scenes
[2017.03.02-04.11.51:359][315]LogPlayLevel: PIE: StaticDuplicateObject took: (0.002603s)
[2017.03.02-04.11.51:361][315]LogAIModule: Creating AISystem for world Shangda_Wus_Book_Main_Scenes
[2017.03.02-04.11.51:361][315]LogPlayLevel: PIE: World Init took: (0.001847s)
[2017.03.02-04.11.51:361][315]LogPlayLevel: PIE: Created PIE world by copying editor world from /Game/Shangda_Wus_Book_Main_Scenes.Shangda_Wus_Book_Main_Scenes to /Game/UEDPIE_0_Shangda_Wus_Book_Main_Scenes.Shangda_Wus_Book_Main_Scenes (0.004795s)
[2017.03.02-04.11.51:405][315]LogInit: XAudio2 using '扬声器 (Realtek High Definition Audio)' : 2 channels at 48 kHz using 32 bits per sample (channel mask 0x3)
[2017.03.02-04.11.51:431][315]LogInit: FAudioDevice initialized.
[2017.03.02-04.11.51:518][315]LogLoad: Game class is 'GP_GameMode_C'
[2017.03.02-04.11.51:556][315]LogWorld: Bringing World /Game/UEDPIE_0_Shangda_Wus_Book_Main_Scenes.Shangda_Wus_Book_Main_Scenes up for play (max tick rate 60) at 2017.03.02-12.11.51
[2017.03.02-04.11.51:556][315]LogWorld: Bringing up level for play took: 0.034497
[2017.03.02-04.11.51:568][315]PIE: Info Play in editor start time for /Game/UEDPIE_0_Shangda_Wus_Book_Main_Scenes -0.382
[2017.03.02-04.11.51:568][315]LogBlueprintUserMessages: Late PlayInEditor Detection: Level '/Game/Shangda_Wus_Book_Main_Scenes.Shangda_Wus_Book_Main_Scenes:PersistentLevel' has LevelScriptBlueprint '/Game/Shangda_Wus_Book_Main_Scenes.Shangda_Wus_Book_Main_Scenes:PersistentLevel.Shangda_Wus_Book_Main_Scenes' with GeneratedClass '/Game/Shangda_Wus_Book_Main_Scenes.Shangda_Wus_Book_Main_Scenes_C' with ClassGeneratedBy '/Game/Shangda_Wus_Book_Main_Scenes.Shangda_Wus_Book_Main_Scenes:PersistentLevel.Shangda_Wus_Book_Main_Scenes'
[2017.03.02-04.12.20:827][453]LogBlueprintUserMessages: Early EndPlayMap Detection: Level '/Game/Shangda_Wus_Book_Main_Scenes.Shangda_Wus_Book_Main_Scenes:PersistentLevel' has LevelScriptBlueprint '/Game/Shangda_Wus_Book_Main_Scenes.Shangda_Wus_Book_Main_Scenes:PersistentLevel.Shangda_Wus_Book_Main_Scenes' with GeneratedClass '/Game/Shangda_Wus_Book_Main_Scenes.Shangda_Wus_Book_Main_Scenes_C' with ClassGeneratedBy '/Game/Shangda_Wus_Book_Main_Scenes.Shangda_Wus_Book_Main_Scenes:PersistentLevel.Shangda_Wus_Book_Main_Scenes'
[2017.03.02-04.12.20:860][453]LogBlueprintUserMessages: Late EndPlayMap Detection: Level '/Game/Shangda_Wus_Book_Main_Scenes.Shangda_Wus_Book_Main_Scenes:PersistentLevel' has LevelScriptBlueprint '/Game/Shangda_Wus_Book_Main_Scenes.Shangda_Wus_Book_Main_Scenes:PersistentLevel.Shangda_Wus_Book_Main_Scenes' with GeneratedClass '/Game/Shangda_Wus_Book_Main_Scenes.Shangda_Wus_Book_Main_Scenes_C' with ClassGeneratedBy '/Game/Shangda_Wus_Book_Main_Scenes.Shangda_Wus_Book_Main_Scenes:PersistentLevel.Shangda_Wus_Book_Main_Scenes'
[2017.03.02-04.12.23:072][540]Cmd: OBJ SAVEPACKAGE PACKAGE="/Game/User_Interfaces/UI_Story" FILE="../../../../Shangda_Wus_Book/Content/User_Interfaces/UI_Story.uasset" SILENT=true
[2017.03.02-04.12.23:907][540]LogSavePackage: Save=307.36ms
[2017.03.02-04.12.23:907][540]LogSavePackage: Moving '../../../../Shangda_Wus_Book/Saved/UI_StoryC838268840F9165B9F24008F73828CB7.tmp' to '../../../../Shangda_Wus_Book/Content/User_Interfaces/UI_Story.uasset'
[2017.03.02-04.12.23:913][540]LogSavePackage:Display: Finished SavePackage ../../../../Shangda_Wus_Book/Content/User_Interfaces/UI_Story.uasset
[2017.03.02-04.12.37:184][262]Cmd: OBJ SAVEPACKAGE PACKAGE="/Game/User_Interfaces/UI_Story" FILE="../../../../Shangda_Wus_Book/Content/User_Interfaces/UI_Story.uasset" SILENT=true
[2017.03.02-04.12.37:328][262]LogSavePackage: Save=135.33ms
[2017.03.02-04.12.37:328][262]LogSavePackage: Moving '../../../../Shangda_Wus_Book/Saved/UI_Story190B170A4E33490CE8F403BDBEE491C8.tmp' to '../../../../Shangda_Wus_Book/Content/User_Interfaces/UI_Story.uasset'
[2017.03.02-04.12.37:330][262]LogSavePackage:Display: Finished SavePackage ../../../../Shangda_Wus_Book/Content/User_Interfaces/UI_Story.uasset
[2017.03.02-04.13.20:517][385]Cmd: OBJ SAVEPACKAGE PACKAGE="/Game/User_Interfaces/UI_Story" FILE="../../../../Shangda_Wus_Book/Content/User_Interfaces/UI_Story.uasset" SILENT=true
[2017.03.02-04.13.20:663][385]LogSavePackage: Save=133.19ms
[2017.03.02-04.13.20:663][385]LogSavePackage: Moving '../../../../Shangda_Wus_Book/Saved/UI_Story714294614B3A3FC989C092B05E4B174B.tmp' to '../../../../Shangda_Wus_Book/Content/User_Interfaces/UI_Story.uasset'
[2017.03.02-04.13.20:668][385]LogSavePackage:Display: Finished SavePackage ../../../../Shangda_Wus_Book/Content/User_Interfaces/UI_Story.uasset
[2017.03.02-04.13.24:060][550]Cmd: OBJ SAVEPACKAGE PACKAGE="/Game/User_Interfaces/UI_Story" FILE="../../../../Shangda_Wus_Book/Content/User_Interfaces/UI_Story.uasset" SILENT=true
[2017.03.02-04.13.24:203][550]LogSavePackage: Save=133.66ms
[2017.03.02-04.13.24:203][550]LogSavePackage: Moving '../../../../Shangda_Wus_Book/Saved/UI_Story9B888352490D258272F911ABD657EE11.tmp' to '../../../../Shangda_Wus_Book/Content/User_Interfaces/UI_Story.uasset'
[2017.03.02-04.13.24:205][550]LogSavePackage:Display: Finished SavePackage ../../../../Shangda_Wus_Book/Content/User_Interfaces/UI_Story.uasset
[2017.03.02-04.13.33:481][979]Cmd: OBJ SAVEPACKAGE PACKAGE="/Game/User_Interfaces/UI_Story" FILE="../../../../Shangda_Wus_Book/Content/User_Interfaces/UI_Story.uasset" SILENT=true
[2017.03.02-04.13.33:622][979]LogSavePackage: Save=132.41ms
[2017.03.02-04.13.33:622][979]LogSavePackage: Moving '../../../../Shangda_Wus_Book/Saved/UI_Story709A5A624BC8578477E211B821911A4C.tmp' to '../../../../Shangda_Wus_Book/Content/User_Interfaces/UI_Story.uasset'
[2017.03.02-04.13.33:624][979]LogSavePackage:Display: Finished SavePackage ../../../../Shangda_Wus_Book/Content/User_Interfaces/UI_Story.uasset
[2017.03.02-04.14.05:976][730]Cmd: OBJ SAVEPACKAGE PACKAGE="/Game/User_Interfaces/UI_Story" FILE="../../../../Shangda_Wus_Book/Content/User_Interfaces/UI_Story.uasset" SILENT=true
[2017.03.02-04.14.06:119][730]LogSavePackage: Save=134.79ms
[2017.03.02-04.14.06:119][730]LogSavePackage: Moving '../../../../Shangda_Wus_Book/Saved/UI_Story8380425E451FE1D96E6155BEE51AD231.tmp' to '../../../../Shangda_Wus_Book/Content/User_Interfaces/UI_Story.uasset'
[2017.03.02-04.14.06:122][730]LogSavePackage:Display: Finished SavePackage ../../../../Shangda_Wus_Book/Content/User_Interfaces/UI_Story.uasset
[2017.03.02-04.14.30:307][ 69]LogTemp: Repeting last play command: New Editor Window (PIE)
[2017.03.02-04.14.30:322][ 69]LogBlueprintUserMessages: Early PlayInEditor Detection: Level '/Game/Shangda_Wus_Book_Main_Scenes.Shangda_Wus_Book_Main_Scenes:PersistentLevel' has LevelScriptBlueprint '/Game/Shangda_Wus_Book_Main_Scenes.Shangda_Wus_Book_Main_Scenes:PersistentLevel.Shangda_Wus_Book_Main_Scenes' with GeneratedClass '/Game/Shangda_Wus_Book_Main_Scenes.Shangda_Wus_Book_Main_Scenes_C' with ClassGeneratedBy '/Game/Shangda_Wus_Book_Main_Scenes.Shangda_Wus_Book_Main_Scenes:PersistentLevel.Shangda_Wus_Book_Main_Scenes'
[2017.03.02-04.14.30:322][ 69]LogPlayLevel: PlayLevel: No blueprints needed recompiling
[2017.03.02-04.14.30:322][ 69]PIE: New page: PIE session: Shangda_Wus_Book_Main_Scenes (Mar 2, 2017, 8:14:30 PM)
[2017.03.02-04.14.30:323][ 69]LogPlayLevel: Creating play world package: /Game/UEDPIE_0_Shangda_Wus_Book_Main_Scenes
[2017.03.02-04.14.30:325][ 69]LogPlayLevel: PIE: StaticDuplicateObject took: (0.002512s)
[2017.03.02-04.14.30:326][ 69]LogAIModule: Creating AISystem for world Shangda_Wus_Book_Main_Scenes
[2017.03.02-04.14.30:326][ 69]LogPlayLevel: PIE: World Init took: (0.001351s)
[2017.03.02-04.14.30:327][ 69]LogPlayLevel: PIE: Created PIE world by copying editor world from /Game/Shangda_Wus_Book_Main_Scenes.Shangda_Wus_Book_Main_Scenes to /Game/UEDPIE_0_Shangda_Wus_Book_Main_Scenes.Shangda_Wus_Book_Main_Scenes (0.004127s)
[2017.03.02-04.14.30:372][ 69]LogInit: XAudio2 using '扬声器 (Realtek High Definition Audio)' : 2 channels at 48 kHz using 32 bits per sample (channel mask 0x3)
[2017.03.02-04.14.30:403][ 69]LogInit: FAudioDevice initialized.
[2017.03.02-04.14.30:477][ 69]LogLoad: Game class is 'GP_GameMode_C'
[2017.03.02-04.14.30:481][ 69]LogWorld: Bringing World /Game/UEDPIE_0_Shangda_Wus_Book_Main_Scenes.Shangda_Wus_Book_Main_Scenes up for play (max tick rate 60) at 2017.03.02-12.14.30
[2017.03.02-04.14.30:482][ 69]LogWorld: Bringing up level for play took: 0.002508
[2017.03.02-04.14.30:494][ 69]PIE: Info Play in editor start time for /Game/UEDPIE_0_Shangda_Wus_Book_Main_Scenes 0.544
[2017.03.02-04.14.30:495][ 69]LogBlueprintUserMessages: Late PlayInEditor Detection: Level '/Game/Shangda_Wus_Book_Main_Scenes.Shangda_Wus_Book_Main_Scenes:PersistentLevel' has LevelScriptBlueprint '/Game/Shangda_Wus_Book_Main_Scenes.Shangda_Wus_Book_Main_Scenes:PersistentLevel.Shangda_Wus_Book_Main_Scenes' with GeneratedClass '/Game/Shangda_Wus_Book_Main_Scenes.Shangda_Wus_Book_Main_Scenes_C' with ClassGeneratedBy '/Game/Shangda_Wus_Book_Main_Scenes.Shangda_Wus_Book_Main_Scenes:PersistentLevel.Shangda_Wus_Book_Main_Scenes'
[2017.03.02-04.15.03:075][658]LogBlueprintUserMessages: Early EndPlayMap Detection: Level '/Game/Shangda_Wus_Book_Main_Scenes.Shangda_Wus_Book_Main_Scenes:PersistentLevel' has LevelScriptBlueprint '/Game/Shangda_Wus_Book_Main_Scenes.Shangda_Wus_Book_Main_Scenes:PersistentLevel.Shangda_Wus_Book_Main_Scenes' with GeneratedClass '/Game/Shangda_Wus_Book_Main_Scenes.Shangda_Wus_Book_Main_Scenes_C' with ClassGeneratedBy '/Game/Shangda_Wus_Book_Main_Scenes.Shangda_Wus_Book_Main_Scenes:PersistentLevel.Shangda_Wus_Book_Main_Scenes'
[2017.03.02-04.15.03:109][658]LogBlueprintUserMessages: Late EndPlayMap Detection: Level '/Game/Shangda_Wus_Book_Main_Scenes.Shangda_Wus_Book_Main_Scenes:PersistentLevel' has LevelScriptBlueprint '/Game/Shangda_Wus_Book_Main_Scenes.Shangda_Wus_Book_Main_Scenes:PersistentLevel.Shangda_Wus_Book_Main_Scenes' with GeneratedClass '/Game/Shangda_Wus_Book_Main_Scenes.Shangda_Wus_Book_Main_Scenes_C' with ClassGeneratedBy '/Game/Shangda_Wus_Book_Main_Scenes.Shangda_Wus_Book_Main_Scenes:PersistentLevel.Shangda_Wus_Book_Main_Scenes'
[2017.03.02-04.15.04:422][728]Cmd: OBJ SAVEPACKAGE PACKAGE="/Game/User_Interfaces/UI_Story" FILE="../../../../Shangda_Wus_Book/Content/User_Interfaces/UI_Story.uasset" SILENT=true
[2017.03.02-04.15.04:559][728]LogSavePackage: Save=124.70ms
[2017.03.02-04.15.04:559][728]LogSavePackage: Moving '../../../../Shangda_Wus_Book/Saved/UI_Story171FB24A4799A599567731A0B5CB5544.tmp' to '../../../../Shangda_Wus_Book/Content/User_Interfaces/UI_Story.uasset'
[2017.03.02-04.15.04:561][728]LogSavePackage:Display: Finished SavePackage ../../../../Shangda_Wus_Book/Content/User_Interfaces/UI_Story.uasset
[2017.03.02-04.20.03:885][803]BlueprintLog: New page: Compile UI_Story
[2017.03.02-04.20.04:959][844]LogTemp: Repeting last play command: New Editor Window (PIE)
[2017.03.02-04.20.04:983][844]LogBlueprintUserMessages: Early PlayInEditor Detection: Level '/Game/Shangda_Wus_Book_Main_Scenes.Shangda_Wus_Book_Main_Scenes:PersistentLevel' has LevelScriptBlueprint '/Game/Shangda_Wus_Book_Main_Scenes.Shangda_Wus_Book_Main_Scenes:PersistentLevel.Shangda_Wus_Book_Main_Scenes' with GeneratedClass '/Game/Shangda_Wus_Book_Main_Scenes.Shangda_Wus_Book_Main_Scenes_C' with ClassGeneratedBy '/Game/Shangda_Wus_Book_Main_Scenes.Shangda_Wus_Book_Main_Scenes:PersistentLevel.Shangda_Wus_Book_Main_Scenes'
[2017.03.02-04.20.04:983][844]LogPlayLevel: PlayLevel: No blueprints needed recompiling
[2017.03.02-04.20.04:983][844]PIE: New page: PIE session: Shangda_Wus_Book_Main_Scenes (Mar 2, 2017, 8:20:04 PM)
[2017.03.02-04.20.04:983][844]LogPlayLevel: Creating play world package: /Game/UEDPIE_0_Shangda_Wus_Book_Main_Scenes
[2017.03.02-04.20.04:987][844]LogPlayLevel: PIE: StaticDuplicateObject took: (0.003356s)
[2017.03.02-04.20.04:988][844]LogAIModule: Creating AISystem for world Shangda_Wus_Book_Main_Scenes
[2017.03.02-04.20.04:988][844]LogPlayLevel: PIE: World Init took: (0.001186s)
[2017.03.02-04.20.04:988][844]LogPlayLevel: PIE: Created PIE world by copying editor world from /Game/Shangda_Wus_Book_Main_Scenes.Shangda_Wus_Book_Main_Scenes to /Game/UEDPIE_0_Shangda_Wus_Book_Main_Scenes.Shangda_Wus_Book_Main_Scenes (0.004862s)
[2017.03.02-04.20.05:034][844]LogInit: XAudio2 using '扬声器 (Realtek High Definition Audio)' : 2 channels at 48 kHz using 32 bits per sample (channel mask 0x3)
[2017.03.02-04.20.05:062][844]LogInit: FAudioDevice initialized.
[2017.03.02-04.20.05:156][844]LogLoad: Game class is 'GP_GameMode_C'
[2017.03.02-04.20.05:161][844]LogWorld: Bringing World /Game/UEDPIE_0_Shangda_Wus_Book_Main_Scenes.Shangda_Wus_Book_Main_Scenes up for play (max tick rate 60) at 2017.03.02-12.20.05
[2017.03.02-04.20.05:162][844]LogWorld: Bringing up level for play took: 0.002958
[2017.03.02-04.20.05:176][844]PIE: Info Play in editor start time for /Game/UEDPIE_0_Shangda_Wus_Book_Main_Scenes -0.774
[2017.03.02-04.20.05:177][844]LogBlueprintUserMessages: Late PlayInEditor Detection: Level '/Game/Shangda_Wus_Book_Main_Scenes.Shangda_Wus_Book_Main_Scenes:PersistentLevel' has LevelScriptBlueprint '/Game/Shangda_Wus_Book_Main_Scenes.Shangda_Wus_Book_Main_Scenes:PersistentLevel.Shangda_Wus_Book_Main_Scenes' with GeneratedClass '/Game/Shangda_Wus_Book_Main_Scenes.Shangda_Wus_Book_Main_Scenes_C' with ClassGeneratedBy '/Game/Shangda_Wus_Book_Main_Scenes.Shangda_Wus_Book_Main_Scenes:PersistentLevel.Shangda_Wus_Book_Main_Scenes'
[2017.03.02-04.20.37:402][358]LogBlueprintUserMessages: Early EndPlayMap Detection: Level '/Game/Shangda_Wus_Book_Main_Scenes.Shangda_Wus_Book_Main_Scenes:PersistentLevel' has LevelScriptBlueprint '/Game/Shangda_Wus_Book_Main_Scenes.Shangda_Wus_Book_Main_Scenes:PersistentLevel.Shangda_Wus_Book_Main_Scenes' with GeneratedClass '/Game/Shangda_Wus_Book_Main_Scenes.Shangda_Wus_Book_Main_Scenes_C' with ClassGeneratedBy '/Game/Shangda_Wus_Book_Main_Scenes.Shangda_Wus_Book_Main_Scenes:PersistentLevel.Shangda_Wus_Book_Main_Scenes'
[2017.03.02-04.20.37:435][358]LogBlueprintUserMessages: Late EndPlayMap Detection: Level '/Game/Shangda_Wus_Book_Main_Scenes.Shangda_Wus_Book_Main_Scenes:PersistentLevel' has LevelScriptBlueprint '/Game/Shangda_Wus_Book_Main_Scenes.Shangda_Wus_Book_Main_Scenes:PersistentLevel.Shangda_Wus_Book_Main_Scenes' with GeneratedClass '/Game/Shangda_Wus_Book_Main_Scenes.Shangda_Wus_Book_Main_Scenes_C' with ClassGeneratedBy '/Game/Shangda_Wus_Book_Main_Scenes.Shangda_Wus_Book_Main_Scenes:PersistentLevel.Shangda_Wus_Book_Main_Scenes'
[2017.03.02-04.20.57:543][370]BlueprintLog: New page: Compile UI_Story
[2017.03.02-04.20.58:480][403]LogTemp: Repeting last play command: New Editor Window (PIE)
[2017.03.02-04.20.58:495][403]LogBlueprintUserMessages: Early PlayInEditor Detection: Level '/Game/Shangda_Wus_Book_Main_Scenes.Shangda_Wus_Book_Main_Scenes:PersistentLevel' has LevelScriptBlueprint '/Game/Shangda_Wus_Book_Main_Scenes.Shangda_Wus_Book_Main_Scenes:PersistentLevel.Shangda_Wus_Book_Main_Scenes' with GeneratedClass '/Game/Shangda_Wus_Book_Main_Scenes.Shangda_Wus_Book_Main_Scenes_C' with ClassGeneratedBy '/Game/Shangda_Wus_Book_Main_Scenes.Shangda_Wus_Book_Main_Scenes:PersistentLevel.Shangda_Wus_Book_Main_Scenes'
[2017.03.02-04.20.58:495][403]LogPlayLevel: PlayLevel: No blueprints needed recompiling
[2017.03.02-04.20.58:495][403]PIE: New page: PIE session: Shangda_Wus_Book_Main_Scenes (Mar 2, 2017, 8:20:58 PM)
[2017.03.02-04.20.58:495][403]LogPlayLevel: Creating play world package: /Game/UEDPIE_0_Shangda_Wus_Book_Main_Scenes
[2017.03.02-04.20.58:498][403]LogPlayLevel: PIE: StaticDuplicateObject took: (0.002164s)
[2017.03.02-04.20.58:499][403]LogAIModule: Creating AISystem for world Shangda_Wus_Book_Main_Scenes
[2017.03.02-04.20.58:499][403]LogPlayLevel: PIE: World Init took: (0.001352s)
[2017.03.02-04.20.58:499][403]LogPlayLevel: PIE: Created PIE world by copying editor world from /Game/Shangda_Wus_Book_Main_Scenes.Shangda_Wus_Book_Main_Scenes to /Game/UEDPIE_0_Shangda_Wus_Book_Main_Scenes.Shangda_Wus_Book_Main_Scenes (0.003774s)
[2017.03.02-04.20.58:544][403]LogInit: XAudio2 using '扬声器 (Realtek High Definition Audio)' : 2 channels at 48 kHz using 32 bits per sample (channel mask 0x3)
[2017.03.02-04.20.58:571][403]LogInit: FAudioDevice initialized.
[2017.03.02-04.20.58:645][403]LogLoad: Game class is 'GP_GameMode_C'
[2017.03.02-04.20.58:650][403]LogWorld: Bringing World /Game/UEDPIE_0_Shangda_Wus_Book_Main_Scenes.Shangda_Wus_Book_Main_Scenes up for play (max tick rate 60) at 2017.03.02-12.20.58
[2017.03.02-04.20.58:650][403]LogWorld: Bringing up level for play took: 0.002934
[2017.03.02-04.20.58:665][403]PIE: Info Play in editor start time for /Game/UEDPIE_0_Shangda_Wus_Book_Main_Scenes 0.715
[2017.03.02-04.20.58:666][403]LogBlueprintUserMessages: Late PlayInEditor Detection: Level '/Game/Shangda_Wus_Book_Main_Scenes.Shangda_Wus_Book_Main_Scenes:PersistentLevel' has LevelScriptBlueprint '/Game/Shangda_Wus_Book_Main_Scenes.Shangda_Wus_Book_Main_Scenes:PersistentLevel.Shangda_Wus_Book_Main_Scenes' with GeneratedClass '/Game/Shangda_Wus_Book_Main_Scenes.Shangda_Wus_Book_Main_Scenes_C' with ClassGeneratedBy '/Game/Shangda_Wus_Book_Main_Scenes.Shangda_Wus_Book_Main_Scenes:PersistentLevel.Shangda_Wus_Book_Main_Scenes'
[2017.03.02-04.21.40:603][349]LogBlueprintUserMessages: Early EndPlayMap Detection: Level '/Game/Shangda_Wus_Book_Main_Scenes.Shangda_Wus_Book_Main_Scenes:PersistentLevel' has LevelScriptBlueprint '/Game/Shangda_Wus_Book_Main_Scenes.Shangda_Wus_Book_Main_Scenes:PersistentLevel.Shangda_Wus_Book_Main_Scenes' with GeneratedClass '/Game/Shangda_Wus_Book_Main_Scenes.Shangda_Wus_Book_Main_Scenes_C' with ClassGeneratedBy '/Game/Shangda_Wus_Book_Main_Scenes.Shangda_Wus_Book_Main_Scenes:PersistentLevel.Shangda_Wus_Book_Main_Scenes'
[2017.03.02-04.21.40:632][349]LogBlueprintUserMessages: Late EndPlayMap Detection: Level '/Game/Shangda_Wus_Book_Main_Scenes.Shangda_Wus_Book_Main_Scenes:PersistentLevel' has LevelScriptBlueprint '/Game/Shangda_Wus_Book_Main_Scenes.Shangda_Wus_Book_Main_Scenes:PersistentLevel.Shangda_Wus_Book_Main_Scenes' with GeneratedClass '/Game/Shangda_Wus_Book_Main_Scenes.Shangda_Wus_Book_Main_Scenes_C' with ClassGeneratedBy '/Game/Shangda_Wus_Book_Main_Scenes.Shangda_Wus_Book_Main_Scenes:PersistentLevel.Shangda_Wus_Book_Main_Scenes'
[2017.03.02-04.23.01:109][413]Cmd: OBJ SAVEPACKAGE PACKAGE="/Game/User_Interfaces/UI_Story" FILE="../../../../Shangda_Wus_Book/Content/User_Interfaces/UI_Story.uasset" SILENT=true
[2017.03.02-04.23.01:253][413]LogSavePackage: Save=129.67ms
[2017.03.02-04.23.01:253][413]LogSavePackage: Moving '../../../../Shangda_Wus_Book/Saved/UI_StoryEC889B2142339FA2D16EE38213C08199.tmp' to '../../../../Shangda_Wus_Book/Content/User_Interfaces/UI_Story.uasset'
[2017.03.02-04.23.01:259][413]LogSavePackage:Display: Finished SavePackage ../../../../Shangda_Wus_Book/Content/User_Interfaces/UI_Story.uasset
[2017.03.02-04.24.28:168][417]Cmd: OBJ SAVEPACKAGE PACKAGE="/Game/User_Interfaces/UI_Story" FILE="../../../../Shangda_Wus_Book/Content/User_Interfaces/UI_Story.uasset" SILENT=true
[2017.03.02-04.24.28:315][417]LogSavePackage: Save=133.53ms
[2017.03.02-04.24.28:315][417]LogSavePackage: Moving '../../../../Shangda_Wus_Book/Saved/UI_StoryCC6D2F1147BD79AC4D2198900C1AB544.tmp' to '../../../../Shangda_Wus_Book/Content/User_Interfaces/UI_Story.uasset'
[2017.03.02-04.24.28:320][417]LogSavePackage:Display: Finished SavePackage ../../../../Shangda_Wus_Book/Content/User_Interfaces/UI_Story.uasset
[2017.03.02-04.24.29:354][458]Cmd: OBJ SAVEPACKAGE PACKAGE="/Game/User_Interfaces/UI_Story" FILE="../../../../Shangda_Wus_Book/Content/User_Interfaces/UI_Story.uasset" SILENT=true
[2017.03.02-04.24.29:495][458]LogSavePackage: Save=133.16ms
[2017.03.02-04.24.29:495][458]LogSavePackage: Moving '../../../../Shangda_Wus_Book/Saved/UI_Story69D4A4734BF209F9316CF1B3C7EE1325.tmp' to '../../../../Shangda_Wus_Book/Content/User_Interfaces/UI_Story.uasset'
[2017.03.02-04.24.29:498][458]LogSavePackage:Display: Finished SavePackage ../../../../Shangda_Wus_Book/Content/User_Interfaces/UI_Story.uasset
[2017.03.02-04.25.32:001][263]BlueprintLog: New page: Compile UI_Story
[2017.03.02-04.41.38:958][911]BlueprintLog: New page: Compile UI_Story
[2017.03.02-04.41.39:928][939]LogTemp: Repeting last play command: New Editor Window (PIE)
[2017.03.02-04.41.39:950][939]LogBlueprintUserMessages: Early PlayInEditor Detection: Level '/Game/Shangda_Wus_Book_Main_Scenes.Shangda_Wus_Book_Main_Scenes:PersistentLevel' has LevelScriptBlueprint '/Game/Shangda_Wus_Book_Main_Scenes.Shangda_Wus_Book_Main_Scenes:PersistentLevel.Shangda_Wus_Book_Main_Scenes' with GeneratedClass '/Game/Shangda_Wus_Book_Main_Scenes.Shangda_Wus_Book_Main_Scenes_C' with ClassGeneratedBy '/Game/Shangda_Wus_Book_Main_Scenes.Shangda_Wus_Book_Main_Scenes:PersistentLevel.Shangda_Wus_Book_Main_Scenes'
[2017.03.02-04.41.39:950][939]LogPlayLevel: PlayLevel: No blueprints needed recompiling
[2017.03.02-04.41.39:950][939]PIE: New page: PIE session: Shangda_Wus_Book_Main_Scenes (Mar 2, 2017, 8:41:39 PM)
[2017.03.02-04.41.39:950][939]LogPlayLevel: Creating play world package: /Game/UEDPIE_0_Shangda_Wus_Book_Main_Scenes
[2017.03.02-04.41.39:996][939]LogPlayLevel: PIE: StaticDuplicateObject took: (0.045980s)
[2017.03.02-04.41.39:998][939]LogAIModule: Creating AISystem for world Shangda_Wus_Book_Main_Scenes
[2017.03.02-04.41.39:998][939]LogPlayLevel: PIE: World Init took: (0.001756s)
[2017.03.02-04.41.39:998][939]LogPlayLevel: PIE: Created PIE world by copying editor world from /Game/Shangda_Wus_Book_Main_Scenes.Shangda_Wus_Book_Main_Scenes to /Game/UEDPIE_0_Shangda_Wus_Book_Main_Scenes.Shangda_Wus_Book_Main_Scenes (0.048156s)
[2017.03.02-04.41.40:041][939]LogInit: XAudio2 using '扬声器 (Realtek High Definition Audio)' : 2 channels at 48 kHz using 32 bits per sample (channel mask 0x3)
[2017.03.02-04.41.40:068][939]LogInit: FAudioDevice initialized.
[2017.03.02-04.41.40:155][939]LogLoad: Game class is 'GP_GameMode_C'
[2017.03.02-04.41.40:162][939]LogWorld: Bringing World /Game/UEDPIE_0_Shangda_Wus_Book_Main_Scenes.Shangda_Wus_Book_Main_Scenes up for play (max tick rate 60) at 2017.03.02-12.41.40
[2017.03.02-04.41.40:163][939]LogWorld: Bringing up level for play took: 0.004171
[2017.03.02-04.41.40:191][939]PIE: Info Play in editor start time for /Game/UEDPIE_0_Shangda_Wus_Book_Main_Scenes 0.241
[2017.03.02-04.41.40:191][939]LogBlueprintUserMessages: Late PlayInEditor Detection: Level '/Game/Shangda_Wus_Book_Main_Scenes.Shangda_Wus_Book_Main_Scenes:PersistentLevel' has LevelScriptBlueprint '/Game/Shangda_Wus_Book_Main_Scenes.Shangda_Wus_Book_Main_Scenes:PersistentLevel.Shangda_Wus_Book_Main_Scenes' with GeneratedClass '/Game/Shangda_Wus_Book_Main_Scenes.Shangda_Wus_Book_Main_Scenes_C' with ClassGeneratedBy '/Game/Shangda_Wus_Book_Main_Scenes.Shangda_Wus_Book_Main_Scenes:PersistentLevel.Shangda_Wus_Book_Main_Scenes'
[2017.03.02-04.42.11:087][404]LogBlueprintUserMessages: [UI_Story_C_2] wushangda
[2017.03.02-04.42.14:374][558]LogBlueprintUserMessages: Early EndPlayMap Detection: Level '/Game/Shangda_Wus_Book_Main_Scenes.Shangda_Wus_Book_Main_Scenes:PersistentLevel' has LevelScriptBlueprint '/Game/Shangda_Wus_Book_Main_Scenes.Shangda_Wus_Book_Main_Scenes:PersistentLevel.Shangda_Wus_Book_Main_Scenes' with GeneratedClass '/Game/Shangda_Wus_Book_Main_Scenes.Shangda_Wus_Book_Main_Scenes_C' with ClassGeneratedBy '/Game/Shangda_Wus_Book_Main_Scenes.Shangda_Wus_Book_Main_Scenes:PersistentLevel.Shangda_Wus_Book_Main_Scenes'
[2017.03.02-04.42.14:410][558]LogBlueprintUserMessages: Late EndPlayMap Detection: Level '/Game/Shangda_Wus_Book_Main_Scenes.Shangda_Wus_Book_Main_Scenes:PersistentLevel' has LevelScriptBlueprint '/Game/Shangda_Wus_Book_Main_Scenes.Shangda_Wus_Book_Main_Scenes:PersistentLevel.Shangda_Wus_Book_Main_Scenes' with GeneratedClass '/Game/Shangda_Wus_Book_Main_Scenes.Shangda_Wus_Book_Main_Scenes_C' with ClassGeneratedBy '/Game/Shangda_Wus_Book_Main_Scenes.Shangda_Wus_Book_Main_Scenes:PersistentLevel.Shangda_Wus_Book_Main_Scenes'
[2017.03.02-04.42.20:368][850]BlueprintLog: New page: Compile UI_Story
[2017.03.02-04.42.21:656][886]Cmd: OBJ SAVEPACKAGE PACKAGE="/Game/User_Interfaces/UI_Story" FILE="../../../../Shangda_Wus_Book/Content/User_Interfaces/UI_Story.uasset" SILENT=true
[2017.03.02-04.42.21:806][886]LogSavePackage: Save=136.95ms
[2017.03.02-04.42.21:806][886]LogSavePackage: Moving '../../../../Shangda_Wus_Book/Saved/UI_StoryA833C04848DA57F5109EC49869C1123A.tmp' to '../../../../Shangda_Wus_Book/Content/User_Interfaces/UI_Story.uasset'
[2017.03.02-04.42.21:811][886]LogSavePackage:Display: Finished SavePackage ../../../../Shangda_Wus_Book/Content/User_Interfaces/UI_Story.uasset
[2017.03.02-04.42.39:498][456]Cmd: OBJ SAVEPACKAGE PACKAGE="/Game/User_Interfaces/UI_Story" FILE="../../../../Shangda_Wus_Book/Content/User_Interfaces/UI_Story.uasset" SILENT=true
[2017.03.02-04.42.39:636][456]LogSavePackage: Save=128.52ms
[2017.03.02-04.42.39:636][456]LogSavePackage: Moving '../../../../Shangda_Wus_Book/Saved/UI_StoryF6F4F72546824547DD6612917E4AC889.tmp' to '../../../../Shangda_Wus_Book/Content/User_Interfaces/UI_Story.uasset'
[2017.03.02-04.42.39:639][456]LogSavePackage:Display: Finished SavePackage ../../../../Shangda_Wus_Book/Content/User_Interfaces/UI_Story.uasset
[2017.03.02-04.42.48:188][715]Cmd: OBJ SAVEPACKAGE PACKAGE="/Game/User_Interfaces/UI_Story" FILE="../../../../Shangda_Wus_Book/Content/User_Interfaces/UI_Story.uasset" SILENT=true
[2017.03.02-04.42.48:333][715]LogSavePackage: Save=132.52ms
[2017.03.02-04.42.48:333][715]LogSavePackage: Moving '../../../../Shangda_Wus_Book/Saved/UI_Story3326E0B94980DDA548F35F9BBE7E163E.tmp' to '../../../../Shangda_Wus_Book/Content/User_Interfaces/UI_Story.uasset'
[2017.03.02-04.42.48:336][715]LogSavePackage:Display: Finished SavePackage ../../../../Shangda_Wus_Book/Content/User_Interfaces/UI_Story.uasset
[2017.03.02-04.49.18:418][265]LogEditorTransaction: Undo Add Node
[2017.03.02-04.53.38:461][774]LogFileHelpers: Editor autosave (incl. sublevels) for '/Game/Shangda_Wus_Book_Main_Scenes' took 0.065
[2017.03.02-04.53.38:519][774]OBJ SavePackage: Generating thumbnails for [0] asset(s) in package [/Game/User_Interfaces/UI_Story] ([1] browsable assets)...
[2017.03.02-04.53.38:519][774]OBJ SavePackage: Finished generating thumbnails for package [/Game/User_Interfaces/UI_Story]
[2017.03.02-04.53.38:519][774]Cmd: OBJ SAVEPACKAGE PACKAGE="/Game/User_Interfaces/UI_Story" FILE="../../../../Shangda_Wus_Book/Saved/Autosaves/Game/User_Interfaces/UI_Story_Auto1.uasset" SILENT=false AUTOSAVING=true
[2017.03.02-04.53.38:685][774]LogSavePackage: Save=154.78ms
[2017.03.02-04.53.38:685][774]LogSavePackage: Moving '../../../../Shangda_Wus_Book/Saved/UI_Story_Auto127C7BC214FED4BE91FBE7A891C8FB081.tmp' to '../../../../Shangda_Wus_Book/Saved/Autosaves/Game/User_Interfaces/UI_Story_Auto1.uasset'
[2017.03.02-04.53.38:707][774]LogSavePackage:Display: Finished SavePackage ../../../../Shangda_Wus_Book/Saved/Autosaves/Game/User_Interfaces/UI_Story_Auto1.uasset
[2017.03.02-04.53.38:707][774]LogFileHelpers: Auto-saving content packages took 0.246
[2017.03.02-04.55.44:419][962]LogSlate: Took 0.031831 seconds to synchronously load lazily loaded font '../../../Engine/Content/Editor/Slate/Fonts/Roboto-BoldCondensedItalic.ttf' (160K)
[2017.03.02-04.57.22:359][800]BlueprintLog: New page: Compile UI_Story
[2017.03.02-04.57.22:519][800]LogBlueprint:Error: [Compiler UI_Story] Error The type of  Object  is undetermined.  Connect something to  Cast To SkeletalMesh  to imply a specific type.
[2017.03.02-04.57.22:527][800]LogBlueprint:Error: [Compiler UI_Story] Error The current value of the ' Object ' pin is invalid: Unsupported type Object Wildcard on pin Object
[2017.03.02-04.57.22:822][800]BlueprintEditorCompileResults:Error: Error The type of  Object  is undetermined.  Connect something to  Cast To SkeletalMesh  to imply a specific type.
[2017.03.02-04.57.22:822][800]BlueprintEditorCompileResults:Error: Error The current value of the ' Object ' pin is invalid: Unsupported type Object Wildcard on pin Object
[2017.03.02-04.57.22:839][800]LogBlueprint:Warning: [Compiler UI_Story] Warning [0795.81] Compile of UI_Story failed. 2 Fatal Issue(s) 0 Warning(s) [in 479 ms] (/Game/User_Interfaces/UI_Story.UI_Story)
[2017.03.02-04.57.31:698][185]BlueprintLog: New page: Compile UI_Story
[2017.03.02-04.59.54:091][526]BlueprintLog: New page: Compile GP_GameMode
[2017.03.02-05.01.26:598][ 68]BlueprintLog: New page: Compile Shangda_Wus_Book_Main_Scenes
[2017.03.02-05.01.51:795][200]Cmd: OBJ SAVEPACKAGE PACKAGE="/Game/User_Interfaces/UI_Story" FILE="../../../../Shangda_Wus_Book/Content/User_Interfaces/UI_Story.uasset" SILENT=true
[2017.03.02-05.01.51:956][200]LogSavePackage: Save=145.61ms
[2017.03.02-05.01.51:956][200]LogSavePackage: Moving '../../../../Shangda_Wus_Book/Saved/UI_Story231AFBBC41CB73BAD93036BB8C973EAD.tmp' to '../../../../Shangda_Wus_Book/Content/User_Interfaces/UI_Story.uasset'
[2017.03.02-05.01.51:963][200]LogSavePackage:Display: Finished SavePackage ../../../../Shangda_Wus_Book/Content/User_Interfaces/UI_Story.uasset
[2017.03.02-05.03.39:066][543]LogSavePackage: Save=142.28ms
[2017.03.02-05.03.39:066][543]LogSavePackage: Moving '../../../../Shangda_Wus_Book/Saved/Shangda_Wus_Book_Main_Scenes_Auto2B733D2EA4E258CE6ABF1EBBEBC207D11.tmp' to '../../../../Shangda_Wus_Book/Saved/Autosaves/Game/Shangda_Wus_Book_Main_Scenes_Auto2.umap'
[2017.03.02-05.03.39:083][543]LogSavePackage:Display: Finished SavePackage ../../../../Shangda_Wus_Book/Saved/Autosaves/Game/Shangda_Wus_Book_Main_Scenes_Auto2.umap
[2017.03.02-05.03.39:115][543]LogFileHelpers: Editor autosave (incl. sublevels) for '/Game/Shangda_Wus_Book_Main_Scenes' took 0.247
[2017.03.02-05.03.39:115][543]LogFileHelpers: Editor autosave (incl. sublevels) for all levels took 0.247
[2017.03.02-05.03.39:118][543]OBJ SavePackage: Generating thumbnails for [0] asset(s) in package [/Game/Game_ProcessControl/GP_GameMode] ([1] browsable assets)...
[2017.03.02-05.03.39:118][543]OBJ SavePackage: Finished generating thumbnails for package [/Game/Game_ProcessControl/GP_GameMode]
[2017.03.02-05.03.39:118][543]Cmd: OBJ SAVEPACKAGE PACKAGE="/Game/Game_ProcessControl/GP_GameMode" FILE="../../../../Shangda_Wus_Book/Saved/Autosaves/Game/Game_ProcessControl/GP_GameMode_Auto2.uasset" SILENT=false AUTOSAVING=true
[2017.03.02-05.03.39:138][543]LogSavePackage: Save=11.11ms
[2017.03.02-05.03.39:138][543]LogSavePackage: Moving '../../../../Shangda_Wus_Book/Saved/GP_GameMode_Auto2076DC02446C7E72DD480F9932165AEBC.tmp' to '../../../../Shangda_Wus_Book/Saved/Autosaves/Game/Game_ProcessControl/GP_GameMode_Auto2.uasset'
[2017.03.02-05.03.39:152][543]LogSavePackage:Display: Finished SavePackage ../../../../Shangda_Wus_Book/Saved/Autosaves/Game/Game_ProcessControl/GP_GameMode_Auto2.uasset
[2017.03.02-05.03.39:152][543]LogFileHelpers: Auto-saving content packages took 0.036
[2017.03.02-05.06.44:649][ 37]LogEditorViewport: Clicking on Actor (LMB): GC_Main_Scenes_C (GC_Main_Scenes)
[2017.03.02-05.06.55:526][568]LogEditorViewport: Clicking on Actor (LMB): UI_Start_Game_3D_C (UI_Start_Game_3D)
[2017.03.02-05.09.08:549][135]BlueprintLog: New page: Compile GP_GameMode
[2017.03.02-05.10.51:503][251]BlueprintLog: New page: Compile GP_GameMode
[2017.03.02-05.12.36:660][536]BlueprintLog: New page: Compile Shangda_Wus_Book_Main_Scenes
[2017.03.02-05.13.40:088][202]BlueprintLog: New page: Compile UI_Story
[2017.03.02-05.13.40:191][202]LogBlueprint:Error: [Compiler UI_Story] Error The current value of the ' Target Set ' pin is invalid: Array inputs (like 'Target Set') must have an input wired into them (try connecting a MakeSet node).
[2017.03.02-05.13.40:423][202]BlueprintEditorCompileResults:Error: Error The current value of the ' Target Set ' pin is invalid: Array inputs (like 'Target Set') must have an input wired into them (try connecting a MakeSet node).
[2017.03.02-05.13.40:424][202]LogBlueprint:Warning: [Compiler UI_Story] Warning [1773.40] Compile of UI_Story failed. 1 Fatal Issue(s) 0 Warning(s) [in 335 ms] (/Game/User_Interfaces/UI_Story.UI_Story)
[2017.03.02-05.13.55:469][855]BlueprintLog: New page: Compile UI_Story
[2017.03.02-05.13.57:542][937]LogTemp: Repeting last play command: New Editor Window (PIE)
[2017.03.02-05.13.57:559][937]LogBlueprintUserMessages: Early PlayInEditor Detection: Level '/Game/Shangda_Wus_Book_Main_Scenes.Shangda_Wus_Book_Main_Scenes:PersistentLevel' has LevelScriptBlueprint '/Game/Shangda_Wus_Book_Main_Scenes.Shangda_Wus_Book_Main_Scenes:PersistentLevel.Shangda_Wus_Book_Main_Scenes' with GeneratedClass '/Game/Shangda_Wus_Book_Main_Scenes.Shangda_Wus_Book_Main_Scenes_C' with ClassGeneratedBy '/Game/Shangda_Wus_Book_Main_Scenes.Shangda_Wus_Book_Main_Scenes:PersistentLevel.Shangda_Wus_Book_Main_Scenes'
[2017.03.02-05.13.57:559][937]LogPlayLevel: PlayLevel: No blueprints needed recompiling
[2017.03.02-05.13.57:560][937]PIE: New page: PIE session: Shangda_Wus_Book_Main_Scenes (Mar 2, 2017, 9:13:57 PM)
[2017.03.02-05.13.57:560][937]LogPlayLevel: Creating play world package: /Game/UEDPIE_0_Shangda_Wus_Book_Main_Scenes
[2017.03.02-05.13.57:565][937]LogPlayLevel: PIE: StaticDuplicateObject took: (0.005519s)
[2017.03.02-05.13.57:568][937]LogAIModule: Creating AISystem for world Shangda_Wus_Book_Main_Scenes
[2017.03.02-05.13.57:569][937]LogPlayLevel: PIE: World Init took: (0.003290s)
[2017.03.02-05.13.57:569][937]LogPlayLevel: PIE: Created PIE world by copying editor world from /Game/Shangda_Wus_Book_Main_Scenes.Shangda_Wus_Book_Main_Scenes to /Game/UEDPIE_0_Shangda_Wus_Book_Main_Scenes.Shangda_Wus_Book_Main_Scenes (0.009109s)
[2017.03.02-05.13.57:634][937]LogInit: XAudio2 using '扬声器 (Realtek High Definition Audio)' : 2 channels at 48 kHz using 32 bits per sample (channel mask 0x3)
[2017.03.02-05.13.57:663][937]LogInit: FAudioDevice initialized.
[2017.03.02-05.13.57:759][937]LogLoad: Game class is 'GP_GameMode_C'
[2017.03.02-05.13.57:765][937]LogWorld: Bringing World /Game/UEDPIE_0_Shangda_Wus_Book_Main_Scenes.Shangda_Wus_Book_Main_Scenes up for play (max tick rate 60) at 2017.03.02-13.13.57
[2017.03.02-05.13.57:766][937]LogWorld: Bringing up level for play took: 0.003948
[2017.03.02-05.13.57:792][937]PIE: Info Play in editor start time for /Game/UEDPIE_0_Shangda_Wus_Book_Main_Scenes -0.158
[2017.03.02-05.13.57:792][937]LogBlueprintUserMessages: Late PlayInEditor Detection: Level '/Game/Shangda_Wus_Book_Main_Scenes.Shangda_Wus_Book_Main_Scenes:PersistentLevel' has LevelScriptBlueprint '/Game/Shangda_Wus_Book_Main_Scenes.Shangda_Wus_Book_Main_Scenes:PersistentLevel.Shangda_Wus_Book_Main_Scenes' with GeneratedClass '/Game/Shangda_Wus_Book_Main_Scenes.Shangda_Wus_Book_Main_Scenes_C' with ClassGeneratedBy '/Game/Shangda_Wus_Book_Main_Scenes.Shangda_Wus_Book_Main_Scenes:PersistentLevel.Shangda_Wus_Book_Main_Scenes'
[2017.03.02-05.14.31:796][318]LogBlueprintUserMessages: Early EndPlayMap Detection: Level '/Game/Shangda_Wus_Book_Main_Scenes.Shangda_Wus_Book_Main_Scenes:PersistentLevel' has LevelScriptBlueprint '/Game/Shangda_Wus_Book_Main_Scenes.Shangda_Wus_Book_Main_Scenes:PersistentLevel.Shangda_Wus_Book_Main_Scenes' with GeneratedClass '/Game/Shangda_Wus_Book_Main_Scenes.Shangda_Wus_Book_Main_Scenes_C' with ClassGeneratedBy '/Game/Shangda_Wus_Book_Main_Scenes.Shangda_Wus_Book_Main_Scenes:PersistentLevel.Shangda_Wus_Book_Main_Scenes'
[2017.03.02-05.14.31:857][318]LogBlueprintUserMessages: Late EndPlayMap Detection: Level '/Game/Shangda_Wus_Book_Main_Scenes.Shangda_Wus_Book_Main_Scenes:PersistentLevel' has LevelScriptBlueprint '/Game/Shangda_Wus_Book_Main_Scenes.Shangda_Wus_Book_Main_Scenes:PersistentLevel.Shangda_Wus_Book_Main_Scenes' with GeneratedClass '/Game/Shangda_Wus_Book_Main_Scenes.Shangda_Wus_Book_Main_Scenes_C' with ClassGeneratedBy '/Game/Shangda_Wus_Book_Main_Scenes.Shangda_Wus_Book_Main_Scenes:PersistentLevel.Shangda_Wus_Book_Main_Scenes'
[2017.03.02-05.15.03:581][681]BlueprintLog: New page: Compile UI_Story
[2017.03.02-05.15.37:521][308]LogSavePackage: Save=146.39ms
[2017.03.02-05.15.37:521][308]LogSavePackage: Moving '../../../../Shangda_Wus_Book/Saved/Shangda_Wus_Book_Main_Scenes_Auto3A9B5BAD547FBDB550D4C05A6BDA00DD8.tmp' to '../../../../Shangda_Wus_Book/Saved/Autosaves/Game/Shangda_Wus_Book_Main_Scenes_Auto3.umap'
[2017.03.02-05.15.37:524][308]LogSavePackage:Display: Finished SavePackage ../../../../Shangda_Wus_Book/Saved/Autosaves/Game/Shangda_Wus_Book_Main_Scenes_Auto3.umap
[2017.03.02-05.15.37:526][308]LogFileHelpers: Editor autosave (incl. sublevels) for '/Game/Shangda_Wus_Book_Main_Scenes' took 0.189
[2017.03.02-05.15.37:526][308]LogFileHelpers: Editor autosave (incl. sublevels) for all levels took 0.189
[2017.03.02-05.15.37:529][308]OBJ SavePackage: Generating thumbnails for [0] asset(s) in package [/Game/Game_ProcessControl/GP_GameMode] ([1] browsable assets)...
[2017.03.02-05.15.37:529][308]OBJ SavePackage: Finished generating thumbnails for package [/Game/Game_ProcessControl/GP_GameMode]
[2017.03.02-05.15.37:529][308]Cmd: OBJ SAVEPACKAGE PACKAGE="/Game/Game_ProcessControl/GP_GameMode" FILE="../../../../Shangda_Wus_Book/Saved/Autosaves/Game/Game_ProcessControl/GP_GameMode_Auto3.uasset" SILENT=false AUTOSAVING=true
[2017.03.02-05.15.37:588][308]LogSavePackage: Save=49.74ms
[2017.03.02-05.15.37:589][308]LogSavePackage: Moving '../../../../Shangda_Wus_Book/Saved/GP_GameMode_Auto35A3CB6724F521AA2BC342193F5B8EA25.tmp' to '../../../../Shangda_Wus_Book/Saved/Autosaves/Game/Game_ProcessControl/GP_GameMode_Auto3.uasset'
[2017.03.02-05.15.37:590][308]LogSavePackage:Display: Finished SavePackage ../../../../Shangda_Wus_Book/Saved/Autosaves/Game/Game_ProcessControl/GP_GameMode_Auto3.uasset
[2017.03.02-05.15.37:592][308]OBJ SavePackage: Generating thumbnails for [0] asset(s) in package [/Game/User_Interfaces/UI_Story] ([1] browsable assets)...
[2017.03.02-05.15.37:592][308]OBJ SavePackage: Finished generating thumbnails for package [/Game/User_Interfaces/UI_Story]
[2017.03.02-05.15.37:592][308]Cmd: OBJ SAVEPACKAGE PACKAGE="/Game/User_Interfaces/UI_Story" FILE="../../../../Shangda_Wus_Book/Saved/Autosaves/Game/User_Interfaces/UI_Story_Auto3.uasset" SILENT=false AUTOSAVING=true
[2017.03.02-05.15.37:738][308]LogSavePackage: Save=136.25ms
[2017.03.02-05.15.37:738][308]LogSavePackage: Moving '../../../../Shangda_Wus_Book/Saved/UI_Story_Auto325109E5D4FF2DCC69358FBAB9B6C2314.tmp' to '../../../../Shangda_Wus_Book/Saved/Autosaves/Game/User_Interfaces/UI_Story_Auto3.uasset'
[2017.03.02-05.15.37:758][308]LogSavePackage:Display: Finished SavePackage ../../../../Shangda_Wus_Book/Saved/Autosaves/Game/User_Interfaces/UI_Story_Auto3.uasset
[2017.03.02-05.15.37:758][308]LogFileHelpers: Auto-saving content packages took 0.231
[2017.03.02-05.20.02:374][350]Cmd: OBJ SAVEPACKAGE PACKAGE="/Game/User_Interfaces/UI_Story" FILE="../../../../Shangda_Wus_Book/Content/User_Interfaces/UI_Story.uasset" SILENT=true
[2017.03.02-05.20.02:525][350]LogSavePackage: Save=136.47ms
[2017.03.02-05.20.02:525][350]LogSavePackage: Moving '../../../../Shangda_Wus_Book/Saved/UI_StoryF3F0629B4C1B18086A3B2481C35128AA.tmp' to '../../../../Shangda_Wus_Book/Content/User_Interfaces/UI_Story.uasset'
[2017.03.02-05.20.02:530][350]LogSavePackage:Display: Finished SavePackage ../../../../Shangda_Wus_Book/Content/User_Interfaces/UI_Story.uasset
[2017.03.02-05.20.04:286][374]Cmd: OBJ SAVEPACKAGE PACKAGE="/Game/Game_ProcessControl/GP_GameMode" FILE="../../../../Shangda_Wus_Book/Content/Game_ProcessControl/GP_GameMode.uasset" SILENT=true
[2017.03.02-05.20.04:310][374]LogSavePackage: Save=11.35ms
[2017.03.02-05.20.04:310][374]LogSavePackage: Moving '../../../../Shangda_Wus_Book/Saved/GP_GameMode7B65712B4CFA52C291BF9ABDDCB5E8DD.tmp' to '../../../../Shangda_Wus_Book/Content/Game_ProcessControl/GP_GameMode.uasset'
[2017.03.02-05.20.04:333][374]LogSavePackage:Display: Finished SavePackage ../../../../Shangda_Wus_Book/Content/Game_ProcessControl/GP_GameMode.uasset
[2017.03.02-05.20.04:390][374]Cmd: OBJ SAVEPACKAGE PACKAGE="/Game/Shangda_Wus_Book_Main_Scenes" FILE="../../../../Shangda_Wus_Book/Content/Shangda_Wus_Book_Main_Scenes.umap" SILENT=true AUTOSAVING=false KEEPDIRTY=false
[2017.03.02-05.20.04:561][374]LogSavePackage: Save=142.13ms
[2017.03.02-05.20.04:561][374]LogSavePackage: Moving '../../../../Shangda_Wus_Book/Saved/Shangda_Wus_Book_Main_ScenesFF2CB18E4547D8BE1464718B6B2AD9C6.tmp' to '../../../../Shangda_Wus_Book/Content/Shangda_Wus_Book_Main_Scenes.umap'
[2017.03.02-05.20.04:566][374]LogSavePackage:Display: Finished SavePackage ../../../../Shangda_Wus_Book/Content/Shangda_Wus_Book_Main_Scenes.umap
[2017.03.02-05.20.04:606][374]LogFileHelpers: Saving map 'Shangda_Wus_Book_Main_Scenes' took 0.252
[2017.03.02-05.20.05:023][374]LogWindowsTextInputMethodSystem:Display: IME system now activated using TSF (搜狗拼音输入法).
[2017.03.02-05.20.05:355][375]Cmd: QUIT_EDITOR
[2017.03.02-05.20.06:213][375]LogExit: Preparing to exit.
[2017.03.02-05.20.06:962][375]LogDirectoryWatcher: A directory notification for 'D:/UE/Shangda_Wus_Book/Content/' was aborted.
[2017.03.02-05.20.07:111][375]LogExit: Editor shut down
[2017.03.02-05.20.07:114][375]LogExit: Transaction tracking system shut down
[2017.03.02-05.20.07:305][375]LogObj: Freed 0b from 0 cluster array pools.
[2017.03.02-05.20.07:306][375]LogExit: Object subsystem successfully closed.
[2017.03.02-05.20.07:347][375]LogD3D11RHI: Shutdown
[2017.03.02-05.20.07:347][375]LogD3D11RHI: CleanupD3DDevice
[2017.03.02-05.20.07:458][375]LogD3D11RHI: ~FD3D11DynamicRHI
[2017.03.02-05.20.07:467][375]LogModuleManager: Shutting down and abandoning module MovieSceneCapture (504)
[2017.03.02-05.20.07:485][375]LogModuleManager: Shutting down and abandoning module SequencerWidgets (502)
[2017.03.02-05.20.07:485][375]LogModuleManager: Shutting down and abandoning module BlueprintGraph (500)
[2017.03.02-05.20.07:485][375]LogModuleManager: Shutting down and abandoning module BlueprintProfiler (498)
[2017.03.02-05.20.07:485][375]LogModuleManager: Shutting down and abandoning module HierarchicalLODOutliner (496)
[2017.03.02-05.20.07:485][375]LogModuleManager: Shutting down and abandoning module CrashTracker (494)
[2017.03.02-05.20.07:485][375]LogModuleManager: Shutting down and abandoning module SceneOutliner (492)
[2017.03.02-05.20.07:485][375]LogModuleManager: Shutting down and abandoning module AddContentDialog (490)
[2017.03.02-05.20.07:485][375]LogDirectoryWatcher: A directory notification for 'D:/UE/UE_4.15/FeaturePacks/' was aborted.
[2017.03.02-05.20.07:495][375]LogModuleManager: Shutting down and abandoning module WidgetCarousel (489)
[2017.03.02-05.20.07:495][375]LogModuleManager: Shutting down and abandoning module EditorWidgets (486)
[2017.03.02-05.20.07:495][375]LogModuleManager: Shutting down and abandoning module CollectionManager (484)
[2017.03.02-05.20.07:495][375]LogDirectoryWatcher: A directory notification for 'D:/UE/Shangda_Wus_Book/Content/Collections/' was aborted.
[2017.03.02-05.20.07:495][375]LogDirectoryWatcher: A directory notification for 'D:/UE/Shangda_Wus_Book/Content/Developers/Wu/Collections/' was aborted.
[2017.03.02-05.20.07:495][375]LogDirectoryWatcher: A directory notification for 'D:/UE/Shangda_Wus_Book/Saved/Collections/' was aborted.
[2017.03.02-05.20.07:495][375]LogModuleManager: Shutting down and abandoning module StatsViewer (482)
[2017.03.02-05.20.07:495][375]LogModuleManager: Shutting down and abandoning module FoliageEdit (480)
[2017.03.02-05.20.07:495][375]LogModuleManager: Shutting down and abandoning module LandscapeEditor (478)
[2017.03.02-05.20.07:495][375]LogModuleManager: Shutting down and abandoning module SceneDepthPickerMode (476)
[2017.03.02-05.20.07:495][375]LogModuleManager: Shutting down and abandoning module ActorPickerMode (474)
[2017.03.02-05.20.07:495][375]LogModuleManager: Shutting down and abandoning module GeometryMode (472)
[2017.03.02-05.20.07:495][375]LogModuleManager: Shutting down and abandoning module TextureAlignMode (470)
[2017.03.02-05.20.07:495][375]LogModuleManager: Shutting down and abandoning module BspMode (468)
[2017.03.02-05.20.07:495][375]LogModuleManager: Shutting down and abandoning module HardwareSurvey (466)
[2017.03.02-05.20.07:495][375]LogModuleManager: Shutting down and abandoning module SequenceRecorderSections (464)
[2017.03.02-05.20.07:495][375]LogModuleManager: Shutting down and abandoning module AutomationWorker (462)
[2017.03.02-05.20.07:495][375]LogModuleManager: Shutting down and abandoning module MatineeToLevelSequence (460)
[2017.03.02-05.20.07:495][375]LogModuleManager: Shutting down and abandoning module LevelSequenceEditor (458)
[2017.03.02-05.20.07:496][375]LogModuleManager: Shutting down and abandoning module PlacementMode (457)
[2017.03.02-05.20.07:496][375]LogModuleManager: Shutting down and abandoning module WmfMediaFactory (454)
[2017.03.02-05.20.07:496][375]LogModuleManager: Shutting down and abandoning module WmfMediaEditor (452)
[2017.03.02-05.20.07:496][375]LogModuleManager: Shutting down and abandoning module MfMediaFactory (450)
[2017.03.02-05.20.07:496][375]LogModuleManager: Shutting down and abandoning module MfMediaEditor (448)
[2017.03.02-05.20.07:496][375]LogModuleManager: Shutting down and abandoning module AvfMediaFactory (446)
[2017.03.02-05.20.07:496][375]LogModuleManager: Shutting down and abandoning module AvfMediaEditor (444)
[2017.03.02-05.20.07:496][375]LogModuleManager: Shutting down and abandoning module AndroidMediaFactory (442)
[2017.03.02-05.20.07:496][375]LogModuleManager: Shutting down and abandoning module Media (441)
[2017.03.02-05.20.07:496][375]LogModuleManager: Shutting down and abandoning module AndroidMediaEditor (438)
[2017.03.02-05.20.07:496][375]LogModuleManager: Shutting down and abandoning module CharacterAI (436)
[2017.03.02-05.20.07:496][375]LogModuleManager: Shutting down and abandoning module AudioCapture (434)
[2017.03.02-05.20.07:496][375]LogModuleManager: Shutting down and abandoning module SequenceRecorder (433)
[2017.03.02-05.20.07:496][375]LogModuleManager: Shutting down and abandoning module SmartSnapping (430)
[2017.03.02-05.20.07:496][375]LogModuleManager: Shutting down and abandoning module SessionServices (428)
[2017.03.02-05.20.07:496][375]LogModuleManager: Shutting down and abandoning module ViewportSnapping (426)
[2017.03.02-05.20.07:496][375]LogModuleManager: Shutting down and abandoning module ViewportInteraction (424)
[2017.03.02-05.20.07:496][375]LogModuleManager: Shutting down and abandoning module LogVisualizer (422)
[2017.03.02-05.20.07:496][375]LogModuleManager: Shutting down and abandoning module IntroTutorials (420)
[2017.03.02-05.20.07:496][375]LogModuleManager: Shutting down and abandoning module GameProjectGeneration (419)
[2017.03.02-05.20.07:496][375]LogModuleManager: Shutting down and abandoning module EditorLiveStreaming (416)
[2017.03.02-05.20.07:496][375]LogModuleManager: Shutting down and abandoning module IOSPlatformEditor (414)
[2017.03.02-05.20.07:496][375]LogModuleManager: Shutting down and abandoning module HTML5PlatformEditor (412)
[2017.03.02-05.20.07:496][375]LogModuleManager: Shutting down and abandoning module AndroidPlatformEditor (410)
[2017.03.02-05.20.07:496][375]LogModuleManager: Shutting down and abandoning module AndroidDeviceDetection (409)
[2017.03.02-05.20.07:497][375]LogModuleManager: Shutting down and abandoning module IOSRuntimeSettings (406)
[2017.03.02-05.20.07:497][375]LogModuleManager: Shutting down and abandoning module AndroidRuntimeSettings (404)
[2017.03.02-05.20.07:497][375]LogModuleManager: Shutting down and abandoning module InputBindingEditor (402)
[2017.03.02-05.20.07:497][375]LogModuleManager: Shutting down and abandoning module NiagaraEditor (400)
[2017.03.02-05.20.07:497][375]LogModuleManager: Shutting down and abandoning module MergeActors (398)
[2017.03.02-05.20.07:497][375]LogModuleManager: Shutting down and abandoning module SizeMap (396)
[2017.03.02-05.20.07:497][375]LogModuleManager: Shutting down and abandoning module TreeMap (394)
[2017.03.02-05.20.07:497][375]LogModuleManager: Shutting down and abandoning module ReferenceViewer (392)
[2017.03.02-05.20.07:497][375]LogModuleManager: Shutting down and abandoning module LocalizationDashboard (390)
[2017.03.02-05.20.07:497][375]LogModuleManager: Shutting down and abandoning module LocalizationService (389)
[2017.03.02-05.20.07:497][375]LogModuleManager: Shutting down and abandoning module HardwareTargeting (386)
[2017.03.02-05.20.07:497][375]LogModuleManager: Shutting down and abandoning module DeviceProfileEditor (384)
[2017.03.02-05.20.07:497][375]LogModuleManager: Shutting down and abandoning module UndoHistory (382)
[2017.03.02-05.20.07:497][375]LogModuleManager: Shutting down and abandoning module UserFeedback (380)
[2017.03.02-05.20.07:497][375]LogModuleManager: Shutting down and abandoning module XmlParser (378)
[2017.03.02-05.20.07:498][375]LogModuleManager: Shutting down and abandoning module Blutility (376)
[2017.03.02-05.20.07:498][375]LogModuleManager: Shutting down and abandoning module ProjectSettingsViewer (374)
[2017.03.02-05.20.07:498][375]LogModuleManager: Shutting down and abandoning module ProjectTargetPlatformEditor (373)
[2017.03.02-05.20.07:498][375]LogModuleManager: Shutting down and abandoning module EditorSettingsViewer (370)
[2017.03.02-05.20.07:498][375]LogModuleManager: Shutting down and abandoning module SettingsEditor (368)
[2017.03.02-05.20.07:498][375]LogModuleManager: Shutting down and abandoning module ProjectLauncher (366)
[2017.03.02-05.20.07:498][375]LogModuleManager: Shutting down and abandoning module SessionFrontend (364)
[2017.03.02-05.20.07:498][375]LogModuleManager: Shutting down and abandoning module ProfilerClient (362)
[2017.03.02-05.20.07:498][375]LogModuleManager: Shutting down and abandoning module DeviceManager (360)
[2017.03.02-05.20.07:498][375]LogModuleManager: Shutting down and abandoning module TargetDeviceServices (359)
[2017.03.02-05.20.07:542][375]LogModuleManager: Shutting down and abandoning module AutomationController (356)
[2017.03.02-05.20.07:542][375]LogModuleManager: Shutting down and abandoning module AutomationWindow (354)
[2017.03.02-05.20.07:542][375]LogModuleManager: Shutting down and abandoning module Layers (352)
[2017.03.02-05.20.07:542][375]LogModuleManager: Shutting down and abandoning module ComponentVisualizers (350)
[2017.03.02-05.20.07:542][375]LogModuleManager: Shutting down and abandoning module DetailCustomizations (348)
[2017.03.02-05.20.07:542][375]LogModuleManager: Shutting down and abandoning module PackagesDialog (346)
[2017.03.02-05.20.07:542][375]LogModuleManager: Shutting down and abandoning module Persona (344)
[2017.03.02-05.20.07:542][375]LogModuleManager: Shutting down and abandoning module AnimGraph (343)
[2017.03.02-05.20.07:542][375]LogModuleManager: Shutting down and abandoning module Kismet (340)
[2017.03.02-05.20.07:555][375]LogModuleManager: Shutting down and abandoning module GraphEditor (338)
[2017.03.02-05.20.07:555][375]LogModuleManager: Shutting down and abandoning module ClassViewer (336)
[2017.03.02-05.20.07:569][375]LogModuleManager: Shutting down and abandoning module Toolbox (334)
[2017.03.02-05.20.07:569][375]LogModuleManager: Shutting down and abandoning module ModuleUI (332)
[2017.03.02-05.20.07:569][375]LogModuleManager: Shutting down and abandoning module MovieSceneTools (330)
[2017.03.02-05.20.07:569][375]LogModuleManager: Shutting down and abandoning module OutputLog (328)
[2017.03.02-05.20.07:569][375]LogModuleManager: Shutting down and abandoning module GammaUI (326)
[2017.03.02-05.20.07:569][375]LogModuleManager: Shutting down and abandoning module Documentation (324)
[2017.03.02-05.20.07:570][375]LogModuleManager: Shutting down and abandoning module Niagara (322)
[2017.03.02-05.20.07:570][375]LogModuleManager: Shutting down and abandoning module StreamingPauseRendering (320)
[2017.03.02-05.20.07:570][375]LogModuleManager: Shutting down and abandoning module AnalyticsET (318)
[2017.03.02-05.20.07:570][375]LogModuleManager: Shutting down and abandoning module PortalServices (316)
[2017.03.02-05.20.07:570][375]LogModuleManager: Shutting down and abandoning module PortalRpc (314)
[2017.03.02-05.20.07:570][375]LogModuleManager: Shutting down and abandoning module MessagingRpc (312)
[2017.03.02-05.20.07:570][375]LogModuleManager: Shutting down and abandoning module AIModule (310)
[2017.03.02-05.20.07:570][375]LogModuleManager: Shutting down and abandoning module GameplayDebugger (309)
[2017.03.02-05.20.07:570][375]LogModuleManager: Shutting down and abandoning module AITestSuite (307)
[2017.03.02-05.20.07:570][375]LogModuleManager: Shutting down and abandoning module ProfilerService (304)
[2017.03.02-05.20.07:612][375]LogModuleManager: Shutting down and abandoning module TaskGraph (302)
[2017.03.02-05.20.07:612][375]LogModuleManager: Shutting down and abandoning module SteamVRController (300)
[2017.03.02-05.20.07:612][375]LogModuleManager: Shutting down and abandoning module SteamVR (298)
[2017.03.02-05.20.07:612][375]LogModuleManager: Shutting down and abandoning module ProceduralMeshComponentEditor (296)
[2017.03.02-05.20.07:612][375]LogModuleManager: Shutting down and abandoning module ProceduralMeshComponent (294)
[2017.03.02-05.20.07:612][375]LogModuleManager: Shutting down and abandoning module OculusLibrary (292)
[2017.03.02-05.20.07:612][375]LogModuleManager: Shutting down and abandoning module OculusInput (290)
[2017.03.02-05.20.07:612][375]LogModuleManager: Shutting down and abandoning module MobilePatchingUtils (288)
[2017.03.02-05.20.07:612][375]LogModuleManager: Shutting down and abandoning module CustomMeshComponent (286)
[2017.03.02-05.20.07:612][375]LogModuleManager: Shutting down and abandoning module CableComponent (284)
[2017.03.02-05.20.07:612][375]LogModuleManager: Shutting down and abandoning module ArchVisCharacter (282)
[2017.03.02-05.20.07:612][375]LogModuleManager: Shutting down and abandoning module MediaPlayerEditor (278)
[2017.03.02-05.20.07:612][375]LogModuleManager: Shutting down and abandoning module HTML5Networking (276)
[2017.03.02-05.20.07:612][375]LogModuleManager: Shutting down and abandoning module AlembicImporter (274)
[2017.03.02-05.20.07:612][375]LogModuleManager: Shutting down and abandoning module AlembicLibrary (273)
[2017.03.02-05.20.07:612][375]LogModuleManager: Shutting down and abandoning module GeometryCache (272)
[2017.03.02-05.20.07:612][375]LogModuleManager: Shutting down and abandoning module GeometryCacheEd (271)
[2017.03.02-05.20.07:612][375]LogModuleManager: Shutting down and abandoning module SuperSearchEditor (266)
[2017.03.02-05.20.07:612][375]LogModuleManager: Shutting down and abandoning module SuperSearch (265)
[2017.03.02-05.20.07:612][375]LogModuleManager: Shutting down and abandoning module SpeedTreeImporter (262)
[2017.03.02-05.20.07:612][375]LogModuleManager: Shutting down and abandoning module PluginBrowser (260)
[2017.03.02-05.20.07:612][375]LogModuleManager: Shutting down and abandoning module MobileLauncherProfileWizard (258)
[2017.03.02-05.20.07:612][375]LogModuleManager: Shutting down and abandoning module EpicSurvey (256)
[2017.03.02-05.20.07:612][375]LogModuleManager: Shutting down and abandoning module VisualStudioSourceCodeAccess (254)
[2017.03.02-05.20.07:612][375]LogModuleManager: Shutting down and abandoning module DesktopPlatform (253)
[2017.03.02-05.20.07:612][375]LogModuleManager: Shutting down and abandoning module UObjectPlugin (250)
[2017.03.02-05.20.07:612][375]LogModuleManager: Shutting down and abandoning module SubversionSourceControl (248)
[2017.03.02-05.20.07:612][375]LogModuleManager: Shutting down and abandoning module PerforceSourceControl (246)
[2017.03.02-05.20.07:612][375]LogModuleManager: Shutting down and abandoning module GitSourceControl (244)
[2017.03.02-05.20.07:612][375]LogModuleManager: Shutting down and abandoning module SourceControl (243)
[2017.03.02-05.20.07:612][375]LogModuleManager: Shutting down and abandoning module LightPropagationVolumeEditor (240)
[2017.03.02-05.20.07:612][375]LogModuleManager: Shutting down and abandoning module PaperTiledImporter (238)
[2017.03.02-05.20.07:612][375]LogModuleManager: Shutting down and abandoning module PaperSpriteSheetImporter (236)
[2017.03.02-05.20.07:612][375]LogModuleManager: Shutting down and abandoning module Paper2DEditor (234)
[2017.03.02-05.20.07:612][375]LogModuleManager: Shutting down and abandoning module MeshPaint (233)
[2017.03.02-05.20.07:612][375]LogModuleManager: Shutting down and abandoning module LevelEditor (231)
[2017.03.02-05.20.07:615][375]LogModuleManager: Shutting down and abandoning module PixelInspectorModule (230)
[2017.03.02-05.20.07:615][375]LogModuleManager: Shutting down and abandoning module MainFrame (228)
[2017.03.02-05.20.07:615][375]LogModuleManager: Shutting down and abandoning module HotReload (227)
[2017.03.02-05.20.07:632][375]LogModuleManager: Shutting down and abandoning module ContentBrowser (223)
[2017.03.02-05.20.07:634][375]LogModuleManager: Shutting down and abandoning module PhysXVehiclesEditor (220)
[2017.03.02-05.20.07:634][375]LogModuleManager: Shutting down and abandoning module PhysXVehicles (218)
[2017.03.02-05.20.07:634][375]LogModuleManager: Shutting down and abandoning module LocationServicesBPLibrary (216)
[2017.03.02-05.20.07:634][375]LogModuleManager: Shutting down and abandoning module UdpMessaging (214)
[2017.03.02-05.20.07:736][375]LogModuleManager: Shutting down and abandoning module TcpMessaging (212)
[2017.03.02-05.20.07:836][375]LogModuleManager: Shutting down and abandoning module GameplayTagsEditor (210)
[2017.03.02-05.20.07:836][375]LogModuleManager: Shutting down and abandoning module FacialAnimationEditor (208)
[2017.03.02-05.20.07:836][375]LogModuleManager: Shutting down and abandoning module FacialAnimation (206)
[2017.03.02-05.20.07:836][375]LogModuleManager: Shutting down and abandoning module LightPropagationVolumeRuntime (204)
[2017.03.02-05.20.07:836][375]LogModuleManager: Shutting down and abandoning module Paper2D (202)
[2017.03.02-05.20.07:836][375]LogModuleManager: Shutting down and abandoning module WindowsMoviePlayer (200)
[2017.03.02-05.20.07:836][375]LogModuleManager: Shutting down and abandoning module WmfMedia (198)
[2017.03.02-05.20.07:836][375]LogModuleManager: Shutting down and abandoning module MfMedia (196)
[2017.03.02-05.20.07:836][375]LogModuleManager: Shutting down and abandoning module MediaAssets (194)
[2017.03.02-05.20.07:836][375]LogModuleManager: Shutting down and abandoning module GameLiveStreaming (192)
[2017.03.02-05.20.07:836][375]LogModuleManager: Shutting down and abandoning module VREditor (190)
[2017.03.02-05.20.07:836][375]LogModuleManager: Shutting down and abandoning module GameplayTasksEditor (188)
[2017.03.02-05.20.07:836][375]LogModuleManager: Shutting down and abandoning module BehaviorTreeEditor (186)
[2017.03.02-05.20.07:836][375]LogModuleManager: Shutting down and abandoning module FunctionalTesting (184)
[2017.03.02-05.20.07:836][375]LogModuleManager: Shutting down and abandoning module CollisionAnalyzer (182)
[2017.03.02-05.20.07:837][375]LogModuleManager: Shutting down and abandoning module UMG (180)
[2017.03.02-05.20.07:837][375]LogModuleManager: Shutting down and abandoning module UMGEditor (179)
[2017.03.02-05.20.07:837][375]LogModuleManager: Shutting down and abandoning module Sequencer (178)
[2017.03.02-05.20.07:837][375]LogModuleManager: Shutting down and abandoning module AssetTools (176)
[2017.03.02-05.20.07:837][375]LogModuleManager: Shutting down and abandoning module MessageLog (175)
[2017.03.02-05.20.07:837][375]LogModuleManager: Shutting down and abandoning module WorkspaceMenuStructure (174)
[2017.03.02-05.20.07:837][375]LogModuleManager: Shutting down and abandoning module SlateReflector (168)
[2017.03.02-05.20.07:837][375]LogModuleManager: Shutting down and abandoning module Slate (166)
[2017.03.02-05.20.07:837][375]LogModuleManager: Shutting down and abandoning module EditorStyle (164)
[2017.03.02-05.20.07:840][375]LogModuleManager: Shutting down and abandoning module SourceCodeAccess (162)
[2017.03.02-05.20.07:841][375]LogModuleManager: Shutting down and abandoning module HeadMountedDisplay (160)
[2017.03.02-05.20.07:841][375]LogModuleManager: Shutting down and abandoning module XAudio2 (158)
[2017.03.02-05.20.07:841][375]LogModuleManager: Shutting down and abandoning module Networking (156)
[2017.03.02-05.20.07:841][375]LogModuleManager: Shutting down and abandoning module Core (152)
[2017.03.02-05.20.07:841][375]LogModuleManager: Shutting down and abandoning module AssetRegistry (150)
[2017.03.02-05.20.08:067][375]LogDirectoryWatcher: A directory notification for '../../../Engine/Content/' was aborted.
[2017.03.02-05.20.08:067][375]LogDirectoryWatcher: A directory notification for '../../../../Shangda_Wus_Book/Content/' was aborted.
[2017.03.02-05.20.08:067][375]LogDirectoryWatcher: A directory notification for '../../../Engine/Plugins/2D/Paper2D/Content/' was aborted.
[2017.03.02-05.20.08:067][375]LogModuleManager: Shutting down and abandoning module DirectoryWatcher (149)
[2017.03.02-05.20.08:075][375]LogModuleManager: Shutting down and abandoning module KismetCompiler (146)
[2017.03.02-05.20.08:075][375]LogModuleManager: Shutting down and abandoning module PhysXFormats (144)
[2017.03.02-05.20.08:075][375]LogModuleManager: Shutting down and abandoning module MeshUtilities (142)
[2017.03.02-05.20.08:075][375]LogModuleManager: Shutting down and abandoning module SimplygonSwarm (141)
[2017.03.02-05.20.08:075][375]LogModuleManager: Shutting down and abandoning module SimplygonMeshReduction (139)
[2017.03.02-05.20.08:075][375]LogModuleManager: Shutting down and abandoning module QuadricMeshReduction (137)
[2017.03.02-05.20.08:075][375]LogModuleManager: Shutting down and abandoning module PropertyEditor (135)
[2017.03.02-05.20.08:076][375]LogModuleManager: Shutting down and abandoning module DerivedDataCache (132)
[2017.03.02-05.20.08:122][375]LogDerivedDataCache: Shutdown
[2017.03.02-05.20.08:122][375]LogModuleManager: Shutting down and abandoning module TargetPlatform (130)
[2017.03.02-05.20.08:122][375]LogModuleManager: Shutting down and abandoning module VulkanShaderFormat (129)
[2017.03.02-05.20.08:122][375]LogModuleManager: Shutting down and abandoning module ShaderFormatOpenGL (127)
[2017.03.02-05.20.08:122][375]LogModuleManager: Shutting down and abandoning module ShaderFormatD3D (125)
[2017.03.02-05.20.08:122][375]LogModuleManager: Shutting down and abandoning module MetalShaderFormat (123)
[2017.03.02-05.20.08:123][375]LogModuleManager: Shutting down and abandoning module TextureFormatUncompressed (121)
[2017.03.02-05.20.08:123][375]LogModuleManager: Shutting down and abandoning module TextureFormatPVR (119)
[2017.03.02-05.20.08:123][375]LogModuleManager: Shutting down and abandoning module TextureFormatDXT (117)
[2017.03.02-05.20.08:123][375]LogModuleManager: Shutting down and abandoning module TextureFormatIntelISPCTexComp (115)
[2017.03.02-05.20.08:123][375]LogModuleManager: Shutting down and abandoning module TextureFormatASTC (113)
[2017.03.02-05.20.08:123][375]LogModuleManager: Shutting down and abandoning module ImageWrapper (112)
[2017.03.02-05.20.08:123][375]LogModuleManager: Shutting down and abandoning module TextureFormatAndroid (109)
[2017.03.02-05.20.08:123][375]LogModuleManager: Shutting down and abandoning module AudioFormatOpus (107)
[2017.03.02-05.20.08:123][375]LogModuleManager: Shutting down and abandoning module AudioFormatOgg (105)
[2017.03.02-05.20.08:123][375]LogModuleManager: Shutting down and abandoning module AudioFormatADPCM (103)
[2017.03.02-05.20.08:124][375]LogModuleManager: Shutting down and abandoning module LinuxTargetPlatform (101)
[2017.03.02-05.20.08:124][375]LogModuleManager: Shutting down and abandoning module LinuxServerTargetPlatform (99)
[2017.03.02-05.20.08:124][375]LogModuleManager: Shutting down and abandoning module LinuxNoEditorTargetPlatform (97)
[2017.03.02-05.20.08:124][375]LogModuleManager: Shutting down and abandoning module LinuxClientTargetPlatform (95)
[2017.03.02-05.20.08:124][375]LogModuleManager: Shutting down and abandoning module TVOSTargetPlatform (93)
[2017.03.02-05.20.08:124][375]LogModuleManager: Shutting down and abandoning module Messaging (91)
[2017.03.02-05.20.08:124][375]LogModuleManager: Shutting down and abandoning module IOSTargetPlatform (89)
[2017.03.02-05.20.08:124][375]LogModuleManager: Shutting down and abandoning module HTML5TargetPlatform (87)
[2017.03.02-05.20.08:124][375]LogModuleManager: Shutting down and abandoning module Android_PVRTCTargetPlatform (85)
[2017.03.02-05.20.08:124][375]LogModuleManager: Shutting down and abandoning module Android_MultiTargetPlatform (83)
[2017.03.02-05.20.08:124][375]LogModuleManager: Shutting down and abandoning module Android_ETC2TargetPlatform (81)
[2017.03.02-05.20.08:124][375]LogModuleManager: Shutting down and abandoning module Android_ETC1TargetPlatform (79)
[2017.03.02-05.20.08:124][375]LogModuleManager: Shutting down and abandoning module Android_DXTTargetPlatform (77)
[2017.03.02-05.20.08:124][375]LogModuleManager: Shutting down and abandoning module Android_ATCTargetPlatform (75)
[2017.03.02-05.20.08:124][375]LogModuleManager: Shutting down and abandoning module Android_ASTCTargetPlatform (73)
[2017.03.02-05.20.08:124][375]LogModuleManager: Shutting down and abandoning module AndroidTargetPlatform (71)
[2017.03.02-05.20.08:124][375]LogModuleManager: Shutting down and abandoning module WindowsTargetPlatform (69)
[2017.03.02-05.20.08:124][375]LogModuleManager: Shutting down and abandoning module WindowsServerTargetPlatform (67)
[2017.03.02-05.20.08:124][375]LogModuleManager: Shutting down and abandoning module WindowsNoEditorTargetPlatform (65)
[2017.03.02-05.20.08:124][375]LogModuleManager: Shutting down and abandoning module WindowsClientTargetPlatform (63)
[2017.03.02-05.20.08:124][375]LogModuleManager: Shutting down and abandoning module MacTargetPlatform (61)
[2017.03.02-05.20.08:124][375]LogModuleManager: Shutting down and abandoning module MacServerTargetPlatform (59)
[2017.03.02-05.20.08:124][375]LogModuleManager: Shutting down and abandoning module MacNoEditorTargetPlatform (57)
[2017.03.02-05.20.08:124][375]LogModuleManager: Shutting down and abandoning module MacClientTargetPlatform (55)
[2017.03.02-05.20.08:124][375]LogModuleManager: Shutting down and abandoning module AllDesktopTargetPlatform (53)
[2017.03.02-05.20.08:124][375]LogModuleManager: Shutting down and abandoning module InputCore (50)
[2017.03.02-05.20.08:124][375]LogModuleManager: Shutting down and abandoning module Settings (48)
[2017.03.02-05.20.08:124][375]LogModuleManager: Shutting down and abandoning module OculusRift (46)
[2017.03.02-05.20.08:124][375]LogModuleManager: Shutting down and abandoning module ExampleDeviceProfileSelector (44)
[2017.03.02-05.20.08:125][375]LogModuleManager: Shutting down and abandoning module OnlineBlueprintSupport (42)
[2017.03.02-05.20.08:125][375]LogModuleManager: Shutting down and abandoning module OnlineSubsystem (38)
[2017.03.02-05.20.08:125][375]LogOnline:Display: Unloading online subsystem: NULL
[2017.03.02-05.20.08:125][375]LogModuleManager: Shutting down and abandoning module XMPP (37)
[2017.03.02-05.20.08:125][375]LogModuleManager: Shutting down and abandoning module HTTP (35)
[2017.03.02-05.20.08:125][375]LogHttp:Display: Http module shutting down, but needs to wait on 2 outstanding Http requests:
[2017.03.02-05.20.08:125][375]LogHttp:Display: 	verb=[POST] url=[https://datarouter.ol.epicgames.com/datarouter/api/v1/public/data?SessionID=%7B38C14A98-4E5B-B793-48CC-38A7D4D0EABA%7D&AppID=UEEditor.Rocket.Release&AppVersion=4.15.0-3299760%2B%2B%2BUE4%2BRelease-4.15&UserID=632252274a1a51c5d09319ad812ffc6f%7Cdfb84846bd18458ea4123b3e7e2ad85b%7C611662be-5782-4c58-b6ba-4e13bbc45909&AppEnvironment=datacollector-binary&UploadType=eteventstream] status=Processing
[2017.03.02-05.20.08:125][375]LogHttp:Display: 	verb=[POST] url=[https://datarouter.ol.epicgames.com/datarouter/api/v1/public/data?SessionID=%7B38C14A98-4E5B-B793-48CC-38A7D4D0EABA%7D&AppID=UEEditor.Rocket.Release&AppVersion=4.15.0-3299760%2B%2B%2BUE4%2BRelease-4.15&UserID=632252274a1a51c5d09319ad812ffc6f%7Cdfb84846bd18458ea4123b3e7e2ad85b%7C611662be-5782-4c58-b6ba-4e13bbc45909&AppEnvironment=datacollector-binary&UploadType=eteventstream] status=Processing
[2017.03.02-05.20.08:152][375]LogModuleManager: Shutting down and abandoning module SSL (34)
[2017.03.02-05.20.08:154][375]LogModuleManager: Shutting down and abandoning module AudioEditor (30)
[2017.03.02-05.20.08:154][375]LogModuleManager: Shutting down and abandoning module TextureCompressor (28)
[2017.03.02-05.20.08:154][375]LogModuleManager: Shutting down and abandoning module ShaderCore (26)
[2017.03.02-05.20.08:154][375]LogModuleManager: Shutting down and abandoning module Landscape (24)
[2017.03.02-05.20.08:154][375]LogModuleManager: Shutting down and abandoning module SlateRHIRenderer (22)
[2017.03.02-05.20.08:199][375]LogModuleManager: Shutting down and abandoning module OpenGLDrv (20)
[2017.03.02-05.20.08:199][375]LogModuleManager: Shutting down and abandoning module D3D11RHI (18)
[2017.03.02-05.20.08:199][375]LogModuleManager: Shutting down and abandoning module AnimGraphRuntime (16)
[2017.03.02-05.20.08:199][375]LogModuleManager: Shutting down and abandoning module Renderer (14)
[2017.03.02-05.20.08:199][375]LogModuleManager: Shutting down and abandoning module Engine (12)
[2017.03.02-05.20.08:199][375]LogModuleManager: Shutting down and abandoning module CoreUObject (10)
[2017.03.02-05.20.08:199][375]LogModuleManager: Shutting down and abandoning module NetworkFile (8)
[2017.03.02-05.20.08:199][375]LogModuleManager: Shutting down and abandoning module StreamingFile (6)
[2017.03.02-05.20.08:199][375]LogModuleManager: Shutting down and abandoning module SandboxFile (4)
[2017.03.02-05.20.08:199][375]LogModuleManager: Shutting down and abandoning module PakFile (2)
[2017.03.02-05.20.08:203][375]LogExit: Exiting.
[2017.03.02-05.20.08:224][375]Log file closed, 03/02/17 13:20:08
