Log file open, 02/27/17 19:53:56
LogInit:Display: Running engine for game: Shangda_Wus_Book
LogPlatformFile: Not using cached read wrapper
LogInit:Display: RandInit(672006644) SRandInit(672006644).
LogTaskGraph: Started task graph with 5 named threads and 6 total threads with 1 sets of task threads.
LogStats: Stats thread started at 0.050665
LogInit: Using libcurl 7.47.1
LogInit:  - built for x86_64-pc-win32
LogInit:  - supports SSL with OpenSSL/1.0.2g
LogInit:  - supports HTTP deflate (compression) using libz 1.2.8
LogInit:  - other features:
LogInit:      CURL_VERSION_SSL
LogInit:      CURL_VERSION_LIBZ
LogInit:      CURL_VERSION_IPV6
LogInit:      CURL_VERSION_ASYNCHDNS
LogInit:      CURL_VERSION_LARGEFILE
LogInit:      CURL_VERSION_IDN
LogInit:  CurlRequestOptions (configurable via config and command line):
LogInit:  - bVerifyPeer = false  - Libcurl will NOT verify peer certificate
LogInit:  - bUseHttpProxy = false  - Libcurl will NOT use HTTP proxy
LogInit:  - bDontReuseConnections = false  - Libcurl will reuse connections
LogInit:  - CertBundlePath = nullptr  - Libcurl will use whatever was configured at build time.
LogInit: Build: ++UE4+Release-4.15-CL-3299760
LogInit: Engine Version: 4.15.0-3299760+++UE4+Release-4.15
LogInit: Compatible Engine Version: 4.15.0-3299760+++UE4+Release-4.15
LogInit: Net CL: 3299760
LogDevObjectVersion: Number of dev versions registered: 14
LogDevObjectVersion:   Dev-Blueprints (B0D832E4-1F89-4F0D-ACCF-7EB736FD4AA2): 8
LogDevObjectVersion:   Dev-Build (E1C64328-A22C-4D53-A36C-8E866417BD8C): 0
LogDevObjectVersion:   Dev-Core (375EC13C-06E4-48FB-B500-84F0262A717E): 2
LogDevObjectVersion:   Dev-Editor (E4B068ED-F494-42E9-A231-DA0B2E46BB41): 14
LogDevObjectVersion:   Dev-Framework (CFFC743F-43B0-4480-9391-14DF171D2073): 22
LogDevObjectVersion:   Dev-Mobile (B02B49B5-BB20-44E9-A304-32B752E40360): 0
LogDevObjectVersion:   Dev-Networking (A4E4105C-59A1-49B5-A7C5-40C4547EDFEE): 0
LogDevObjectVersion:   Dev-Online (39C831C9-5AE6-47DC-9A44-9C173E1C8E7C): 0
LogDevObjectVersion:   Dev-Physics (78F01B33-EBEA-4F98-B9B4-84EACCB95AA2): 0
LogDevObjectVersion:   Dev-Platform (6631380F-2D4D-43E0-8009-CF276956A95A): 0
LogDevObjectVersion:   Dev-Rendering (12F88B9F-8875-4AFC-A67C-D90C383ABD29): 12
LogDevObjectVersion:   Dev-Sequencer (7B5AE74C-D270-4C10-A958-57980B212A5A): 3
LogDevObjectVersion:   Dev-VR (D7296918-1DD6-4BDD-9DE2-64A83CC13884): 0
LogDevObjectVersion:   Dev-LoadTimes (C2A15278-BFE7-4AFE-6C17-90FF531DF755): 1
LogInit: Compiled (64-bit): Feb 14 2017 02:04:14
LogInit: Compiled with Visual C++: 19.00.23026.00
LogInit: Build Configuration: Development
LogInit: Branch Name: ++UE4+Release-4.15
LogInit: Command line:  
LogInit: Base directory: C:/Program Files (x86)/Epic Games/4.15/Engine/Binaries/Win64/
LogInit: Installed Engine Build: 1
LogInit: Presizing for max 8388607 objects, including 0 objects not considered by GC, pre-allocating 0 bytes for permanent pool.
LogInit: Object subsystem initialized
[2017.02.27-11.53.56:818][  0]LogInit: Selected Device Profile: [Windows]
[2017.02.27-11.53.56:818][  0]LogInit: Applying CVar settings loaded from the selected device profile: [Windows]
[2017.02.27-11.53.56:829][  0]LogInit: Computer: DESKTOP-4SGI5H6
[2017.02.27-11.53.56:829][  0]LogInit: User: shang
[2017.02.27-11.53.56:829][  0]LogInit: CPU Page size=65536, Cores=2
[2017.02.27-11.53.56:829][  0]LogInit: High frequency timer resolution =3.234371 MHz
[2017.02.27-11.53.56:830][  0]LogMemory: Memory total: Physical=15.8GB (16GB approx)
[2017.02.27-11.53.56:830][  0]LogMemory: Platform Memory Stats for Windows
[2017.02.27-11.53.56:830][  0]LogMemory: Process Physical Memory: 263.73 MB used, 263.73 MB peak
[2017.02.27-11.53.56:830][  0]LogMemory: Process Virtual Memory: 262.17 MB used, 262.17 MB peak
[2017.02.27-11.53.56:830][  0]LogMemory: Physical Memory: 3553.32 MB used,  12647.59 MB free, 16200.91 MB total
[2017.02.27-11.53.56:830][  0]LogMemory: Virtual Memory: 639.67 MB used,  12647.59 MB free, 134217728.00 MB total
[2017.02.27-11.53.56:902][  0]LogInit: Overriding culture en with editor configuration.
[2017.02.27-11.53.57:505][  0]LogD3D11RHI: D3D11 adapters:
[2017.02.27-11.53.57:536][  0]LogD3D11RHI:    0. 'NVIDIA Quadro M1000M' (Feature Level 11_0)
[2017.02.27-11.53.57:536][  0]LogD3D11RHI:       4064/0/8100 MB DedicatedVideo/DedicatedSystem/SharedSystem, Outputs:1, VendorId:0x10de
[2017.02.27-11.53.57:542][  0]LogD3D11RHI:    1. 'Intel(R) Iris(TM) Graphics 550' (Feature Level 11_0)
[2017.02.27-11.53.57:542][  0]LogD3D11RHI:       128/0/8100 MB DedicatedVideo/DedicatedSystem/SharedSystem, Outputs:0, VendorId:0x8086
[2017.02.27-11.53.57:544][  0]LogD3D11RHI:    2. 'Microsoft Basic Render Driver' (Feature Level 11_0)
[2017.02.27-11.53.57:544][  0]LogD3D11RHI:       0/0/8100 MB DedicatedVideo/DedicatedSystem/SharedSystem, Outputs:0, VendorId:0x1414
[2017.02.27-11.53.57:544][  0]LogD3D11RHI: Chosen D3D11 Adapter: 0
[2017.02.27-11.53.57:550][  0]LogD3D11RHI: Creating new Direct3DDevice
[2017.02.27-11.53.57:550][  0]LogD3D11RHI:     GPU DeviceId: 0x13b1 (for the marketing name, search the web for "GPU Device Id")
[2017.02.27-11.53.57:550][  0]LogWindows: EnumDisplayDevices:
[2017.02.27-11.53.57:550][  0]LogWindows:    0. 'Intel(R) Iris(TM) Graphics 550' (P:1 D:1)
[2017.02.27-11.53.57:550][  0]LogWindows:    1. 'Intel(R) Iris(TM) Graphics 550' (P:0 D:0)
[2017.02.27-11.53.57:550][  0]LogWindows:    2. 'Intel(R) Iris(TM) Graphics 550' (P:0 D:0)
[2017.02.27-11.53.57:550][  0]LogWindows: DebugString: PrimaryIsNotTheChoosenAdapter PrimaryIsNotTheChoosenAdapter PrimaryIsNotTheChoosenAdapter FoundDriverCount:0 
[2017.02.27-11.53.57:550][  0]LogD3D11RHI:     Adapter Name: NVIDIA Quadro M1000M
[2017.02.27-11.53.57:551][  0]LogD3D11RHI:   Driver Version: Unknown (internal:Unknown, unified:Unknown)
[2017.02.27-11.53.57:551][  0]LogD3D11RHI:      Driver Date: Unknown
[2017.02.27-11.53.57:551][  0]LogRHI: Texture pool is 1361 MB (70% of 1945 MB)
[2017.02.27-11.53.57:566][  0]LogD3D11RHI: Async texture creation enabled
[2017.02.27-11.53.57:584][  0]LogD3D11RHI: GPU Timing Frequency: 1000.000000 (Debug: 2 2)
[2017.02.27-11.53.57:584][  0]LogShaderCompilers: Guid format shader working directory is -27 characters bigger than the processId version (../../../../../../Users/shang/Documents/Unreal Projects/Shangda_Wus_Book/Intermediate/Shaders/WorkingDirectory/32464/).
[2017.02.27-11.53.57:584][  0]LogShaderCompilers: Cleaned the shader compiler working directory 'C:/Users/shang/AppData/Local/Temp/UnrealShaderWorkingDir/EE2CADFA43169C5D0258E192DA6551BD/'.
[2017.02.27-11.53.57:584][  0]LogShaderCompilers:Display: Using Local Shader Compiler.
[2017.02.27-11.53.58:502][  0]LogTemp:Display: Loaded TP AllDesktopTargetPlatform
[2017.02.27-11.53.58:550][  0]LogTemp:Display: Loaded TP MacClientTargetPlatform
[2017.02.27-11.53.58:598][  0]LogTemp:Display: Loaded TP MacNoEditorTargetPlatform
[2017.02.27-11.53.58:646][  0]LogTemp:Display: Loaded TP MacServerTargetPlatform
[2017.02.27-11.53.58:693][  0]LogTemp:Display: Loaded TP MacTargetPlatform
[2017.02.27-11.53.58:741][  0]LogTemp:Display: Loaded TP WindowsClientTargetPlatform
[2017.02.27-11.53.58:788][  0]LogTemp:Display: Loaded TP WindowsNoEditorTargetPlatform
[2017.02.27-11.53.58:835][  0]LogTemp:Display: Loaded TP WindowsServerTargetPlatform
[2017.02.27-11.53.58:873][  0]LogTemp:Display: Loaded TP WindowsTargetPlatform
[2017.02.27-11.53.58:919][  0]LogTemp:Display: Loaded TP AndroidTargetPlatform
[2017.02.27-11.53.58:965][  0]LogTemp:Display: Loaded TP Android_ASTCTargetPlatform
[2017.02.27-11.53.59:012][  0]LogTemp:Display: Loaded TP Android_ATCTargetPlatform
[2017.02.27-11.53.59:059][  0]LogTemp:Display: Loaded TP Android_DXTTargetPlatform
[2017.02.27-11.53.59:104][  0]LogTemp:Display: Loaded TP Android_ETC1TargetPlatform
[2017.02.27-11.53.59:150][  0]LogTemp:Display: Loaded TP Android_ETC2TargetPlatform
[2017.02.27-11.53.59:244][  0]LogTemp:Display: Loaded TP Android_MultiTargetPlatform
[2017.02.27-11.53.59:244][  0]LogTemp:Display: Loaded TP Android_PVRTCTargetPlatform
[2017.02.27-11.53.59:276][  0]LogTemp:Display: Loaded TP HTML5TargetPlatform
[2017.02.27-11.53.59:362][  0]LogTemp:Display: Loaded TP IOSTargetPlatform
[2017.02.27-11.53.59:393][  0]LogTemp:Display: Loaded TP TVOSTargetPlatform
[2017.02.27-11.53.59:439][  0]LogTemp:Display: Loaded TP LinuxClientTargetPlatform
[2017.02.27-11.53.59:485][  0]LogTemp:Display: Loaded TP LinuxNoEditorTargetPlatform
[2017.02.27-11.53.59:531][  0]LogTemp:Display: Loaded TP LinuxServerTargetPlatform
[2017.02.27-11.53.59:577][  0]LogTemp:Display: Loaded TP LinuxTargetPlatform
[2017.02.27-11.53.59:577][  0]LogTargetPlatformManager:Display: Building Assets For Windows
[2017.02.27-11.53.59:944][  0]LogDerivedDataCache:Display: Max Cache Size: 512 MB
[2017.02.27-11.53.59:992][  0]LogDerivedDataCache: Loaded boot cache 0.05s 50MB C:/Users/shang/AppData/Local/UnrealEngine/4.15/DerivedDataCache/Boot.ddc.
[2017.02.27-11.53.59:992][  0]LogDerivedDataCache:Display: Loaded Boot cache: C:/Users/shang/AppData/Local/UnrealEngine/4.15/DerivedDataCache/Boot.ddc
[2017.02.27-11.53.59:992][  0]LogDerivedDataCache: FDerivedDataBackendGraph:  Pak pak cache file ../../../../../../Users/shang/Documents/Unreal Projects/Shangda_Wus_Book/DerivedDataCache/DDC.ddp not found, will not use a pak cache.
[2017.02.27-11.53.59:992][  0]LogDerivedDataCache: Unable to find inner node Pak for hierarchical cache Hierarchy.
[2017.02.27-11.53.59:992][  0]LogDerivedDataCache: FDerivedDataBackendGraph:  CompressedPak pak cache file ../../../../../../Users/shang/Documents/Unreal Projects/Shangda_Wus_Book/DerivedDataCache/Compressed.ddp not found, will not use a pak cache.
[2017.02.27-11.53.59:992][  0]LogDerivedDataCache: Unable to find inner node CompressedPak for hierarchical cache Hierarchy.
[2017.02.27-11.54.00:010][  0]LogDerivedDataCache:Display: Pak cache opened for reading ../../../Engine/DerivedDataCache/Compressed.ddp.
[2017.02.27-11.54.00:021][  0]LogDerivedDataCache: Using Local data cache path C:/Users/shang/AppData/Local/UnrealEngine/Common/DerivedDataCache: Writable
[2017.02.27-11.54.00:028][  0]LogSlate: Using Freetype 2.6.0
[2017.02.27-11.54.00:029][  0]LogSlate: SlateFontCache - WITH_FREETYPE: 1, WITH_HARFBUZZ: 1
[2017.02.27-11.54.00:029][  0]LogSlate: SlateFontCache - WITH_FREETYPE: 1, WITH_HARFBUZZ: 1
[2017.02.27-11.54.00:245][  0]LogInit: Selected Device Profile: [Windows]
[2017.02.27-11.54.00:247][  0]LogContentStreaming: Texture pool size is 0.00 MB
[2017.02.27-11.54.00:424][  0]LogMeshUtilities: Using QuadricMeshReduction for automatic static mesh reduction
[2017.02.27-11.54.00:460][  0]LogSimplygon: Simplygon DLL not present - disabling.
[2017.02.27-11.54.00:498][  0]LogMeshUtilities: Using SimplygonSwarm for distributed automatic mesh merging
[2017.02.27-11.54.00:498][  0]LogMeshUtilities: No automatic skeletal mesh reduction module available
[2017.02.27-11.54.00:498][  0]LogMeshUtilities: No automatic mesh merging module available
[2017.02.27-11.54.00:995][  0]LogNetVersion: GetLocalNetworkVersion: CL: 3299760, ProjectName: shangda_wus_book, ProjectVersion: , EngineNetworkVersion: 2, GameNetworkVersion: 0, NetworkChecksum: 2213960243
[2017.02.27-11.54.01:041][  0]LogAssetRegistry: FAssetRegistry took 0.0220 seconds to start up
[2017.02.27-11.54.01:084][  0]LogPackageLocalizationCache: Processed 3 localized package path(s) for 1 prioritized culture(s) in 0.020047 seconds
[2017.02.27-11.54.01:089][  0]LogUObjectArray: 32475 objects as part of root set at end of initial load.
[2017.02.27-11.54.01:089][  0]LogUObjectAllocator: 7073360 out of 0 bytes used by permanent object pool.
[2017.02.27-11.54.01:089][  0]LogUObjectArray: CloseDisregardForGC: 0/0 objects in disregard for GC pool
[2017.02.27-11.54.01:140][  0]LogInit: WinSock: version 1.1 (2.2), MaxSocks=32767, MaxUdp=65467
[2017.02.27-11.54.02:466][  0]LogTcpMessaging: Initializing TcpMessaging bridge
[2017.02.27-11.54.02:501][  0]LogUdpMessaging: Initializing bridge on interface 0.0.0.0:0 to multicast group 230.0.0.1:6666.
[2017.02.27-11.54.02:925][  0]LogMaterial: Uniform references updated for custom material expression Custom.
[2017.02.27-11.54.03:241][  0]SourceControl: Info Source control is disabled
[2017.02.27-11.54.03:242][  0]SourceControl: Info Source control is disabled
[2017.02.27-11.54.03:281][  0]SourceControl: Info Source control is disabled
[2017.02.27-11.54.03:318][  0]SourceControl: Info Source control is disabled
[2017.02.27-11.54.04:331][  0]LogEngine: Initializing Engine...
[2017.02.27-11.54.04:331][  0]LogHMD: Failed to initialize OpenVR with code 110
[2017.02.27-11.54.04:532][  0]LogAIModule: Creating AISystem for world Untitled
[2017.02.27-11.54.04:540][  0]LogInit: XAudio2 using '扬声器 (Realtek High Definition Audio)' : 2 channels at 48 kHz using 32 bits per sample (channel mask 0x3)
[2017.02.27-11.54.04:566][  0]LogInit: FAudioDevice initialized.
[2017.02.27-11.54.04:592][  0]LogDerivedDataCache: Saved boot cache 0.03s 50MB C:/Users/shang/AppData/Local/UnrealEngine/4.15/DerivedDataCache/Boot.ddc.
[2017.02.27-11.54.04:599][  0]LogInit: Texture streaming: Enabled
[2017.02.27-11.54.04:682][  0]LogEngineSessionManager: EngineSessionManager initialized
[2017.02.27-11.54.04:757][  0]LogInit: Transaction tracking system initialized
[2017.02.27-11.54.05:056][  0]BlueprintLog: New page: Editor Load
[2017.02.27-11.54.05:807][  0]LocalizationService: Info Localization service is disabled
[2017.02.27-11.54.06:375][  0]LogConsoleResponse:Display: 
[2017.02.27-11.54.06:497][  0]LogCook:Display: Max memory allowance for cook 16384mb min free memory 0mb
[2017.02.27-11.54.06:497][  0]LogCook:Display: Mobile HDR setting 1
[2017.02.27-11.54.06:520][  0]LogFileCache: Scanning file cache for directory 'C:/Users/shang/Documents/Unreal Projects/Shangda_Wus_Book/Content/' took 0.01s
[2017.02.27-11.54.07:365][  0]SourceControl: Info Source control is disabled
[2017.02.27-11.54.07:365][  0]Cmd: MAP LOAD FILE="../../../Engine/Content/Maps/Templates/Template_Default.umap" TEMPLATE=1 SHOWPROGRESS=1 FEATURELEVEL=3
[2017.02.27-11.54.07:365][  0]LightingResults: New page: Lighting Build
[2017.02.27-11.54.07:401][  0]MapCheck: New page: Map Check
[2017.02.27-11.54.07:401][  0]LightingResults: New page: Lighting Build
[2017.02.27-11.54.07:579][  0]LogAIModule: Creating AISystem for world Untitled_1
[2017.02.27-11.54.07:579][  0]LogActorComponent: RegisterComponentWithWorld: (/Temp/Untitled_1.Untitled_1:PersistentLevel.WorldSettings_1.StaticMeshComponent0) Trying to register component with IsPendingKill() == true. Aborting.
[2017.02.27-11.54.07:584][  0]LogEditorServer: Finished looking for orphan Actors (0.000 secs)
[2017.02.27-11.54.07:589][  0]Cmd: MAP CHECKDEP NOCLEARLOG
[2017.02.27-11.54.07:622][  0]MapCheck: Info Map check complete: 0 Error(s), 0 Warning(s), took 33.535ms to complete.
[2017.02.27-11.54.07:622][  0]LogFileHelpers: Loading map 'Template_Default' took 0.258
[2017.02.27-11.54.07:722][  0]LogWindowsTextInputMethodSystem:Display: IME system now activated using TSF (微软拼音).
[2017.02.27-11.54.07:723][  0]LogWindowsTextInputMethodSystem:Display: IME system now activated using TSF (微软拼音).
[2017.02.27-11.54.07:862][  0]LogCollectionManager: Loaded 0 collections in 0.001294 seconds
[2017.02.27-11.54.07:939][  0]LogFileCache: Scanning file cache for directory 'C:/Users/shang/Documents/Unreal Projects/Shangda_Wus_Book/Saved/Collections/' took 0.01s
[2017.02.27-11.54.07:939][  0]LogFileCache: Scanning file cache for directory 'C:/Users/shang/Documents/Unreal Projects/Shangda_Wus_Book/Content/Developers/shang/Collections/' took 0.01s
[2017.02.27-11.54.07:939][  0]LogFileCache: Scanning file cache for directory 'C:/Users/shang/Documents/Unreal Projects/Shangda_Wus_Book/Content/Collections/' took 0.01s
[2017.02.27-11.54.07:939][  0]LogCollectionManager: Rebuilt the GUID cache for 0 collections in 0.000002 seconds
[2017.02.27-11.54.07:948][  0]LogContentBrowser: Native class hierarchy populated in 0.0084 seconds. Added 2244 classes and 450 folders.
[2017.02.27-11.54.07:951][  0]LogStats: UGameplayTagsManager::ConstructGameplayTagTree: Construct from data asset -  0.000 s
[2017.02.27-11.54.07:951][  0]LogStats: UGameplayTagsManager::ConstructGameplayTagTree: GameplayTagTreeChangedEvent.Broadcast -  0.000 s
[2017.02.27-11.54.08:005][  0]LogContentBrowser: Native class hierarchy updated for 'WidgetCarousel' in 0.0005 seconds. Added 0 classes and 0 folders.
[2017.02.27-11.54.08:037][  0]LogContentBrowser: Native class hierarchy updated for 'AddContentDialog' in 0.0005 seconds. Added 0 classes and 0 folders.
[2017.02.27-11.54.08:075][  0]LogContentBrowser: Native class hierarchy updated for 'SceneOutliner' in 0.0005 seconds. Added 1 classes and 2 folders.
[2017.02.27-11.54.08:169][  0]LogCrashTracker: Crashtracker disabled due to settings.
[2017.02.27-11.54.08:182][  0]LogUObjectGlobals:Warning: Failed to find object 'Class None.'
[2017.02.27-11.54.08:244][  0]LogContentBrowser: Native class hierarchy updated for 'HierarchicalLODOutliner' in 0.0005 seconds. Added 1 classes and 2 folders.
[2017.02.27-11.54.08:244][  0]LogLoad: (Engine Initialization) Total time: 12.91 seconds
[2017.02.27-11.54.08:244][  0]LogLoad: (Engine Initialization) Total Blueprint compile time: 0.07 seconds
[2017.02.27-11.54.08:244][  0]LogExternalProfiler: No external profilers were discovered.  External profiling features will not be available.
[2017.02.27-11.54.08:262][  0]LogOcInput: OculusInput pre-init called
[2017.02.27-11.54.08:282][  0]LogContentStreaming: Texture pool size now 1000 MB
[2017.02.27-11.54.08:283][  0]LogSlate: Took 0.000242 seconds to synchronously load lazily loaded font '../../../Engine/Content/Slate/Fonts/Roboto-Regular.ttf' (155K)
[2017.02.27-11.54.08:287][  0]LogSlate: Took 0.000259 seconds to synchronously load lazily loaded font '../../../Engine/Content/Slate/Fonts/Roboto-Bold.ttf' (160K)
[2017.02.27-11.54.08:291][  0]LogSlate: Took 0.000174 seconds to synchronously load lazily loaded font '../../../Engine/Content/Editor/Slate/Fonts/FontAwesome.ttf' (139K)
[2017.02.27-11.54.08:378][  0]LogSlate: Took 0.000120 seconds to synchronously load lazily loaded font '../../../Engine/Content/Slate/Fonts/Roboto-Light.ttf' (159K)
[2017.02.27-11.54.08:420][  0]LogRenderer: Reallocating scene render targets to support 1208x576 NumSamples 1 (Frame:2).
[2017.02.27-11.54.08:573][  1]LogAssetRegistry: Asset discovery search completed in 7.5538 seconds
[2017.02.27-11.54.08:573][  1]LogCollectionManager: Rebuilt the object cache for 0 collections in 0.000006 seconds (found 0 objects)
[2017.02.27-11.54.08:573][  1]LogCollectionManager: Fixed up redirectors for 0 collections in 0.000037 seconds (updated 0 objects)
[2017.02.27-11.54.12:754][247]LogSlate: Took 0.000206 seconds to synchronously load lazily loaded font '../../../Engine/Content/Slate/Fonts/Roboto-Light.ttf' (159K)
[2017.02.27-11.54.12:869][247]LogAIModule: Creating AISystem for world Shangda_Wus_Book_Main_Scenes
[2017.02.27-11.54.12:898][247]Cmd: MAP LOAD FILE="../../../../../../Users/shang/Documents/Unreal Projects/Shangda_Wus_Book/Content/Shangda_Wus_Book_Main_Scenes.umap" TEMPLATE=0 SHOWPROGRESS=1 FEATURELEVEL=3
[2017.02.27-11.54.12:898][247]LightingResults: New page: Lighting Build
[2017.02.27-11.54.12:899][247]LoadErrors: New page: Loading map: Shangda_Wus_Book_Main_Scenes.umap
[2017.02.27-11.54.12:900][247]MapCheck: New page: Map Check
[2017.02.27-11.54.12:900][247]LightingResults: New page: Lighting Build
[2017.02.27-11.54.12:978][247]LogEditorServer: Finished looking for orphan Actors (0.000 secs)
[2017.02.27-11.54.13:002][247]Cmd: MAP CHECKDEP NOCLEARLOG
[2017.02.27-11.54.13:037][247]MapCheck: Info Map check complete: 0 Error(s), 0 Warning(s), took 35.347ms to complete.
[2017.02.27-11.54.13:037][247]LogFileHelpers: Loading map 'Shangda_Wus_Book_Main_Scenes' took 0.141
[2017.02.27-11.54.13:146][250]LogSlate: Took 0.017469 seconds to synchronously load lazily loaded font '../../../Engine/Content/Slate/Fonts/DroidSansFallback.ttf' (3848K)
[2017.02.27-11.54.24:377][778]LogSavePackage: Save=90.43ms
[2017.02.27-11.54.24:377][778]LogSavePackage: Moving '../../../../../../Users/shang/Documents/Unreal Projects/Shangda_Wus_Book/Saved/Shangda_Wus_Book_Main_Scenes1700603C429C3B8CC492AD92EBA9A8BD.tmp' to '../../../../../../Users/shang/Documents/Unreal Projects/Shangda_Wus_Book/Content/Shangda_Wus_Book_Main_Scenes.umap'
[2017.02.27-11.54.24:382][778]LogSavePackage:Display: Finished SavePackage ../../../../../../Users/shang/Documents/Unreal Projects/Shangda_Wus_Book/Content/Shangda_Wus_Book_Main_Scenes.umap
[2017.02.27-11.54.24:471][778]LogSavePackage: Save=30.19ms
[2017.02.27-11.54.24:471][778]LogSavePackage: Moving '../../../../../../Users/shang/Documents/Unreal Projects/Shangda_Wus_Book/Saved/Shangda_Wus_Book_Main_Scenes_BuiltData7C9737214B888E3B9ECD74B398C89A3F.tmp' to '../../../../../../Users/shang/Documents/Unreal Projects/Shangda_Wus_Book/Content/Shangda_Wus_Book_Main_Scenes_BuiltData.uasset'
[2017.02.27-11.54.24:473][778]LogSavePackage:Display: Finished SavePackage ../../../../../../Users/shang/Documents/Unreal Projects/Shangda_Wus_Book/Content/Shangda_Wus_Book_Main_Scenes_BuiltData.uasset
[2017.02.27-11.55.10:376][ 16]LogCrashTracker: 


[2017.02.27-11.55.10:490][ 16]LogWindows: Windows GetLastError: 操作成功完成。 (0)
[2017.02.27-11.55.10:490][ 16]LogThreadingWindows:Error: Runnable thread RenderThread 2 crashed.
[2017.02.27-11.55.10:490][ 16]LogCrashTracker: 


[2017.02.27-11.55.10:490][ 16]LogWindows:Error: === Critical error: ===
[2017.02.27-11.55.10:490][ 16]LogWindows:Error: 
[2017.02.27-11.55.10:490][ 16]LogWindows:Error: Fatal error: [File:D:\Build\++UE4+Release-4.15+Compile\Sync\Engine\Source\Runtime\RenderCore\Private\RenderingThread.cpp] [Line: 796] 
[2017.02.27-11.55.10:490][ 16]LogWindows:Error: Rendering thread exception:
[2017.02.27-11.55.10:490][ 16]LogWindows:Error: Fatal error!
[2017.02.27-11.55.10:490][ 16]LogWindows:Error: 
[2017.02.27-11.55.10:490][ 16]LogWindows:Error: Unhandled Exception: EXCEPTION_ACCESS_VIOLATION reading address 0xffffffff
[2017.02.27-11.55.10:490][ 16]LogWindows:Error: 
[2017.02.27-11.55.10:490][ 16]LogWindows:Error: UE4Editor-Engine.dll!0x0000000049C6F50B
[2017.02.27-11.55.10:491][ 16]LogWindows:Error: UE4Editor-Engine.dll!0x0000000049C66D48
[2017.02.27-11.55.10:491][ 16]LogWindows:Error: UE4Editor-Renderer.dll!0x0000000044B5C96D
[2017.02.27-11.55.10:491][ 16]LogWindows:Error: UE4Editor-Renderer.dll!0x0000000044BA9DBC
[2017.02.27-11.55.10:491][ 16]LogWindows:Error: UE4Editor-Renderer.dll!0x0000000044BAAA87
[2017.02.27-11.55.10:491][ 16]LogWindows:Error: UE4Editor-Renderer.dll!0x0000000044B50F2B
[2017.02.27-11.55.10:491][ 16]LogWindows:Error: UE4Editor-Renderer.dll!0x0000000044BAAD98
[2017.02.27-11.55.10:491][ 16]LogWindows:Error: UE4Editor-Renderer.dll!0x0000000044E21E6B
[2017.02.27-11.55.10:491][ 16]LogWindows:Error: UE4Editor-Renderer.dll!0x0000000044E1919C
[2017.02.27-11.55.10:491][ 16]LogWindows:Error: UE4Editor-Renderer.dll!0x0000000044A6BE8E
[2017.02.27-11.55.10:491][ 16]LogWindows:Error: UE4Editor-Renderer.dll!0x0000000044E36712
[2017.02.27-11.55.10:491][ 16]LogWindows:Error: UE4Editor-Renderer.dll!0x0000000044E008BE
[2017.02.27-11.55.10:491][ 16]LogWindows:Error: UE4Editor-Core.dll!0x000000004C41D83D
[2017.02.27-11.55.10:491][ 16]LogWindows:Error: UE4Editor-Core.dll!0x000000004C41DC5D
[2017.02.27-11.55.10:491][ 16]LogWindows:Error: UE4Editor-RenderCore.dll!0x0000000070410397
[2017.02.27-11.55.10:491][ 16]LogWindows:Error: UE4Editor-RenderCore.dll!0x0000000070411486
[2017.02.27-11.55.10:491][ 16]LogWindows:Error: UE4Editor-Core.dll!0x000000004C7AA3C8
[2017.02.27-11.55.10:491][ 16]LogWindows:Error: UE4Editor-Core.dll!0x000000004C7A4C69
[2017.02.27-11.55.10:491][ 16]LogWindows:Error: KERNEL32.DLL!0x0000000085EF8364
[2017.02.27-11.55.10:491][ 16]LogWindows:Error: ntdll.dll!0x00000000864A70D1
[2017.02.27-11.55.10:491][ 16]LogWindows:Error: ntdll.dll!0x00000000864A70D1
[2017.02.27-11.55.10:491][ 16]LogWindows:Error: 
[2017.02.27-11.55.10:491][ 16]LogWindows:Error: 
[2017.02.27-11.55.10:491][ 16]LogWindows:Error: 
[2017.02.27-11.55.10:491][ 16]LogWindows:Error: 
[2017.02.27-11.55.10:491][ 16]LogWindows:Error: Crash in runnable thread RenderThread 2
[2017.02.27-11.55.10:520][ 16]LogWindows: Windows GetLastError: 操作成功完成。 (0)
[2017.02.27-11.55.10:521][ 16]LogWindows:Error: HandleError re-entered.
[2017.02.27-11.55.10:521][ 16]LogWindows: FPlatformMisc::RequestExit(1)
[2017.02.27-11.55.10:521][ 16]Log file closed, 02/27/17 19:55:10
