Log file open, 02/25/17 21:24:12
LogInit:Display: Running engine for game: Shangda_Wus_Book
LogPlatformFile: Not using cached read wrapper
LogInit:Display: RandInit(454889570) SRandInit(454889570).
LogTaskGraph: Started task graph with 5 named threads and 6 total threads with 1 sets of task threads.
LogStats: Stats thread started at 0.056618
LogInit: Using libcurl 7.47.1
LogInit:  - built for x86_64-pc-win32
LogInit:  - supports SSL with OpenSSL/1.0.2g
LogInit:  - supports HTTP deflate (compression) using libz 1.2.8
LogInit:  - other features:
LogInit:      CURL_VERSION_SSL
LogInit:      CURL_VERSION_LIBZ
LogInit:      CURL_VERSION_IPV6
LogInit:      CURL_VERSION_ASYNCHDNS
LogInit:      CURL_VERSION_LARGEFILE
LogInit:      CURL_VERSION_IDN
LogInit:  CurlRequestOptions (configurable via config and command line):
LogInit:  - bVerifyPeer = false  - Libcurl will NOT verify peer certificate
LogInit:  - bUseHttpProxy = false  - Libcurl will NOT use HTTP proxy
LogInit:  - bDontReuseConnections = false  - Libcurl will reuse connections
LogInit:  - CertBundlePath = nullptr  - Libcurl will use whatever was configured at build time.
LogInit: Build: ++UE4+Release-4.15-CL-3299760
LogInit: Engine Version: 4.15.0-3299760+++UE4+Release-4.15
LogInit: Compatible Engine Version: 4.15.0-3299760+++UE4+Release-4.15
LogInit: Net CL: 3299760
LogDevObjectVersion: Number of dev versions registered: 14
LogDevObjectVersion:   Dev-Blueprints (B0D832E4-1F89-4F0D-ACCF-7EB736FD4AA2): 8
LogDevObjectVersion:   Dev-Build (E1C64328-A22C-4D53-A36C-8E866417BD8C): 0
LogDevObjectVersion:   Dev-Core (375EC13C-06E4-48FB-B500-84F0262A717E): 2
LogDevObjectVersion:   Dev-Editor (E4B068ED-F494-42E9-A231-DA0B2E46BB41): 14
LogDevObjectVersion:   Dev-Framework (CFFC743F-43B0-4480-9391-14DF171D2073): 22
LogDevObjectVersion:   Dev-Mobile (B02B49B5-BB20-44E9-A304-32B752E40360): 0
LogDevObjectVersion:   Dev-Networking (A4E4105C-59A1-49B5-A7C5-40C4547EDFEE): 0
LogDevObjectVersion:   Dev-Online (39C831C9-5AE6-47DC-9A44-9C173E1C8E7C): 0
LogDevObjectVersion:   Dev-Physics (78F01B33-EBEA-4F98-B9B4-84EACCB95AA2): 0
LogDevObjectVersion:   Dev-Platform (6631380F-2D4D-43E0-8009-CF276956A95A): 0
LogDevObjectVersion:   Dev-Rendering (12F88B9F-8875-4AFC-A67C-D90C383ABD29): 12
LogDevObjectVersion:   Dev-Sequencer (7B5AE74C-D270-4C10-A958-57980B212A5A): 3
LogDevObjectVersion:   Dev-VR (D7296918-1DD6-4BDD-9DE2-64A83CC13884): 0
LogDevObjectVersion:   Dev-LoadTimes (C2A15278-BFE7-4AFE-6C17-90FF531DF755): 1
LogInit: Compiled (64-bit): Feb 14 2017 02:04:14
LogInit: Compiled with Visual C++: 19.00.23026.00
LogInit: Build Configuration: Development
LogInit: Branch Name: ++UE4+Release-4.15
LogInit: Command line:  
LogInit: Base directory: C:/Program Files (x86)/Epic Games/4.15/Engine/Binaries/Win64/
LogInit: Installed Engine Build: 1
LogInit: Presizing for max 8388607 objects, including 0 objects not considered by GC, pre-allocating 0 bytes for permanent pool.
LogInit: Object subsystem initialized
[2017.02.25-13.24.13:602][  0]LogInit: Selected Device Profile: [Windows]
[2017.02.25-13.24.13:602][  0]LogInit: Applying CVar settings loaded from the selected device profile: [Windows]
[2017.02.25-13.24.13:615][  0]LogInit: Computer: DESKTOP-4SGI5H6
[2017.02.25-13.24.13:615][  0]LogInit: User: shang
[2017.02.25-13.24.13:615][  0]LogInit: CPU Page size=65536, Cores=2
[2017.02.25-13.24.13:615][  0]LogInit: High frequency timer resolution =3.234371 MHz
[2017.02.25-13.24.13:615][  0]LogMemory: Memory total: Physical=15.8GB (16GB approx)
[2017.02.25-13.24.13:615][  0]LogMemory: Platform Memory Stats for Windows
[2017.02.25-13.24.13:615][  0]LogMemory: Process Physical Memory: 263.90 MB used, 263.90 MB peak
[2017.02.25-13.24.13:615][  0]LogMemory: Process Virtual Memory: 262.19 MB used, 262.19 MB peak
[2017.02.25-13.24.13:615][  0]LogMemory: Physical Memory: 6051.85 MB used,  10149.05 MB free, 16200.91 MB total
[2017.02.25-13.24.13:615][  0]LogMemory: Virtual Memory: 641.67 MB used,  10149.05 MB free, 134217728.00 MB total
[2017.02.25-13.24.13:692][  0]LogInit: Overriding culture en with editor configuration.
[2017.02.25-13.24.14:354][  0]LogD3D11RHI: D3D11 adapters:
[2017.02.25-13.24.14:383][  0]LogD3D11RHI:    0. 'NVIDIA Quadro M1000M' (Feature Level 11_0)
[2017.02.25-13.24.14:383][  0]LogD3D11RHI:       4064/0/8100 MB DedicatedVideo/DedicatedSystem/SharedSystem, Outputs:1, VendorId:0x10de
[2017.02.25-13.24.14:390][  0]LogD3D11RHI:    1. 'Intel(R) Iris(TM) Graphics 550' (Feature Level 11_0)
[2017.02.25-13.24.14:390][  0]LogD3D11RHI:       128/0/8100 MB DedicatedVideo/DedicatedSystem/SharedSystem, Outputs:0, VendorId:0x8086
[2017.02.25-13.24.14:392][  0]LogD3D11RHI:    2. 'Microsoft Basic Render Driver' (Feature Level 11_0)
[2017.02.25-13.24.14:392][  0]LogD3D11RHI:       0/0/8100 MB DedicatedVideo/DedicatedSystem/SharedSystem, Outputs:0, VendorId:0x1414
[2017.02.25-13.24.14:392][  0]LogD3D11RHI: Chosen D3D11 Adapter: 0
[2017.02.25-13.24.14:400][  0]LogD3D11RHI: Creating new Direct3DDevice
[2017.02.25-13.24.14:400][  0]LogD3D11RHI:     GPU DeviceId: 0x13b1 (for the marketing name, search the web for "GPU Device Id")
[2017.02.25-13.24.14:400][  0]LogWindows: EnumDisplayDevices:
[2017.02.25-13.24.14:400][  0]LogWindows:    0. 'Intel(R) Iris(TM) Graphics 550' (P:1 D:1)
[2017.02.25-13.24.14:400][  0]LogWindows:    1. 'Intel(R) Iris(TM) Graphics 550' (P:0 D:0)
[2017.02.25-13.24.14:400][  0]LogWindows:    2. 'Intel(R) Iris(TM) Graphics 550' (P:0 D:0)
[2017.02.25-13.24.14:400][  0]LogWindows: DebugString: PrimaryIsNotTheChoosenAdapter PrimaryIsNotTheChoosenAdapter PrimaryIsNotTheChoosenAdapter FoundDriverCount:0 
[2017.02.25-13.24.14:400][  0]LogD3D11RHI:     Adapter Name: NVIDIA Quadro M1000M
[2017.02.25-13.24.14:400][  0]LogD3D11RHI:   Driver Version: Unknown (internal:Unknown, unified:Unknown)
[2017.02.25-13.24.14:400][  0]LogD3D11RHI:      Driver Date: Unknown
[2017.02.25-13.24.14:400][  0]LogRHI: Texture pool is 1361 MB (70% of 1945 MB)
[2017.02.25-13.24.14:422][  0]LogD3D11RHI: Async texture creation enabled
[2017.02.25-13.24.14:440][  0]LogD3D11RHI: GPU Timing Frequency: 1000.000000 (Debug: 2 2)
[2017.02.25-13.24.14:440][  0]LogShaderCompilers: Guid format shader working directory is -27 characters bigger than the processId version (../../../../../../Users/shang/Documents/Unreal Projects/Shangda_Wus_Book/Intermediate/Shaders/WorkingDirectory/18200/).
[2017.02.25-13.24.14:440][  0]LogShaderCompilers: Cleaned the shader compiler working directory 'C:/Users/shang/AppData/Local/Temp/UnrealShaderWorkingDir/190A0DEC4E836385B1B459A162EF0C1A/'.
[2017.02.25-13.24.14:440][  0]LogShaderCompilers:Display: Using Local Shader Compiler.
[2017.02.25-13.24.15:458][  0]LogTemp:Display: Loaded TP AllDesktopTargetPlatform
[2017.02.25-13.24.15:513][  0]LogTemp:Display: Loaded TP MacClientTargetPlatform
[2017.02.25-13.24.15:564][  0]LogTemp:Display: Loaded TP MacNoEditorTargetPlatform
[2017.02.25-13.24.15:614][  0]LogTemp:Display: Loaded TP MacServerTargetPlatform
[2017.02.25-13.24.15:667][  0]LogTemp:Display: Loaded TP MacTargetPlatform
[2017.02.25-13.24.15:721][  0]LogTemp:Display: Loaded TP WindowsClientTargetPlatform
[2017.02.25-13.24.15:775][  0]LogTemp:Display: Loaded TP WindowsNoEditorTargetPlatform
[2017.02.25-13.24.15:825][  0]LogTemp:Display: Loaded TP WindowsServerTargetPlatform
[2017.02.25-13.24.15:866][  0]LogTemp:Display: Loaded TP WindowsTargetPlatform
[2017.02.25-13.24.15:916][  0]LogTemp:Display: Loaded TP AndroidTargetPlatform
[2017.02.25-13.24.15:967][  0]LogTemp:Display: Loaded TP Android_ASTCTargetPlatform
[2017.02.25-13.24.16:016][  0]LogTemp:Display: Loaded TP Android_ATCTargetPlatform
[2017.02.25-13.24.16:065][  0]LogTemp:Display: Loaded TP Android_DXTTargetPlatform
[2017.02.25-13.24.16:115][  0]LogTemp:Display: Loaded TP Android_ETC1TargetPlatform
[2017.02.25-13.24.16:163][  0]LogTemp:Display: Loaded TP Android_ETC2TargetPlatform
[2017.02.25-13.24.16:278][  0]LogTemp:Display: Loaded TP Android_MultiTargetPlatform
[2017.02.25-13.24.16:278][  0]LogTemp:Display: Loaded TP Android_PVRTCTargetPlatform
[2017.02.25-13.24.16:313][  0]LogTemp:Display: Loaded TP HTML5TargetPlatform
[2017.02.25-13.24.16:403][  0]LogTemp:Display: Loaded TP IOSTargetPlatform
[2017.02.25-13.24.16:441][  0]LogTemp:Display: Loaded TP TVOSTargetPlatform
[2017.02.25-13.24.16:493][  0]LogTemp:Display: Loaded TP LinuxClientTargetPlatform
[2017.02.25-13.24.16:541][  0]LogTemp:Display: Loaded TP LinuxNoEditorTargetPlatform
[2017.02.25-13.24.16:590][  0]LogTemp:Display: Loaded TP LinuxServerTargetPlatform
[2017.02.25-13.24.16:640][  0]LogTemp:Display: Loaded TP LinuxTargetPlatform
[2017.02.25-13.24.16:640][  0]LogTargetPlatformManager:Display: Building Assets For Windows
[2017.02.25-13.24.17:042][  0]LogDerivedDataCache:Display: Max Cache Size: 512 MB
[2017.02.25-13.24.17:094][  0]LogDerivedDataCache: Loaded boot cache 0.05s 50MB C:/Users/shang/AppData/Local/UnrealEngine/4.15/DerivedDataCache/Boot.ddc.
[2017.02.25-13.24.17:094][  0]LogDerivedDataCache:Display: Loaded Boot cache: C:/Users/shang/AppData/Local/UnrealEngine/4.15/DerivedDataCache/Boot.ddc
[2017.02.25-13.24.17:095][  0]LogDerivedDataCache: FDerivedDataBackendGraph:  Pak pak cache file ../../../../../../Users/shang/Documents/Unreal Projects/Shangda_Wus_Book/DerivedDataCache/DDC.ddp not found, will not use a pak cache.
[2017.02.25-13.24.17:095][  0]LogDerivedDataCache: Unable to find inner node Pak for hierarchical cache Hierarchy.
[2017.02.25-13.24.17:095][  0]LogDerivedDataCache: FDerivedDataBackendGraph:  CompressedPak pak cache file ../../../../../../Users/shang/Documents/Unreal Projects/Shangda_Wus_Book/DerivedDataCache/Compressed.ddp not found, will not use a pak cache.
[2017.02.25-13.24.17:095][  0]LogDerivedDataCache: Unable to find inner node CompressedPak for hierarchical cache Hierarchy.
[2017.02.25-13.24.17:112][  0]LogDerivedDataCache:Display: Pak cache opened for reading ../../../Engine/DerivedDataCache/Compressed.ddp.
[2017.02.25-13.24.17:125][  0]LogDerivedDataCache: Using Local data cache path C:/Users/shang/AppData/Local/UnrealEngine/Common/DerivedDataCache: Writable
[2017.02.25-13.24.17:133][  0]LogSlate: Using Freetype 2.6.0
[2017.02.25-13.24.17:135][  0]LogSlate: SlateFontCache - WITH_FREETYPE: 1, WITH_HARFBUZZ: 1
[2017.02.25-13.24.17:135][  0]LogSlate: SlateFontCache - WITH_FREETYPE: 1, WITH_HARFBUZZ: 1
[2017.02.25-13.24.17:372][  0]LogInit: Selected Device Profile: [Windows]
[2017.02.25-13.24.17:374][  0]LogContentStreaming: Texture pool size is 0.00 MB
[2017.02.25-13.24.17:566][  0]LogMeshUtilities: Using QuadricMeshReduction for automatic static mesh reduction
[2017.02.25-13.24.17:607][  0]LogSimplygon: Simplygon DLL not present - disabling.
[2017.02.25-13.24.17:646][  0]LogMeshUtilities: Using SimplygonSwarm for distributed automatic mesh merging
[2017.02.25-13.24.17:646][  0]LogMeshUtilities: No automatic skeletal mesh reduction module available
[2017.02.25-13.24.17:646][  0]LogMeshUtilities: No automatic mesh merging module available
[2017.02.25-13.24.18:183][  0]LogNetVersion: GetLocalNetworkVersion: CL: 3299760, ProjectName: shangda_wus_book, ProjectVersion: , EngineNetworkVersion: 2, GameNetworkVersion: 0, NetworkChecksum: 2213960243
[2017.02.25-13.24.18:230][  0]LogAssetRegistry: FAssetRegistry took 0.0223 seconds to start up
[2017.02.25-13.24.18:270][  0]LogPackageLocalizationCache: Processed 3 localized package path(s) for 1 prioritized culture(s) in 0.019429 seconds
[2017.02.25-13.24.18:274][  0]LogUObjectArray: 32475 objects as part of root set at end of initial load.
[2017.02.25-13.24.18:274][  0]LogUObjectAllocator: 7073368 out of 0 bytes used by permanent object pool.
[2017.02.25-13.24.18:274][  0]LogUObjectArray: CloseDisregardForGC: 0/0 objects in disregard for GC pool
[2017.02.25-13.24.18:335][  0]LogInit: WinSock: version 1.1 (2.2), MaxSocks=32767, MaxUdp=65467
[2017.02.25-13.24.19:795][  0]LogTcpMessaging: Initializing TcpMessaging bridge
[2017.02.25-13.24.19:830][  0]LogUdpMessaging: Initializing bridge on interface 0.0.0.0:0 to multicast group 230.0.0.1:6666.
[2017.02.25-13.24.20:271][  0]LogMaterial: Uniform references updated for custom material expression Custom.
[2017.02.25-13.24.20:619][  0]SourceControl: Info Source control is disabled
[2017.02.25-13.24.20:621][  0]SourceControl: Info Source control is disabled
[2017.02.25-13.24.20:663][  0]SourceControl: Info Source control is disabled
[2017.02.25-13.24.20:703][  0]SourceControl: Info Source control is disabled
[2017.02.25-13.24.21:800][  0]LogEngine: Initializing Engine...
[2017.02.25-13.24.21:801][  0]LogHMD: Failed to initialize OpenVR with code 110
[2017.02.25-13.24.22:022][  0]LogAIModule: Creating AISystem for world Untitled
[2017.02.25-13.24.22:032][  0]LogInit: XAudio2 using '扬声器 (Realtek High Definition Audio)' : 2 channels at 48 kHz using 32 bits per sample (channel mask 0x3)
[2017.02.25-13.24.22:047][  0]LogInit: FAudioDevice initialized.
[2017.02.25-13.24.22:078][  0]LogDerivedDataCache: Saved boot cache 0.03s 50MB C:/Users/shang/AppData/Local/UnrealEngine/4.15/DerivedDataCache/Boot.ddc.
[2017.02.25-13.24.22:087][  0]LogInit: Texture streaming: Enabled
[2017.02.25-13.24.22:177][  0]LogEngineSessionManager: EngineSessionManager initialized
[2017.02.25-13.24.22:259][  0]LogInit: Transaction tracking system initialized
[2017.02.25-13.24.22:585][  0]BlueprintLog: New page: Editor Load
[2017.02.25-13.24.23:396][  0]LocalizationService: Info Localization service is disabled
[2017.02.25-13.24.24:012][  0]LogConsoleResponse:Display: 
[2017.02.25-13.24.24:147][  0]LogCook:Display: Max memory allowance for cook 16384mb min free memory 0mb
[2017.02.25-13.24.24:147][  0]LogCook:Display: Mobile HDR setting 1
[2017.02.25-13.24.24:389][  0]LogFileCache: Scanning file cache for directory 'C:/Users/shang/Documents/Unreal Projects/Shangda_Wus_Book/Content/' took 0.01s
[2017.02.25-13.24.25:095][  0]SourceControl: Info Source control is disabled
[2017.02.25-13.24.25:095][  0]Cmd: MAP LOAD FILE="../../../Engine/Content/Maps/Templates/Template_Default.umap" TEMPLATE=1 SHOWPROGRESS=1 FEATURELEVEL=3
[2017.02.25-13.24.25:096][  0]LightingResults: New page: Lighting Build
[2017.02.25-13.24.25:135][  0]MapCheck: New page: Map Check
[2017.02.25-13.24.25:135][  0]LightingResults: New page: Lighting Build
[2017.02.25-13.24.25:334][  0]LogAIModule: Creating AISystem for world Untitled_1
[2017.02.25-13.24.25:337][  0]LogActorComponent: RegisterComponentWithWorld: (/Temp/Untitled_1.Untitled_1:PersistentLevel.WorldSettings_1.StaticMeshComponent0) Trying to register component with IsPendingKill() == true. Aborting.
[2017.02.25-13.24.25:342][  0]LogEditorServer: Finished looking for orphan Actors (0.000 secs)
[2017.02.25-13.24.25:348][  0]Cmd: MAP CHECKDEP NOCLEARLOG
[2017.02.25-13.24.25:386][  0]MapCheck: Info Map check complete: 0 Error(s), 0 Warning(s), took 37.987ms to complete.
[2017.02.25-13.24.25:386][  0]LogFileHelpers: Loading map 'Template_Default' took 0.290
[2017.02.25-13.24.25:457][  0]LogWindowsTextInputMethodSystem:Display: IME system now activated using TSF (微软拼音).
[2017.02.25-13.24.25:458][  0]LogWindowsTextInputMethodSystem:Display: IME system now activated using TSF (微软拼音).
[2017.02.25-13.24.25:601][  0]LogCollectionManager: Loaded 0 collections in 0.001265 seconds
[2017.02.25-13.24.25:687][  0]LogFileCache: Scanning file cache for directory 'C:/Users/shang/Documents/Unreal Projects/Shangda_Wus_Book/Saved/Collections/' took 0.01s
[2017.02.25-13.24.25:687][  0]LogFileCache: Scanning file cache for directory 'C:/Users/shang/Documents/Unreal Projects/Shangda_Wus_Book/Content/Developers/shang/Collections/' took 0.01s
[2017.02.25-13.24.25:687][  0]LogFileCache: Scanning file cache for directory 'C:/Users/shang/Documents/Unreal Projects/Shangda_Wus_Book/Content/Collections/' took 0.01s
[2017.02.25-13.24.25:687][  0]LogCollectionManager: Rebuilt the GUID cache for 0 collections in 0.000002 seconds
[2017.02.25-13.24.25:699][  0]LogContentBrowser: Native class hierarchy populated in 0.0118 seconds. Added 2244 classes and 450 folders.
[2017.02.25-13.24.25:703][  0]LogStats: UGameplayTagsManager::ConstructGameplayTagTree: Construct from data asset -  0.000 s
[2017.02.25-13.24.25:703][  0]LogStats: UGameplayTagsManager::ConstructGameplayTagTree: GameplayTagTreeChangedEvent.Broadcast -  0.000 s
[2017.02.25-13.24.25:774][  0]LogContentBrowser: Native class hierarchy updated for 'WidgetCarousel' in 0.0005 seconds. Added 0 classes and 0 folders.
[2017.02.25-13.24.25:813][  0]LogContentBrowser: Native class hierarchy updated for 'AddContentDialog' in 0.0004 seconds. Added 0 classes and 0 folders.
[2017.02.25-13.24.25:860][  0]LogContentBrowser: Native class hierarchy updated for 'SceneOutliner' in 0.0009 seconds. Added 1 classes and 2 folders.
[2017.02.25-13.24.25:964][  0]LogCrashTracker: Crashtracker disabled due to settings.
[2017.02.25-13.24.25:972][  0]LogUObjectGlobals:Warning: Failed to find object 'Class None.'
[2017.02.25-13.24.26:046][  0]LogContentBrowser: Native class hierarchy updated for 'HierarchicalLODOutliner' in 0.0005 seconds. Added 1 classes and 2 folders.
[2017.02.25-13.24.26:047][  0]LogLoad: (Engine Initialization) Total time: 14.03 seconds
[2017.02.25-13.24.26:047][  0]LogLoad: (Engine Initialization) Total Blueprint compile time: 0.08 seconds
[2017.02.25-13.24.26:047][  0]LogExternalProfiler: No external profilers were discovered.  External profiling features will not be available.
[2017.02.25-13.24.26:065][  0]LogOcInput: OculusInput pre-init called
[2017.02.25-13.24.26:084][  0]LogContentStreaming: Texture pool size now 1000 MB
[2017.02.25-13.24.26:085][  0]LogSlate: Took 0.000233 seconds to synchronously load lazily loaded font '../../../Engine/Content/Slate/Fonts/Roboto-Regular.ttf' (155K)
[2017.02.25-13.24.26:089][  0]LogSlate: Took 0.000214 seconds to synchronously load lazily loaded font '../../../Engine/Content/Slate/Fonts/Roboto-Bold.ttf' (160K)
[2017.02.25-13.24.26:095][  0]LogSlate: Took 0.000653 seconds to synchronously load lazily loaded font '../../../Engine/Content/Editor/Slate/Fonts/FontAwesome.ttf' (139K)
[2017.02.25-13.24.26:191][  0]LogSlate: Took 0.000177 seconds to synchronously load lazily loaded font '../../../Engine/Content/Slate/Fonts/Roboto-Light.ttf' (159K)
[2017.02.25-13.24.26:244][  0]LogRenderer: Reallocating scene render targets to support 1208x576 NumSamples 1 (Frame:2).
[2017.02.25-13.24.26:316][  1]LogAssetRegistry: Asset discovery search completed in 8.1090 seconds
[2017.02.25-13.24.26:316][  1]LogCollectionManager: Rebuilt the object cache for 0 collections in 0.000005 seconds (found 0 objects)
[2017.02.25-13.24.26:316][  1]LogCollectionManager: Fixed up redirectors for 0 collections in 0.000026 seconds (updated 0 objects)
[2017.02.25-13.24.40:381][837]LogSlate: Took 0.000121 seconds to synchronously load lazily loaded font '../../../Engine/Content/Slate/Fonts/Roboto-Light.ttf' (159K)
[2017.02.25-13.24.40:421][837]LogAIModule: Creating AISystem for world Shangda_Wus_Book_Main_Scenes
[2017.02.25-13.24.40:454][837]Cmd: MAP LOAD FILE="../../../../../../Users/shang/Documents/Unreal Projects/Shangda_Wus_Book/Content/Shangda_Wus_Book_Main_Scenes.umap" TEMPLATE=0 SHOWPROGRESS=1 FEATURELEVEL=3
[2017.02.25-13.24.40:454][837]LightingResults: New page: Lighting Build
[2017.02.25-13.24.40:455][837]LoadErrors: New page: Loading map: Shangda_Wus_Book_Main_Scenes.umap
[2017.02.25-13.24.40:456][837]MapCheck: New page: Map Check
[2017.02.25-13.24.40:456][837]LightingResults: New page: Lighting Build
[2017.02.25-13.24.40:528][837]LogEditorServer: Finished looking for orphan Actors (0.000 secs)
[2017.02.25-13.24.40:553][837]Cmd: MAP CHECKDEP NOCLEARLOG
[2017.02.25-13.24.40:593][837]MapCheck: Info Map check complete: 0 Error(s), 0 Warning(s), took 40.411ms to complete.
[2017.02.25-13.24.40:593][837]LogFileHelpers: Loading map 'Shangda_Wus_Book_Main_Scenes' took 0.140
[2017.02.25-13.24.46:805][207]LogTemp: Repeting last play command: New Editor Window (PIE)
[2017.02.25-13.24.46:821][207]LogBlueprintUserMessages: Early PlayInEditor Detection: Level '/Game/Shangda_Wus_Book_Main_Scenes.Shangda_Wus_Book_Main_Scenes:PersistentLevel' has LevelScriptBlueprint '/Game/Shangda_Wus_Book_Main_Scenes.Shangda_Wus_Book_Main_Scenes:PersistentLevel.Shangda_Wus_Book_Main_Scenes' with GeneratedClass '/Game/Shangda_Wus_Book_Main_Scenes.Shangda_Wus_Book_Main_Scenes_C' with ClassGeneratedBy '/Game/Shangda_Wus_Book_Main_Scenes.Shangda_Wus_Book_Main_Scenes:PersistentLevel.Shangda_Wus_Book_Main_Scenes'
[2017.02.25-13.24.46:821][207]LogPlayLevel: PlayLevel: No blueprints needed recompiling
[2017.02.25-13.24.46:821][207]PIE: New page: PIE session: Shangda_Wus_Book_Main_Scenes (Feb 26, 2017, 5:24:46 AM)
[2017.02.25-13.24.46:821][207]LogPlayLevel: Creating play world package: /Game/UEDPIE_0_Shangda_Wus_Book_Main_Scenes
[2017.02.25-13.24.46:824][207]LogPlayLevel: PIE: StaticDuplicateObject took: (0.003026s)
[2017.02.25-13.24.46:825][207]LogAIModule: Creating AISystem for world Shangda_Wus_Book_Main_Scenes
[2017.02.25-13.24.46:825][207]LogPlayLevel: PIE: World Init took: (0.000862s)
[2017.02.25-13.24.46:825][207]LogPlayLevel: PIE: Created PIE world by copying editor world from /Game/Shangda_Wus_Book_Main_Scenes.Shangda_Wus_Book_Main_Scenes to /Game/UEDPIE_0_Shangda_Wus_Book_Main_Scenes.Shangda_Wus_Book_Main_Scenes (0.004126s)
[2017.02.25-13.24.46:847][207]LogInit: XAudio2 using '扬声器 (Realtek High Definition Audio)' : 2 channels at 48 kHz using 32 bits per sample (channel mask 0x3)
[2017.02.25-13.24.46:859][207]LogInit: FAudioDevice initialized.
[2017.02.25-13.24.46:920][207]LogLoad: Game class is 'GameModeBase'
[2017.02.25-13.24.46:922][207]LogWorld: Bringing World /Game/UEDPIE_0_Shangda_Wus_Book_Main_Scenes.Shangda_Wus_Book_Main_Scenes up for play (max tick rate 60) at 2017.02.25-21.24.46
[2017.02.25-13.24.46:923][207]LogWorld: Bringing up level for play took: 0.001556
[2017.02.25-13.24.46:970][207]LogContentBrowser: Native class hierarchy updated for 'MovieSceneCapture' in 0.0010 seconds. Added 11 classes and 0 folders.
[2017.02.25-13.24.46:974][207]PIE: Info Play in editor start time for /Game/UEDPIE_0_Shangda_Wus_Book_Main_Scenes 0.199
[2017.02.25-13.24.46:974][207]LogBlueprintUserMessages: Late PlayInEditor Detection: Level '/Game/Shangda_Wus_Book_Main_Scenes.Shangda_Wus_Book_Main_Scenes:PersistentLevel' has LevelScriptBlueprint '/Game/Shangda_Wus_Book_Main_Scenes.Shangda_Wus_Book_Main_Scenes:PersistentLevel.Shangda_Wus_Book_Main_Scenes' with GeneratedClass '/Game/Shangda_Wus_Book_Main_Scenes.Shangda_Wus_Book_Main_Scenes_C' with ClassGeneratedBy '/Game/Shangda_Wus_Book_Main_Scenes.Shangda_Wus_Book_Main_Scenes:PersistentLevel.Shangda_Wus_Book_Main_Scenes'
[2017.02.25-13.24.47:011][207]LogRenderer: Reallocating scene render targets to support 1208x996 NumSamples 1 (Frame:1167).
[2017.02.25-13.24.48:681][305]LogBlueprintUserMessages: Early EndPlayMap Detection: Level '/Game/Shangda_Wus_Book_Main_Scenes.Shangda_Wus_Book_Main_Scenes:PersistentLevel' has LevelScriptBlueprint '/Game/Shangda_Wus_Book_Main_Scenes.Shangda_Wus_Book_Main_Scenes:PersistentLevel.Shangda_Wus_Book_Main_Scenes' with GeneratedClass '/Game/Shangda_Wus_Book_Main_Scenes.Shangda_Wus_Book_Main_Scenes_C' with ClassGeneratedBy '/Game/Shangda_Wus_Book_Main_Scenes.Shangda_Wus_Book_Main_Scenes:PersistentLevel.Shangda_Wus_Book_Main_Scenes'
[2017.02.25-13.24.48:717][305]LogBlueprintUserMessages: Late EndPlayMap Detection: Level '/Game/Shangda_Wus_Book_Main_Scenes.Shangda_Wus_Book_Main_Scenes:PersistentLevel' has LevelScriptBlueprint '/Game/Shangda_Wus_Book_Main_Scenes.Shangda_Wus_Book_Main_Scenes:PersistentLevel.Shangda_Wus_Book_Main_Scenes' with GeneratedClass '/Game/Shangda_Wus_Book_Main_Scenes.Shangda_Wus_Book_Main_Scenes_C' with ClassGeneratedBy '/Game/Shangda_Wus_Book_Main_Scenes.Shangda_Wus_Book_Main_Scenes:PersistentLevel.Shangda_Wus_Book_Main_Scenes'
[2017.02.25-13.25.31:992][374]LogHttp:Warning: 000001F03BC52980: request failed, libcurl error: 7 (Couldn't connect to server)
[2017.02.25-13.25.31:992][374]LogHttp:Warning: 000001F03BC52980: libcurl info message cache 0 (Found bundle for host cdn.unrealengine.com: 0x1f03885bfe8 [can pipeline])
[2017.02.25-13.25.31:992][374]LogHttp:Warning: 000001F03BC52980: libcurl info message cache 1 (Re-using existing connection! (#0) with host cdn.unrealengine.com)
[2017.02.25-13.25.31:992][374]LogHttp:Warning: 000001F03BC52980: libcurl info message cache 2 (Connected to cdn.unrealengine.com (54.240.168.160) port 80 (#0))
[2017.02.25-13.25.31:992][374]LogHttp:Warning: 000001F03BC52980: libcurl info message cache 3 (Recv failure: Connection was aborted)
[2017.02.25-13.25.31:992][374]LogHttp:Warning: 000001F03BC52980: libcurl info message cache 4 (Connection died, retrying a fresh connect)
[2017.02.25-13.25.31:992][374]LogHttp:Warning: 000001F03BC52980: libcurl info message cache 5 (Closing connection 0)
[2017.02.25-13.25.31:992][374]LogHttp:Warning: 000001F03BC52980: libcurl info message cache 6 (Issue another request to this URL: 'http://cdn.unrealengine.com/surveys/en/index.json')
[2017.02.25-13.25.31:992][374]LogHttp:Warning: 000001F03BC52980: libcurl info message cache 7 (Hostname cdn.unrealengine.com was found in DNS cache)
[2017.02.25-13.25.31:992][374]LogHttp:Warning: 000001F03BC52980: libcurl info message cache 8 (  Trying 54.240.168.160...)
[2017.02.25-13.25.31:992][374]LogHttp:Warning: 000001F03BC52980: libcurl info message cache 9 (connect to 54.240.168.160 port 80 failed: Timed out)
[2017.02.25-13.25.31:992][374]LogHttp:Warning: 000001F03BC52980: libcurl info message cache 10 (Failed to connect to cdn.unrealengine.com port 80: Timed out)
[2017.02.25-13.25.31:992][374]LogHttp:Warning: 000001F03BC52980: libcurl info message cache 11 (Closing connection 1)
[2017.02.25-13.25.53:230][225]LogHttp:Warning: 000001F049E52080: request failed, libcurl error: 7 (Couldn't connect to server)
[2017.02.25-13.25.53:230][225]LogHttp:Warning: 000001F049E52080: libcurl info message cache 0 (  Trying 54.240.168.160...)
[2017.02.25-13.25.53:231][225]LogHttp:Warning: 000001F049E52080: libcurl info message cache 1 (connect to 54.240.168.160 port 80 failed: Timed out)
[2017.02.25-13.25.53:231][225]LogHttp:Warning: 000001F049E52080: libcurl info message cache 2 (Failed to connect to cdn.unrealengine.com port 80: Timed out)
[2017.02.25-13.25.53:231][225]LogHttp:Warning: 000001F049E52080: libcurl info message cache 3 (Closing connection 3)
[2017.02.25-13.26.52:744][468]LogMetaData: Removing '/Game/User_Interfaces/UI_Main_Scenes.UI_Main_Scenes_C' ref from Metadata '/Game/User_Interface/UI_Main_Scenes.PackageMetaData'
[2017.02.25-13.26.52:744][468]LogMetaData: Removing '/Game/User_Interfaces/UI_Main_Scenes.UI_Main_Scenes:EventGraph.K2Node_Event_0' ref from Metadata '/Game/User_Interface/UI_Main_Scenes.PackageMetaData'
[2017.02.25-13.26.52:744][468]LogMetaData: Removing '/Game/User_Interfaces/UI_Main_Scenes.UI_Main_Scenes:EventGraph.K2Node_Event_1' ref from Metadata '/Game/User_Interface/UI_Main_Scenes.PackageMetaData'
[2017.02.25-13.26.52:744][468]LogMetaData: Removing '/Game/User_Interfaces/UI_Main_Scenes.SKEL_UI_Main_Scenes_C' ref from Metadata '/Game/User_Interface/UI_Main_Scenes.PackageMetaData'
[2017.02.25-13.26.52:789][468]LogSavePackage: Save=10.36ms
[2017.02.25-13.26.52:789][468]LogSavePackage: Moving '../../../../../../Users/shang/Documents/Unreal Projects/Shangda_Wus_Book/Saved/UI_Main_ScenesFC1D84234C9C01219FCFB2A89CD84EC8.tmp' to '../../../../../../Users/shang/Documents/Unreal Projects/Shangda_Wus_Book/Content/User_Interfaces/UI_Main_Scenes.uasset'
[2017.02.25-13.26.52:792][468]LogSavePackage:Display: Finished SavePackage ../../../../../../Users/shang/Documents/Unreal Projects/Shangda_Wus_Book/Content/User_Interfaces/UI_Main_Scenes.uasset
[2017.02.25-13.27.23:667][291]LogSavePackage: Save=103.92ms
[2017.02.25-13.27.23:667][291]LogSavePackage: Moving '../../../../../../Users/shang/Documents/Unreal Projects/Shangda_Wus_Book/Saved/Shangda_Wus_Book_Main_Scenes6B81BADA402103A96983F9826D6F2FB5.tmp' to '../../../../../../Users/shang/Documents/Unreal Projects/Shangda_Wus_Book/Content/Shangda_Wus_Book_Main_Scenes.umap'
[2017.02.25-13.27.23:671][291]LogSavePackage:Display: Finished SavePackage ../../../../../../Users/shang/Documents/Unreal Projects/Shangda_Wus_Book/Content/Shangda_Wus_Book_Main_Scenes.umap
[2017.02.25-13.27.37:361][107]LogActorFactory: Actor Factory created Plane
[2017.02.25-13.27.39:570][237]LogActorFactory: Actor Factory created Plane
[2017.02.25-13.27.46:124][623]MapCheck: New page: Map Check
[2017.02.25-13.27.46:141][623]Cmd: MAP REBUILD ALLVISIBLE
[2017.02.25-13.27.46:141][623]LogEditorServer: Rebuildmap Clear paths rebuilt
[2017.02.25-13.27.46:288][623]LogMaterial: Missing cached shader map for material FDebugViewModeMaterialProxy WorldGridMaterial, compiling. Is special engine material.
[2017.02.25-13.27.46:289][623]LogTemp:Display: Added material ShaderMap 0x000001F04B031600 with Material 0x000001F04B092500 to ShaderMapsBeingCompiled
[2017.02.25-13.27.46:294][623]LogTemp:Display: Kicking off shader compilation for FDebugViewModeMaterialProxy WorldGridMaterial, GameThreadShaderMap 0x000001F04B031600
[2017.02.25-13.27.46:297][623]LogMaterial: Missing cached shader map for material FDebugViewModeMaterialProxy DefaultMaterial, compiling. 
[2017.02.25-13.27.46:298][623]LogTemp:Display: Added material ShaderMap 0x000001F04B030F00 with Material 0x000001F04B092800 to ShaderMapsBeingCompiled
[2017.02.25-13.27.46:299][623]LogTemp:Display: Kicking off shader compilation for FDebugViewModeMaterialProxy DefaultMaterial, GameThreadShaderMap 0x000001F04B030F00
[2017.02.25-13.27.46:301][623]LogMaterial: Missing cached shader map for material FDebugViewModeMaterialProxy MaterialInstanceDynamic_2, compiling. 
[2017.02.25-13.27.46:302][623]LogTemp:Display: Added material ShaderMap 0x000001F05E2CF900 with Material 0x000001F04B091900 to ShaderMapsBeingCompiled
[2017.02.25-13.27.46:304][623]LogTemp:Display: Kicking off shader compilation for FDebugViewModeMaterialProxy MaterialInstanceDynamic_2, GameThreadShaderMap 0x000001F05E2CF900
[2017.02.25-13.27.46:306][623]LogMaterial: Missing cached shader map for material FDebugViewModeMaterialProxy MatineeCam_mat, compiling. 
[2017.02.25-13.27.46:307][623]LogTemp:Display: Added material ShaderMap 0x000001F05E2CF200 with Material 0x000001F04B091C00 to ShaderMapsBeingCompiled
[2017.02.25-13.27.46:308][623]LogTemp:Display: Kicking off shader compilation for FDebugViewModeMaterialProxy MatineeCam_mat, GameThreadShaderMap 0x000001F05E2CF200
[2017.02.25-13.27.46:311][623]LogMaterial: Missing cached shader map for material FDebugViewModeMaterialProxy BasicShapeMaterial, compiling. 
[2017.02.25-13.27.46:311][623]LogTemp:Display: Added material ShaderMap 0x000001F05E2CE780 with Material 0x000001F04B091300 to ShaderMapsBeingCompiled
[2017.02.25-13.27.46:313][623]LogTemp:Display: Kicking off shader compilation for FDebugViewModeMaterialProxy BasicShapeMaterial, GameThreadShaderMap 0x000001F05E2CE780
[2017.02.25-13.27.46:805][623]LogTemp:Display: Finished compile of shader map 0x000001F04B031600
[2017.02.25-13.27.46:805][623]LogTemp:Display: Shader map FDebugViewModeMaterialProxy WorldGridMaterial complete, GameThreadShaderMap 0x000001F04B031600, marking material FDebugViewModeMaterialProxy WorldGridMaterial as finished
[2017.02.25-13.27.46:805][623]LogTemp:Display: Marking material as finished 0x000001F04B092500
[2017.02.25-13.27.46:819][623]LogTemp:Display: Finished compile of shader map 0x000001F04B030F00
[2017.02.25-13.27.46:819][623]LogTemp:Display: Shader map FDebugViewModeMaterialProxy DefaultMaterial complete, GameThreadShaderMap 0x000001F04B030F00, marking material FDebugViewModeMaterialProxy DefaultMaterial as finished
[2017.02.25-13.27.46:819][623]LogTemp:Display: Marking material as finished 0x000001F04B092800
[2017.02.25-13.27.46:821][623]LogTemp:Display: Finished compile of shader map 0x000001F05E2CF900
[2017.02.25-13.27.46:821][623]LogTemp:Display: Shader map FDebugViewModeMaterialProxy MaterialInstanceDynamic_2 complete, GameThreadShaderMap 0x000001F05E2CF900, marking material FDebugViewModeMaterialProxy MaterialInstanceDynamic_2 as finished
[2017.02.25-13.27.46:821][623]LogTemp:Display: Marking material as finished 0x000001F04B091900
[2017.02.25-13.27.46:940][623]LogTemp:Display: Finished compile of shader map 0x000001F05E2CE780
[2017.02.25-13.27.46:940][623]LogTemp:Display: Shader map FDebugViewModeMaterialProxy BasicShapeMaterial complete, GameThreadShaderMap 0x000001F05E2CE780, marking material FDebugViewModeMaterialProxy BasicShapeMaterial as finished
[2017.02.25-13.27.46:940][623]LogTemp:Display: Marking material as finished 0x000001F04B091300
[2017.02.25-13.27.46:963][623]LogTemp:Display: Finished compile of shader map 0x000001F05E2CF200
[2017.02.25-13.27.46:963][623]LogTemp:Display: Shader map FDebugViewModeMaterialProxy MatineeCam_mat complete, GameThreadShaderMap 0x000001F05E2CF200, marking material FDebugViewModeMaterialProxy MatineeCam_mat as finished
[2017.02.25-13.27.46:963][623]LogTemp:Display: Marking material as finished 0x000001F04B091C00
[2017.02.25-13.27.46:966][623]TextureStreamingBuild:Display: Compiling optional shaders took 0.683 seconds.
[2017.02.25-13.27.46:985][623]LogLevel:Display: Export Material TexCoord Scales took 0.019 seconds.
[2017.02.25-13.27.46:990][623]TextureStreamingBuild:Display: Build Texture Streaming took 0.004 seconds.
[2017.02.25-13.27.47:007][623]LightingResults: New page: Lighting Build - Feb 26, 2017, 5:27:47 AM
[2017.02.25-13.27.47:092][623]LogSwarmInterface: [OpenConnection] Registering TCP channel ...
[2017.02.25-13.27.47:263][623]LogSwarmInterface: [OpenConnection] Connecting to agent ...
[2017.02.25-13.27.47:279][623]LogSwarmInterface: [TryOpenConnection] Testing the Agent
[2017.02.25-13.27.47:852][623]LogSwarmInterface: [TryOpenConnection] Opening Connection to Agent
[2017.02.25-13.27.47:852][623]LogSwarmInterface: [TryOpenConnection] Local Process ID is 18200
[2017.02.25-13.27.53:178][623]LogStaticLightingSystem:Warning: No importance volume found, so the scene bounding box was used.  You can optimize your scene's quality and lighting build times by adding importance volumes.
[2017.02.25-13.27.53:178][623]LogStaticLightingSystem: Running Lightmass w/ ImmediateImport mode ENABLED
[2017.02.25-13.27.53:178][623]LogStaticLightingSystem: Running Lightmass w/ ImmediateProcess mode ENABLED
[2017.02.25-13.27.53:178][623]LogStaticLightingSystem: Running Lightmass w/ Sorting mode ENABLED
[2017.02.25-13.27.53:178][623]LogStaticLightingSystem: Running Lightmass w/ Mapping paddings ENABLED
[2017.02.25-13.27.53:178][623]LogStaticLightingSystem: Running Lightmass w/ Mapping debug paddings DISABLED
[2017.02.25-13.27.53:388][623]Cmd: MAP CHECK DONTDISPLAYDIALOG
[2017.02.25-13.27.53:388][623]MapCheck: New page: Shangda_Wus_Book_Main_Scenes - Feb 26, 2017, 5:27:53 AM
[2017.02.25-13.27.53:391][623]MapCheck:Error: Error WorldSettings_1 Maps need lighting rebuilt 
[2017.02.25-13.27.53:431][623]MapCheck: Info Map check complete: 1 Error(s), 0 Warning(s), took 42.418ms to complete.
[2017.02.25-13.27.53:454][623]LogEditorBuildUtils: Build time 0:07
[2017.02.25-13.27.53:489][623]LogMaterial: Missing cached shader map for material FLightmassMaterialRenderer DefaultMaterial, compiling. 
[2017.02.25-13.27.53:490][623]LogTemp:Display: Added material ShaderMap 0x000001F04AFAC100 with Material 0x000001F04B092B00 to ShaderMapsBeingCompiled
[2017.02.25-13.27.53:493][623]LogTemp:Display: Kicking off shader compilation for FLightmassMaterialRenderer DefaultMaterial, GameThreadShaderMap 0x000001F04AFAC100
[2017.02.25-13.27.53:495][623]LogMaterial: Missing cached shader map for material FLightmassMaterialRenderer DefaultMaterial, compiling. 
[2017.02.25-13.27.53:496][623]LogTemp:Display: Added material ShaderMap 0x000001F04AF2FC80 with Material 0x000001F03B098700 to ShaderMapsBeingCompiled
[2017.02.25-13.27.53:498][623]LogTemp:Display: Kicking off shader compilation for FLightmassMaterialRenderer DefaultMaterial, GameThreadShaderMap 0x000001F04AF2FC80
[2017.02.25-13.27.53:561][624]LogMaterial: Missing cached shader map for material FLightmassMaterialRenderer MaterialInstanceDynamic_2, compiling. 
[2017.02.25-13.27.53:561][624]LogTemp:Display: Added material ShaderMap 0x000001F03AF2DD00 with Material 0x000001F03C68BA00 to ShaderMapsBeingCompiled
[2017.02.25-13.27.53:564][624]LogTemp:Display: Kicking off shader compilation for FLightmassMaterialRenderer MaterialInstanceDynamic_2, GameThreadShaderMap 0x000001F03AF2DD00
[2017.02.25-13.27.53:568][624]LogMaterial: Missing cached shader map for material FLightmassMaterialRenderer MaterialInstanceDynamic_2, compiling. 
[2017.02.25-13.27.53:571][624]LogTemp:Display: Added material ShaderMap 0x000001F03C9A2780 with Material 0x000001F01AAD1C00 to ShaderMapsBeingCompiled
[2017.02.25-13.27.53:574][624]LogTemp:Display: Kicking off shader compilation for FLightmassMaterialRenderer MaterialInstanceDynamic_2, GameThreadShaderMap 0x000001F03C9A2780
[2017.02.25-13.27.53:638][625]LogMaterial: Missing cached shader map for material FLightmassMaterialRenderer BasicShapeMaterial, compiling. 
[2017.02.25-13.27.53:640][625]LogTemp:Display: Added material ShaderMap 0x000001F03C9A3C80 with Material 0x000001F03C689F00 to ShaderMapsBeingCompiled
[2017.02.25-13.27.53:644][625]LogTemp:Display: Kicking off shader compilation for FLightmassMaterialRenderer BasicShapeMaterial, GameThreadShaderMap 0x000001F03C9A3C80
[2017.02.25-13.27.53:647][625]LogMaterial: Missing cached shader map for material FLightmassMaterialRenderer BasicShapeMaterial, compiling. 
[2017.02.25-13.27.53:647][625]LogTemp:Display: Added material ShaderMap 0x000001F02748A080 with Material 0x000001F03C68AE00 to ShaderMapsBeingCompiled
[2017.02.25-13.27.53:651][625]LogTemp:Display: Kicking off shader compilation for FLightmassMaterialRenderer BasicShapeMaterial, GameThreadShaderMap 0x000001F02748A080
[2017.02.25-13.27.53:716][626]LogMaterial: Missing cached shader map for material FLightmassMaterialRenderer WorldGridMaterial, compiling. Is special engine material.
[2017.02.25-13.27.53:719][626]LogTemp:Display: Added material ShaderMap 0x000001F03C75B200 with Material 0x000001F02B136800 to ShaderMapsBeingCompiled
[2017.02.25-13.27.53:725][626]LogTemp:Display: Kicking off shader compilation for FLightmassMaterialRenderer WorldGridMaterial, GameThreadShaderMap 0x000001F03C75B200
[2017.02.25-13.27.53:729][626]LogMaterial: Missing cached shader map for material FLightmassMaterialRenderer WorldGridMaterial, compiling. Is special engine material.
[2017.02.25-13.27.53:730][626]LogTemp:Display: Added material ShaderMap 0x000001F03AEE8100 with Material 0x000001F05E6C3D00 to ShaderMapsBeingCompiled
[2017.02.25-13.27.53:733][626]LogTemp:Display: Kicking off shader compilation for FLightmassMaterialRenderer WorldGridMaterial, GameThreadShaderMap 0x000001F03AEE8100
[2017.02.25-13.27.55:360][627]LogTemp:Display: Finished compile of shader map 0x000001F03AF2DD00
[2017.02.25-13.27.55:360][627]LogTemp:Display: Shader map FLightmassMaterialRenderer MaterialInstanceDynamic_2 complete, GameThreadShaderMap 0x000001F03AF2DD00, marking material FLightmassMaterialRenderer MaterialInstanceDynamic_2 as finished
[2017.02.25-13.27.55:360][627]LogTemp:Display: Marking material as finished 0x000001F03C68BA00
[2017.02.25-13.27.55:363][627]LogTemp:Display: Finished compile of shader map 0x000001F03C9A2780
[2017.02.25-13.27.55:363][627]LogTemp:Display: Shader map FLightmassMaterialRenderer MaterialInstanceDynamic_2 complete, GameThreadShaderMap 0x000001F03C9A2780, marking material FLightmassMaterialRenderer MaterialInstanceDynamic_2 as finished
[2017.02.25-13.27.55:363][627]LogTemp:Display: Marking material as finished 0x000001F01AAD1C00
[2017.02.25-13.27.55:366][627]LogTemp:Display: Finished compile of shader map 0x000001F04AFAC100
[2017.02.25-13.27.55:366][627]LogTemp:Display: Shader map FLightmassMaterialRenderer DefaultMaterial complete, GameThreadShaderMap 0x000001F04AFAC100, marking material FLightmassMaterialRenderer DefaultMaterial as finished
[2017.02.25-13.27.55:366][627]LogTemp:Display: Marking material as finished 0x000001F04B092B00
[2017.02.25-13.27.55:367][627]LogTemp:Display: Finished compile of shader map 0x000001F04AF2FC80
[2017.02.25-13.27.55:367][627]LogTemp:Display: Shader map FLightmassMaterialRenderer DefaultMaterial complete, GameThreadShaderMap 0x000001F04AF2FC80, marking material FLightmassMaterialRenderer DefaultMaterial as finished
[2017.02.25-13.27.55:368][627]LogTemp:Display: Marking material as finished 0x000001F03B098700
[2017.02.25-13.27.55:371][627]LogTemp:Display: Finished compile of shader map 0x000001F03C9A3C80
[2017.02.25-13.27.55:371][627]LogTemp:Display: Shader map FLightmassMaterialRenderer BasicShapeMaterial complete, GameThreadShaderMap 0x000001F03C9A3C80, marking material FLightmassMaterialRenderer BasicShapeMaterial as finished
[2017.02.25-13.27.55:371][627]LogTemp:Display: Marking material as finished 0x000001F03C689F00
[2017.02.25-13.27.55:373][627]LogTemp:Display: Finished compile of shader map 0x000001F02748A080
[2017.02.25-13.27.55:373][627]LogTemp:Display: Shader map FLightmassMaterialRenderer BasicShapeMaterial complete, GameThreadShaderMap 0x000001F02748A080, marking material FLightmassMaterialRenderer BasicShapeMaterial as finished
[2017.02.25-13.27.55:373][627]LogTemp:Display: Marking material as finished 0x000001F03C68AE00
[2017.02.25-13.27.55:375][627]LogTemp:Display: Finished compile of shader map 0x000001F03C75B200
[2017.02.25-13.27.55:375][627]LogTemp:Display: Shader map FLightmassMaterialRenderer WorldGridMaterial complete, GameThreadShaderMap 0x000001F03C75B200, marking material FLightmassMaterialRenderer WorldGridMaterial as finished
[2017.02.25-13.27.55:375][627]LogTemp:Display: Marking material as finished 0x000001F02B136800
[2017.02.25-13.27.55:378][627]LogTemp:Display: Finished compile of shader map 0x000001F03AEE8100
[2017.02.25-13.27.55:378][627]LogTemp:Display: Shader map FLightmassMaterialRenderer WorldGridMaterial complete, GameThreadShaderMap 0x000001F03AEE8100, marking material FLightmassMaterialRenderer WorldGridMaterial as finished
[2017.02.25-13.27.55:378][627]LogTemp:Display: Marking material as finished 0x000001F05E6C3D00
[2017.02.25-13.27.57:318][682]Job is a success!
[2017.02.25-13.27.57:505][683]LogTexture:Display: Building textures: HQ_Lightmap0_1 (AutoDXT)
[2017.02.25-13.27.57:505][683]LogTexture:Display: Building textures: LQ_Lightmap_0_1 (DXT1)
[2017.02.25-13.27.57:505][683]LogTexture:Display: Building textures: HQ_Lightmap0_2 (AutoDXT)
[2017.02.25-13.27.57:505][683]LogTexture:Display: Building textures: LQ_Lightmap_0_2 (DXT1)
[2017.02.25-13.27.57:505][683]LogTexture:Display: Building textures: ShadowMapTexture2D_0 (G8)
[2017.02.25-13.27.57:505][683]LogTexture:Display: Building textures: ShadowMapTexture2D_1 (G8)
[2017.02.25-13.27.57:546][683]Lightmass on DESKTOP-4SGI5H6: 1.01 sec total, 196 ms importing, 49 ms setup, 187 ms photons, 552 ms processing, 0 ms extra exporting [3/3 mappings]. Threads: 2.15 sec total, 611 ms processing.
[2017.02.25-13.27.57:585][683]LogStaticLightingSystem: Illumination: 10.5 sec (18 ms encoding lightmaps, 74 ms encoding shadowmaps)
[2017.02.25-13.27.57:585][683]LogStaticLightingSystem: Lightmap texture memory:  0.1 MB (0.1 MB streaming, 0.0 MB non-streaming), 4 textures
[2017.02.25-13.27.57:585][683]LogStaticLightingSystem: Shadowmap texture memory: 0.0 MB (0.0 MB streaming, 0.0 MB non-streaming), 2 textures
[2017.02.25-13.27.58:178][683]DumpUnbuiltLightIteractions
[2017.02.25-13.27.58:178][683]Lights with unbuilt interactions: 0
[2017.02.25-13.27.58:178][683]
[2017.02.25-13.27.58:178][683]Primitives with unbuilt interactions: 0
[2017.02.25-13.27.58:211][684]Cmd: MAP CHECK NOTIFYRESULTS
[2017.02.25-13.27.58:212][684]MapCheck: New page: Shangda_Wus_Book_Main_Scenes - Feb 26, 2017, 5:27:58 AM
[2017.02.25-13.27.58:261][684]MapCheck: Info Map check complete: 0 Error(s), 0 Warning(s), took 50.116ms to complete.
[2017.02.25-13.28.26:762][879]LogSavePackage: Save=72.76ms
[2017.02.25-13.28.26:762][879]LogSavePackage: Moving '../../../../../../Users/shang/Documents/Unreal Projects/Shangda_Wus_Book/Saved/UEDPCShangda_Wus_Book_Main_ScenesE77BBC0B4FB62BF875AB65943832FB0D.tmp' to '../../../../../../Users/shang/Documents/Unreal Projects/Shangda_Wus_Book/Saved/Autosaves/Game/UEDPCShangda_Wus_Book_Main_Scenes.umap'
[2017.02.25-13.28.26:763][879]LogSavePackage:Display: Finished SavePackage ../../../../../../Users/shang/Documents/Unreal Projects/Shangda_Wus_Book/Saved/Autosaves/Game/UEDPCShangda_Wus_Book_Main_Scenes.umap
[2017.02.25-13.28.26:790][879]LogSavePackage: Save=15.87ms
[2017.02.25-13.28.26:790][879]LogSavePackage: Moving '../../../../../../Users/shang/Documents/Unreal Projects/Shangda_Wus_Book/Saved/Shangda_Wus_Book_Main_Scenes_BuiltData4987AE0648F11FED61DDD2A280ECF3A4.tmp' to '../../../../../../Users/shang/Documents/Unreal Projects/Shangda_Wus_Book/Content/Shangda_Wus_Book_Main_Scenes_BuiltData.uasset'
[2017.02.25-13.28.26:793][879]LogSavePackage:Display: Finished SavePackage ../../../../../../Users/shang/Documents/Unreal Projects/Shangda_Wus_Book/Content/Shangda_Wus_Book_Main_Scenes_BuiltData.uasset
[2017.02.25-13.28.26:798][879]LogEditorTransaction: Undo Spawn Play From Here Start
[2017.02.25-13.28.45:134][ 99]MapCheck: New page: Map Check
[2017.02.25-13.28.45:153][ 99]Cmd: MAP REBUILD ALLVISIBLE
[2017.02.25-13.28.45:154][ 99]LogEditorServer: Rebuildmap Clear paths rebuilt
[2017.02.25-13.28.45:267][ 99]LogMaterial: Missing cached shader map for material FDebugViewModeMaterialProxy WorldGridMaterial, compiling. Is special engine material.
[2017.02.25-13.28.45:268][ 99]LogTemp:Display: Added material ShaderMap 0x000001F05A3ECF00 with Material 0x000001F054D59F00 to ShaderMapsBeingCompiled
[2017.02.25-13.28.45:270][ 99]LogTemp:Display: Kicking off shader compilation for FDebugViewModeMaterialProxy WorldGridMaterial, GameThreadShaderMap 0x000001F05A3ECF00
[2017.02.25-13.28.45:275][ 99]LogMaterial: Missing cached shader map for material FDebugViewModeMaterialProxy DefaultMaterial, compiling. 
[2017.02.25-13.28.45:276][ 99]LogTemp:Display: Added material ShaderMap 0x000001F05A3EC800 with Material 0x000001F04ADF5900 to ShaderMapsBeingCompiled
[2017.02.25-13.28.45:278][ 99]LogTemp:Display: Kicking off shader compilation for FDebugViewModeMaterialProxy DefaultMaterial, GameThreadShaderMap 0x000001F05A3EC800
[2017.02.25-13.28.45:280][ 99]LogMaterial: Missing cached shader map for material FDebugViewModeMaterialProxy MaterialInstanceDynamic_3, compiling. 
[2017.02.25-13.28.45:281][ 99]LogTemp:Display: Added material ShaderMap 0x000001F05A3ABC80 with Material 0x000001F04ADF5000 to ShaderMapsBeingCompiled
[2017.02.25-13.28.45:283][ 99]LogTemp:Display: Kicking off shader compilation for FDebugViewModeMaterialProxy MaterialInstanceDynamic_3, GameThreadShaderMap 0x000001F05A3ABC80
[2017.02.25-13.28.45:287][ 99]LogMaterial: Missing cached shader map for material FDebugViewModeMaterialProxy MatineeCam_mat, compiling. 
[2017.02.25-13.28.45:288][ 99]LogTemp:Display: Added material ShaderMap 0x000001F05A3AB200 with Material 0x000001F04ADF5C00 to ShaderMapsBeingCompiled
[2017.02.25-13.28.45:290][ 99]LogTemp:Display: Kicking off shader compilation for FDebugViewModeMaterialProxy MatineeCam_mat, GameThreadShaderMap 0x000001F05A3AB200
[2017.02.25-13.28.45:294][ 99]LogMaterial: Missing cached shader map for material FDebugViewModeMaterialProxy BasicShapeMaterial, compiling. 
[2017.02.25-13.28.45:295][ 99]LogTemp:Display: Added material ShaderMap 0x000001F05A3AA780 with Material 0x000001F04ADF6200 to ShaderMapsBeingCompiled
[2017.02.25-13.28.45:297][ 99]LogTemp:Display: Kicking off shader compilation for FDebugViewModeMaterialProxy BasicShapeMaterial, GameThreadShaderMap 0x000001F05A3AA780
[2017.02.25-13.28.45:771][ 99]LogTemp:Display: Finished compile of shader map 0x000001F05A3ECF00
[2017.02.25-13.28.45:771][ 99]LogTemp:Display: Shader map FDebugViewModeMaterialProxy WorldGridMaterial complete, GameThreadShaderMap 0x000001F05A3ECF00, marking material FDebugViewModeMaterialProxy WorldGridMaterial as finished
[2017.02.25-13.28.45:771][ 99]LogTemp:Display: Marking material as finished 0x000001F054D59F00
[2017.02.25-13.28.45:809][ 99]LogTemp:Display: Finished compile of shader map 0x000001F05A3EC800
[2017.02.25-13.28.45:809][ 99]LogTemp:Display: Shader map FDebugViewModeMaterialProxy DefaultMaterial complete, GameThreadShaderMap 0x000001F05A3EC800, marking material FDebugViewModeMaterialProxy DefaultMaterial as finished
[2017.02.25-13.28.45:809][ 99]LogTemp:Display: Marking material as finished 0x000001F04ADF5900
[2017.02.25-13.28.45:854][ 99]LogTemp:Display: Finished compile of shader map 0x000001F05A3ABC80
[2017.02.25-13.28.45:854][ 99]LogTemp:Display: Shader map FDebugViewModeMaterialProxy MaterialInstanceDynamic_3 complete, GameThreadShaderMap 0x000001F05A3ABC80, marking material FDebugViewModeMaterialProxy MaterialInstanceDynamic_3 as finished
[2017.02.25-13.28.45:854][ 99]LogTemp:Display: Marking material as finished 0x000001F04ADF5000
[2017.02.25-13.28.45:963][ 99]LogTemp:Display: Finished compile of shader map 0x000001F05A3AA780
[2017.02.25-13.28.45:963][ 99]LogTemp:Display: Shader map FDebugViewModeMaterialProxy BasicShapeMaterial complete, GameThreadShaderMap 0x000001F05A3AA780, marking material FDebugViewModeMaterialProxy BasicShapeMaterial as finished
[2017.02.25-13.28.45:963][ 99]LogTemp:Display: Marking material as finished 0x000001F04ADF6200
[2017.02.25-13.28.45:989][ 99]LogTemp:Display: Finished compile of shader map 0x000001F05A3AB200
[2017.02.25-13.28.45:989][ 99]LogTemp:Display: Shader map FDebugViewModeMaterialProxy MatineeCam_mat complete, GameThreadShaderMap 0x000001F05A3AB200, marking material FDebugViewModeMaterialProxy MatineeCam_mat as finished
[2017.02.25-13.28.45:989][ 99]LogTemp:Display: Marking material as finished 0x000001F04ADF5C00
[2017.02.25-13.28.45:991][ 99]TextureStreamingBuild:Display: Compiling optional shaders took 0.728 seconds.
[2017.02.25-13.28.45:997][ 99]LogLevel:Display: Export Material TexCoord Scales took 0.006 seconds.
[2017.02.25-13.28.46:002][ 99]TextureStreamingBuild:Display: Build Texture Streaming took 0.005 seconds.
[2017.02.25-13.28.46:019][ 99]LightingResults: New page: Lighting Build - Feb 26, 2017, 5:28:46 AM
[2017.02.25-13.28.46:028][ 99]LogSwarmInterface: [OpenConnection] Registering TCP channel ...
[2017.02.25-13.28.46:030][ 99]LogSwarmInterface: [OpenConnection] Connecting to agent ...
[2017.02.25-13.28.46:031][ 99]LogSwarmInterface: [TryOpenConnection] Testing the Agent
[2017.02.25-13.28.46:032][ 99]LogSwarmInterface: [TryOpenConnection] Opening Connection to Agent
[2017.02.25-13.28.46:032][ 99]LogSwarmInterface: [TryOpenConnection] Local Process ID is 18200
[2017.02.25-13.28.50:600][ 99]LogStaticLightingSystem:Warning: No importance volume found, so the scene bounding box was used.  You can optimize your scene's quality and lighting build times by adding importance volumes.
[2017.02.25-13.28.50:600][ 99]LogStaticLightingSystem: Running Lightmass w/ ImmediateImport mode ENABLED
[2017.02.25-13.28.50:601][ 99]LogStaticLightingSystem: Running Lightmass w/ ImmediateProcess mode ENABLED
[2017.02.25-13.28.50:601][ 99]LogStaticLightingSystem: Running Lightmass w/ Sorting mode ENABLED
[2017.02.25-13.28.50:601][ 99]LogStaticLightingSystem: Running Lightmass w/ Mapping paddings ENABLED
[2017.02.25-13.28.50:601][ 99]LogStaticLightingSystem: Running Lightmass w/ Mapping debug paddings DISABLED
[2017.02.25-13.28.50:708][ 99]Cmd: MAP CHECK DONTDISPLAYDIALOG
[2017.02.25-13.28.50:708][ 99]MapCheck: New page: Shangda_Wus_Book_Main_Scenes - Feb 26, 2017, 5:28:50 AM
[2017.02.25-13.28.50:708][ 99]MapCheck:Error: Error WorldSettings_1 Maps need lighting rebuilt 
[2017.02.25-13.28.50:746][ 99]MapCheck: Info Map check complete: 1 Error(s), 0 Warning(s), took 38.509ms to complete.
[2017.02.25-13.28.50:769][ 99]LogEditorBuildUtils: Build time 0:05
[2017.02.25-13.28.52:309][140]Job is a success!
[2017.02.25-13.28.52:487][141]LogTexture:Display: Building textures: HQ_Lightmap1_1 (AutoDXT)
[2017.02.25-13.28.52:487][141]LogTexture:Display: Building textures: LQ_Lightmap_1_1 (DXT1)
[2017.02.25-13.28.52:487][141]LogTexture:Display: Building textures: HQ_Lightmap1_2 (AutoDXT)
[2017.02.25-13.28.52:487][141]LogTexture:Display: Building textures: LQ_Lightmap_1_2 (DXT1)
[2017.02.25-13.28.52:487][141]LogTexture:Display: Building textures: ShadowMapTexture2D_2 (G8)
[2017.02.25-13.28.52:487][141]LogTexture:Display: Building textures: ShadowMapTexture2D_3 (G8)
[2017.02.25-13.28.52:525][141]Lightmass on DESKTOP-4SGI5H6: 917 ms total, 206 ms importing, 29 ms setup, 176 ms photons, 472 ms processing, 0 ms extra exporting [3/3 mappings]. Threads: 1.84 sec total, 446 ms processing.
[2017.02.25-13.28.52:540][141]LogStaticLightingSystem: Illumination: 6.48 sec (12 ms encoding lightmaps, 83 ms encoding shadowmaps)
[2017.02.25-13.28.52:540][141]LogStaticLightingSystem: Lightmap texture memory:  0.1 MB (0.1 MB streaming, 0.0 MB non-streaming), 4 textures
[2017.02.25-13.28.52:540][141]LogStaticLightingSystem: Shadowmap texture memory: 0.0 MB (0.0 MB streaming, 0.0 MB non-streaming), 2 textures
[2017.02.25-13.28.53:606][141]DumpUnbuiltLightIteractions
[2017.02.25-13.28.53:606][141]Lights with unbuilt interactions: 0
[2017.02.25-13.28.53:606][141]
[2017.02.25-13.28.53:606][141]Primitives with unbuilt interactions: 0
[2017.02.25-13.28.53:642][142]Cmd: MAP CHECK NOTIFYRESULTS
[2017.02.25-13.28.53:642][142]MapCheck: New page: Shangda_Wus_Book_Main_Scenes - Feb 26, 2017, 5:28:53 AM
[2017.02.25-13.28.53:697][142]MapCheck: Info Map check complete: 0 Error(s), 0 Warning(s), took 54.725ms to complete.
[2017.02.25-13.29.17:445][562]LogEditorViewport: Clicking on Actor (LMB): StaticMeshActor (Plane)
[2017.02.25-13.29.21:236][775]LogSavePackage: Save=76.43ms
[2017.02.25-13.29.21:236][775]LogSavePackage: Moving '../../../../../../Users/shang/Documents/Unreal Projects/Shangda_Wus_Book/Saved/Shangda_Wus_Book_Main_Scenes362AE0D4401B5021030E33BC743B0DA8.tmp' to '../../../../../../Users/shang/Documents/Unreal Projects/Shangda_Wus_Book/Content/Shangda_Wus_Book_Main_Scenes.umap'
[2017.02.25-13.29.21:241][775]LogSavePackage:Display: Finished SavePackage ../../../../../../Users/shang/Documents/Unreal Projects/Shangda_Wus_Book/Content/Shangda_Wus_Book_Main_Scenes.umap
[2017.02.25-13.29.21:298][775]LogSavePackage: Save=15.11ms
[2017.02.25-13.29.21:298][775]LogSavePackage: Moving '../../../../../../Users/shang/Documents/Unreal Projects/Shangda_Wus_Book/Saved/Shangda_Wus_Book_Main_Scenes_BuiltDataD1A0DA854E3DCE78C0D8FD9D13ABC7BC.tmp' to '../../../../../../Users/shang/Documents/Unreal Projects/Shangda_Wus_Book/Content/Shangda_Wus_Book_Main_Scenes_BuiltData.uasset'
[2017.02.25-13.29.21:302][775]LogSavePackage:Display: Finished SavePackage ../../../../../../Users/shang/Documents/Unreal Projects/Shangda_Wus_Book/Content/Shangda_Wus_Book_Main_Scenes_BuiltData.uasset
[2017.02.25-13.29.26:064][971]LogWindowsTextInputMethodSystem:Display: IME system now activated using TSF (微软拼音).
[2017.02.25-13.29.26:065][971]LogWindowsTextInputMethodSystem:Display: IME system now activated using TSF (微软拼音).
[2017.02.25-13.29.26:066][971]LogWindowsTextInputMethodSystem:Display: IME system now activated using TSF (微软拼音).
[2017.02.25-13.29.26:067][971]LogWindowsTextInputMethodSystem:Display: IME system now activated using TSF (微软拼音).
[2017.02.25-13.29.26:540][972]Cmd: QUIT_EDITOR
[2017.02.25-13.29.26:800][972]LogWindowsTextInputMethodSystem:Display: IME system now activated using TSF (微软拼音).
[2017.02.25-13.29.26:800][972]LogWindowsTextInputMethodSystem:Display: IME system now activated using TSF (微软拼音).
[2017.02.25-13.29.26:829][972]LogExit: Preparing to exit.
[2017.02.25-13.29.27:196][972]LogDirectoryWatcher: A directory notification for 'C:/Users/shang/Documents/Unreal Projects/Shangda_Wus_Book/Content/' was aborted.
[2017.02.25-13.29.27:217][972]LogExit: Editor shut down
[2017.02.25-13.29.27:218][972]LogExit: Transaction tracking system shut down
[2017.02.25-13.29.27:292][972]LogObj: Freed 0b from 0 cluster array pools.
[2017.02.25-13.29.27:292][972]LogExit: Object subsystem successfully closed.
[2017.02.25-13.29.27:311][972]LogD3D11RHI: Shutdown
[2017.02.25-13.29.27:311][972]LogD3D11RHI: CleanupD3DDevice
[2017.02.25-13.29.27:480][972]LogD3D11RHI: ~FD3D11DynamicRHI
[2017.02.25-13.29.27:498][972]LogModuleManager: Shutting down and abandoning module HierarchicalLODUtilities (500)
[2017.02.25-13.29.27:498][972]LogModuleManager: Shutting down and abandoning module MovieSceneCapture (498)
[2017.02.25-13.29.27:498][972]LogModuleManager: Shutting down and abandoning module HierarchicalLODOutliner (496)
[2017.02.25-13.29.27:498][972]LogModuleManager: Shutting down and abandoning module CrashTracker (494)
[2017.02.25-13.29.27:498][972]LogModuleManager: Shutting down and abandoning module SceneOutliner (492)
[2017.02.25-13.29.27:498][972]LogModuleManager: Shutting down and abandoning module AddContentDialog (490)
[2017.02.25-13.29.27:498][972]LogDirectoryWatcher: A directory notification for 'C:/Program Files (x86)/Epic Games/4.15/FeaturePacks/' was aborted.
[2017.02.25-13.29.27:501][972]LogModuleManager: Shutting down and abandoning module WidgetCarousel (489)
[2017.02.25-13.29.27:501][972]LogModuleManager: Shutting down and abandoning module EditorWidgets (486)
[2017.02.25-13.29.27:501][972]LogModuleManager: Shutting down and abandoning module CollectionManager (484)
[2017.02.25-13.29.27:501][972]LogDirectoryWatcher: A directory notification for 'C:/Users/shang/Documents/Unreal Projects/Shangda_Wus_Book/Content/Collections/' was aborted.
[2017.02.25-13.29.27:501][972]LogDirectoryWatcher: A directory notification for 'C:/Users/shang/Documents/Unreal Projects/Shangda_Wus_Book/Content/Developers/shang/Collections/' was aborted.
[2017.02.25-13.29.27:501][972]LogDirectoryWatcher: A directory notification for 'C:/Users/shang/Documents/Unreal Projects/Shangda_Wus_Book/Saved/Collections/' was aborted.
[2017.02.25-13.29.27:501][972]LogModuleManager: Shutting down and abandoning module StatsViewer (482)
[2017.02.25-13.29.27:501][972]LogModuleManager: Shutting down and abandoning module FoliageEdit (480)
[2017.02.25-13.29.27:501][972]LogModuleManager: Shutting down and abandoning module LandscapeEditor (478)
[2017.02.25-13.29.27:501][972]LogModuleManager: Shutting down and abandoning module SceneDepthPickerMode (476)
[2017.02.25-13.29.27:501][972]LogModuleManager: Shutting down and abandoning module ActorPickerMode (474)
[2017.02.25-13.29.27:501][972]LogModuleManager: Shutting down and abandoning module GeometryMode (472)
[2017.02.25-13.29.27:501][972]LogModuleManager: Shutting down and abandoning module TextureAlignMode (470)
[2017.02.25-13.29.27:501][972]LogModuleManager: Shutting down and abandoning module BspMode (468)
[2017.02.25-13.29.27:501][972]LogModuleManager: Shutting down and abandoning module HardwareSurvey (466)
[2017.02.25-13.29.27:502][972]LogModuleManager: Shutting down and abandoning module SequenceRecorderSections (464)
[2017.02.25-13.29.27:502][972]LogModuleManager: Shutting down and abandoning module AutomationWorker (462)
[2017.02.25-13.29.27:502][972]LogModuleManager: Shutting down and abandoning module MatineeToLevelSequence (460)
[2017.02.25-13.29.27:502][972]LogModuleManager: Shutting down and abandoning module LevelSequenceEditor (458)
[2017.02.25-13.29.27:502][972]LogModuleManager: Shutting down and abandoning module PlacementMode (457)
[2017.02.25-13.29.27:502][972]LogModuleManager: Shutting down and abandoning module WmfMediaFactory (454)
[2017.02.25-13.29.27:502][972]LogModuleManager: Shutting down and abandoning module WmfMediaEditor (452)
[2017.02.25-13.29.27:502][972]LogModuleManager: Shutting down and abandoning module MfMediaFactory (450)
[2017.02.25-13.29.27:502][972]LogModuleManager: Shutting down and abandoning module MfMediaEditor (448)
[2017.02.25-13.29.27:502][972]LogModuleManager: Shutting down and abandoning module AvfMediaFactory (446)
[2017.02.25-13.29.27:502][972]LogModuleManager: Shutting down and abandoning module AvfMediaEditor (444)
[2017.02.25-13.29.27:502][972]LogModuleManager: Shutting down and abandoning module AndroidMediaFactory (442)
[2017.02.25-13.29.27:502][972]LogModuleManager: Shutting down and abandoning module Media (441)
[2017.02.25-13.29.27:502][972]LogModuleManager: Shutting down and abandoning module AndroidMediaEditor (438)
[2017.02.25-13.29.27:502][972]LogModuleManager: Shutting down and abandoning module CharacterAI (436)
[2017.02.25-13.29.27:502][972]LogModuleManager: Shutting down and abandoning module AudioCapture (434)
[2017.02.25-13.29.27:502][972]LogModuleManager: Shutting down and abandoning module SequenceRecorder (433)
[2017.02.25-13.29.27:502][972]LogModuleManager: Shutting down and abandoning module SmartSnapping (430)
[2017.02.25-13.29.27:502][972]LogModuleManager: Shutting down and abandoning module SessionServices (428)
[2017.02.25-13.29.27:502][972]LogModuleManager: Shutting down and abandoning module ViewportSnapping (426)
[2017.02.25-13.29.27:502][972]LogModuleManager: Shutting down and abandoning module ViewportInteraction (424)
[2017.02.25-13.29.27:502][972]LogModuleManager: Shutting down and abandoning module LogVisualizer (422)
[2017.02.25-13.29.27:502][972]LogModuleManager: Shutting down and abandoning module IntroTutorials (420)
[2017.02.25-13.29.27:502][972]LogModuleManager: Shutting down and abandoning module GameProjectGeneration (419)
[2017.02.25-13.29.27:502][972]LogModuleManager: Shutting down and abandoning module EditorLiveStreaming (416)
[2017.02.25-13.29.27:502][972]LogModuleManager: Shutting down and abandoning module IOSPlatformEditor (414)
[2017.02.25-13.29.27:502][972]LogModuleManager: Shutting down and abandoning module HTML5PlatformEditor (412)
[2017.02.25-13.29.27:502][972]LogModuleManager: Shutting down and abandoning module AndroidPlatformEditor (410)
[2017.02.25-13.29.27:502][972]LogModuleManager: Shutting down and abandoning module AndroidDeviceDetection (409)
[2017.02.25-13.29.27:867][972]LogModuleManager: Shutting down and abandoning module IOSRuntimeSettings (406)
[2017.02.25-13.29.27:867][972]LogModuleManager: Shutting down and abandoning module AndroidRuntimeSettings (404)
[2017.02.25-13.29.27:867][972]LogModuleManager: Shutting down and abandoning module InputBindingEditor (402)
[2017.02.25-13.29.27:867][972]LogModuleManager: Shutting down and abandoning module NiagaraEditor (400)
[2017.02.25-13.29.27:867][972]LogModuleManager: Shutting down and abandoning module MergeActors (398)
[2017.02.25-13.29.27:867][972]LogModuleManager: Shutting down and abandoning module SizeMap (396)
[2017.02.25-13.29.27:867][972]LogModuleManager: Shutting down and abandoning module TreeMap (394)
[2017.02.25-13.29.27:867][972]LogModuleManager: Shutting down and abandoning module ReferenceViewer (392)
[2017.02.25-13.29.27:867][972]LogModuleManager: Shutting down and abandoning module LocalizationDashboard (390)
[2017.02.25-13.29.27:867][972]LogModuleManager: Shutting down and abandoning module LocalizationService (389)
[2017.02.25-13.29.27:867][972]LogModuleManager: Shutting down and abandoning module HardwareTargeting (386)
[2017.02.25-13.29.27:867][972]LogModuleManager: Shutting down and abandoning module DeviceProfileEditor (384)
[2017.02.25-13.29.27:867][972]LogModuleManager: Shutting down and abandoning module UndoHistory (382)
[2017.02.25-13.29.27:867][972]LogModuleManager: Shutting down and abandoning module UserFeedback (380)
[2017.02.25-13.29.27:867][972]LogModuleManager: Shutting down and abandoning module XmlParser (378)
[2017.02.25-13.29.27:867][972]LogModuleManager: Shutting down and abandoning module Blutility (376)
[2017.02.25-13.29.27:867][972]LogModuleManager: Shutting down and abandoning module ProjectSettingsViewer (374)
[2017.02.25-13.29.27:867][972]LogModuleManager: Shutting down and abandoning module ProjectTargetPlatformEditor (373)
[2017.02.25-13.29.27:868][972]LogModuleManager: Shutting down and abandoning module EditorSettingsViewer (370)
[2017.02.25-13.29.27:868][972]LogModuleManager: Shutting down and abandoning module SettingsEditor (368)
[2017.02.25-13.29.27:868][972]LogModuleManager: Shutting down and abandoning module ProjectLauncher (366)
[2017.02.25-13.29.27:868][972]LogModuleManager: Shutting down and abandoning module SessionFrontend (364)
[2017.02.25-13.29.27:868][972]LogModuleManager: Shutting down and abandoning module ProfilerClient (362)
[2017.02.25-13.29.27:868][972]LogModuleManager: Shutting down and abandoning module DeviceManager (360)
[2017.02.25-13.29.27:868][972]LogModuleManager: Shutting down and abandoning module TargetDeviceServices (359)
[2017.02.25-13.29.27:911][972]LogModuleManager: Shutting down and abandoning module AutomationController (356)
[2017.02.25-13.29.27:911][972]LogModuleManager: Shutting down and abandoning module AutomationWindow (354)
[2017.02.25-13.29.27:911][972]LogModuleManager: Shutting down and abandoning module Layers (352)
[2017.02.25-13.29.27:911][972]LogModuleManager: Shutting down and abandoning module ComponentVisualizers (350)
[2017.02.25-13.29.27:911][972]LogModuleManager: Shutting down and abandoning module DetailCustomizations (348)
[2017.02.25-13.29.27:911][972]LogModuleManager: Shutting down and abandoning module PackagesDialog (346)
[2017.02.25-13.29.27:912][972]LogModuleManager: Shutting down and abandoning module Persona (344)
[2017.02.25-13.29.27:912][972]LogModuleManager: Shutting down and abandoning module AnimGraph (343)
[2017.02.25-13.29.27:912][972]LogModuleManager: Shutting down and abandoning module Kismet (340)
[2017.02.25-13.29.27:912][972]LogModuleManager: Shutting down and abandoning module GraphEditor (338)
[2017.02.25-13.29.27:912][972]LogModuleManager: Shutting down and abandoning module ClassViewer (336)
[2017.02.25-13.29.27:912][972]LogModuleManager: Shutting down and abandoning module Toolbox (334)
[2017.02.25-13.29.27:912][972]LogModuleManager: Shutting down and abandoning module ModuleUI (332)
[2017.02.25-13.29.27:912][972]LogModuleManager: Shutting down and abandoning module MovieSceneTools (330)
[2017.02.25-13.29.27:912][972]LogModuleManager: Shutting down and abandoning module OutputLog (328)
[2017.02.25-13.29.27:912][972]LogModuleManager: Shutting down and abandoning module GammaUI (326)
[2017.02.25-13.29.27:912][972]LogModuleManager: Shutting down and abandoning module Documentation (324)
[2017.02.25-13.29.27:912][972]LogModuleManager: Shutting down and abandoning module Niagara (322)
[2017.02.25-13.29.27:912][972]LogModuleManager: Shutting down and abandoning module StreamingPauseRendering (320)
[2017.02.25-13.29.27:912][972]LogModuleManager: Shutting down and abandoning module AnalyticsET (318)
[2017.02.25-13.29.27:912][972]LogModuleManager: Shutting down and abandoning module PortalServices (316)
[2017.02.25-13.29.27:912][972]LogModuleManager: Shutting down and abandoning module PortalRpc (314)
[2017.02.25-13.29.27:912][972]LogModuleManager: Shutting down and abandoning module MessagingRpc (312)
[2017.02.25-13.29.27:912][972]LogModuleManager: Shutting down and abandoning module AIModule (310)
[2017.02.25-13.29.27:912][972]LogModuleManager: Shutting down and abandoning module GameplayDebugger (309)
[2017.02.25-13.29.27:912][972]LogModuleManager: Shutting down and abandoning module AITestSuite (307)
[2017.02.25-13.29.27:912][972]LogModuleManager: Shutting down and abandoning module ProfilerService (304)
[2017.02.25-13.29.28:031][972]LogModuleManager: Shutting down and abandoning module TaskGraph (302)
[2017.02.25-13.29.28:031][972]LogModuleManager: Shutting down and abandoning module SteamVRController (300)
[2017.02.25-13.29.28:031][972]LogModuleManager: Shutting down and abandoning module SteamVR (298)
[2017.02.25-13.29.28:031][972]LogModuleManager: Shutting down and abandoning module ProceduralMeshComponentEditor (296)
[2017.02.25-13.29.28:031][972]LogModuleManager: Shutting down and abandoning module ProceduralMeshComponent (294)
[2017.02.25-13.29.28:031][972]LogModuleManager: Shutting down and abandoning module OculusLibrary (292)
[2017.02.25-13.29.28:031][972]LogModuleManager: Shutting down and abandoning module OculusInput (290)
[2017.02.25-13.29.28:031][972]LogModuleManager: Shutting down and abandoning module MobilePatchingUtils (288)
[2017.02.25-13.29.28:031][972]LogModuleManager: Shutting down and abandoning module CustomMeshComponent (286)
[2017.02.25-13.29.28:031][972]LogModuleManager: Shutting down and abandoning module CableComponent (284)
[2017.02.25-13.29.28:031][972]LogModuleManager: Shutting down and abandoning module ArchVisCharacter (282)
[2017.02.25-13.29.28:031][972]LogModuleManager: Shutting down and abandoning module MediaPlayerEditor (278)
[2017.02.25-13.29.28:031][972]LogModuleManager: Shutting down and abandoning module HTML5Networking (276)
[2017.02.25-13.29.28:031][972]LogModuleManager: Shutting down and abandoning module AlembicImporter (274)
[2017.02.25-13.29.28:031][972]LogModuleManager: Shutting down and abandoning module AlembicLibrary (273)
[2017.02.25-13.29.28:031][972]LogModuleManager: Shutting down and abandoning module GeometryCache (272)
[2017.02.25-13.29.28:031][972]LogModuleManager: Shutting down and abandoning module GeometryCacheEd (271)
[2017.02.25-13.29.28:031][972]LogModuleManager: Shutting down and abandoning module SuperSearchEditor (266)
[2017.02.25-13.29.28:031][972]LogModuleManager: Shutting down and abandoning module SuperSearch (265)
[2017.02.25-13.29.28:031][972]LogModuleManager: Shutting down and abandoning module SpeedTreeImporter (262)
[2017.02.25-13.29.28:031][972]LogModuleManager: Shutting down and abandoning module PluginBrowser (260)
[2017.02.25-13.29.28:031][972]LogModuleManager: Shutting down and abandoning module MobileLauncherProfileWizard (258)
[2017.02.25-13.29.28:031][972]LogModuleManager: Shutting down and abandoning module EpicSurvey (256)
[2017.02.25-13.29.28:032][972]LogModuleManager: Shutting down and abandoning module VisualStudioSourceCodeAccess (254)
[2017.02.25-13.29.28:032][972]LogModuleManager: Shutting down and abandoning module DesktopPlatform (253)
[2017.02.25-13.29.28:032][972]LogModuleManager: Shutting down and abandoning module UObjectPlugin (250)
[2017.02.25-13.29.28:032][972]LogModuleManager: Shutting down and abandoning module SubversionSourceControl (248)
[2017.02.25-13.29.28:032][972]LogModuleManager: Shutting down and abandoning module PerforceSourceControl (246)
[2017.02.25-13.29.28:032][972]LogModuleManager: Shutting down and abandoning module GitSourceControl (244)
[2017.02.25-13.29.28:032][972]LogModuleManager: Shutting down and abandoning module SourceControl (243)
[2017.02.25-13.29.28:032][972]LogModuleManager: Shutting down and abandoning module LightPropagationVolumeEditor (240)
[2017.02.25-13.29.28:032][972]LogModuleManager: Shutting down and abandoning module PaperTiledImporter (238)
[2017.02.25-13.29.28:032][972]LogModuleManager: Shutting down and abandoning module PaperSpriteSheetImporter (236)
[2017.02.25-13.29.28:032][972]LogModuleManager: Shutting down and abandoning module Paper2DEditor (234)
[2017.02.25-13.29.28:032][972]LogModuleManager: Shutting down and abandoning module MeshPaint (233)
[2017.02.25-13.29.28:032][972]LogModuleManager: Shutting down and abandoning module LevelEditor (231)
[2017.02.25-13.29.28:033][972]LogModuleManager: Shutting down and abandoning module PixelInspectorModule (230)
[2017.02.25-13.29.28:033][972]LogModuleManager: Shutting down and abandoning module MainFrame (228)
[2017.02.25-13.29.28:033][972]LogModuleManager: Shutting down and abandoning module HotReload (227)
[2017.02.25-13.29.28:034][972]LogModuleManager: Shutting down and abandoning module ContentBrowser (223)
[2017.02.25-13.29.28:035][972]LogModuleManager: Shutting down and abandoning module PhysXVehiclesEditor (220)
[2017.02.25-13.29.28:035][972]LogModuleManager: Shutting down and abandoning module PhysXVehicles (218)
[2017.02.25-13.29.28:035][972]LogModuleManager: Shutting down and abandoning module LocationServicesBPLibrary (216)
[2017.02.25-13.29.28:035][972]LogModuleManager: Shutting down and abandoning module UdpMessaging (214)
[2017.02.25-13.29.28:136][972]LogModuleManager: Shutting down and abandoning module TcpMessaging (212)
[2017.02.25-13.29.28:236][972]LogModuleManager: Shutting down and abandoning module GameplayTagsEditor (210)
[2017.02.25-13.29.28:236][972]LogModuleManager: Shutting down and abandoning module FacialAnimationEditor (208)
[2017.02.25-13.29.28:236][972]LogModuleManager: Shutting down and abandoning module FacialAnimation (206)
[2017.02.25-13.29.28:236][972]LogModuleManager: Shutting down and abandoning module LightPropagationVolumeRuntime (204)
[2017.02.25-13.29.28:236][972]LogModuleManager: Shutting down and abandoning module Paper2D (202)
[2017.02.25-13.29.28:236][972]LogModuleManager: Shutting down and abandoning module WindowsMoviePlayer (200)
[2017.02.25-13.29.28:236][972]LogModuleManager: Shutting down and abandoning module WmfMedia (198)
[2017.02.25-13.29.28:236][972]LogModuleManager: Shutting down and abandoning module MfMedia (196)
[2017.02.25-13.29.28:237][972]LogModuleManager: Shutting down and abandoning module MediaAssets (194)
[2017.02.25-13.29.28:237][972]LogModuleManager: Shutting down and abandoning module GameLiveStreaming (192)
[2017.02.25-13.29.28:237][972]LogModuleManager: Shutting down and abandoning module VREditor (190)
[2017.02.25-13.29.28:237][972]LogModuleManager: Shutting down and abandoning module GameplayTasksEditor (188)
[2017.02.25-13.29.28:237][972]LogModuleManager: Shutting down and abandoning module BehaviorTreeEditor (186)
[2017.02.25-13.29.28:237][972]LogModuleManager: Shutting down and abandoning module FunctionalTesting (184)
[2017.02.25-13.29.28:237][972]LogModuleManager: Shutting down and abandoning module CollisionAnalyzer (182)
[2017.02.25-13.29.28:237][972]LogModuleManager: Shutting down and abandoning module UMG (180)
[2017.02.25-13.29.28:237][972]LogModuleManager: Shutting down and abandoning module UMGEditor (179)
[2017.02.25-13.29.28:237][972]LogModuleManager: Shutting down and abandoning module Sequencer (178)
[2017.02.25-13.29.28:237][972]LogModuleManager: Shutting down and abandoning module AssetTools (176)
[2017.02.25-13.29.28:238][972]LogModuleManager: Shutting down and abandoning module MessageLog (175)
[2017.02.25-13.29.28:238][972]LogModuleManager: Shutting down and abandoning module WorkspaceMenuStructure (174)
[2017.02.25-13.29.28:238][972]LogModuleManager: Shutting down and abandoning module SlateReflector (168)
[2017.02.25-13.29.28:238][972]LogModuleManager: Shutting down and abandoning module Slate (166)
[2017.02.25-13.29.28:238][972]LogModuleManager: Shutting down and abandoning module EditorStyle (164)
[2017.02.25-13.29.28:246][972]LogModuleManager: Shutting down and abandoning module SourceCodeAccess (162)
[2017.02.25-13.29.28:246][972]LogModuleManager: Shutting down and abandoning module HeadMountedDisplay (160)
[2017.02.25-13.29.28:246][972]LogModuleManager: Shutting down and abandoning module XAudio2 (158)
[2017.02.25-13.29.28:246][972]LogModuleManager: Shutting down and abandoning module Networking (156)
[2017.02.25-13.29.28:246][972]LogModuleManager: Shutting down and abandoning module Core (152)
[2017.02.25-13.29.28:246][972]LogModuleManager: Shutting down and abandoning module AssetRegistry (150)
[2017.02.25-13.29.28:476][972]LogDirectoryWatcher: A directory notification for '../../../Engine/Content/' was aborted.
[2017.02.25-13.29.28:476][972]LogDirectoryWatcher: A directory notification for '../../../../../../Users/shang/Documents/Unreal Projects/Shangda_Wus_Book/Content/' was aborted.
[2017.02.25-13.29.28:476][972]LogDirectoryWatcher: A directory notification for '../../../Engine/Plugins/2D/Paper2D/Content/' was aborted.
[2017.02.25-13.29.28:476][972]LogModuleManager: Shutting down and abandoning module DirectoryWatcher (149)
[2017.02.25-13.29.28:477][972]LogModuleManager: Shutting down and abandoning module KismetCompiler (146)
[2017.02.25-13.29.28:477][972]LogModuleManager: Shutting down and abandoning module PhysXFormats (144)
[2017.02.25-13.29.28:477][972]LogModuleManager: Shutting down and abandoning module MeshUtilities (142)
[2017.02.25-13.29.28:477][972]LogModuleManager: Shutting down and abandoning module SimplygonSwarm (141)
[2017.02.25-13.29.28:477][972]LogModuleManager: Shutting down and abandoning module SimplygonMeshReduction (139)
[2017.02.25-13.29.28:477][972]LogModuleManager: Shutting down and abandoning module QuadricMeshReduction (137)
[2017.02.25-13.29.28:477][972]LogModuleManager: Shutting down and abandoning module PropertyEditor (135)
[2017.02.25-13.29.28:477][972]LogModuleManager: Shutting down and abandoning module DerivedDataCache (132)
[2017.02.25-13.29.28:548][972]LogDerivedDataCache: Shutdown
[2017.02.25-13.29.28:548][972]LogModuleManager: Shutting down and abandoning module TargetPlatform (130)
[2017.02.25-13.29.28:548][972]LogModuleManager: Shutting down and abandoning module VulkanShaderFormat (129)
[2017.02.25-13.29.28:548][972]LogModuleManager: Shutting down and abandoning module ShaderFormatOpenGL (127)
[2017.02.25-13.29.28:548][972]LogModuleManager: Shutting down and abandoning module ShaderFormatD3D (125)
[2017.02.25-13.29.28:548][972]LogModuleManager: Shutting down and abandoning module MetalShaderFormat (123)
[2017.02.25-13.29.28:548][972]LogModuleManager: Shutting down and abandoning module TextureFormatUncompressed (121)
[2017.02.25-13.29.28:548][972]LogModuleManager: Shutting down and abandoning module TextureFormatPVR (119)
[2017.02.25-13.29.28:548][972]LogModuleManager: Shutting down and abandoning module TextureFormatDXT (117)
[2017.02.25-13.29.28:548][972]LogModuleManager: Shutting down and abandoning module TextureFormatIntelISPCTexComp (115)
[2017.02.25-13.29.28:548][972]LogModuleManager: Shutting down and abandoning module TextureFormatASTC (113)
[2017.02.25-13.29.28:548][972]LogModuleManager: Shutting down and abandoning module ImageWrapper (112)
[2017.02.25-13.29.28:548][972]LogModuleManager: Shutting down and abandoning module TextureFormatAndroid (109)
[2017.02.25-13.29.28:548][972]LogModuleManager: Shutting down and abandoning module AudioFormatOpus (107)
[2017.02.25-13.29.28:548][972]LogModuleManager: Shutting down and abandoning module AudioFormatOgg (105)
[2017.02.25-13.29.28:548][972]LogModuleManager: Shutting down and abandoning module AudioFormatADPCM (103)
[2017.02.25-13.29.28:548][972]LogModuleManager: Shutting down and abandoning module LinuxTargetPlatform (101)
[2017.02.25-13.29.28:548][972]LogModuleManager: Shutting down and abandoning module LinuxServerTargetPlatform (99)
[2017.02.25-13.29.28:548][972]LogModuleManager: Shutting down and abandoning module LinuxNoEditorTargetPlatform (97)
[2017.02.25-13.29.28:548][972]LogModuleManager: Shutting down and abandoning module LinuxClientTargetPlatform (95)
[2017.02.25-13.29.28:549][972]LogModuleManager: Shutting down and abandoning module TVOSTargetPlatform (93)
[2017.02.25-13.29.28:549][972]LogModuleManager: Shutting down and abandoning module Messaging (91)
[2017.02.25-13.29.28:549][972]LogModuleManager: Shutting down and abandoning module IOSTargetPlatform (89)
[2017.02.25-13.29.28:549][972]LogModuleManager: Shutting down and abandoning module HTML5TargetPlatform (87)
[2017.02.25-13.29.28:549][972]LogModuleManager: Shutting down and abandoning module Android_PVRTCTargetPlatform (85)
[2017.02.25-13.29.28:549][972]LogModuleManager: Shutting down and abandoning module Android_MultiTargetPlatform (83)
[2017.02.25-13.29.28:549][972]LogModuleManager: Shutting down and abandoning module Android_ETC2TargetPlatform (81)
[2017.02.25-13.29.28:549][972]LogModuleManager: Shutting down and abandoning module Android_ETC1TargetPlatform (79)
[2017.02.25-13.29.28:549][972]LogModuleManager: Shutting down and abandoning module Android_DXTTargetPlatform (77)
[2017.02.25-13.29.28:549][972]LogModuleManager: Shutting down and abandoning module Android_ATCTargetPlatform (75)
[2017.02.25-13.29.28:549][972]LogModuleManager: Shutting down and abandoning module Android_ASTCTargetPlatform (73)
[2017.02.25-13.29.28:549][972]LogModuleManager: Shutting down and abandoning module AndroidTargetPlatform (71)
[2017.02.25-13.29.28:549][972]LogModuleManager: Shutting down and abandoning module WindowsTargetPlatform (69)
[2017.02.25-13.29.28:549][972]LogModuleManager: Shutting down and abandoning module WindowsServerTargetPlatform (67)
[2017.02.25-13.29.28:549][972]LogModuleManager: Shutting down and abandoning module WindowsNoEditorTargetPlatform (65)
[2017.02.25-13.29.28:549][972]LogModuleManager: Shutting down and abandoning module WindowsClientTargetPlatform (63)
[2017.02.25-13.29.28:549][972]LogModuleManager: Shutting down and abandoning module MacTargetPlatform (61)
[2017.02.25-13.29.28:549][972]LogModuleManager: Shutting down and abandoning module MacServerTargetPlatform (59)
[2017.02.25-13.29.28:549][972]LogModuleManager: Shutting down and abandoning module MacNoEditorTargetPlatform (57)
[2017.02.25-13.29.28:549][972]LogModuleManager: Shutting down and abandoning module MacClientTargetPlatform (55)
[2017.02.25-13.29.28:549][972]LogModuleManager: Shutting down and abandoning module AllDesktopTargetPlatform (53)
[2017.02.25-13.29.28:549][972]LogModuleManager: Shutting down and abandoning module InputCore (50)
[2017.02.25-13.29.28:549][972]LogModuleManager: Shutting down and abandoning module Settings (48)
[2017.02.25-13.29.28:549][972]LogModuleManager: Shutting down and abandoning module OculusRift (46)
[2017.02.25-13.29.28:549][972]LogModuleManager: Shutting down and abandoning module ExampleDeviceProfileSelector (44)
[2017.02.25-13.29.28:549][972]LogModuleManager: Shutting down and abandoning module OnlineBlueprintSupport (42)
[2017.02.25-13.29.28:549][972]LogModuleManager: Shutting down and abandoning module OnlineSubsystem (38)
[2017.02.25-13.29.28:549][972]LogOnline:Display: Unloading online subsystem: NULL
[2017.02.25-13.29.28:549][972]LogModuleManager: Shutting down and abandoning module XMPP (37)
[2017.02.25-13.29.28:549][972]LogModuleManager: Shutting down and abandoning module HTTP (35)
[2017.02.25-13.29.28:549][972]LogHttp:Display: Http module shutting down, but needs to wait on 1 outstanding Http requests:
[2017.02.25-13.29.28:549][972]LogHttp:Display: 	verb=[POST] url=[https://datarouter.ol.epicgames.com/datarouter/api/v1/public/data?SessionID=%7B03621FB9-436C-B479-5DDA-C29D6EDE417D%7D&AppID=UEEditor.Rocket.Release&AppVersion=4.15.0-3299760%2B%2B%2BUE4%2BRelease-4.15&UserID=a231bfa54ebfa1884fddf88ff15c4b67%7Cdfb84846bd18458ea4123b3e7e2ad85b%7Cfd703aee-249f-4dad-9698-b22c87760a14&AppEnvironment=datacollector-binary&UploadType=eteventstream] status=Processing
[2017.02.25-13.29.28:557][972]LogModuleManager: Shutting down and abandoning module SSL (34)
[2017.02.25-13.29.28:560][972]LogModuleManager: Shutting down and abandoning module AudioEditor (30)
[2017.02.25-13.29.28:560][972]LogModuleManager: Shutting down and abandoning module TextureCompressor (28)
[2017.02.25-13.29.28:560][972]LogModuleManager: Shutting down and abandoning module ShaderCore (26)
[2017.02.25-13.29.28:560][972]LogModuleManager: Shutting down and abandoning module Landscape (24)
[2017.02.25-13.29.28:560][972]LogModuleManager: Shutting down and abandoning module SlateRHIRenderer (22)
[2017.02.25-13.29.28:562][972]LogModuleManager: Shutting down and abandoning module OpenGLDrv (20)
[2017.02.25-13.29.28:562][972]LogModuleManager: Shutting down and abandoning module D3D11RHI (18)
[2017.02.25-13.29.28:562][972]LogModuleManager: Shutting down and abandoning module AnimGraphRuntime (16)
[2017.02.25-13.29.28:562][972]LogModuleManager: Shutting down and abandoning module Renderer (14)
[2017.02.25-13.29.28:562][972]LogModuleManager: Shutting down and abandoning module Engine (12)
[2017.02.25-13.29.28:562][972]LogModuleManager: Shutting down and abandoning module CoreUObject (10)
[2017.02.25-13.29.28:562][972]LogModuleManager: Shutting down and abandoning module NetworkFile (8)
[2017.02.25-13.29.28:562][972]LogModuleManager: Shutting down and abandoning module StreamingFile (6)
[2017.02.25-13.29.28:562][972]LogModuleManager: Shutting down and abandoning module SandboxFile (4)
[2017.02.25-13.29.28:562][972]LogModuleManager: Shutting down and abandoning module PakFile (2)
[2017.02.25-13.29.28:565][972]LogExit: Exiting.
[2017.02.25-13.29.28:592][972]Log file closed, 02/25/17 21:29:28
