Log file open, 02/25/17 21:28:27
LogInit:Display: Running engine for game: Shangda_Wus_Book
LogPlatformFile: Not using cached read wrapper
LogInit:Display: RandInit(1279105172) SRandInit(1279105172).
LogTaskGraph: Started task graph with 5 named threads and 6 total threads with 1 sets of task threads.
LogStats: Stats thread started at 0.065063
LogInit: Using libcurl 7.47.1
LogInit:  - built for x86_64-pc-win32
LogInit:  - supports SSL with OpenSSL/1.0.2g
LogInit:  - supports HTTP deflate (compression) using libz 1.2.8
LogInit:  - other features:
LogInit:      CURL_VERSION_SSL
LogInit:      CURL_VERSION_LIBZ
LogInit:      CURL_VERSION_IPV6
LogInit:      CURL_VERSION_ASYNCHDNS
LogInit:      CURL_VERSION_LARGEFILE
LogInit:      CURL_VERSION_IDN
LogInit:  CurlRequestOptions (configurable via config and command line):
LogInit:  - bVerifyPeer = false  - Libcurl will NOT verify peer certificate
LogInit:  - bUseHttpProxy = false  - Libcurl will NOT use HTTP proxy
LogInit:  - bDontReuseConnections = false  - Libcurl will reuse connections
LogInit:  - CertBundlePath = nullptr  - Libcurl will use whatever was configured at build time.
LogInit: Build: ++UE4+Release-4.15-CL-3299760
LogInit: Engine Version: 4.15.0-3299760+++UE4+Release-4.15
LogInit: Compatible Engine Version: 4.15.0-3299760+++UE4+Release-4.15
LogInit: Net CL: 3299760
LogDevObjectVersion: Number of dev versions registered: 14
LogDevObjectVersion:   Dev-Blueprints (B0D832E4-1F89-4F0D-ACCF-7EB736FD4AA2): 8
LogDevObjectVersion:   Dev-Build (E1C64328-A22C-4D53-A36C-8E866417BD8C): 0
LogDevObjectVersion:   Dev-Core (375EC13C-06E4-48FB-B500-84F0262A717E): 2
LogDevObjectVersion:   Dev-Editor (E4B068ED-F494-42E9-A231-DA0B2E46BB41): 14
LogDevObjectVersion:   Dev-Framework (CFFC743F-43B0-4480-9391-14DF171D2073): 22
LogDevObjectVersion:   Dev-Mobile (B02B49B5-BB20-44E9-A304-32B752E40360): 0
LogDevObjectVersion:   Dev-Networking (A4E4105C-59A1-49B5-A7C5-40C4547EDFEE): 0
LogDevObjectVersion:   Dev-Online (39C831C9-5AE6-47DC-9A44-9C173E1C8E7C): 0
LogDevObjectVersion:   Dev-Physics (78F01B33-EBEA-4F98-B9B4-84EACCB95AA2): 0
LogDevObjectVersion:   Dev-Platform (6631380F-2D4D-43E0-8009-CF276956A95A): 0
LogDevObjectVersion:   Dev-Rendering (12F88B9F-8875-4AFC-A67C-D90C383ABD29): 12
LogDevObjectVersion:   Dev-Sequencer (7B5AE74C-D270-4C10-A958-57980B212A5A): 3
LogDevObjectVersion:   Dev-VR (D7296918-1DD6-4BDD-9DE2-64A83CC13884): 0
LogDevObjectVersion:   Dev-LoadTimes (C2A15278-BFE7-4AFE-6C17-90FF531DF755): 1
LogInit: Compiled (64-bit): Feb 14 2017 02:04:14
LogInit: Compiled with Visual C++: 19.00.23026.00
LogInit: Build Configuration: Development
LogInit: Branch Name: ++UE4+Release-4.15
LogInit: Command line:  /Temp/Autosaves/Game/UEDPCShangda_Wus_Book_Main_Scenes -game -PIEVIACONSOLE -ResX=640 -ResY=960  -Multiprocess -messaging -SessionName="Play in Standalone Game" -featureleveles2 -faketouches -windowed 
LogInit: Base directory: C:/Program Files (x86)/Epic Games/4.15/Engine/Binaries/Win64/
LogInit: Installed Engine Build: 1
LogInit: Presizing for max 8388607 objects, including 0 objects not considered by GC, pre-allocating 0 bytes for permanent pool.
LogInit: Object subsystem initialized
[2017.02.25-13.28.28:932][  0]LogInit: Selected Device Profile: [Windows]
[2017.02.25-13.28.28:932][  0]LogInit: Applying CVar settings loaded from the selected device profile: [Windows]
[2017.02.25-13.28.28:936][  0]LogInit: Computer: DESKTOP-4SGI5H6
[2017.02.25-13.28.28:936][  0]LogInit: User: shang
[2017.02.25-13.28.28:936][  0]LogInit: CPU Page size=65536, Cores=2
[2017.02.25-13.28.28:936][  0]LogInit: High frequency timer resolution =3.234371 MHz
[2017.02.25-13.28.28:936][  0]LogMemory: Memory total: Physical=15.8GB (16GB approx)
[2017.02.25-13.28.28:936][  0]LogMemory: Platform Memory Stats for Windows
[2017.02.25-13.28.28:936][  0]LogMemory: Process Physical Memory: 264.07 MB used, 264.07 MB peak
[2017.02.25-13.28.28:936][  0]LogMemory: Process Virtual Memory: 262.24 MB used, 262.24 MB peak
[2017.02.25-13.28.28:936][  0]LogMemory: Physical Memory: 7260.56 MB used,  8940.35 MB free, 16200.91 MB total
[2017.02.25-13.28.28:936][  0]LogMemory: Virtual Memory: 641.67 MB used,  8940.35 MB free, 134217728.00 MB total
[2017.02.25-13.28.29:119][  0]LogTextLocalizationManager:Warning: Loaded localization resources contain conflicting entries for (Namespace:UObjectToolTips, Key:AnimNode_AssetPlayerBase:InternalTimeAccumulator):
Localization Resource: (C:/Program Files (x86)/Epic Games/4.15/Engine/Content/Localization/EditorTutorials/zh-CN/EditorTutorials.locres) Source String Hash: (502993589) Localized String: (用于引用此节点中的资源的累积时间)
Localization Resource: (C:/Program Files (x86)/Epic Games/4.15/Engine/Content/Localization/Engine/zh-CN/Engine.locres) Source String Hash: (502993589) Localized String: (引用该节点中资源所用的累计时间)
[2017.02.25-13.28.29:119][  0]LogTextLocalizationManager:Warning: Loaded localization resources contain conflicting entries for (Namespace:UObjectToolTips, Key:AnimNode_AssetPlayerBase:bIgnoreForRelevancyTest):
Localization Resource: (C:/Program Files (x86)/Epic Games/4.15/Engine/Content/Localization/EditorTutorials/zh-CN/EditorTutorials.locres) Source String Hash: (319969718) Localized String: (若为真，在状态中寻找最高权重动画的“相关动画”节点将忽视 此节点)
Localization Resource: (C:/Program Files (x86)/Epic Games/4.15/Engine/Content/Localization/Engine/zh-CN/Engine.locres) Source String Hash: (319969718) Localized String: (如果为真，那么将会忽略查找最高权重动画的"相关动画"节点。
这个节点)
[2017.02.25-13.28.29:119][  0]LogTextLocalizationManager:Warning: Loaded localization resources contain conflicting entries for (Namespace:UObjectToolTips, Key:AnimNode_AssetPlayerBase:BlendWeight):
Localization Resource: (C:/Program Files (x86)/Epic Games/4.15/Engine/Content/Localization/EditorTutorials/zh-CN/EditorTutorials.locres) Source String Hash: (-1232800293) Localized String: (此节点最后交会的混合权重)
Localization Resource: (C:/Program Files (x86)/Epic Games/4.15/Engine/Content/Localization/Engine/zh-CN/Engine.locres) Source String Hash: (-1232800293) Localized String: (该节点上一次遇到的混合权重)
[2017.02.25-13.28.29:317][  0]LogD3D11RHI: D3D11 adapters:
[2017.02.25-13.28.29:349][  0]LogD3D11RHI:    0. 'NVIDIA Quadro M1000M' (Feature Level 11_0)
[2017.02.25-13.28.29:349][  0]LogD3D11RHI:       4064/0/8100 MB DedicatedVideo/DedicatedSystem/SharedSystem, Outputs:1, VendorId:0x10de
[2017.02.25-13.28.29:359][  0]LogD3D11RHI:    1. 'Intel(R) Iris(TM) Graphics 550' (Feature Level 11_0)
[2017.02.25-13.28.29:359][  0]LogD3D11RHI:       128/0/8100 MB DedicatedVideo/DedicatedSystem/SharedSystem, Outputs:0, VendorId:0x8086
[2017.02.25-13.28.29:360][  0]LogD3D11RHI:    2. 'Microsoft Basic Render Driver' (Feature Level 11_0)
[2017.02.25-13.28.29:360][  0]LogD3D11RHI:       0/0/8100 MB DedicatedVideo/DedicatedSystem/SharedSystem, Outputs:0, VendorId:0x1414
[2017.02.25-13.28.29:360][  0]LogD3D11RHI: Chosen D3D11 Adapter: 0
[2017.02.25-13.28.29:366][  0]LogD3D11RHI: Creating new Direct3DDevice
[2017.02.25-13.28.29:366][  0]LogD3D11RHI:     GPU DeviceId: 0x13b1 (for the marketing name, search the web for "GPU Device Id")
[2017.02.25-13.28.29:366][  0]LogWindows: EnumDisplayDevices:
[2017.02.25-13.28.29:366][  0]LogWindows:    0. 'Intel(R) Iris(TM) Graphics 550' (P:1 D:1)
[2017.02.25-13.28.29:366][  0]LogWindows:    1. 'Intel(R) Iris(TM) Graphics 550' (P:0 D:0)
[2017.02.25-13.28.29:366][  0]LogWindows:    2. 'Intel(R) Iris(TM) Graphics 550' (P:0 D:0)
[2017.02.25-13.28.29:366][  0]LogWindows: DebugString: PrimaryIsNotTheChoosenAdapter PrimaryIsNotTheChoosenAdapter PrimaryIsNotTheChoosenAdapter FoundDriverCount:0 
[2017.02.25-13.28.29:366][  0]LogD3D11RHI:     Adapter Name: NVIDIA Quadro M1000M
[2017.02.25-13.28.29:366][  0]LogD3D11RHI:   Driver Version: Unknown (internal:Unknown, unified:Unknown)
[2017.02.25-13.28.29:366][  0]LogD3D11RHI:      Driver Date: Unknown
[2017.02.25-13.28.29:366][  0]LogRHI: Texture pool is 1361 MB (70% of 1945 MB)
[2017.02.25-13.28.29:384][  0]LogD3D11RHI: Async texture creation enabled
[2017.02.25-13.28.29:399][  0]LogD3D11RHI: GPU Timing Frequency: 1000.000000 (Debug: 2 1)
[2017.02.25-13.28.29:400][  0]LogShaderCompilers: Guid format shader working directory is -27 characters bigger than the processId version (../../../../../../Users/shang/Documents/Unreal Projects/Shangda_Wus_Book/Intermediate/Shaders/WorkingDirectory/12676/).
[2017.02.25-13.28.29:400][  0]LogShaderCompilers: Cleaned the shader compiler working directory 'C:/Users/shang/AppData/Local/Temp/UnrealShaderWorkingDir/339DDC5247ABE4FA6F5AA0BFF208A975/'.
[2017.02.25-13.28.29:400][  0]LogShaderCompilers:Display: Using Local Shader Compiler.
[2017.02.25-13.28.30:435][  0]LogTemp:Display: Loaded TP WindowsClientTargetPlatform
[2017.02.25-13.28.30:488][  0]LogTemp:Display: Loaded TP WindowsNoEditorTargetPlatform
[2017.02.25-13.28.30:541][  0]LogTemp:Display: Loaded TP WindowsServerTargetPlatform
[2017.02.25-13.28.30:590][  0]LogTemp:Display: Loaded TP WindowsTargetPlatform
[2017.02.25-13.28.30:591][  0]LogTargetPlatformManager:Display: Building Assets For Windows
[2017.02.25-13.28.31:009][  0]LogDerivedDataCache:Display: Max Cache Size: 512 MB
[2017.02.25-13.28.31:064][  0]LogDerivedDataCache: Loaded boot cache 0.06s 50MB C:/Users/shang/AppData/Local/UnrealEngine/4.15/DerivedDataCache/Boot.ddc.
[2017.02.25-13.28.31:064][  0]LogDerivedDataCache:Display: Loaded Boot cache: C:/Users/shang/AppData/Local/UnrealEngine/4.15/DerivedDataCache/Boot.ddc
[2017.02.25-13.28.31:064][  0]LogDerivedDataCache: FDerivedDataBackendGraph:  Pak pak cache file ../../../../../../Users/shang/Documents/Unreal Projects/Shangda_Wus_Book/DerivedDataCache/DDC.ddp not found, will not use a pak cache.
[2017.02.25-13.28.31:064][  0]LogDerivedDataCache: Unable to find inner node Pak for hierarchical cache Hierarchy.
[2017.02.25-13.28.31:064][  0]LogDerivedDataCache: FDerivedDataBackendGraph:  CompressedPak pak cache file ../../../../../../Users/shang/Documents/Unreal Projects/Shangda_Wus_Book/DerivedDataCache/Compressed.ddp not found, will not use a pak cache.
[2017.02.25-13.28.31:064][  0]LogDerivedDataCache: Unable to find inner node CompressedPak for hierarchical cache Hierarchy.
[2017.02.25-13.28.31:081][  0]LogDerivedDataCache:Display: Pak cache opened for reading ../../../Engine/DerivedDataCache/Compressed.ddp.
[2017.02.25-13.28.31:094][  0]LogDerivedDataCache: Using Local data cache path C:/Users/shang/AppData/Local/UnrealEngine/Common/DerivedDataCache: Writable
[2017.02.25-13.28.31:098][  0]LogSlate: Using Freetype 2.6.0
[2017.02.25-13.28.31:098][  0]LogSlate: SlateFontCache - WITH_FREETYPE: 1, WITH_HARFBUZZ: 1
[2017.02.25-13.28.31:098][  0]LogSlate: SlateFontCache - WITH_FREETYPE: 1, WITH_HARFBUZZ: 1
[2017.02.25-13.28.31:350][  0]LogAssetRegistry: FAssetRegistry took 0.0001 seconds to start up
[2017.02.25-13.28.31:364][  0]LogPackageLocalizationCache: Processed 3 localized package path(s) for 4 prioritized culture(s) in 0.013647 seconds
[2017.02.25-13.28.31:380][  0]LogInit: Selected Device Profile: [Windows]
[2017.02.25-13.28.31:382][  0]LogContentStreaming: Texture pool size is 1000.00 MB
[2017.02.25-13.28.31:566][  0]LogMeshUtilities: Using QuadricMeshReduction for automatic static mesh reduction
[2017.02.25-13.28.31:611][  0]LogSimplygon: Simplygon DLL not present - disabling.
[2017.02.25-13.28.31:654][  0]LogMeshUtilities: Using SimplygonSwarm for distributed automatic mesh merging
[2017.02.25-13.28.31:654][  0]LogMeshUtilities: No automatic skeletal mesh reduction module available
[2017.02.25-13.28.31:654][  0]LogMeshUtilities: No automatic mesh merging module available
[2017.02.25-13.28.31:863][  0]LogMaterial: Missing cached shader map for material M_SimpleOpaque, compiling. 
[2017.02.25-13.28.31:864][  0]LogTemp:Display: Added material ShaderMap 0x0000018FB7D2AE80 with Material 0x0000018FB7D25000 to ShaderMapsBeingCompiled
[2017.02.25-13.28.31:915][  0]LogTemp:Display: Kicking off shader compilation for M_SimpleOpaque, GameThreadShaderMap 0x0000018FB7D2AE80
[2017.02.25-13.28.31:921][  0]LogMaterial: Missing cached shader map for material M_SimpleTranslucent, compiling. 
[2017.02.25-13.28.31:922][  0]LogTemp:Display: Added material ShaderMap 0x0000018FB7490800 with Material 0x0000018FB7D1B100 to ShaderMapsBeingCompiled
[2017.02.25-13.28.31:950][  0]LogTemp:Display: Kicking off shader compilation for M_SimpleTranslucent, GameThreadShaderMap 0x0000018FB7490800
[2017.02.25-13.28.32:076][  0]LogMaterial: Missing cached shader map for material SkySphereMaterial, compiling. 
[2017.02.25-13.28.32:077][  0]LogTemp:Display: Added material ShaderMap 0x0000018FB911AB00 with Material 0x0000018FB90D0400 to ShaderMapsBeingCompiled
[2017.02.25-13.28.32:079][  0]LogTemp:Display: Kicking off shader compilation for SkySphereMaterial, GameThreadShaderMap 0x0000018FB911AB00
[2017.02.25-13.28.32:087][  0]LogMaterial: Missing cached shader map for material FloorPlaneMaterial, compiling. 
[2017.02.25-13.28.32:088][  0]LogTemp:Display: Added material ShaderMap 0x0000018FB9118F00 with Material 0x0000018FBB11EE00 to ShaderMapsBeingCompiled
[2017.02.25-13.28.32:169][  0]LogTemp:Display: Kicking off shader compilation for FloorPlaneMaterial, GameThreadShaderMap 0x0000018FB9118F00
[2017.02.25-13.28.32:233][  0]LogMaterial: Missing cached shader map for material LandscapeGizmo_Mat, compiling. 
[2017.02.25-13.28.32:234][  0]LogTemp:Display: Added material ShaderMap 0x0000018FBA9EF200 with Material 0x0000018FB7A2F400 to ShaderMapsBeingCompiled
[2017.02.25-13.28.32:249][  0]LogTemp:Display: Kicking off shader compilation for LandscapeGizmo_Mat, GameThreadShaderMap 0x0000018FBA9EF200
[2017.02.25-13.28.32:250][  0]LogTemp:Display: Added shader map 0x0000018FBA9EF200 from material 0x0000018FB7A2D300
[2017.02.25-13.28.32:250][  0]LogTemp:Display: Found existing compiling shader for material LandscapeGizmo_Mat, linking to other GameThreadShaderMap 0x0000018FBA9EF200
[2017.02.25-13.28.32:264][  0]LogMaterial: Missing cached shader map for material LandscapeGizmoHeight_Mat, compiling. 
[2017.02.25-13.28.32:265][  0]LogTemp:Display: Added material ShaderMap 0x0000018FBF06C480 with Material 0x0000018FBF78BD00 to ShaderMapsBeingCompiled
[2017.02.25-13.28.32:331][  0]LogTemp:Display: Kicking off shader compilation for LandscapeGizmoHeight_Mat, GameThreadShaderMap 0x0000018FBF06C480
[2017.02.25-13.28.32:338][  0]LogMaterial: Missing cached shader map for material SplineEditorMeshMat, compiling. 
[2017.02.25-13.28.32:339][  0]LogTemp:Display: Added material ShaderMap 0x0000018FC22E0B80 with Material 0x0000018FC228B700 to ShaderMapsBeingCompiled
[2017.02.25-13.28.32:348][  0]LogTemp:Display: Kicking off shader compilation for SplineEditorMeshMat, GameThreadShaderMap 0x0000018FC22E0B80
[2017.02.25-13.28.32:361][  0]LogMaterial: Missing cached shader map for material HelpActorMaterial, compiling. 
[2017.02.25-13.28.32:362][  0]LogTemp:Display: Added material ShaderMap 0x0000018FC1F5E080 with Material 0x0000018FC2288B80 to ShaderMapsBeingCompiled
[2017.02.25-13.28.32:387][  0]LogTemp:Display: Kicking off shader compilation for HelpActorMaterial, GameThreadShaderMap 0x0000018FC1F5E080
[2017.02.25-13.28.32:500][  0]LogNetVersion: GetLocalNetworkVersion: CL: 3299760, ProjectName: shangda_wus_book, ProjectVersion: , EngineNetworkVersion: 2, GameNetworkVersion: 0, NetworkChecksum: 2213960243
[2017.02.25-13.28.32:607][  0]LogInit: WinSock: version 1.1 (2.2), MaxSocks=32767, MaxUdp=65467
[2017.02.25-13.28.33:771][  0]LogMoviePlayer: Initializing movie player
[2017.02.25-13.28.33:974][  0]LogMaterial: Missing cached shader map for material DefaultSpriteMaterial, compiling. 
[2017.02.25-13.28.33:975][  0]LogTemp:Display: Added material ShaderMap 0x0000018FC2ED1280 with Material 0x0000018FC2ED4D00 to ShaderMapsBeingCompiled
[2017.02.25-13.28.33:986][  0]LogTemp:Display: Kicking off shader compilation for DefaultSpriteMaterial, GameThreadShaderMap 0x0000018FC2ED1280
[2017.02.25-13.28.33:989][  0]LogMaterial: Missing cached shader map for material DefaultSpriteMaterial, compiling. 
[2017.02.25-13.28.33:990][  0]LogTemp:Display: Added material ShaderMap 0x0000018FC2E80F00 with Material 0x0000018FC2EC2C80 to ShaderMapsBeingCompiled
[2017.02.25-13.28.33:997][  0]LogTemp:Display: Kicking off shader compilation for DefaultSpriteMaterial, GameThreadShaderMap 0x0000018FC2E80F00
[2017.02.25-13.28.34:278][  0]LogTcpMessaging: Initializing TcpMessaging bridge
[2017.02.25-13.28.34:334][  0]LogUdpMessaging: Initializing bridge on interface 0.0.0.0:0 to multicast group 230.0.0.1:6666.
[2017.02.25-13.28.34:555][  0]LogMaterial: Missing cached shader map for material DefaultMaterial, compiling. 
[2017.02.25-13.28.34:556][  0]LogTemp:Display: Added material ShaderMap 0x0000018FC2D21600 with Material 0x0000018FC2DA4D00 to ShaderMapsBeingCompiled
[2017.02.25-13.28.34:746][  0]LogTemp:Display: Kicking off shader compilation for DefaultMaterial, GameThreadShaderMap 0x0000018FC2D21600
[2017.02.25-13.28.34:961][  0]SourceControl: 信息 源码控制已禁用
[2017.02.25-13.28.34:961][  0]SourceControl: 信息 源码控制已禁用
[2017.02.25-13.28.35:029][  0]SourceControl: 信息 源码控制已禁用
[2017.02.25-13.28.35:969][  0]LogUObjectArray: 34390 objects as part of root set at end of initial load.
[2017.02.25-13.28.35:969][  0]LogUObjectAllocator: 7635872 out of 0 bytes used by permanent object pool.
[2017.02.25-13.28.35:969][  0]LogUObjectArray: CloseDisregardForGC: 0/0 objects in disregard for GC pool
[2017.02.25-13.28.36:083][  0]LogMaterial: Missing cached shader map for material HighResScreenshot, compiling. 
[2017.02.25-13.28.36:084][  0]LogTemp:Display: Added material ShaderMap 0x0000018FC4B72400 with Material 0x0000018FC4B27A00 to ShaderMapsBeingCompiled
[2017.02.25-13.28.36:093][  0]LogTemp:Display: Kicking off shader compilation for HighResScreenshot, GameThreadShaderMap 0x0000018FC4B72400
[2017.02.25-13.28.36:095][  0]LogMaterial: Missing cached shader map for material HighResScreenshotMask, compiling. 
[2017.02.25-13.28.36:096][  0]LogTemp:Display: Added material ShaderMap 0x0000018FC4AECF00 with Material 0x0000018FC4B25480 to ShaderMapsBeingCompiled
[2017.02.25-13.28.36:104][  0]LogTemp:Display: Kicking off shader compilation for HighResScreenshotMask, GameThreadShaderMap 0x0000018FC4AECF00
[2017.02.25-13.28.36:109][  0]LogMaterial: Missing cached shader map for material HighResScreenshotCaptureRegion, compiling. 
[2017.02.25-13.28.36:110][  0]LogTemp:Display: Added material ShaderMap 0x0000018FC4A8C800 with Material 0x0000018FC4AB3700 to ShaderMapsBeingCompiled
[2017.02.25-13.28.36:116][  0]LogTemp:Display: Kicking off shader compilation for HighResScreenshotCaptureRegion, GameThreadShaderMap 0x0000018FC4A8C800
[2017.02.25-13.28.36:136][  0]LogEngine: Initializing Engine...
[2017.02.25-13.28.36:137][  0]LogHMD: Failed to initialize OpenVR with code 110
[2017.02.25-13.28.36:151][  0]LogMaterial: Missing cached shader map for material WireframeMaterial, compiling. Is special engine material.
[2017.02.25-13.28.36:152][  0]LogTemp:Display: Added material ShaderMap 0x0000018FBEAB9D00 with Material 0x0000018FC4AB0A00 to ShaderMapsBeingCompiled
[2017.02.25-13.28.36:238][  0]LogTemp:Display: Kicking off shader compilation for WireframeMaterial, GameThreadShaderMap 0x0000018FBEAB9D00
[2017.02.25-13.28.36:243][  0]LogMaterial: Missing cached shader map for material LevelColorationLitMaterial, compiling. Is special engine material.
[2017.02.25-13.28.36:244][  0]LogTemp:Display: Added material ShaderMap 0x0000018FC5AF8B80 with Material 0x0000018FC5F6A380 to ShaderMapsBeingCompiled
[2017.02.25-13.28.36:719][  0]LogTemp:Display: Kicking off shader compilation for LevelColorationLitMaterial, GameThreadShaderMap 0x0000018FC5AF8B80
[2017.02.25-13.28.36:722][  0]LogMaterial: Missing cached shader map for material LevelColorationUnlitMaterial, compiling. Is special engine material.
[2017.02.25-13.28.36:723][  0]LogTemp:Display: Added material ShaderMap 0x0000018FCA2A7C80 with Material 0x0000018FC82FC580 to ShaderMapsBeingCompiled
[2017.02.25-13.28.36:781][  0]LogTemp:Display: Kicking off shader compilation for LevelColorationUnlitMaterial, GameThreadShaderMap 0x0000018FCA2A7C80
[2017.02.25-13.28.36:788][  0]LogMaterial: Missing cached shader map for material MAT_LevelColorationLitLightmapUV, compiling. Is special engine material.
[2017.02.25-13.28.36:789][  0]LogTemp:Display: Added material ShaderMap 0x0000018FCAA9C480 with Material 0x0000018FCA2B9D80 to ShaderMapsBeingCompiled
[2017.02.25-13.28.37:262][  0]LogTemp:Display: Kicking off shader compilation for MAT_LevelColorationLitLightmapUV, GameThreadShaderMap 0x0000018FCAA9C480
[2017.02.25-13.28.37:273][  0]LogMaterial: Missing cached shader map for material ShadedLevelColorationLitMaterial, compiling. Is special engine material.
[2017.02.25-13.28.37:274][  0]LogTemp:Display: Added material ShaderMap 0x0000018FCF213200 with Material 0x0000018FCDA1F280 to ShaderMapsBeingCompiled
[2017.02.25-13.28.37:747][  0]LogTemp:Display: Kicking off shader compilation for ShadedLevelColorationLitMaterial, GameThreadShaderMap 0x0000018FCF213200
[2017.02.25-13.28.37:752][  0]LogMaterial: Missing cached shader map for material ShadedLevelColorationUnlitMateri, compiling. Is special engine material.
[2017.02.25-13.28.37:753][  0]LogTemp:Display: Added material ShaderMap 0x0000018FD3A06080 with Material 0x0000018FD1A20880 to ShaderMapsBeingCompiled
[2017.02.25-13.28.37:810][  0]LogTemp:Display: Kicking off shader compilation for ShadedLevelColorationUnlitMateri, GameThreadShaderMap 0x0000018FD3A06080
[2017.02.25-13.28.37:813][  0]LogMaterial: Missing cached shader map for material VertexColorMaterial, compiling. 
[2017.02.25-13.28.37:815][  0]LogTemp:Display: Added material ShaderMap 0x0000018FD4FB4100 with Material 0x0000018FCFFB9900 to ShaderMapsBeingCompiled
[2017.02.25-13.28.37:885][  0]LogTemp:Display: Kicking off shader compilation for VertexColorMaterial, GameThreadShaderMap 0x0000018FD4FB4100
[2017.02.25-13.28.37:888][  0]LogMaterial: Missing cached shader map for material VertexColorViewMode_ColorOnly, compiling. 
[2017.02.25-13.28.37:889][  0]LogTemp:Display: Added material ShaderMap 0x0000018FD4665280 with Material 0x0000018FD4F43880 to ShaderMapsBeingCompiled
[2017.02.25-13.28.37:895][  0]LogTemp:Display: Kicking off shader compilation for VertexColorViewMode_ColorOnly, GameThreadShaderMap 0x0000018FD4665280
[2017.02.25-13.28.37:897][  0]LogMaterial: Missing cached shader map for material VertexColorViewMode_AlphaAsColor, compiling. 
[2017.02.25-13.28.37:898][  0]LogTemp:Display: Added material ShaderMap 0x0000018FD4619280 with Material 0x0000018FD4F42380 to ShaderMapsBeingCompiled
[2017.02.25-13.28.37:904][  0]LogTemp:Display: Kicking off shader compilation for VertexColorViewMode_AlphaAsColor, GameThreadShaderMap 0x0000018FD4619280
[2017.02.25-13.28.37:906][  0]LogMaterial: Missing cached shader map for material VertexColorViewMode_RedOnly, compiling. 
[2017.02.25-13.28.37:907][  0]LogTemp:Display: Added material ShaderMap 0x0000018FD5379280 with Material 0x0000018FD4F40E80 to ShaderMapsBeingCompiled
[2017.02.25-13.28.37:913][  0]LogTemp:Display: Kicking off shader compilation for VertexColorViewMode_RedOnly, GameThreadShaderMap 0x0000018FD5379280
[2017.02.25-13.28.37:918][  0]LogMaterial: Missing cached shader map for material VertexColorViewMode_GreenOnly, compiling. 
[2017.02.25-13.28.37:919][  0]LogTemp:Display: Added material ShaderMap 0x0000018FD531D280 with Material 0x0000018FD5337700 to ShaderMapsBeingCompiled
[2017.02.25-13.28.37:925][  0]LogTemp:Display: Kicking off shader compilation for VertexColorViewMode_GreenOnly, GameThreadShaderMap 0x0000018FD531D280
[2017.02.25-13.28.37:927][  0]LogMaterial: Missing cached shader map for material VertexColorViewMode_BlueOnly, compiling. 
[2017.02.25-13.28.37:928][  0]LogTemp:Display: Added material ShaderMap 0x0000018FD52A5280 with Material 0x0000018FD5336200 to ShaderMapsBeingCompiled
[2017.02.25-13.28.37:938][  0]LogTemp:Display: Kicking off shader compilation for VertexColorViewMode_BlueOnly, GameThreadShaderMap 0x0000018FD52A5280
[2017.02.25-13.28.37:940][  0]LogMaterial: Missing cached shader map for material RemoveSurfaceMaterial, compiling. 
[2017.02.25-13.28.37:941][  0]LogTemp:Display: Added material ShaderMap 0x0000018FD5FB9980 with Material 0x0000018FD5335000 to ShaderMapsBeingCompiled
[2017.02.25-13.28.37:943][  0]LogTemp:Display: Kicking off shader compilation for RemoveSurfaceMaterial, GameThreadShaderMap 0x0000018FD5FB9980
[2017.02.25-13.28.37:945][  0]LogMaterial: Missing cached shader map for material DebugMeshMaterial, compiling. 
[2017.02.25-13.28.37:946][  0]LogTemp:Display: Added material ShaderMap 0x0000018FD5F3FC80 with Material 0x0000018FD5F73880 to ShaderMapsBeingCompiled
[2017.02.25-13.28.37:956][  0]LogTemp:Display: Kicking off shader compilation for DebugMeshMaterial, GameThreadShaderMap 0x0000018FD5F3FC80
[2017.02.25-13.28.37:960][  0]LogMaterial: Missing cached shader map for material M_InvalidLightmapSettings, compiling. 
[2017.02.25-13.28.37:962][  0]LogTemp:Display: Added material ShaderMap 0x0000018FD5EE3580 with Material 0x0000018FD5F72200 to ShaderMapsBeingCompiled
[2017.02.25-13.28.38:026][  0]LogTemp:Display: Kicking off shader compilation for M_InvalidLightmapSettings, GameThreadShaderMap 0x0000018FD5EE3580
[2017.02.25-13.28.38:029][  0]LogMaterial: Missing cached shader map for material GizmoMaterial, compiling. 
[2017.02.25-13.28.38:030][  0]LogTemp:Display: Added material ShaderMap 0x0000018FD637DD00 with Material 0x0000018FD5F70E80 to ShaderMapsBeingCompiled
[2017.02.25-13.28.38:034][  0]LogTemp:Display: Kicking off shader compilation for GizmoMaterial, GameThreadShaderMap 0x0000018FD637DD00
[2017.02.25-13.28.38:036][  0]LogMaterial: Missing cached shader map for material PhAT_JointLimitMaterial, compiling. 
[2017.02.25-13.28.38:037][  0]LogTemp:Display: Added material ShaderMap 0x0000018FD631EE80 with Material 0x0000018FD6362F80 to ShaderMapsBeingCompiled
[2017.02.25-13.28.38:048][  0]LogTemp:Display: Kicking off shader compilation for PhAT_JointLimitMaterial, GameThreadShaderMap 0x0000018FD631EE80
[2017.02.25-13.28.38:068][  0]LogInit: XAudio2 using '扬声器 (Realtek High Definition Audio)' : 2 channels at 48 kHz using 32 bits per sample (channel mask 0x3)
[2017.02.25-13.28.38:090][  0]LogInit: FAudioDevice initialized.
[2017.02.25-13.28.38:106][  0]LogInit: Texture streaming: Enabled
[2017.02.25-13.28.38:108][  0]LogMaterial: Missing cached shader map for material BaseColor, compiling. 
[2017.02.25-13.28.38:109][  0]LogMaterial:Warning: Failed to compile Material /Engine/BufferVisualization/BaseColor.BaseColor for platform PCD3D_ES2, Default Material will be used in game.
[2017.02.25-13.28.38:109][  0]LogMaterial:Warning: 	(Node FeatureLevelSwitch) Feature Level switch missing default input
[2017.02.25-13.28.38:111][  0]LogMaterial: Missing cached shader map for material CustomDepth, compiling. 
[2017.02.25-13.28.38:112][  0]LogTemp:Display: Added material ShaderMap 0x0000018FD62AE400 with Material 0x0000018FD627E380 to ShaderMapsBeingCompiled
[2017.02.25-13.28.38:117][  0]LogTemp:Display: Kicking off shader compilation for CustomDepth, GameThreadShaderMap 0x0000018FD62AE400
[2017.02.25-13.28.38:127][  0]LogMaterial: Uniform references updated for custom material expression Custom.
[2017.02.25-13.28.38:129][  0]LogMaterial: Missing cached shader map for material CustomStencil, compiling. 
[2017.02.25-13.28.38:130][  0]LogTemp:Display: Added material ShaderMap 0x0000018FAF6D8F00 with Material 0x0000018FD627CA00 to ShaderMapsBeingCompiled
[2017.02.25-13.28.38:134][  0]LogTemp:Display: Kicking off shader compilation for CustomStencil, GameThreadShaderMap 0x0000018FAF6D8F00
[2017.02.25-13.28.38:137][  0]LogMaterial: Missing cached shader map for material FinalImage, compiling. 
[2017.02.25-13.28.38:138][  0]LogTemp:Display: Added material ShaderMap 0x0000018FAF6DB200 with Material 0x0000018FB044E380 to ShaderMapsBeingCompiled
[2017.02.25-13.28.38:141][  0]LogTemp:Display: Kicking off shader compilation for FinalImage, GameThreadShaderMap 0x0000018FAF6DB200
[2017.02.25-13.28.38:143][  0]LogMaterial: Missing cached shader map for material LightingModel, compiling. 
[2017.02.25-13.28.38:144][  0]LogTemp:Display: Added material ShaderMap 0x0000018FAF68E780 with Material 0x0000018FB044CA00 to ShaderMapsBeingCompiled
[2017.02.25-13.28.38:148][  0]LogTemp:Display: Kicking off shader compilation for LightingModel, GameThreadShaderMap 0x0000018FAF68E780
[2017.02.25-13.28.38:155][  0]LogMaterial: Missing cached shader map for material MaterialAO, compiling. 
[2017.02.25-13.28.38:155][  0]LogTemp:Display: Added material ShaderMap 0x0000018FAF68C480 with Material 0x0000018FB00C4E80 to ShaderMapsBeingCompiled
[2017.02.25-13.28.38:159][  0]LogTemp:Display: Kicking off shader compilation for MaterialAO, GameThreadShaderMap 0x0000018FAF68C480
[2017.02.25-13.28.38:161][  0]LogMaterial: Missing cached shader map for material Metallic, compiling. 
[2017.02.25-13.28.38:162][  0]LogTemp:Display: Added material ShaderMap 0x0000018FB046E080 with Material 0x0000018FB06DE980 to ShaderMapsBeingCompiled
[2017.02.25-13.28.38:166][  0]LogTemp:Display: Kicking off shader compilation for Metallic, GameThreadShaderMap 0x0000018FB046E080
[2017.02.25-13.28.38:168][  0]LogMaterial: Missing cached shader map for material Opacity, compiling. 
[2017.02.25-13.28.38:169][  0]LogTemp:Display: Added material ShaderMap 0x0000018FB27BFC80 with Material 0x0000018FB06DD300 to ShaderMapsBeingCompiled
[2017.02.25-13.28.38:173][  0]LogTemp:Display: Kicking off shader compilation for Opacity, GameThreadShaderMap 0x0000018FB27BFC80
[2017.02.25-13.28.38:175][  0]LogMaterial: Missing cached shader map for material Roughness, compiling. 
[2017.02.25-13.28.38:176][  0]LogTemp:Display: Added material ShaderMap 0x0000018FB27BD980 with Material 0x0000018FB27C3700 to ShaderMapsBeingCompiled
[2017.02.25-13.28.38:179][  0]LogTemp:Display: Kicking off shader compilation for Roughness, GameThreadShaderMap 0x0000018FB27BD980
[2017.02.25-13.28.38:184][  0]LogMaterial: Missing cached shader map for material SceneColor, compiling. 
[2017.02.25-13.28.38:185][  0]LogTemp:Display: Added material ShaderMap 0x0000018FAF987580 with Material 0x0000018FB27C1D80 to ShaderMapsBeingCompiled
[2017.02.25-13.28.38:188][  0]LogTemp:Display: Kicking off shader compilation for SceneColor, GameThreadShaderMap 0x0000018FAF987580
[2017.02.25-13.28.38:190][  0]LogMaterial: Missing cached shader map for material SceneDepth, compiling. 
[2017.02.25-13.28.38:191][  0]LogTemp:Display: Added material ShaderMap 0x0000018FAF984F00 with Material 0x0000018FB27C0580 to ShaderMapsBeingCompiled
[2017.02.25-13.28.38:195][  0]LogTemp:Display: Kicking off shader compilation for SceneDepth, GameThreadShaderMap 0x0000018FAF984F00
[2017.02.25-13.28.38:197][  0]LogMaterial: Missing cached shader map for material SeparateTranslucencyRGB, compiling. 
[2017.02.25-13.28.38:198][  0]LogTemp:Display: Added material ShaderMap 0x0000018FAF92AB00 with Material 0x0000018FAF942980 to ShaderMapsBeingCompiled
[2017.02.25-13.28.38:202][  0]LogTemp:Display: Kicking off shader compilation for SeparateTranslucencyRGB, GameThreadShaderMap 0x0000018FAF92AB00
[2017.02.25-13.28.38:204][  0]LogMaterial: Missing cached shader map for material SeparateTranslucencyA, compiling. 
[2017.02.25-13.28.38:205][  0]LogTemp:Display: Added material ShaderMap 0x0000018FAF928800 with Material 0x0000018FAF941180 to ShaderMapsBeingCompiled
[2017.02.25-13.28.38:209][  0]LogTemp:Display: Kicking off shader compilation for SeparateTranslucencyA, GameThreadShaderMap 0x0000018FAF928800
[2017.02.25-13.28.38:210][  0]LogMaterial: Missing cached shader map for material Specular, compiling. 
[2017.02.25-13.28.38:211][  0]LogMaterial:Warning: Failed to compile Material /Engine/BufferVisualization/Specular.Specular for platform PCD3D_ES2, Default Material will be used in game.
[2017.02.25-13.28.38:211][  0]LogMaterial:Warning: 	(Node FeatureLevelSwitch) Feature Level switch missing default input
[2017.02.25-13.28.38:213][  0]LogMaterial: Missing cached shader map for material SubsurfaceColor, compiling. 
[2017.02.25-13.28.38:214][  0]LogTemp:Display: Added material ShaderMap 0x0000018FB065DD00 with Material 0x0000018FB067E200 to ShaderMapsBeingCompiled
[2017.02.25-13.28.38:219][  0]LogTemp:Display: Kicking off shader compilation for SubsurfaceColor, GameThreadShaderMap 0x0000018FB065DD00
[2017.02.25-13.28.38:221][  0]LogMaterial: Missing cached shader map for material WorldNormal, compiling. 
[2017.02.25-13.28.38:222][  0]LogTemp:Display: Added material ShaderMap 0x0000018FD6F83580 with Material 0x0000018FB067C880 to ShaderMapsBeingCompiled
[2017.02.25-13.28.38:226][  0]LogTemp:Display: Kicking off shader compilation for WorldNormal, GameThreadShaderMap 0x0000018FD6F83580
[2017.02.25-13.28.38:228][  0]LogMaterial: Missing cached shader map for material AmbientOcclusion, compiling. 
[2017.02.25-13.28.38:229][  0]LogTemp:Display: Added material ShaderMap 0x0000018FD6F81280 with Material 0x0000018FD6F6EE00 to ShaderMapsBeingCompiled
[2017.02.25-13.28.38:236][  0]LogTemp:Display: Kicking off shader compilation for AmbientOcclusion, GameThreadShaderMap 0x0000018FD6F81280
[2017.02.25-13.28.38:240][  0]LogMaterial: Missing cached shader map for material CustomDepthWorldUnits, compiling. 
[2017.02.25-13.28.38:241][  0]LogTemp:Display: Added material ShaderMap 0x0000018FD6F0C800 with Material 0x0000018FD6F6D780 to ShaderMapsBeingCompiled
[2017.02.25-13.28.38:245][  0]LogTemp:Display: Kicking off shader compilation for CustomDepthWorldUnits, GameThreadShaderMap 0x0000018FD6F0C800
[2017.02.25-13.28.38:248][  0]LogMaterial: Missing cached shader map for material SceneDepthWorldUnits, compiling. 
[2017.02.25-13.28.38:249][  0]LogTemp:Display: Added material ShaderMap 0x0000018FD6EA2080 with Material 0x0000018FD6EB7100 to ShaderMapsBeingCompiled
[2017.02.25-13.28.38:254][  0]LogTemp:Display: Kicking off shader compilation for SceneDepthWorldUnits, GameThreadShaderMap 0x0000018FD6EA2080
[2017.02.25-13.28.38:256][  0]LogMaterial: Missing cached shader map for material PreTonemapHDRColor, compiling. 
[2017.02.25-13.28.38:257][  0]LogTemp:Display: Added material ShaderMap 0x0000018FD6E3B580 with Material 0x0000018FD6EB5600 to ShaderMapsBeingCompiled
[2017.02.25-13.28.38:261][  0]LogTemp:Display: Kicking off shader compilation for PreTonemapHDRColor, GameThreadShaderMap 0x0000018FD6E3B580
[2017.02.25-13.28.38:263][  0]LogMaterial: Missing cached shader map for material PostTonemapHDRColor, compiling. 
[2017.02.25-13.28.38:264][  0]LogTemp:Display: Added material ShaderMap 0x0000018FD6E38B80 with Material 0x0000018FD6DF7880 to ShaderMapsBeingCompiled
[2017.02.25-13.28.38:271][  0]LogTemp:Display: Kicking off shader compilation for PostTonemapHDRColor, GameThreadShaderMap 0x0000018FD6E38B80
[2017.02.25-13.28.38:695][  0]LogInit:Display: Game Engine Initialized.
[2017.02.25-13.28.38:957][  0]LogInit:Display: Starting Game.
[2017.02.25-13.28.38:957][  0]LogNet: Browse: /Temp/Autosaves/Game/UEDPCShangda_Wus_Book_Main_Scenes?Name=Player
[2017.02.25-13.28.38:957][  0]LogLoad: LoadMap: /Temp/Autosaves/Game/UEDPCShangda_Wus_Book_Main_Scenes?Name=Player
[2017.02.25-13.28.38:998][  0]LogMemory: Platform Memory Stats for Windows
[2017.02.25-13.28.38:998][  0]LogMemory: Process Physical Memory: 976.76 MB used, 1001.18 MB peak
[2017.02.25-13.28.38:998][  0]LogMemory: Process Virtual Memory: 1029.52 MB used, 1029.54 MB peak
[2017.02.25-13.28.38:998][  0]LogMemory: Physical Memory: 8007.72 MB used,  8193.19 MB free, 16200.91 MB total
[2017.02.25-13.28.38:998][  0]LogMemory: Virtual Memory: 1607.67 MB used,  8193.19 MB free, 134217728.00 MB total
[2017.02.25-13.28.38:998][  0]LogMemory: 
[2017.02.25-13.28.38:998][  0]Allocator Stats for TBB: (not implemented)
[2017.02.25-13.28.39:181][  0]LogMaterial: Missing cached shader map for material M_Sky_Panning_Clouds2, compiling. 
[2017.02.25-13.28.39:185][  0]LogTemp:Display: Added material ShaderMap 0x0000018FD65C3900 with Material 0x0000018FD6AD6F80 to ShaderMapsBeingCompiled
[2017.02.25-13.28.39:188][  0]LogTemp:Display: Kicking off shader compilation for M_Sky_Panning_Clouds2, GameThreadShaderMap 0x0000018FD65C3900
[2017.02.25-13.28.39:193][  0]LogMaterial: Missing cached shader map for material BasicShapeMaterial, compiling. 
[2017.02.25-13.28.39:194][  0]LogTemp:Display: Added material ShaderMap 0x0000018FD65C2780 with Material 0x0000018FD667D780 to ShaderMapsBeingCompiled
[2017.02.25-13.28.39:306][  0]LogTemp:Display: Kicking off shader compilation for BasicShapeMaterial, GameThreadShaderMap 0x0000018FD65C2780
[2017.02.25-13.28.39:492][  0]LogAIModule: Creating AISystem for world Shangda_Wus_Book_Main_Scenes
[2017.02.25-13.28.39:493][  0]LogLoad: Game class is 'GameModeBase'
[2017.02.25-13.28.39:511][  0]LogTemp:Display: Finished compile of shader map 0x0000018FB7D2AE80
[2017.02.25-13.28.39:511][  0]LogTemp:Display: Shader map M_SimpleOpaque complete, GameThreadShaderMap 0x0000018FB7D2AE80, marking material M_SimpleOpaque as finished
[2017.02.25-13.28.39:511][  0]LogTemp:Display: Marking material as finished 0x0000018FB7D25000
[2017.02.25-13.28.39:519][  0]LogWorld: Bringing World /Temp/Autosaves/Game/UEDPCShangda_Wus_Book_Main_Scenes.Shangda_Wus_Book_Main_Scenes up for play (max tick rate 0) at 2017.02.25-21.28.39
[2017.02.25-13.28.39:520][  0]LogWorld: Bringing up level for play took: 0.005791
[2017.02.25-13.28.39:523][  0]LogLoad: Took 0.565214 seconds to LoadMap(/Temp/Autosaves/Game/UEDPCShangda_Wus_Book_Main_Scenes)
[2017.02.25-13.28.40:027][  0]LogRenderer: Reallocating scene render targets to support 640x960 NumSamples 1 (Frame:2).
[2017.02.25-13.28.40:027][  0]LogLoad: (Engine Initialization) Total time: 13.19 seconds
[2017.02.25-13.28.40:027][  0]LogLoad: (Engine Initialization) Total Blueprint compile time: 0.13 seconds
[2017.02.25-13.28.40:027][  0]LogExternalProfiler: No external profilers were discovered.  External profiling features will not be available.
[2017.02.25-13.28.40:045][  0]LogOcInput: OculusInput pre-init called
[2017.02.25-13.28.43:275][187]LogWindowsTextInputMethodSystem:Display: IME system now activated using TSF (微软拼音).
[2017.02.25-13.28.43:276][187]LogWindowsTextInputMethodSystem:Display: IME system now activated using TSF (微软拼音).
[2017.02.25-13.28.43:276][187]LogWindowsTextInputMethodSystem:Display: IME system now activated using TSF (微软拼音).
[2017.02.25-13.28.43:276][187]LogWindowsTextInputMethodSystem:Display: IME system now activated using TSF (微软拼音).
[2017.02.25-13.28.43:281][187]LogEngine: All Windows Closed
[2017.02.25-13.28.43:281][187]LogWindows: FPlatformMisc::RequestExit(0)
[2017.02.25-13.28.43:282][188]LogMoviePlayer: Shutting down movie player
[2017.02.25-13.28.44:141][188]LogExit: Preparing to exit.
[2017.02.25-13.28.44:473][188]LogTemp:Display: Removed shader map 0x0000018FB7490800 from material 0x0000018FB7D1B100
[2017.02.25-13.28.44:481][188]LogTemp:Display: Removed shader map 0x0000018FB911AB00 from material 0x0000018FB90D0400
[2017.02.25-13.28.44:481][188]LogTemp:Display: Removed shader map 0x0000018FB9118F00 from material 0x0000018FBB11EE00
[2017.02.25-13.28.44:483][188]LogTemp:Display: Removed shader map 0x0000018FBA9EF200 from material 0x0000018FB7A2F400
[2017.02.25-13.28.44:484][188]LogTemp:Display: Removed shader map 0x0000018FBA9EF200 from material 0x0000018FB7A2D300
[2017.02.25-13.28.44:484][188]LogTemp:Display: Removed shader map 0x0000018FBF06C480 from material 0x0000018FBF78BD00
[2017.02.25-13.28.44:484][188]LogTemp:Display: Removed shader map 0x0000018FC22E0B80 from material 0x0000018FC228B700
[2017.02.25-13.28.44:484][188]LogTemp:Display: Removed shader map 0x0000018FC1F5E080 from material 0x0000018FC2288B80
[2017.02.25-13.28.44:485][188]LogTemp:Display: Removed shader map 0x0000018FC2ED1280 from material 0x0000018FC2ED4D00
[2017.02.25-13.28.44:486][188]LogTemp:Display: Removed shader map 0x0000018FC2E80F00 from material 0x0000018FC2EC2C80
[2017.02.25-13.28.44:486][188]LogTemp:Display: Removed shader map 0x0000018FC2D21600 from material 0x0000018FC2DA4D00
[2017.02.25-13.28.44:486][188]LogTemp:Display: Removed shader map 0x0000018FC4B72400 from material 0x0000018FC4B27A00
[2017.02.25-13.28.44:486][188]LogTemp:Display: Removed shader map 0x0000018FC4AECF00 from material 0x0000018FC4B25480
[2017.02.25-13.28.44:486][188]LogTemp:Display: Removed shader map 0x0000018FC4A8C800 from material 0x0000018FC4AB3700
[2017.02.25-13.28.44:486][188]LogExit: Game engine shut down
[2017.02.25-13.28.44:486][188]LogTemp:Display: Removed shader map 0x0000018FBEAB9D00 from material 0x0000018FC4AB0A00
[2017.02.25-13.28.44:486][188]LogTemp:Display: Removed shader map 0x0000018FC5AF8B80 from material 0x0000018FC5F6A380
[2017.02.25-13.28.44:486][188]LogTemp:Display: Removed shader map 0x0000018FCA2A7C80 from material 0x0000018FC82FC580
[2017.02.25-13.28.44:486][188]LogTemp:Display: Removed shader map 0x0000018FCAA9C480 from material 0x0000018FCA2B9D80
[2017.02.25-13.28.44:486][188]LogTemp:Display: Removed shader map 0x0000018FCF213200 from material 0x0000018FCDA1F280
[2017.02.25-13.28.44:486][188]LogTemp:Display: Removed shader map 0x0000018FD3A06080 from material 0x0000018FD1A20880
[2017.02.25-13.28.44:486][188]LogTemp:Display: Removed shader map 0x0000018FD4FB4100 from material 0x0000018FCFFB9900
[2017.02.25-13.28.44:486][188]LogTemp:Display: Removed shader map 0x0000018FD4665280 from material 0x0000018FD4F43880
[2017.02.25-13.28.44:486][188]LogTemp:Display: Removed shader map 0x0000018FD4619280 from material 0x0000018FD4F42380
[2017.02.25-13.28.44:486][188]LogTemp:Display: Removed shader map 0x0000018FD5379280 from material 0x0000018FD4F40E80
[2017.02.25-13.28.44:486][188]LogTemp:Display: Removed shader map 0x0000018FD531D280 from material 0x0000018FD5337700
[2017.02.25-13.28.44:486][188]LogTemp:Display: Removed shader map 0x0000018FD52A5280 from material 0x0000018FD5336200
[2017.02.25-13.28.44:486][188]LogTemp:Display: Removed shader map 0x0000018FD5FB9980 from material 0x0000018FD5335000
[2017.02.25-13.28.44:486][188]LogTemp:Display: Removed shader map 0x0000018FD5F3FC80 from material 0x0000018FD5F73880
[2017.02.25-13.28.44:486][188]LogTemp:Display: Removed shader map 0x0000018FD5EE3580 from material 0x0000018FD5F72200
[2017.02.25-13.28.44:486][188]LogTemp:Display: Removed shader map 0x0000018FD637DD00 from material 0x0000018FD5F70E80
[2017.02.25-13.28.44:486][188]LogTemp:Display: Removed shader map 0x0000018FD631EE80 from material 0x0000018FD6362F80
[2017.02.25-13.28.44:487][188]LogTemp:Display: Removed shader map 0x0000018FD62AE400 from material 0x0000018FD627E380
[2017.02.25-13.28.44:487][188]LogTemp:Display: Removed shader map 0x0000018FAF6D8F00 from material 0x0000018FD627CA00
[2017.02.25-13.28.44:487][188]LogTemp:Display: Removed shader map 0x0000018FAF6DB200 from material 0x0000018FB044E380
[2017.02.25-13.28.44:487][188]LogTemp:Display: Removed shader map 0x0000018FAF68E780 from material 0x0000018FB044CA00
[2017.02.25-13.28.44:487][188]LogTemp:Display: Removed shader map 0x0000018FAF68C480 from material 0x0000018FB00C4E80
[2017.02.25-13.28.44:487][188]LogTemp:Display: Removed shader map 0x0000018FB046E080 from material 0x0000018FB06DE980
[2017.02.25-13.28.44:487][188]LogTemp:Display: Removed shader map 0x0000018FB27BFC80 from material 0x0000018FB06DD300
[2017.02.25-13.28.44:487][188]LogTemp:Display: Removed shader map 0x0000018FB27BD980 from material 0x0000018FB27C3700
[2017.02.25-13.28.44:487][188]LogTemp:Display: Removed shader map 0x0000018FAF987580 from material 0x0000018FB27C1D80
[2017.02.25-13.28.44:487][188]LogTemp:Display: Removed shader map 0x0000018FAF984F00 from material 0x0000018FB27C0580
[2017.02.25-13.28.44:487][188]LogTemp:Display: Removed shader map 0x0000018FAF92AB00 from material 0x0000018FAF942980
[2017.02.25-13.28.44:487][188]LogTemp:Display: Removed shader map 0x0000018FAF928800 from material 0x0000018FAF941180
[2017.02.25-13.28.44:487][188]LogTemp:Display: Removed shader map 0x0000018FB065DD00 from material 0x0000018FB067E200
[2017.02.25-13.28.44:487][188]LogTemp:Display: Removed shader map 0x0000018FD6F83580 from material 0x0000018FB067C880
[2017.02.25-13.28.44:487][188]LogTemp:Display: Removed shader map 0x0000018FD6F81280 from material 0x0000018FD6F6EE00
[2017.02.25-13.28.44:487][188]LogTemp:Display: Removed shader map 0x0000018FD6F0C800 from material 0x0000018FD6F6D780
[2017.02.25-13.28.44:487][188]LogTemp:Display: Removed shader map 0x0000018FD6EA2080 from material 0x0000018FD6EB7100
[2017.02.25-13.28.44:487][188]LogTemp:Display: Removed shader map 0x0000018FD6E3B580 from material 0x0000018FD6EB5600
[2017.02.25-13.28.44:487][188]LogTemp:Display: Removed shader map 0x0000018FD6E38B80 from material 0x0000018FD6DF7880
[2017.02.25-13.28.44:489][188]LogTemp:Display: Removed shader map 0x0000018FD65C3900 from material 0x0000018FD6AD6F80
[2017.02.25-13.28.44:490][188]LogTemp:Display: Removed shader map 0x0000018FD65C2780 from material 0x0000018FD667D780
[2017.02.25-13.28.44:557][188]LogObj: Freed 0b from 0 cluster array pools.
[2017.02.25-13.28.44:557][188]LogExit: Object subsystem successfully closed.
[2017.02.25-13.28.44:564][188]LogD3D11RHI: Shutdown
[2017.02.25-13.28.44:564][188]LogD3D11RHI: CleanupD3DDevice
[2017.02.25-13.28.44:621][188]LogD3D11RHI: ~FD3D11DynamicRHI
[2017.02.25-13.28.44:633][188]LogModuleManager: Shutting down and abandoning module SequenceRecorderSections (262)
[2017.02.25-13.28.44:633][188]LogModuleManager: Shutting down and abandoning module SequenceRecorder (260)
[2017.02.25-13.28.44:633][188]LogModuleManager: Shutting down and abandoning module AutomationController (258)
[2017.02.25-13.28.44:633][188]LogModuleManager: Shutting down and abandoning module AutomationWorker (256)
[2017.02.25-13.28.44:633][188]LogModuleManager: Shutting down and abandoning module AIModule (254)
[2017.02.25-13.28.44:633][188]LogModuleManager: Shutting down and abandoning module GameplayDebugger (253)
[2017.02.25-13.28.44:633][188]LogModuleManager: Shutting down and abandoning module AITestSuite (251)
[2017.02.25-13.28.44:633][188]LogModuleManager: Shutting down and abandoning module WmfMediaFactory (248)
[2017.02.25-13.28.44:633][188]LogModuleManager: Shutting down and abandoning module MfMediaFactory (246)
[2017.02.25-13.28.44:633][188]LogModuleManager: Shutting down and abandoning module AvfMediaFactory (244)
[2017.02.25-13.28.44:633][188]LogModuleManager: Shutting down and abandoning module AndroidMediaFactory (242)
[2017.02.25-13.28.44:633][188]LogModuleManager: Shutting down and abandoning module Media (241)
[2017.02.25-13.28.44:633][188]LogModuleManager: Shutting down and abandoning module CharacterAI (238)
[2017.02.25-13.28.44:633][188]LogModuleManager: Shutting down and abandoning module SessionServices (236)
[2017.02.25-13.28.44:633][188]LogModuleManager: Shutting down and abandoning module MovieSceneCapture (234)
[2017.02.25-13.28.44:633][188]LogModuleManager: Shutting down and abandoning module GeometryCache (232)
[2017.02.25-13.28.44:633][188]LogModuleManager: Shutting down and abandoning module GeometryCacheEd (231)
[2017.02.25-13.28.44:633][188]LogModuleManager: Shutting down and abandoning module Niagara (228)
[2017.02.25-13.28.44:633][188]LogModuleManager: Shutting down and abandoning module StreamingPauseRendering (226)
[2017.02.25-13.28.44:633][188]LogModuleManager: Shutting down and abandoning module PortalServices (224)
[2017.02.25-13.28.44:633][188]LogModuleManager: Shutting down and abandoning module PortalRpc (222)
[2017.02.25-13.28.44:633][188]LogModuleManager: Shutting down and abandoning module MessagingRpc (220)
[2017.02.25-13.28.44:633][188]LogModuleManager: Shutting down and abandoning module ProfilerService (218)
[2017.02.25-13.28.44:826][188]LogModuleManager: Shutting down and abandoning module TaskGraph (216)
[2017.02.25-13.28.44:827][188]LogModuleManager: Shutting down and abandoning module SteamVRController (214)
[2017.02.25-13.28.44:827][188]LogModuleManager: Shutting down and abandoning module SteamVR (212)
[2017.02.25-13.28.44:827][188]LogModuleManager: Shutting down and abandoning module ProceduralMeshComponent (210)
[2017.02.25-13.28.44:827][188]LogModuleManager: Shutting down and abandoning module OculusLibrary (208)
[2017.02.25-13.28.44:827][188]LogModuleManager: Shutting down and abandoning module OculusInput (206)
[2017.02.25-13.28.44:827][188]LogModuleManager: Shutting down and abandoning module MobilePatchingUtils (204)
[2017.02.25-13.28.44:827][188]LogModuleManager: Shutting down and abandoning module CustomMeshComponent (202)
[2017.02.25-13.28.44:827][188]LogModuleManager: Shutting down and abandoning module CableComponent (200)
[2017.02.25-13.28.44:827][188]LogModuleManager: Shutting down and abandoning module ArchVisCharacter (198)
[2017.02.25-13.28.44:827][188]LogModuleManager: Shutting down and abandoning module HTML5Networking (194)
[2017.02.25-13.28.44:827][188]LogModuleManager: Shutting down and abandoning module VisualStudioSourceCodeAccess (192)
[2017.02.25-13.28.44:827][188]LogModuleManager: Shutting down and abandoning module DesktopPlatform (191)
[2017.02.25-13.28.44:827][188]LogModuleManager: Shutting down and abandoning module HotReload (189)
[2017.02.25-13.28.44:827][188]LogModuleManager: Shutting down and abandoning module DirectoryWatcher (188)
[2017.02.25-13.28.44:827][188]LogModuleManager: Shutting down and abandoning module UObjectPlugin (184)
[2017.02.25-13.28.44:827][188]LogModuleManager: Shutting down and abandoning module SubversionSourceControl (182)
[2017.02.25-13.28.44:827][188]LogModuleManager: Shutting down and abandoning module PerforceSourceControl (180)
[2017.02.25-13.28.44:827][188]LogModuleManager: Shutting down and abandoning module SourceControl (179)
[2017.02.25-13.28.44:827][188]LogModuleManager: Shutting down and abandoning module PhysXVehiclesEditor (176)
[2017.02.25-13.28.44:827][188]LogModuleManager: Shutting down and abandoning module PhysXVehicles (174)
[2017.02.25-13.28.44:827][188]LogModuleManager: Shutting down and abandoning module LocationServicesBPLibrary (172)
[2017.02.25-13.28.44:827][188]LogModuleManager: Shutting down and abandoning module UdpMessaging (170)
[2017.02.25-13.28.44:927][188]LogModuleManager: Shutting down and abandoning module TcpMessaging (168)
[2017.02.25-13.28.45:283][188]LogModuleManager: Shutting down and abandoning module GameplayTagsEditor (166)
[2017.02.25-13.28.45:283][188]LogModuleManager: Shutting down and abandoning module FacialAnimation (164)
[2017.02.25-13.28.45:283][188]LogModuleManager: Shutting down and abandoning module LightPropagationVolumeRuntime (162)
[2017.02.25-13.28.45:283][188]LogModuleManager: Shutting down and abandoning module Paper2D (160)
[2017.02.25-13.28.45:283][188]LogModuleManager: Shutting down and abandoning module WindowsMoviePlayer (158)
[2017.02.25-13.28.45:283][188]LogModuleManager: Shutting down and abandoning module WmfMedia (156)
[2017.02.25-13.28.45:283][188]LogModuleManager: Shutting down and abandoning module MfMedia (154)
[2017.02.25-13.28.45:283][188]LogModuleManager: Shutting down and abandoning module MediaAssets (152)
[2017.02.25-13.28.45:283][188]LogModuleManager: Shutting down and abandoning module GameLiveStreaming (150)
[2017.02.25-13.28.45:283][188]LogModuleManager: Shutting down and abandoning module VREditor (148)
[2017.02.25-13.28.45:283][188]LogModuleManager: Shutting down and abandoning module GameplayTasksEditor (146)
[2017.02.25-13.28.45:283][188]LogModuleManager: Shutting down and abandoning module BehaviorTreeEditor (144)
[2017.02.25-13.28.45:283][188]LogModuleManager: Shutting down and abandoning module FunctionalTesting (142)
[2017.02.25-13.28.45:283][188]LogModuleManager: Shutting down and abandoning module CollisionAnalyzer (140)
[2017.02.25-13.28.45:283][188]LogModuleManager: Shutting down and abandoning module UMG (138)
[2017.02.25-13.28.45:283][188]LogModuleManager: Shutting down and abandoning module UMGEditor (137)
[2017.02.25-13.28.45:283][188]LogModuleManager: Shutting down and abandoning module Sequencer (136)
[2017.02.25-13.28.45:283][188]LogModuleManager: Shutting down and abandoning module AssetTools (134)
[2017.02.25-13.28.45:284][188]LogModuleManager: Shutting down and abandoning module MessageLog (133)
[2017.02.25-13.28.45:284][188]LogModuleManager: Shutting down and abandoning module WorkspaceMenuStructure (132)
[2017.02.25-13.28.45:284][188]LogModuleManager: Shutting down and abandoning module SlateReflector (126)
[2017.02.25-13.28.45:284][188]LogModuleManager: Shutting down and abandoning module Slate (124)
[2017.02.25-13.28.45:284][188]LogModuleManager: Shutting down and abandoning module EditorStyle (122)
[2017.02.25-13.28.45:286][188]LogModuleManager: Shutting down and abandoning module Messaging (120)
[2017.02.25-13.28.45:286][188]LogModuleManager: Shutting down and abandoning module SourceCodeAccess (118)
[2017.02.25-13.28.45:286][188]LogModuleManager: Shutting down and abandoning module HeadMountedDisplay (116)
[2017.02.25-13.28.45:286][188]LogModuleManager: Shutting down and abandoning module XAudio2 (114)
[2017.02.25-13.28.45:286][188]LogModuleManager: Shutting down and abandoning module Networking (112)
[2017.02.25-13.28.45:286][188]LogModuleManager: Shutting down and abandoning module Core (108)
[2017.02.25-13.28.45:286][188]LogModuleManager: Shutting down and abandoning module KismetCompiler (106)
[2017.02.25-13.28.45:286][188]LogModuleManager: Shutting down and abandoning module PhysXFormats (104)
[2017.02.25-13.28.45:286][188]LogModuleManager: Shutting down and abandoning module MeshUtilities (102)
[2017.02.25-13.28.45:286][188]LogModuleManager: Shutting down and abandoning module SimplygonSwarm (101)
[2017.02.25-13.28.45:286][188]LogModuleManager: Shutting down and abandoning module SimplygonMeshReduction (99)
[2017.02.25-13.28.45:286][188]LogModuleManager: Shutting down and abandoning module QuadricMeshReduction (97)
[2017.02.25-13.28.45:286][188]LogModuleManager: Shutting down and abandoning module PropertyEditor (95)
[2017.02.25-13.28.45:287][188]LogModuleManager: Shutting down and abandoning module AssetRegistry (92)
[2017.02.25-13.28.45:287][188]LogModuleManager: Shutting down and abandoning module DerivedDataCache (90)
[2017.02.25-13.28.45:594][188]LogDerivedDataCache: Shutdown
[2017.02.25-13.28.45:594][188]LogModuleManager: Shutting down and abandoning module TargetPlatform (88)
[2017.02.25-13.28.45:594][188]LogModuleManager: Shutting down and abandoning module VulkanShaderFormat (87)
[2017.02.25-13.28.45:594][188]LogModuleManager: Shutting down and abandoning module ShaderFormatOpenGL (85)
[2017.02.25-13.28.45:594][188]LogModuleManager: Shutting down and abandoning module ShaderFormatD3D (83)
[2017.02.25-13.28.45:594][188]LogModuleManager: Shutting down and abandoning module MetalShaderFormat (81)
[2017.02.25-13.28.45:594][188]LogModuleManager: Shutting down and abandoning module TextureFormatUncompressed (79)
[2017.02.25-13.28.45:595][188]LogModuleManager: Shutting down and abandoning module TextureFormatPVR (77)
[2017.02.25-13.28.45:595][188]LogModuleManager: Shutting down and abandoning module TextureFormatDXT (75)
[2017.02.25-13.28.45:595][188]LogModuleManager: Shutting down and abandoning module TextureFormatIntelISPCTexComp (73)
[2017.02.25-13.28.45:595][188]LogModuleManager: Shutting down and abandoning module TextureFormatASTC (71)
[2017.02.25-13.28.45:595][188]LogModuleManager: Shutting down and abandoning module ImageWrapper (70)
[2017.02.25-13.28.45:595][188]LogModuleManager: Shutting down and abandoning module TextureFormatAndroid (67)
[2017.02.25-13.28.45:595][188]LogModuleManager: Shutting down and abandoning module AudioFormatOpus (65)
[2017.02.25-13.28.45:595][188]LogModuleManager: Shutting down and abandoning module AudioFormatOgg (63)
[2017.02.25-13.28.45:595][188]LogModuleManager: Shutting down and abandoning module AudioFormatADPCM (61)
[2017.02.25-13.28.45:595][188]LogModuleManager: Shutting down and abandoning module WindowsTargetPlatform (59)
[2017.02.25-13.28.45:595][188]LogModuleManager: Shutting down and abandoning module WindowsServerTargetPlatform (57)
[2017.02.25-13.28.45:595][188]LogModuleManager: Shutting down and abandoning module WindowsNoEditorTargetPlatform (55)
[2017.02.25-13.28.45:595][188]LogModuleManager: Shutting down and abandoning module WindowsClientTargetPlatform (53)
[2017.02.25-13.28.45:595][188]LogModuleManager: Shutting down and abandoning module InputCore (50)
[2017.02.25-13.28.45:595][188]LogModuleManager: Shutting down and abandoning module Settings (48)
[2017.02.25-13.28.45:595][188]LogModuleManager: Shutting down and abandoning module OculusRift (46)
[2017.02.25-13.28.45:595][188]LogModuleManager: Shutting down and abandoning module ExampleDeviceProfileSelector (44)
[2017.02.25-13.28.45:595][188]LogModuleManager: Shutting down and abandoning module OnlineBlueprintSupport (42)
[2017.02.25-13.28.45:595][188]LogModuleManager: Shutting down and abandoning module OnlineSubsystem (38)
[2017.02.25-13.28.45:595][188]LogOnline:Display: Unloading online subsystem: NULL
[2017.02.25-13.28.45:595][188]LogModuleManager: Shutting down and abandoning module XMPP (37)
[2017.02.25-13.28.45:595][188]LogModuleManager: Shutting down and abandoning module HTTP (35)
[2017.02.25-13.28.45:615][188]LogModuleManager: Shutting down and abandoning module SSL (34)
[2017.02.25-13.28.45:616][188]LogModuleManager: Shutting down and abandoning module AudioEditor (30)
[2017.02.25-13.28.45:616][188]LogModuleManager: Shutting down and abandoning module TextureCompressor (28)
[2017.02.25-13.28.45:617][188]LogModuleManager: Shutting down and abandoning module ShaderCore (26)
[2017.02.25-13.28.45:617][188]LogModuleManager: Shutting down and abandoning module Landscape (24)
[2017.02.25-13.28.45:617][188]LogModuleManager: Shutting down and abandoning module SlateRHIRenderer (22)
[2017.02.25-13.28.45:617][188]LogModuleManager: Shutting down and abandoning module OpenGLDrv (20)
[2017.02.25-13.28.45:617][188]LogModuleManager: Shutting down and abandoning module D3D11RHI (18)
[2017.02.25-13.28.45:617][188]LogModuleManager: Shutting down and abandoning module AnimGraphRuntime (16)
[2017.02.25-13.28.45:617][188]LogModuleManager: Shutting down and abandoning module Renderer (14)
[2017.02.25-13.28.45:617][188]LogModuleManager: Shutting down and abandoning module Engine (12)
[2017.02.25-13.28.45:617][188]LogModuleManager: Shutting down and abandoning module CoreUObject (10)
[2017.02.25-13.28.45:617][188]LogModuleManager: Shutting down and abandoning module NetworkFile (8)
[2017.02.25-13.28.45:617][188]LogModuleManager: Shutting down and abandoning module StreamingFile (6)
[2017.02.25-13.28.45:617][188]LogModuleManager: Shutting down and abandoning module SandboxFile (4)
[2017.02.25-13.28.45:617][188]LogModuleManager: Shutting down and abandoning module PakFile (2)
[2017.02.25-13.28.45:618][188]LogExit: Exiting.
[2017.02.25-13.28.45:620][188]Log file closed, 02/25/17 21:28:45
