Log file open, 02/25/17 21:43:24
LogInit:Display: Running engine for game: Shangda_Wus_Book
LogPlatformFile: Not using cached read wrapper
LogInit:Display: RandInit(-118225203) SRandInit(-118225203).
LogTaskGraph: Started task graph with 5 named threads and 6 total threads with 1 sets of task threads.
LogStats: Stats thread started at 0.102885
LogInit: Using libcurl 7.47.1
LogInit:  - built for x86_64-pc-win32
LogInit:  - supports SSL with OpenSSL/1.0.2g
LogInit:  - supports HTTP deflate (compression) using libz 1.2.8
LogInit:  - other features:
LogInit:      CURL_VERSION_SSL
LogInit:      CURL_VERSION_LIBZ
LogInit:      CURL_VERSION_IPV6
LogInit:      CURL_VERSION_ASYNCHDNS
LogInit:      CURL_VERSION_LARGEFILE
LogInit:      CURL_VERSION_IDN
LogInit:  CurlRequestOptions (configurable via config and command line):
LogInit:  - bVerifyPeer = false  - Libcurl will NOT verify peer certificate
LogInit:  - bUseHttpProxy = false  - Libcurl will NOT use HTTP proxy
LogInit:  - bDontReuseConnections = false  - Libcurl will reuse connections
LogInit:  - CertBundlePath = nullptr  - Libcurl will use whatever was configured at build time.
LogInit: Build: ++UE4+Release-4.15-CL-3299760
LogInit: Engine Version: 4.15.0-3299760+++UE4+Release-4.15
LogInit: Compatible Engine Version: 4.15.0-3299760+++UE4+Release-4.15
LogInit: Net CL: 3299760
LogDevObjectVersion: Number of dev versions registered: 14
LogDevObjectVersion:   Dev-Blueprints (B0D832E4-1F89-4F0D-ACCF-7EB736FD4AA2): 8
LogDevObjectVersion:   Dev-Build (E1C64328-A22C-4D53-A36C-8E866417BD8C): 0
LogDevObjectVersion:   Dev-Core (375EC13C-06E4-48FB-B500-84F0262A717E): 2
LogDevObjectVersion:   Dev-Editor (E4B068ED-F494-42E9-A231-DA0B2E46BB41): 14
LogDevObjectVersion:   Dev-Framework (CFFC743F-43B0-4480-9391-14DF171D2073): 22
LogDevObjectVersion:   Dev-Mobile (B02B49B5-BB20-44E9-A304-32B752E40360): 0
LogDevObjectVersion:   Dev-Networking (A4E4105C-59A1-49B5-A7C5-40C4547EDFEE): 0
LogDevObjectVersion:   Dev-Online (39C831C9-5AE6-47DC-9A44-9C173E1C8E7C): 0
LogDevObjectVersion:   Dev-Physics (78F01B33-EBEA-4F98-B9B4-84EACCB95AA2): 0
LogDevObjectVersion:   Dev-Platform (6631380F-2D4D-43E0-8009-CF276956A95A): 0
LogDevObjectVersion:   Dev-Rendering (12F88B9F-8875-4AFC-A67C-D90C383ABD29): 12
LogDevObjectVersion:   Dev-Sequencer (7B5AE74C-D270-4C10-A958-57980B212A5A): 3
LogDevObjectVersion:   Dev-VR (D7296918-1DD6-4BDD-9DE2-64A83CC13884): 0
LogDevObjectVersion:   Dev-LoadTimes (C2A15278-BFE7-4AFE-6C17-90FF531DF755): 1
LogInit: Compiled (64-bit): Feb 14 2017 02:04:14
LogInit: Compiled with Visual C++: 19.00.23026.00
LogInit: Build Configuration: Development
LogInit: Branch Name: ++UE4+Release-4.15
LogInit: Command line:  /Temp/Autosaves/Game/UEDPCShangda_Wus_Book_Main_Scenes -game -PIEVIACONSOLE -ResX=640 -ResY=960  -Multiprocess -messaging -SessionName="Play in Standalone Game" -featureleveles2 -faketouches -windowed 
LogInit: Base directory: C:/Program Files (x86)/Epic Games/4.15/Engine/Binaries/Win64/
LogInit: Installed Engine Build: 1
LogInit: Presizing for max 8388607 objects, including 0 objects not considered by GC, pre-allocating 0 bytes for permanent pool.
LogInit: Object subsystem initialized
[2017.02.25-13.43.26:590][  0]LogInit: Selected Device Profile: [Windows]
[2017.02.25-13.43.26:590][  0]LogInit: Applying CVar settings loaded from the selected device profile: [Windows]
[2017.02.25-13.43.26:598][  0]LogInit: Computer: DESKTOP-4SGI5H6
[2017.02.25-13.43.26:598][  0]LogInit: User: shang
[2017.02.25-13.43.26:598][  0]LogInit: CPU Page size=65536, Cores=2
[2017.02.25-13.43.26:598][  0]LogInit: High frequency timer resolution =3.234371 MHz
[2017.02.25-13.43.26:598][  0]LogMemory: Memory total: Physical=15.8GB (16GB approx)
[2017.02.25-13.43.26:598][  0]LogMemory: Platform Memory Stats for Windows
[2017.02.25-13.43.26:598][  0]LogMemory: Process Physical Memory: 265.07 MB used, 265.07 MB peak
[2017.02.25-13.43.26:598][  0]LogMemory: Process Virtual Memory: 262.18 MB used, 262.18 MB peak
[2017.02.25-13.43.26:598][  0]LogMemory: Physical Memory: 7776.49 MB used,  8424.41 MB free, 16200.91 MB total
[2017.02.25-13.43.26:598][  0]LogMemory: Virtual Memory: 641.67 MB used,  8424.41 MB free, 134217728.00 MB total
[2017.02.25-13.43.26:885][  0]LogTextLocalizationManager:Warning: Loaded localization resources contain conflicting entries for (Namespace:UObjectToolTips, Key:AnimNode_AssetPlayerBase:InternalTimeAccumulator):
Localization Resource: (C:/Program Files (x86)/Epic Games/4.15/Engine/Content/Localization/EditorTutorials/zh-CN/EditorTutorials.locres) Source String Hash: (502993589) Localized String: (用于引用此节点中的资源的累积时间)
Localization Resource: (C:/Program Files (x86)/Epic Games/4.15/Engine/Content/Localization/Engine/zh-CN/Engine.locres) Source String Hash: (502993589) Localized String: (引用该节点中资源所用的累计时间)
[2017.02.25-13.43.26:885][  0]LogTextLocalizationManager:Warning: Loaded localization resources contain conflicting entries for (Namespace:UObjectToolTips, Key:AnimNode_AssetPlayerBase:bIgnoreForRelevancyTest):
Localization Resource: (C:/Program Files (x86)/Epic Games/4.15/Engine/Content/Localization/EditorTutorials/zh-CN/EditorTutorials.locres) Source String Hash: (319969718) Localized String: (若为真，在状态中寻找最高权重动画的“相关动画”节点将忽视 此节点)
Localization Resource: (C:/Program Files (x86)/Epic Games/4.15/Engine/Content/Localization/Engine/zh-CN/Engine.locres) Source String Hash: (319969718) Localized String: (如果为真，那么将会忽略查找最高权重动画的"相关动画"节点。
这个节点)
[2017.02.25-13.43.26:886][  0]LogTextLocalizationManager:Warning: Loaded localization resources contain conflicting entries for (Namespace:UObjectToolTips, Key:AnimNode_AssetPlayerBase:BlendWeight):
Localization Resource: (C:/Program Files (x86)/Epic Games/4.15/Engine/Content/Localization/EditorTutorials/zh-CN/EditorTutorials.locres) Source String Hash: (-1232800293) Localized String: (此节点最后交会的混合权重)
Localization Resource: (C:/Program Files (x86)/Epic Games/4.15/Engine/Content/Localization/Engine/zh-CN/Engine.locres) Source String Hash: (-1232800293) Localized String: (该节点上一次遇到的混合权重)
[2017.02.25-13.43.27:160][  0]LogD3D11RHI: D3D11 adapters:
[2017.02.25-13.43.27:196][  0]LogD3D11RHI:    0. 'NVIDIA Quadro M1000M' (Feature Level 11_0)
[2017.02.25-13.43.27:196][  0]LogD3D11RHI:       4064/0/8100 MB DedicatedVideo/DedicatedSystem/SharedSystem, Outputs:1, VendorId:0x10de
[2017.02.25-13.43.27:203][  0]LogD3D11RHI:    1. 'Intel(R) Iris(TM) Graphics 550' (Feature Level 11_0)
[2017.02.25-13.43.27:203][  0]LogD3D11RHI:       128/0/8100 MB DedicatedVideo/DedicatedSystem/SharedSystem, Outputs:0, VendorId:0x8086
[2017.02.25-13.43.27:208][  0]LogD3D11RHI:    2. 'Microsoft Basic Render Driver' (Feature Level 11_0)
[2017.02.25-13.43.27:209][  0]LogD3D11RHI:       0/0/8100 MB DedicatedVideo/DedicatedSystem/SharedSystem, Outputs:0, VendorId:0x1414
[2017.02.25-13.43.27:209][  0]LogD3D11RHI: Chosen D3D11 Adapter: 0
[2017.02.25-13.43.27:221][  0]LogD3D11RHI: Creating new Direct3DDevice
[2017.02.25-13.43.27:221][  0]LogD3D11RHI:     GPU DeviceId: 0x13b1 (for the marketing name, search the web for "GPU Device Id")
[2017.02.25-13.43.27:221][  0]LogWindows: EnumDisplayDevices:
[2017.02.25-13.43.27:221][  0]LogWindows:    0. 'Intel(R) Iris(TM) Graphics 550' (P:1 D:1)
[2017.02.25-13.43.27:222][  0]LogWindows:    1. 'Intel(R) Iris(TM) Graphics 550' (P:0 D:0)
[2017.02.25-13.43.27:222][  0]LogWindows:    2. 'Intel(R) Iris(TM) Graphics 550' (P:0 D:0)
[2017.02.25-13.43.27:222][  0]LogWindows: DebugString: PrimaryIsNotTheChoosenAdapter PrimaryIsNotTheChoosenAdapter PrimaryIsNotTheChoosenAdapter FoundDriverCount:0 
[2017.02.25-13.43.27:223][  0]LogD3D11RHI:     Adapter Name: NVIDIA Quadro M1000M
[2017.02.25-13.43.27:223][  0]LogD3D11RHI:   Driver Version: Unknown (internal:Unknown, unified:Unknown)
[2017.02.25-13.43.27:223][  0]LogD3D11RHI:      Driver Date: Unknown
[2017.02.25-13.43.27:223][  0]LogRHI: Texture pool is 1361 MB (70% of 1945 MB)
[2017.02.25-13.43.27:248][  0]LogD3D11RHI: Async texture creation enabled
[2017.02.25-13.43.27:268][  0]LogD3D11RHI: GPU Timing Frequency: 1000.000000 (Debug: 2 2)
[2017.02.25-13.43.27:269][  0]LogShaderCompilers: Guid format shader working directory is -27 characters bigger than the processId version (../../../../../../Users/shang/Documents/Unreal Projects/Shangda_Wus_Book/Intermediate/Shaders/WorkingDirectory/31748/).
[2017.02.25-13.43.27:269][  0]LogShaderCompilers: Cleaned the shader compiler working directory 'C:/Users/shang/AppData/Local/Temp/UnrealShaderWorkingDir/F2E976A54889F91E2AE2F7AEA2E88A00/'.
[2017.02.25-13.43.27:269][  0]LogShaderCompilers:Display: Using Local Shader Compiler.
[2017.02.25-13.43.28:554][  0]LogTemp:Display: Loaded TP WindowsClientTargetPlatform
[2017.02.25-13.43.28:617][  0]LogTemp:Display: Loaded TP WindowsNoEditorTargetPlatform
[2017.02.25-13.43.28:679][  0]LogTemp:Display: Loaded TP WindowsServerTargetPlatform
[2017.02.25-13.43.28:743][  0]LogTemp:Display: Loaded TP WindowsTargetPlatform
[2017.02.25-13.43.28:743][  0]LogTargetPlatformManager:Display: Building Assets For Windows
[2017.02.25-13.43.29:300][  0]LogDerivedDataCache:Display: Max Cache Size: 512 MB
[2017.02.25-13.43.29:389][  0]LogDerivedDataCache: Loaded boot cache 0.09s 50MB C:/Users/shang/AppData/Local/UnrealEngine/4.15/DerivedDataCache/Boot.ddc.
[2017.02.25-13.43.29:389][  0]LogDerivedDataCache:Display: Loaded Boot cache: C:/Users/shang/AppData/Local/UnrealEngine/4.15/DerivedDataCache/Boot.ddc
[2017.02.25-13.43.29:390][  0]LogDerivedDataCache: FDerivedDataBackendGraph:  Pak pak cache file ../../../../../../Users/shang/Documents/Unreal Projects/Shangda_Wus_Book/DerivedDataCache/DDC.ddp not found, will not use a pak cache.
[2017.02.25-13.43.29:390][  0]LogDerivedDataCache: Unable to find inner node Pak for hierarchical cache Hierarchy.
[2017.02.25-13.43.29:390][  0]LogDerivedDataCache: FDerivedDataBackendGraph:  CompressedPak pak cache file ../../../../../../Users/shang/Documents/Unreal Projects/Shangda_Wus_Book/DerivedDataCache/Compressed.ddp not found, will not use a pak cache.
[2017.02.25-13.43.29:390][  0]LogDerivedDataCache: Unable to find inner node CompressedPak for hierarchical cache Hierarchy.
[2017.02.25-13.43.29:409][  0]LogDerivedDataCache:Display: Pak cache opened for reading ../../../Engine/DerivedDataCache/Compressed.ddp.
[2017.02.25-13.43.29:424][  0]LogDerivedDataCache: Using Local data cache path C:/Users/shang/AppData/Local/UnrealEngine/Common/DerivedDataCache: Writable
[2017.02.25-13.43.29:428][  0]LogSlate: Using Freetype 2.6.0
[2017.02.25-13.43.29:429][  0]LogSlate: SlateFontCache - WITH_FREETYPE: 1, WITH_HARFBUZZ: 1
[2017.02.25-13.43.29:429][  0]LogSlate: SlateFontCache - WITH_FREETYPE: 1, WITH_HARFBUZZ: 1
[2017.02.25-13.43.29:770][  0]LogAssetRegistry: FAssetRegistry took 0.0001 seconds to start up
[2017.02.25-13.43.29:791][  0]LogPackageLocalizationCache: Processed 3 localized package path(s) for 4 prioritized culture(s) in 0.021622 seconds
[2017.02.25-13.43.29:810][  0]LogInit: Selected Device Profile: [Windows]
[2017.02.25-13.43.29:815][  0]LogContentStreaming: Texture pool size is 1000.00 MB
[2017.02.25-13.43.30:063][  0]LogMeshUtilities: Using QuadricMeshReduction for automatic static mesh reduction
[2017.02.25-13.43.30:133][  0]LogSimplygon: Simplygon DLL not present - disabling.
[2017.02.25-13.43.30:201][  0]LogMeshUtilities: Using SimplygonSwarm for distributed automatic mesh merging
[2017.02.25-13.43.30:201][  0]LogMeshUtilities: No automatic skeletal mesh reduction module available
[2017.02.25-13.43.30:201][  0]LogMeshUtilities: No automatic mesh merging module available
[2017.02.25-13.43.30:648][  0]LogMaterial: Missing cached shader map for material FloorPlaneMaterial, compiling. 
[2017.02.25-13.43.30:650][  0]LogTemp:Display: Added material ShaderMap 0x00000188ADB61600 with Material 0x00000188ADF6EC80 to ShaderMapsBeingCompiled
[2017.02.25-13.43.30:747][  0]LogTemp:Display: Kicking off shader compilation for FloorPlaneMaterial, GameThreadShaderMap 0x00000188ADB61600
[2017.02.25-13.43.30:854][  0]LogMaterial: Missing cached shader map for material LandscapeGizmoHeight_Mat, compiling. 
[2017.02.25-13.43.30:855][  0]LogTemp:Display: Added material ShaderMap 0x00000188B364F200 with Material 0x00000188B3663D00 to ShaderMapsBeingCompiled
[2017.02.25-13.43.30:936][  0]LogTemp:Display: Kicking off shader compilation for LandscapeGizmoHeight_Mat, GameThreadShaderMap 0x00000188B364F200
[2017.02.25-13.43.30:941][  0]LogMaterial: Missing cached shader map for material SplineEditorMeshMat, compiling. 
[2017.02.25-13.43.30:942][  0]LogTemp:Display: Added material ShaderMap 0x00000188B8095D00 with Material 0x00000188B807B700 to ShaderMapsBeingCompiled
[2017.02.25-13.43.30:949][  0]LogTemp:Display: Kicking off shader compilation for SplineEditorMeshMat, GameThreadShaderMap 0x00000188B8095D00
[2017.02.25-13.43.30:963][  0]LogMaterial: Missing cached shader map for material HelpActorMaterial, compiling. 
[2017.02.25-13.43.30:965][  0]LogTemp:Display: Added material ShaderMap 0x00000188B7D13200 with Material 0x00000188B8078B80 to ShaderMapsBeingCompiled
[2017.02.25-13.43.30:990][  0]LogTemp:Display: Kicking off shader compilation for HelpActorMaterial, GameThreadShaderMap 0x00000188B7D13200
[2017.02.25-13.43.31:136][  0]LogNetVersion: GetLocalNetworkVersion: CL: 3299760, ProjectName: shangda_wus_book, ProjectVersion: , EngineNetworkVersion: 2, GameNetworkVersion: 0, NetworkChecksum: 2213960243
[2017.02.25-13.43.31:255][  0]LogInit: WinSock: version 1.1 (2.2), MaxSocks=32767, MaxUdp=65467
[2017.02.25-13.43.32:822][  0]LogMoviePlayer: Initializing movie player
[2017.02.25-13.43.32:896][  0]LogWindowsTextInputMethodSystem:Display: IME system now activated using TSF (微软拼音).
[2017.02.25-13.43.32:897][  0]LogWindowsTextInputMethodSystem:Display: IME system now activated using TSF (微软拼音).
[2017.02.25-13.43.33:073][  0]LogMaterial: Missing cached shader map for material DefaultSpriteMaterial, compiling. 
[2017.02.25-13.43.33:074][  0]LogTemp:Display: Added material ShaderMap 0x00000188B949A780 with Material 0x00000188B94B8E80 to ShaderMapsBeingCompiled
[2017.02.25-13.43.33:089][  0]LogTemp:Display: Kicking off shader compilation for DefaultSpriteMaterial, GameThreadShaderMap 0x00000188B949A780
[2017.02.25-13.43.33:093][  0]LogMaterial: Missing cached shader map for material DefaultSpriteMaterial, compiling. 
[2017.02.25-13.43.33:095][  0]LogTemp:Display: Added material ShaderMap 0x00000188B9435980 with Material 0x00000188B9492E00 to ShaderMapsBeingCompiled
[2017.02.25-13.43.33:103][  0]LogTemp:Display: Kicking off shader compilation for DefaultSpriteMaterial, GameThreadShaderMap 0x00000188B9435980
[2017.02.25-13.43.33:473][  0]LogTcpMessaging: Initializing TcpMessaging bridge
[2017.02.25-13.43.33:536][  0]LogUdpMessaging: Initializing bridge on interface 0.0.0.0:0 to multicast group 230.0.0.1:6666.
[2017.02.25-13.43.33:800][  0]LogMaterial: Missing cached shader map for material DefaultMaterial, compiling. 
[2017.02.25-13.43.33:802][  0]LogTemp:Display: Added material ShaderMap 0x00000188B92FA400 with Material 0x00000188B9381180 to ShaderMapsBeingCompiled
[2017.02.25-13.43.34:022][  0]LogTemp:Display: Kicking off shader compilation for DefaultMaterial, GameThreadShaderMap 0x00000188B92FA400
[2017.02.25-13.43.34:271][  0]SourceControl: 信息 源码控制已禁用
[2017.02.25-13.43.34:271][  0]SourceControl: 信息 源码控制已禁用
[2017.02.25-13.43.34:365][  0]SourceControl: 信息 源码控制已禁用
[2017.02.25-13.43.35:614][  0]LogUObjectArray: 34390 objects as part of root set at end of initial load.
[2017.02.25-13.43.35:614][  0]LogUObjectAllocator: 7635872 out of 0 bytes used by permanent object pool.
[2017.02.25-13.43.35:614][  0]LogUObjectArray: CloseDisregardForGC: 0/0 objects in disregard for GC pool
[2017.02.25-13.43.35:762][  0]LogMaterial: Missing cached shader map for material HighResScreenshot, compiling. 
[2017.02.25-13.43.35:763][  0]LogTemp:Display: Added material ShaderMap 0x00000188B9B4E400 with Material 0x00000188B321FA00 to ShaderMapsBeingCompiled
[2017.02.25-13.43.35:775][  0]LogTemp:Display: Kicking off shader compilation for HighResScreenshot, GameThreadShaderMap 0x00000188B9B4E400
[2017.02.25-13.43.35:778][  0]LogMaterial: Missing cached shader map for material HighResScreenshotMask, compiling. 
[2017.02.25-13.43.35:779][  0]LogTemp:Display: Added material ShaderMap 0x00000188B31E4B80 with Material 0x00000188B321D480 to ShaderMapsBeingCompiled
[2017.02.25-13.43.35:796][  0]LogTemp:Display: Kicking off shader compilation for HighResScreenshotMask, GameThreadShaderMap 0x00000188B31E4B80
[2017.02.25-13.43.35:803][  0]LogMaterial: Missing cached shader map for material HighResScreenshotCaptureRegion, compiling. 
[2017.02.25-13.43.35:804][  0]LogTemp:Display: Added material ShaderMap 0x00000188B317C100 with Material 0x00000188B318F700 to ShaderMapsBeingCompiled
[2017.02.25-13.43.35:808][  0]LogTemp:Display: Kicking off shader compilation for HighResScreenshotCaptureRegion, GameThreadShaderMap 0x00000188B317C100
[2017.02.25-13.43.35:827][  0]LogEngine: Initializing Engine...
[2017.02.25-13.43.35:828][  0]LogHMD: Failed to initialize OpenVR with code 110
[2017.02.25-13.43.35:842][  0]LogMaterial: Missing cached shader map for material WireframeMaterial, compiling. Is special engine material.
[2017.02.25-13.43.35:843][  0]LogTemp:Display: Added material ShaderMap 0x00000188B4ADD980 with Material 0x00000188B318CA00 to ShaderMapsBeingCompiled
[2017.02.25-13.43.35:941][  0]LogTemp:Display: Kicking off shader compilation for WireframeMaterial, GameThreadShaderMap 0x00000188B4ADD980
[2017.02.25-13.43.35:947][  0]LogMaterial: Missing cached shader map for material LevelColorationLitMaterial, compiling. Is special engine material.
[2017.02.25-13.43.35:949][  0]LogTemp:Display: Added material ShaderMap 0x00000188BA873200 with Material 0x00000188BAD26380 to ShaderMapsBeingCompiled
[2017.02.25-13.43.36:512][  0]LogTemp:Display: Kicking off shader compilation for LevelColorationLitMaterial, GameThreadShaderMap 0x00000188BA873200
[2017.02.25-13.43.36:515][  0]LogMaterial: Missing cached shader map for material LevelColorationUnlitMaterial, compiling. Is special engine material.
[2017.02.25-13.43.36:517][  0]LogTemp:Display: Added material ShaderMap 0x00000188C0092400 with Material 0x00000188BE0CC580 to ShaderMapsBeingCompiled
[2017.02.25-13.43.36:586][  0]LogTemp:Display: Kicking off shader compilation for LevelColorationUnlitMaterial, GameThreadShaderMap 0x00000188C0092400
[2017.02.25-13.43.36:601][  0]LogMaterial: Missing cached shader map for material MAT_LevelColorationLitLightmapUV, compiling. Is special engine material.
[2017.02.25-13.43.36:602][  0]LogTemp:Display: Added material ShaderMap 0x00000188BF816E80 with Material 0x00000188C006DD80 to ShaderMapsBeingCompiled
[2017.02.25-13.43.37:158][  0]LogTemp:Display: Kicking off shader compilation for MAT_LevelColorationLitLightmapUV, GameThreadShaderMap 0x00000188BF816E80
[2017.02.25-13.43.37:164][  0]LogMaterial: Missing cached shader map for material ShadedLevelColorationLitMaterial, compiling. Is special engine material.
[2017.02.25-13.43.37:167][  0]LogTemp:Display: Added material ShaderMap 0x00000188C5002400 with Material 0x00000188C27FB280 to ShaderMapsBeingCompiled
[2017.02.25-13.43.37:716][  0]LogTemp:Display: Kicking off shader compilation for ShadedLevelColorationLitMaterial, GameThreadShaderMap 0x00000188C5002400
[2017.02.25-13.43.37:720][  0]LogMaterial: Missing cached shader map for material ShadedLevelColorationUnlitMateri, compiling. Is special engine material.
[2017.02.25-13.43.37:721][  0]LogTemp:Display: Added material ShaderMap 0x00000188C87DE080 with Material 0x00000188C7578880 to ShaderMapsBeingCompiled
[2017.02.25-13.43.37:788][  0]LogTemp:Display: Kicking off shader compilation for ShadedLevelColorationUnlitMateri, GameThreadShaderMap 0x00000188C87DE080
[2017.02.25-13.43.37:791][  0]LogMaterial: Missing cached shader map for material VertexColorMaterial, compiling. 
[2017.02.25-13.43.37:793][  0]LogTemp:Display: Added material ShaderMap 0x00000188CA008100 with Material 0x00000188C4FD1900 to ShaderMapsBeingCompiled
[2017.02.25-13.43.37:878][  0]LogTemp:Display: Kicking off shader compilation for VertexColorMaterial, GameThreadShaderMap 0x00000188CA008100
[2017.02.25-13.43.37:880][  0]LogMaterial: Missing cached shader map for material VertexColorViewMode_ColorOnly, compiling. 
[2017.02.25-13.43.37:882][  0]LogTemp:Display: Added material ShaderMap 0x00000188CA44D280 with Material 0x00000188C9D1B880 to ShaderMapsBeingCompiled
[2017.02.25-13.43.37:890][  0]LogTemp:Display: Kicking off shader compilation for VertexColorViewMode_ColorOnly, GameThreadShaderMap 0x00000188CA44D280
[2017.02.25-13.43.37:892][  0]LogMaterial: Missing cached shader map for material VertexColorViewMode_AlphaAsColor, compiling. 
[2017.02.25-13.43.37:893][  0]LogTemp:Display: Added material ShaderMap 0x00000188CA3F9280 with Material 0x00000188C9D1A380 to ShaderMapsBeingCompiled
[2017.02.25-13.43.37:900][  0]LogTemp:Display: Kicking off shader compilation for VertexColorViewMode_AlphaAsColor, GameThreadShaderMap 0x00000188CA3F9280
[2017.02.25-13.43.37:909][  0]LogMaterial: Missing cached shader map for material VertexColorViewMode_RedOnly, compiling. 
[2017.02.25-13.43.37:911][  0]LogTemp:Display: Added material ShaderMap 0x00000188CB125280 with Material 0x00000188C9D18E80 to ShaderMapsBeingCompiled
[2017.02.25-13.43.37:917][  0]LogTemp:Display: Kicking off shader compilation for VertexColorViewMode_RedOnly, GameThreadShaderMap 0x00000188CB125280
[2017.02.25-13.43.37:919][  0]LogMaterial: Missing cached shader map for material VertexColorViewMode_GreenOnly, compiling. 
[2017.02.25-13.43.37:920][  0]LogTemp:Display: Added material ShaderMap 0x00000188CB0D1280 with Material 0x00000188CB0E7700 to ShaderMapsBeingCompiled
[2017.02.25-13.43.37:927][  0]LogTemp:Display: Kicking off shader compilation for VertexColorViewMode_GreenOnly, GameThreadShaderMap 0x00000188CB0D1280
[2017.02.25-13.43.37:929][  0]LogMaterial: Missing cached shader map for material VertexColorViewMode_BlueOnly, compiling. 
[2017.02.25-13.43.37:930][  0]LogTemp:Display: Added material ShaderMap 0x00000188CB065280 with Material 0x00000188CB0E6200 to ShaderMapsBeingCompiled
[2017.02.25-13.43.37:941][  0]LogTemp:Display: Kicking off shader compilation for VertexColorViewMode_BlueOnly, GameThreadShaderMap 0x00000188CB065280
[2017.02.25-13.43.37:943][  0]LogMaterial: Missing cached shader map for material RemoveSurfaceMaterial, compiling. 
[2017.02.25-13.43.37:944][  0]LogTemp:Display: Added material ShaderMap 0x00000188CAD55980 with Material 0x00000188CB0E5000 to ShaderMapsBeingCompiled
[2017.02.25-13.43.37:947][  0]LogTemp:Display: Kicking off shader compilation for RemoveSurfaceMaterial, GameThreadShaderMap 0x00000188CAD55980
[2017.02.25-13.43.37:949][  0]LogMaterial: Missing cached shader map for material DebugMeshMaterial, compiling. 
[2017.02.25-13.43.37:950][  0]LogTemp:Display: Added material ShaderMap 0x00000188CACE7C80 with Material 0x00000188CAD17880 to ShaderMapsBeingCompiled
[2017.02.25-13.43.37:959][  0]LogTemp:Display: Kicking off shader compilation for DebugMeshMaterial, GameThreadShaderMap 0x00000188CACE7C80
[2017.02.25-13.43.37:964][  0]LogMaterial: Missing cached shader map for material M_InvalidLightmapSettings, compiling. 
[2017.02.25-13.43.37:965][  0]LogTemp:Display: Added material ShaderMap 0x00000188CAC87580 with Material 0x00000188CAD16200 to ShaderMapsBeingCompiled
[2017.02.25-13.43.38:042][  0]LogTemp:Display: Kicking off shader compilation for M_InvalidLightmapSettings, GameThreadShaderMap 0x00000188CAC87580
[2017.02.25-13.43.38:045][  0]LogMaterial: Missing cached shader map for material GizmoMaterial, compiling. 
[2017.02.25-13.43.38:046][  0]LogTemp:Display: Added material ShaderMap 0x00000188CC13DD00 with Material 0x00000188CAD14E80 to ShaderMapsBeingCompiled
[2017.02.25-13.43.38:052][  0]LogTemp:Display: Kicking off shader compilation for GizmoMaterial, GameThreadShaderMap 0x00000188CC13DD00
[2017.02.25-13.43.38:055][  0]LogMaterial: Missing cached shader map for material PhAT_JointLimitMaterial, compiling. 
[2017.02.25-13.43.38:056][  0]LogTemp:Display: Added material ShaderMap 0x00000188CC0E2E80 with Material 0x00000188CC10EF80 to ShaderMapsBeingCompiled
[2017.02.25-13.43.38:064][  0]LogTemp:Display: Kicking off shader compilation for PhAT_JointLimitMaterial, GameThreadShaderMap 0x00000188CC0E2E80
[2017.02.25-13.43.38:094][  0]LogInit: XAudio2 using '扬声器 (Realtek High Definition Audio)' : 2 channels at 48 kHz using 32 bits per sample (channel mask 0x3)
[2017.02.25-13.43.38:126][  0]LogInit: FAudioDevice initialized.
[2017.02.25-13.43.38:147][  0]LogInit: Texture streaming: Enabled
[2017.02.25-13.43.38:149][  0]LogMaterial: Missing cached shader map for material BaseColor, compiling. 
[2017.02.25-13.43.38:150][  0]LogMaterial:Warning: Failed to compile Material /Engine/BufferVisualization/BaseColor.BaseColor for platform PCD3D_ES2, Default Material will be used in game.
[2017.02.25-13.43.38:150][  0]LogMaterial:Warning: 	(Node FeatureLevelSwitch) Feature Level switch missing default input
[2017.02.25-13.43.38:152][  0]LogMaterial: Missing cached shader map for material CustomDepth, compiling. 
[2017.02.25-13.43.38:153][  0]LogTemp:Display: Added material ShaderMap 0x00000188CC076400 with Material 0x00000188CBD6E380 to ShaderMapsBeingCompiled
[2017.02.25-13.43.38:156][  0]LogTemp:Display: Kicking off shader compilation for CustomDepth, GameThreadShaderMap 0x00000188CC076400
[2017.02.25-13.43.38:166][  0]LogMaterial: Uniform references updated for custom material expression Custom.
[2017.02.25-13.43.38:174][  0]LogMaterial: Missing cached shader map for material CustomStencil, compiling. 
[2017.02.25-13.43.38:175][  0]LogTemp:Display: Added material ShaderMap 0x00000188A587CF00 with Material 0x00000188CBD6CA00 to ShaderMapsBeingCompiled
[2017.02.25-13.43.38:180][  0]LogTemp:Display: Kicking off shader compilation for CustomStencil, GameThreadShaderMap 0x00000188A587CF00
[2017.02.25-13.43.38:182][  0]LogMaterial: Missing cached shader map for material FinalImage, compiling. 
[2017.02.25-13.43.38:183][  0]LogTemp:Display: Added material ShaderMap 0x00000188A587F200 with Material 0x00000188A663E380 to ShaderMapsBeingCompiled
[2017.02.25-13.43.38:187][  0]LogTemp:Display: Kicking off shader compilation for FinalImage, GameThreadShaderMap 0x00000188A587F200
[2017.02.25-13.43.38:190][  0]LogMaterial: Missing cached shader map for material LightingModel, compiling. 
[2017.02.25-13.43.38:193][  0]LogTemp:Display: Added material ShaderMap 0x00000188A5936780 with Material 0x00000188A663CA00 to ShaderMapsBeingCompiled
[2017.02.25-13.43.38:197][  0]LogTemp:Display: Kicking off shader compilation for LightingModel, GameThreadShaderMap 0x00000188A5936780
[2017.02.25-13.43.38:199][  0]LogMaterial: Missing cached shader map for material MaterialAO, compiling. 
[2017.02.25-13.43.38:200][  0]LogTemp:Display: Added material ShaderMap 0x00000188A5934480 with Material 0x00000188A586CE80 to ShaderMapsBeingCompiled
[2017.02.25-13.43.38:209][  0]LogTemp:Display: Kicking off shader compilation for MaterialAO, GameThreadShaderMap 0x00000188A5934480
[2017.02.25-13.43.38:211][  0]LogMaterial: Missing cached shader map for material Metallic, compiling. 
[2017.02.25-13.43.38:212][  0]LogTemp:Display: Added material ShaderMap 0x00000188A88AA080 with Material 0x00000188A88B6980 to ShaderMapsBeingCompiled
[2017.02.25-13.43.38:216][  0]LogTemp:Display: Kicking off shader compilation for Metallic, GameThreadShaderMap 0x00000188A88AA080
[2017.02.25-13.43.38:218][  0]LogMaterial: Missing cached shader map for material Opacity, compiling. 
[2017.02.25-13.43.38:219][  0]LogTemp:Display: Added material ShaderMap 0x00000188A8937C80 with Material 0x00000188A88B5300 to ShaderMapsBeingCompiled
[2017.02.25-13.43.38:222][  0]LogTemp:Display: Kicking off shader compilation for Opacity, GameThreadShaderMap 0x00000188A8937C80
[2017.02.25-13.43.38:224][  0]LogMaterial: Missing cached shader map for material Roughness, compiling. 
[2017.02.25-13.43.38:225][  0]LogTemp:Display: Added material ShaderMap 0x00000188A8935980 with Material 0x00000188A8A23700 to ShaderMapsBeingCompiled
[2017.02.25-13.43.38:229][  0]LogTemp:Display: Kicking off shader compilation for Roughness, GameThreadShaderMap 0x00000188A8935980
[2017.02.25-13.43.38:231][  0]LogMaterial: Missing cached shader map for material SceneColor, compiling. 
[2017.02.25-13.43.38:232][  0]LogTemp:Display: Added material ShaderMap 0x00000188A8AA7580 with Material 0x00000188A8A21D80 to ShaderMapsBeingCompiled
[2017.02.25-13.43.38:241][  0]LogTemp:Display: Kicking off shader compilation for SceneColor, GameThreadShaderMap 0x00000188A8AA7580
[2017.02.25-13.43.38:245][  0]LogMaterial: Missing cached shader map for material SceneDepth, compiling. 
[2017.02.25-13.43.38:246][  0]LogTemp:Display: Added material ShaderMap 0x00000188A8AA4F00 with Material 0x00000188A8A20580 to ShaderMapsBeingCompiled
[2017.02.25-13.43.38:251][  0]LogTemp:Display: Kicking off shader compilation for SceneDepth, GameThreadShaderMap 0x00000188A8AA4F00
[2017.02.25-13.43.38:253][  0]LogMaterial: Missing cached shader map for material SeparateTranslucencyRGB, compiling. 
[2017.02.25-13.43.38:254][  0]LogTemp:Display: Added material ShaderMap 0x00000188A5AFAB00 with Material 0x00000188A5B16980 to ShaderMapsBeingCompiled
[2017.02.25-13.43.38:258][  0]LogTemp:Display: Kicking off shader compilation for SeparateTranslucencyRGB, GameThreadShaderMap 0x00000188A5AFAB00
[2017.02.25-13.43.38:260][  0]LogMaterial: Missing cached shader map for material SeparateTranslucencyA, compiling. 
[2017.02.25-13.43.38:261][  0]LogTemp:Display: Added material ShaderMap 0x00000188A5AF8800 with Material 0x00000188A5B15180 to ShaderMapsBeingCompiled
[2017.02.25-13.43.38:265][  0]LogTemp:Display: Kicking off shader compilation for SeparateTranslucencyA, GameThreadShaderMap 0x00000188A5AF8800
[2017.02.25-13.43.38:272][  0]LogMaterial: Missing cached shader map for material Specular, compiling. 
[2017.02.25-13.43.38:274][  0]LogMaterial:Warning: Failed to compile Material /Engine/BufferVisualization/Specular.Specular for platform PCD3D_ES2, Default Material will be used in game.
[2017.02.25-13.43.38:274][  0]LogMaterial:Warning: 	(Node FeatureLevelSwitch) Feature Level switch missing default input
[2017.02.25-13.43.38:280][  0]LogMaterial: Missing cached shader map for material SubsurfaceColor, compiling. 
[2017.02.25-13.43.38:281][  0]LogTemp:Display: Added material ShaderMap 0x00000188A684DD00 with Material 0x00000188A6872200 to ShaderMapsBeingCompiled
[2017.02.25-13.43.38:286][  0]LogTemp:Display: Kicking off shader compilation for SubsurfaceColor, GameThreadShaderMap 0x00000188A684DD00
[2017.02.25-13.43.38:289][  0]LogMaterial: Missing cached shader map for material WorldNormal, compiling. 
[2017.02.25-13.43.38:289][  0]LogTemp:Display: Added material ShaderMap 0x00000188CBD33580 with Material 0x00000188A6870880 to ShaderMapsBeingCompiled
[2017.02.25-13.43.38:293][  0]LogTemp:Display: Kicking off shader compilation for WorldNormal, GameThreadShaderMap 0x00000188CBD33580
[2017.02.25-13.43.38:295][  0]LogMaterial: Missing cached shader map for material AmbientOcclusion, compiling. 
[2017.02.25-13.43.38:296][  0]LogTemp:Display: Added material ShaderMap 0x00000188CBD31280 with Material 0x00000188CBD1EE00 to ShaderMapsBeingCompiled
[2017.02.25-13.43.38:310][  0]LogTemp:Display: Kicking off shader compilation for AmbientOcclusion, GameThreadShaderMap 0x00000188CBD31280
[2017.02.25-13.43.38:315][  0]LogMaterial: Missing cached shader map for material CustomDepthWorldUnits, compiling. 
[2017.02.25-13.43.38:315][  0]LogTemp:Display: Added material ShaderMap 0x00000188CBCB8800 with Material 0x00000188CBD1D780 to ShaderMapsBeingCompiled
[2017.02.25-13.43.38:320][  0]LogTemp:Display: Kicking off shader compilation for CustomDepthWorldUnits, GameThreadShaderMap 0x00000188CBCB8800
[2017.02.25-13.43.38:322][  0]LogMaterial: Missing cached shader map for material SceneDepthWorldUnits, compiling. 
[2017.02.25-13.43.38:323][  0]LogTemp:Display: Added material ShaderMap 0x00000188CBC52080 with Material 0x00000188CBC67100 to ShaderMapsBeingCompiled
[2017.02.25-13.43.38:327][  0]LogTemp:Display: Kicking off shader compilation for SceneDepthWorldUnits, GameThreadShaderMap 0x00000188CBC52080
[2017.02.25-13.43.38:329][  0]LogMaterial: Missing cached shader map for material PreTonemapHDRColor, compiling. 
[2017.02.25-13.43.38:330][  0]LogTemp:Display: Added material ShaderMap 0x00000188CBBEB580 with Material 0x00000188CBC65600 to ShaderMapsBeingCompiled
[2017.02.25-13.43.38:341][  0]LogTemp:Display: Kicking off shader compilation for PreTonemapHDRColor, GameThreadShaderMap 0x00000188CBBEB580
[2017.02.25-13.43.38:345][  0]LogMaterial: Missing cached shader map for material PostTonemapHDRColor, compiling. 
[2017.02.25-13.43.38:346][  0]LogTemp:Display: Added material ShaderMap 0x00000188CBBE8B80 with Material 0x00000188CBBA7880 to ShaderMapsBeingCompiled
[2017.02.25-13.43.38:350][  0]LogTemp:Display: Kicking off shader compilation for PostTonemapHDRColor, GameThreadShaderMap 0x00000188CBBE8B80
[2017.02.25-13.43.38:917][  0]LogInit:Display: Game Engine Initialized.
[2017.02.25-13.43.39:248][  0]LogInit:Display: Starting Game.
[2017.02.25-13.43.39:248][  0]LogNet: Browse: /Temp/Autosaves/Game/UEDPCShangda_Wus_Book_Main_Scenes?Name=Player
[2017.02.25-13.43.39:248][  0]LogLoad: LoadMap: /Temp/Autosaves/Game/UEDPCShangda_Wus_Book_Main_Scenes?Name=Player
[2017.02.25-13.43.39:299][  0]LogMemory: Platform Memory Stats for Windows
[2017.02.25-13.43.39:299][  0]LogMemory: Process Physical Memory: 966.08 MB used, 990.53 MB peak
[2017.02.25-13.43.39:299][  0]LogMemory: Process Virtual Memory: 1013.65 MB used, 1013.66 MB peak
[2017.02.25-13.43.39:299][  0]LogMemory: Physical Memory: 8554.99 MB used,  7645.92 MB free, 16200.91 MB total
[2017.02.25-13.43.39:299][  0]LogMemory: Virtual Memory: 1591.73 MB used,  7645.92 MB free, 134217728.00 MB total
[2017.02.25-13.43.39:299][  0]LogMemory: 
[2017.02.25-13.43.39:299][  0]Allocator Stats for TBB: (not implemented)
[2017.02.25-13.43.39:548][  0]LogMaterial: Missing cached shader map for material M_Sky_Panning_Clouds2, compiling. 
[2017.02.25-13.43.39:550][  0]LogTemp:Display: Added material ShaderMap 0x00000188CD96BC80 with Material 0x00000188CB8BAF80 to ShaderMapsBeingCompiled
[2017.02.25-13.43.39:553][  0]LogTemp:Display: Kicking off shader compilation for M_Sky_Panning_Clouds2, GameThreadShaderMap 0x00000188CD96BC80
[2017.02.25-13.43.39:809][  0]LogAIModule: Creating AISystem for world Shangda_Wus_Book_Main_Scenes
[2017.02.25-13.43.39:810][  0]LogLoad: Game class is 'GameMode'
[2017.02.25-13.43.39:814][  0]LogWorld: Bringing World /Temp/Autosaves/Game/UEDPCShangda_Wus_Book_Main_Scenes.Shangda_Wus_Book_Main_Scenes up for play (max tick rate 0) at 2017.02.25-21.43.39
[2017.02.25-13.43.39:815][  0]LogWorld: Bringing up level for play took: 0.003495
[2017.02.25-13.43.39:816][  0]LogGameMode:Display: Match State Changed from EnteringMap to WaitingToStart
[2017.02.25-13.43.39:816][  0]LogGameState: Match State Changed from EnteringMap to WaitingToStart
[2017.02.25-13.43.39:816][  0]LogGameMode:Display: Match State Changed from WaitingToStart to InProgress
[2017.02.25-13.43.39:817][  0]LogGameState: Match State Changed from WaitingToStart to InProgress
[2017.02.25-13.43.39:817][  0]LogLoad: Took 0.568728 seconds to LoadMap(/Temp/Autosaves/Game/UEDPCShangda_Wus_Book_Main_Scenes)
[2017.02.25-13.43.43:249][  0]LogRenderer: Reallocating scene render targets to support 640x960 NumSamples 1 (Frame:2).
[2017.02.25-13.43.43:250][  0]LogLoad: (Engine Initialization) Total time: 20.56 seconds
[2017.02.25-13.43.43:250][  0]LogLoad: (Engine Initialization) Total Blueprint compile time: 0.18 seconds
[2017.02.25-13.43.43:250][  0]LogExternalProfiler: No external profilers were discovered.  External profiling features will not be available.
[2017.02.25-13.43.43:268][  0]LogOcInput: OculusInput pre-init called
[2017.02.25-13.43.46:606][  5]LogTemp:Display: Finished compile of shader map 0x00000188ADB61600
[2017.02.25-13.43.46:606][  5]LogTemp:Display: Shader map FloorPlaneMaterial complete, GameThreadShaderMap 0x00000188ADB61600, marking material FloorPlaneMaterial as finished
[2017.02.25-13.43.46:606][  5]LogTemp:Display: Marking material as finished 0x00000188ADF6EC80
[2017.02.25-13.43.53:927][432]LogWindowsTextInputMethodSystem:Display: IME system now activated using TSF (微软拼音).
[2017.02.25-13.43.53:928][432]LogWindowsTextInputMethodSystem:Display: IME system now activated using TSF (微软拼音).
[2017.02.25-13.43.53:928][432]LogWindowsTextInputMethodSystem:Display: IME system now activated using TSF (微软拼音).
[2017.02.25-13.43.53:928][432]LogWindowsTextInputMethodSystem:Display: IME system now activated using TSF (微软拼音).
[2017.02.25-13.43.53:933][432]LogEngine: All Windows Closed
[2017.02.25-13.43.53:933][432]LogWindows: FPlatformMisc::RequestExit(0)
[2017.02.25-13.43.53:933][433]LogMoviePlayer: Shutting down movie player
[2017.02.25-13.43.54:836][433]LogExit: Preparing to exit.
[2017.02.25-13.43.55:711][433]LogTemp:Display: Removed shader map 0x00000188B364F200 from material 0x00000188B3663D00
[2017.02.25-13.43.55:711][433]LogTemp:Display: Removed shader map 0x00000188B8095D00 from material 0x00000188B807B700
[2017.02.25-13.43.55:711][433]LogTemp:Display: Removed shader map 0x00000188B7D13200 from material 0x00000188B8078B80
[2017.02.25-13.43.55:713][433]LogTemp:Display: Removed shader map 0x00000188B949A780 from material 0x00000188B94B8E80
[2017.02.25-13.43.55:713][433]LogTemp:Display: Removed shader map 0x00000188B9435980 from material 0x00000188B9492E00
[2017.02.25-13.43.55:713][433]LogTemp:Display: Removed shader map 0x00000188B92FA400 from material 0x00000188B9381180
[2017.02.25-13.43.55:714][433]LogTemp:Display: Removed shader map 0x00000188B9B4E400 from material 0x00000188B321FA00
[2017.02.25-13.43.55:714][433]LogTemp:Display: Removed shader map 0x00000188B31E4B80 from material 0x00000188B321D480
[2017.02.25-13.43.55:714][433]LogTemp:Display: Removed shader map 0x00000188B317C100 from material 0x00000188B318F700
[2017.02.25-13.43.55:714][433]LogExit: Game engine shut down
[2017.02.25-13.43.55:714][433]LogTemp:Display: Removed shader map 0x00000188B4ADD980 from material 0x00000188B318CA00
[2017.02.25-13.43.55:714][433]LogTemp:Display: Removed shader map 0x00000188BA873200 from material 0x00000188BAD26380
[2017.02.25-13.43.55:714][433]LogTemp:Display: Removed shader map 0x00000188C0092400 from material 0x00000188BE0CC580
[2017.02.25-13.43.55:714][433]LogTemp:Display: Removed shader map 0x00000188BF816E80 from material 0x00000188C006DD80
[2017.02.25-13.43.55:714][433]LogTemp:Display: Removed shader map 0x00000188C5002400 from material 0x00000188C27FB280
[2017.02.25-13.43.55:714][433]LogTemp:Display: Removed shader map 0x00000188C87DE080 from material 0x00000188C7578880
[2017.02.25-13.43.55:714][433]LogTemp:Display: Removed shader map 0x00000188CA008100 from material 0x00000188C4FD1900
[2017.02.25-13.43.55:714][433]LogTemp:Display: Removed shader map 0x00000188CA44D280 from material 0x00000188C9D1B880
[2017.02.25-13.43.55:714][433]LogTemp:Display: Removed shader map 0x00000188CA3F9280 from material 0x00000188C9D1A380
[2017.02.25-13.43.55:714][433]LogTemp:Display: Removed shader map 0x00000188CB125280 from material 0x00000188C9D18E80
[2017.02.25-13.43.55:714][433]LogTemp:Display: Removed shader map 0x00000188CB0D1280 from material 0x00000188CB0E7700
[2017.02.25-13.43.55:714][433]LogTemp:Display: Removed shader map 0x00000188CB065280 from material 0x00000188CB0E6200
[2017.02.25-13.43.55:714][433]LogTemp:Display: Removed shader map 0x00000188CAD55980 from material 0x00000188CB0E5000
[2017.02.25-13.43.55:714][433]LogTemp:Display: Removed shader map 0x00000188CACE7C80 from material 0x00000188CAD17880
[2017.02.25-13.43.55:714][433]LogTemp:Display: Removed shader map 0x00000188CAC87580 from material 0x00000188CAD16200
[2017.02.25-13.43.55:714][433]LogTemp:Display: Removed shader map 0x00000188CC13DD00 from material 0x00000188CAD14E80
[2017.02.25-13.43.55:714][433]LogTemp:Display: Removed shader map 0x00000188CC0E2E80 from material 0x00000188CC10EF80
[2017.02.25-13.43.55:714][433]LogTemp:Display: Removed shader map 0x00000188CC076400 from material 0x00000188CBD6E380
[2017.02.25-13.43.55:714][433]LogTemp:Display: Removed shader map 0x00000188A587CF00 from material 0x00000188CBD6CA00
[2017.02.25-13.43.55:715][433]LogTemp:Display: Removed shader map 0x00000188A587F200 from material 0x00000188A663E380
[2017.02.25-13.43.55:715][433]LogTemp:Display: Removed shader map 0x00000188A5936780 from material 0x00000188A663CA00
[2017.02.25-13.43.55:715][433]LogTemp:Display: Removed shader map 0x00000188A5934480 from material 0x00000188A586CE80
[2017.02.25-13.43.55:715][433]LogTemp:Display: Removed shader map 0x00000188A88AA080 from material 0x00000188A88B6980
[2017.02.25-13.43.55:715][433]LogTemp:Display: Removed shader map 0x00000188A8937C80 from material 0x00000188A88B5300
[2017.02.25-13.43.55:715][433]LogTemp:Display: Removed shader map 0x00000188A8935980 from material 0x00000188A8A23700
[2017.02.25-13.43.55:715][433]LogTemp:Display: Removed shader map 0x00000188A8AA7580 from material 0x00000188A8A21D80
[2017.02.25-13.43.55:715][433]LogTemp:Display: Removed shader map 0x00000188A8AA4F00 from material 0x00000188A8A20580
[2017.02.25-13.43.55:715][433]LogTemp:Display: Removed shader map 0x00000188A5AFAB00 from material 0x00000188A5B16980
[2017.02.25-13.43.55:715][433]LogTemp:Display: Removed shader map 0x00000188A5AF8800 from material 0x00000188A5B15180
[2017.02.25-13.43.55:715][433]LogTemp:Display: Removed shader map 0x00000188A684DD00 from material 0x00000188A6872200
[2017.02.25-13.43.55:715][433]LogTemp:Display: Removed shader map 0x00000188CBD33580 from material 0x00000188A6870880
[2017.02.25-13.43.55:715][433]LogTemp:Display: Removed shader map 0x00000188CBD31280 from material 0x00000188CBD1EE00
[2017.02.25-13.43.55:715][433]LogTemp:Display: Removed shader map 0x00000188CBCB8800 from material 0x00000188CBD1D780
[2017.02.25-13.43.55:715][433]LogTemp:Display: Removed shader map 0x00000188CBC52080 from material 0x00000188CBC67100
[2017.02.25-13.43.55:715][433]LogTemp:Display: Removed shader map 0x00000188CBBEB580 from material 0x00000188CBC65600
[2017.02.25-13.43.55:715][433]LogTemp:Display: Removed shader map 0x00000188CBBE8B80 from material 0x00000188CBBA7880
[2017.02.25-13.43.55:716][433]LogTemp:Display: Removed shader map 0x00000188CD96BC80 from material 0x00000188CB8BAF80
[2017.02.25-13.43.55:811][433]LogObj: Freed 0b from 0 cluster array pools.
[2017.02.25-13.43.55:811][433]LogExit: Object subsystem successfully closed.
[2017.02.25-13.43.55:823][433]LogD3D11RHI: Shutdown
[2017.02.25-13.43.55:823][433]LogD3D11RHI: CleanupD3DDevice
[2017.02.25-13.43.55:900][433]LogD3D11RHI: ~FD3D11DynamicRHI
[2017.02.25-13.43.55:908][433]LogModuleManager: Shutting down and abandoning module SequenceRecorderSections (262)
[2017.02.25-13.43.55:908][433]LogModuleManager: Shutting down and abandoning module SequenceRecorder (260)
[2017.02.25-13.43.55:908][433]LogModuleManager: Shutting down and abandoning module AutomationController (258)
[2017.02.25-13.43.55:908][433]LogModuleManager: Shutting down and abandoning module AutomationWorker (256)
[2017.02.25-13.43.55:908][433]LogModuleManager: Shutting down and abandoning module AIModule (254)
[2017.02.25-13.43.55:908][433]LogModuleManager: Shutting down and abandoning module GameplayDebugger (253)
[2017.02.25-13.43.55:908][433]LogModuleManager: Shutting down and abandoning module AITestSuite (251)
[2017.02.25-13.43.55:908][433]LogModuleManager: Shutting down and abandoning module WmfMediaFactory (248)
[2017.02.25-13.43.55:908][433]LogModuleManager: Shutting down and abandoning module MfMediaFactory (246)
[2017.02.25-13.43.55:908][433]LogModuleManager: Shutting down and abandoning module AvfMediaFactory (244)
[2017.02.25-13.43.55:908][433]LogModuleManager: Shutting down and abandoning module AndroidMediaFactory (242)
[2017.02.25-13.43.55:908][433]LogModuleManager: Shutting down and abandoning module Media (241)
[2017.02.25-13.43.55:908][433]LogModuleManager: Shutting down and abandoning module CharacterAI (238)
[2017.02.25-13.43.55:908][433]LogModuleManager: Shutting down and abandoning module SessionServices (236)
[2017.02.25-13.43.55:908][433]LogModuleManager: Shutting down and abandoning module MovieSceneCapture (234)
[2017.02.25-13.43.55:908][433]LogModuleManager: Shutting down and abandoning module GeometryCache (232)
[2017.02.25-13.43.55:908][433]LogModuleManager: Shutting down and abandoning module GeometryCacheEd (231)
[2017.02.25-13.43.55:908][433]LogModuleManager: Shutting down and abandoning module Niagara (228)
[2017.02.25-13.43.55:908][433]LogModuleManager: Shutting down and abandoning module StreamingPauseRendering (226)
[2017.02.25-13.43.55:908][433]LogModuleManager: Shutting down and abandoning module PortalServices (224)
[2017.02.25-13.43.55:908][433]LogModuleManager: Shutting down and abandoning module PortalRpc (222)
[2017.02.25-13.43.55:908][433]LogModuleManager: Shutting down and abandoning module MessagingRpc (220)
[2017.02.25-13.43.55:908][433]LogModuleManager: Shutting down and abandoning module ProfilerService (218)
[2017.02.25-13.43.56:006][433]LogModuleManager: Shutting down and abandoning module TaskGraph (216)
[2017.02.25-13.43.56:006][433]LogModuleManager: Shutting down and abandoning module SteamVRController (214)
[2017.02.25-13.43.56:006][433]LogModuleManager: Shutting down and abandoning module SteamVR (212)
[2017.02.25-13.43.56:006][433]LogModuleManager: Shutting down and abandoning module ProceduralMeshComponent (210)
[2017.02.25-13.43.56:006][433]LogModuleManager: Shutting down and abandoning module OculusLibrary (208)
[2017.02.25-13.43.56:006][433]LogModuleManager: Shutting down and abandoning module OculusInput (206)
[2017.02.25-13.43.56:006][433]LogModuleManager: Shutting down and abandoning module MobilePatchingUtils (204)
[2017.02.25-13.43.56:006][433]LogModuleManager: Shutting down and abandoning module CustomMeshComponent (202)
[2017.02.25-13.43.56:006][433]LogModuleManager: Shutting down and abandoning module CableComponent (200)
[2017.02.25-13.43.56:006][433]LogModuleManager: Shutting down and abandoning module ArchVisCharacter (198)
[2017.02.25-13.43.56:006][433]LogModuleManager: Shutting down and abandoning module HTML5Networking (194)
[2017.02.25-13.43.56:006][433]LogModuleManager: Shutting down and abandoning module VisualStudioSourceCodeAccess (192)
[2017.02.25-13.43.56:006][433]LogModuleManager: Shutting down and abandoning module DesktopPlatform (191)
[2017.02.25-13.43.56:006][433]LogModuleManager: Shutting down and abandoning module HotReload (189)
[2017.02.25-13.43.56:006][433]LogModuleManager: Shutting down and abandoning module DirectoryWatcher (188)
[2017.02.25-13.43.56:006][433]LogModuleManager: Shutting down and abandoning module UObjectPlugin (184)
[2017.02.25-13.43.56:006][433]LogModuleManager: Shutting down and abandoning module SubversionSourceControl (182)
[2017.02.25-13.43.56:006][433]LogModuleManager: Shutting down and abandoning module PerforceSourceControl (180)
[2017.02.25-13.43.56:006][433]LogModuleManager: Shutting down and abandoning module SourceControl (179)
[2017.02.25-13.43.56:006][433]LogModuleManager: Shutting down and abandoning module PhysXVehiclesEditor (176)
[2017.02.25-13.43.56:006][433]LogModuleManager: Shutting down and abandoning module PhysXVehicles (174)
[2017.02.25-13.43.56:006][433]LogModuleManager: Shutting down and abandoning module LocationServicesBPLibrary (172)
[2017.02.25-13.43.56:006][433]LogModuleManager: Shutting down and abandoning module UdpMessaging (170)
[2017.02.25-13.43.56:107][433]LogModuleManager: Shutting down and abandoning module TcpMessaging (168)
[2017.02.25-13.43.56:480][433]LogModuleManager: Shutting down and abandoning module GameplayTagsEditor (166)
[2017.02.25-13.43.56:480][433]LogModuleManager: Shutting down and abandoning module FacialAnimation (164)
[2017.02.25-13.43.56:480][433]LogModuleManager: Shutting down and abandoning module LightPropagationVolumeRuntime (162)
[2017.02.25-13.43.56:480][433]LogModuleManager: Shutting down and abandoning module Paper2D (160)
[2017.02.25-13.43.56:480][433]LogModuleManager: Shutting down and abandoning module WindowsMoviePlayer (158)
[2017.02.25-13.43.56:480][433]LogModuleManager: Shutting down and abandoning module WmfMedia (156)
[2017.02.25-13.43.56:480][433]LogModuleManager: Shutting down and abandoning module MfMedia (154)
[2017.02.25-13.43.56:480][433]LogModuleManager: Shutting down and abandoning module MediaAssets (152)
[2017.02.25-13.43.56:480][433]LogModuleManager: Shutting down and abandoning module GameLiveStreaming (150)
[2017.02.25-13.43.56:480][433]LogModuleManager: Shutting down and abandoning module VREditor (148)
[2017.02.25-13.43.56:480][433]LogModuleManager: Shutting down and abandoning module GameplayTasksEditor (146)
[2017.02.25-13.43.56:480][433]LogModuleManager: Shutting down and abandoning module BehaviorTreeEditor (144)
[2017.02.25-13.43.56:480][433]LogModuleManager: Shutting down and abandoning module FunctionalTesting (142)
[2017.02.25-13.43.56:480][433]LogModuleManager: Shutting down and abandoning module CollisionAnalyzer (140)
[2017.02.25-13.43.56:480][433]LogModuleManager: Shutting down and abandoning module UMG (138)
[2017.02.25-13.43.56:480][433]LogModuleManager: Shutting down and abandoning module UMGEditor (137)
[2017.02.25-13.43.56:480][433]LogModuleManager: Shutting down and abandoning module Sequencer (136)
[2017.02.25-13.43.56:480][433]LogModuleManager: Shutting down and abandoning module AssetTools (134)
[2017.02.25-13.43.56:481][433]LogModuleManager: Shutting down and abandoning module MessageLog (133)
[2017.02.25-13.43.56:481][433]LogModuleManager: Shutting down and abandoning module WorkspaceMenuStructure (132)
[2017.02.25-13.43.56:481][433]LogModuleManager: Shutting down and abandoning module SlateReflector (126)
[2017.02.25-13.43.56:481][433]LogModuleManager: Shutting down and abandoning module Slate (124)
[2017.02.25-13.43.56:481][433]LogModuleManager: Shutting down and abandoning module EditorStyle (122)
[2017.02.25-13.43.56:485][433]LogModuleManager: Shutting down and abandoning module Messaging (120)
[2017.02.25-13.43.56:485][433]LogModuleManager: Shutting down and abandoning module SourceCodeAccess (118)
[2017.02.25-13.43.56:485][433]LogModuleManager: Shutting down and abandoning module HeadMountedDisplay (116)
[2017.02.25-13.43.56:485][433]LogModuleManager: Shutting down and abandoning module XAudio2 (114)
[2017.02.25-13.43.56:485][433]LogModuleManager: Shutting down and abandoning module Networking (112)
[2017.02.25-13.43.56:485][433]LogModuleManager: Shutting down and abandoning module Core (108)
[2017.02.25-13.43.56:485][433]LogModuleManager: Shutting down and abandoning module KismetCompiler (106)
[2017.02.25-13.43.56:485][433]LogModuleManager: Shutting down and abandoning module PhysXFormats (104)
[2017.02.25-13.43.56:485][433]LogModuleManager: Shutting down and abandoning module MeshUtilities (102)
[2017.02.25-13.43.56:485][433]LogModuleManager: Shutting down and abandoning module SimplygonSwarm (101)
[2017.02.25-13.43.56:485][433]LogModuleManager: Shutting down and abandoning module SimplygonMeshReduction (99)
[2017.02.25-13.43.56:485][433]LogModuleManager: Shutting down and abandoning module QuadricMeshReduction (97)
[2017.02.25-13.43.56:485][433]LogModuleManager: Shutting down and abandoning module PropertyEditor (95)
[2017.02.25-13.43.56:485][433]LogModuleManager: Shutting down and abandoning module AssetRegistry (92)
[2017.02.25-13.43.56:485][433]LogModuleManager: Shutting down and abandoning module DerivedDataCache (90)
[2017.02.25-13.43.56:939][433]LogDerivedDataCache: Shutdown
[2017.02.25-13.43.56:939][433]LogModuleManager: Shutting down and abandoning module TargetPlatform (88)
[2017.02.25-13.43.56:939][433]LogModuleManager: Shutting down and abandoning module VulkanShaderFormat (87)
[2017.02.25-13.43.56:940][433]LogModuleManager: Shutting down and abandoning module ShaderFormatOpenGL (85)
[2017.02.25-13.43.56:940][433]LogModuleManager: Shutting down and abandoning module ShaderFormatD3D (83)
[2017.02.25-13.43.56:940][433]LogModuleManager: Shutting down and abandoning module MetalShaderFormat (81)
[2017.02.25-13.43.56:940][433]LogModuleManager: Shutting down and abandoning module TextureFormatUncompressed (79)
[2017.02.25-13.43.56:940][433]LogModuleManager: Shutting down and abandoning module TextureFormatPVR (77)
[2017.02.25-13.43.56:940][433]LogModuleManager: Shutting down and abandoning module TextureFormatDXT (75)
[2017.02.25-13.43.56:940][433]LogModuleManager: Shutting down and abandoning module TextureFormatIntelISPCTexComp (73)
[2017.02.25-13.43.56:940][433]LogModuleManager: Shutting down and abandoning module TextureFormatASTC (71)
[2017.02.25-13.43.56:940][433]LogModuleManager: Shutting down and abandoning module ImageWrapper (70)
[2017.02.25-13.43.56:940][433]LogModuleManager: Shutting down and abandoning module TextureFormatAndroid (67)
[2017.02.25-13.43.56:940][433]LogModuleManager: Shutting down and abandoning module AudioFormatOpus (65)
[2017.02.25-13.43.56:940][433]LogModuleManager: Shutting down and abandoning module AudioFormatOgg (63)
[2017.02.25-13.43.56:940][433]LogModuleManager: Shutting down and abandoning module AudioFormatADPCM (61)
[2017.02.25-13.43.56:940][433]LogModuleManager: Shutting down and abandoning module WindowsTargetPlatform (59)
[2017.02.25-13.43.56:940][433]LogModuleManager: Shutting down and abandoning module WindowsServerTargetPlatform (57)
[2017.02.25-13.43.56:940][433]LogModuleManager: Shutting down and abandoning module WindowsNoEditorTargetPlatform (55)
[2017.02.25-13.43.56:940][433]LogModuleManager: Shutting down and abandoning module WindowsClientTargetPlatform (53)
[2017.02.25-13.43.56:940][433]LogModuleManager: Shutting down and abandoning module InputCore (50)
[2017.02.25-13.43.56:940][433]LogModuleManager: Shutting down and abandoning module Settings (48)
[2017.02.25-13.43.56:940][433]LogModuleManager: Shutting down and abandoning module OculusRift (46)
[2017.02.25-13.43.56:940][433]LogModuleManager: Shutting down and abandoning module ExampleDeviceProfileSelector (44)
[2017.02.25-13.43.56:940][433]LogModuleManager: Shutting down and abandoning module OnlineBlueprintSupport (42)
[2017.02.25-13.43.56:940][433]LogModuleManager: Shutting down and abandoning module OnlineSubsystem (38)
[2017.02.25-13.43.56:940][433]LogOnline:Display: Unloading online subsystem: NULL
[2017.02.25-13.43.56:940][433]LogModuleManager: Shutting down and abandoning module XMPP (37)
[2017.02.25-13.43.56:940][433]LogModuleManager: Shutting down and abandoning module HTTP (35)
[2017.02.25-13.43.56:966][433]LogModuleManager: Shutting down and abandoning module SSL (34)
[2017.02.25-13.43.56:969][433]LogModuleManager: Shutting down and abandoning module AudioEditor (30)
[2017.02.25-13.43.56:969][433]LogModuleManager: Shutting down and abandoning module TextureCompressor (28)
[2017.02.25-13.43.56:970][433]LogModuleManager: Shutting down and abandoning module ShaderCore (26)
[2017.02.25-13.43.56:970][433]LogModuleManager: Shutting down and abandoning module Landscape (24)
[2017.02.25-13.43.56:970][433]LogModuleManager: Shutting down and abandoning module SlateRHIRenderer (22)
[2017.02.25-13.43.56:971][433]LogModuleManager: Shutting down and abandoning module OpenGLDrv (20)
[2017.02.25-13.43.56:971][433]LogModuleManager: Shutting down and abandoning module D3D11RHI (18)
[2017.02.25-13.43.56:971][433]LogModuleManager: Shutting down and abandoning module AnimGraphRuntime (16)
[2017.02.25-13.43.56:971][433]LogModuleManager: Shutting down and abandoning module Renderer (14)
[2017.02.25-13.43.56:971][433]LogModuleManager: Shutting down and abandoning module Engine (12)
[2017.02.25-13.43.56:971][433]LogModuleManager: Shutting down and abandoning module CoreUObject (10)
[2017.02.25-13.43.56:971][433]LogModuleManager: Shutting down and abandoning module NetworkFile (8)
[2017.02.25-13.43.56:971][433]LogModuleManager: Shutting down and abandoning module StreamingFile (6)
[2017.02.25-13.43.56:971][433]LogModuleManager: Shutting down and abandoning module SandboxFile (4)
[2017.02.25-13.43.56:971][433]LogModuleManager: Shutting down and abandoning module PakFile (2)
[2017.02.25-13.43.56:974][433]LogExit: Exiting.
[2017.02.25-13.43.56:978][433]Log file closed, 02/25/17 21:43:56
