Log file open, 03/08/17 15:19:27
LogInit:Display: Running engine for game: Shangda_Wus_Book
LogPlatformFile: Not using cached read wrapper
LogInit:Display: RandInit(1601157843) SRandInit(1601157843).
LogTaskGraph: Started task graph with 5 named threads and 8 total threads with 1 sets of task threads.
LogStats: Stats thread started at 6.771945
LogInit: Using libcurl 7.47.1
LogInit:  - built for x86_64-pc-win32
LogInit:  - supports SSL with OpenSSL/1.0.2g
LogInit:  - supports HTTP deflate (compression) using libz 1.2.8
LogInit:  - other features:
LogInit:      CURL_VERSION_SSL
LogInit:      CURL_VERSION_LIBZ
LogInit:      CURL_VERSION_IPV6
LogInit:      CURL_VERSION_ASYNCHDNS
LogInit:      CURL_VERSION_LARGEFILE
LogInit:      CURL_VERSION_IDN
LogInit:  CurlRequestOptions (configurable via config and command line):
LogInit:  - bVerifyPeer = false  - Libcurl will NOT verify peer certificate
LogInit:  - bUseHttpProxy = false  - Libcurl will NOT use HTTP proxy
LogInit:  - bDontReuseConnections = false  - Libcurl will reuse connections
LogInit:  - CertBundlePath = nullptr  - Libcurl will use whatever was configured at build time.
LogInit: Build: ++UE4+Release-4.15-CL-3299760
LogInit: Engine Version: 4.15.0-3299760+++UE4+Release-4.15
LogInit: Compatible Engine Version: 4.15.0-3299760+++UE4+Release-4.15
LogInit: Net CL: 3299760
LogDevObjectVersion: Number of dev versions registered: 14
LogDevObjectVersion:   Dev-Blueprints (B0D832E4-1F89-4F0D-ACCF-7EB736FD4AA2): 8
LogDevObjectVersion:   Dev-Build (E1C64328-A22C-4D53-A36C-8E866417BD8C): 0
LogDevObjectVersion:   Dev-Core (375EC13C-06E4-48FB-B500-84F0262A717E): 2
LogDevObjectVersion:   Dev-Editor (E4B068ED-F494-42E9-A231-DA0B2E46BB41): 14
LogDevObjectVersion:   Dev-Framework (CFFC743F-43B0-4480-9391-14DF171D2073): 22
LogDevObjectVersion:   Dev-Mobile (B02B49B5-BB20-44E9-A304-32B752E40360): 0
LogDevObjectVersion:   Dev-Networking (A4E4105C-59A1-49B5-A7C5-40C4547EDFEE): 0
LogDevObjectVersion:   Dev-Online (39C831C9-5AE6-47DC-9A44-9C173E1C8E7C): 0
LogDevObjectVersion:   Dev-Physics (78F01B33-EBEA-4F98-B9B4-84EACCB95AA2): 0
LogDevObjectVersion:   Dev-Platform (6631380F-2D4D-43E0-8009-CF276956A95A): 0
LogDevObjectVersion:   Dev-Rendering (12F88B9F-8875-4AFC-A67C-D90C383ABD29): 12
LogDevObjectVersion:   Dev-Sequencer (7B5AE74C-D270-4C10-A958-57980B212A5A): 3
LogDevObjectVersion:   Dev-VR (D7296918-1DD6-4BDD-9DE2-64A83CC13884): 0
LogDevObjectVersion:   Dev-LoadTimes (C2A15278-BFE7-4AFE-6C17-90FF531DF755): 1
LogInit: Compiled (64-bit): Feb 14 2017 02:04:14
LogInit: Compiled with Visual C++: 19.00.23026.00
LogInit: Build Configuration: Development
LogInit: Branch Name: ++UE4+Release-4.15
LogInit: Command line:  
LogInit: Base directory: D:/UE/UE_4.15/Engine/Binaries/Win64/
LogInit: Installed Engine Build: 1
LogInit: Presizing for max 8388607 objects, including 0 objects not considered by GC, pre-allocating 0 bytes for permanent pool.
LogInit: Object subsystem initialized
[2017.03.08-07.19.30:058][  0]LogInit: Selected Device Profile: [Windows]
[2017.03.08-07.19.30:058][  0]LogInit: Applying CVar settings loaded from the selected device profile: [Windows]
[2017.03.08-07.19.30:211][  0]LogInit: Computer: SHANGDA_WU
[2017.03.08-07.19.30:211][  0]LogInit: User: Wu
[2017.03.08-07.19.30:211][  0]LogInit: CPU Page size=65536, Cores=4
[2017.03.08-07.19.30:211][  0]LogInit: High frequency timer resolution =2.531251 MHz
[2017.03.08-07.19.30:225][  0]LogMemory: Memory total: Physical=7.8GB (8GB approx)
[2017.03.08-07.19.30:225][  0]LogMemory: Platform Memory Stats for Windows
[2017.03.08-07.19.30:225][  0]LogMemory: Process Physical Memory: 272.36 MB used, 272.36 MB peak
[2017.03.08-07.19.30:225][  0]LogMemory: Process Virtual Memory: 262.51 MB used, 262.51 MB peak
[2017.03.08-07.19.30:225][  0]LogMemory: Physical Memory: 4210.08 MB used,  3799.88 MB free, 8009.96 MB total
[2017.03.08-07.19.30:225][  0]LogMemory: Virtual Memory: 643.55 MB used,  3799.88 MB free, 134217728.00 MB total
[2017.03.08-07.19.32:601][  0]LogInit: Overriding culture en with editor configuration.
[2017.03.08-07.19.36:012][  0]LogD3D11RHI: D3D11 adapters:
[2017.03.08-07.19.36:084][  0]LogD3D11RHI:    0. 'NVIDIA GeForce GTX 970M' (Feature Level 11_0)
[2017.03.08-07.19.36:084][  0]LogD3D11RHI:       3037/0/4004 MB DedicatedVideo/DedicatedSystem/SharedSystem, Outputs:2, VendorId:0x10de
[2017.03.08-07.19.36:097][  0]LogD3D11RHI:    1. 'Intel(R) HD Graphics 530' (Feature Level 11_0)
[2017.03.08-07.19.36:097][  0]LogD3D11RHI:       128/0/4004 MB DedicatedVideo/DedicatedSystem/SharedSystem, Outputs:0, VendorId:0x8086
[2017.03.08-07.19.36:100][  0]LogD3D11RHI:    2. 'Microsoft Basic Render Driver' (Feature Level 11_0)
[2017.03.08-07.19.36:100][  0]LogD3D11RHI:       0/0/4004 MB DedicatedVideo/DedicatedSystem/SharedSystem, Outputs:0, VendorId:0x1414
[2017.03.08-07.19.36:100][  0]LogD3D11RHI: Chosen D3D11 Adapter: 0
[2017.03.08-07.19.36:174][  0]LogD3D11RHI: Creating new Direct3DDevice
[2017.03.08-07.19.36:174][  0]LogD3D11RHI:     GPU DeviceId: 0x13d8 (for the marketing name, search the web for "GPU Device Id")
[2017.03.08-07.19.36:174][  0]LogWindows: EnumDisplayDevices:
[2017.03.08-07.19.36:174][  0]LogWindows:    0. 'Intel(R) HD Graphics 530' (P:1 D:1)
[2017.03.08-07.19.36:175][  0]LogWindows:    1. 'Intel(R) HD Graphics 530' (P:0 D:0)
[2017.03.08-07.19.36:175][  0]LogWindows:    2. 'Intel(R) HD Graphics 530' (P:0 D:0)
[2017.03.08-07.19.36:176][  0]LogWindows:    3. 'NVIDIA GeForce GTX 970M' (P:0 D:1)
[2017.03.08-07.19.36:177][  0]LogWindows:    4. 'NVIDIA GeForce GTX 970M' (P:0 D:0)
[2017.03.08-07.19.36:178][  0]LogWindows:    5. 'NVIDIA GeForce GTX 970M' (P:0 D:0)
[2017.03.08-07.19.36:179][  0]LogWindows:    6. 'NVIDIA GeForce GTX 970M' (P:0 D:0)
[2017.03.08-07.19.36:179][  0]LogWindows: DebugString: PrimaryIsNotTheChoosenAdapter PrimaryIsNotTheChoosenAdapter PrimaryIsNotTheChoosenAdapter FoundDriverCount:4 
[2017.03.08-07.19.36:179][  0]LogD3D11RHI:     Adapter Name: NVIDIA GeForce GTX 970M
[2017.03.08-07.19.36:180][  0]LogD3D11RHI:   Driver Version: 369.09 (internal:21.21.13.6909, unified:369.09)
[2017.03.08-07.19.36:180][  0]LogD3D11RHI:      Driver Date: 8-1-2016
[2017.03.08-07.19.36:180][  0]LogRHI: Texture pool is 1361 MB (70% of 1945 MB)
[2017.03.08-07.19.36:228][  0]LogD3D11RHI: Async texture creation enabled
[2017.03.08-07.19.36:975][  0]LogD3D11RHI: GPU Timing Frequency: 1000.000000 (Debug: 2 0)
[2017.03.08-07.19.37:296][  0]LogShaderCompilers: Guid format shader working directory is 14 characters bigger than the processId version (../../../../Shangda_Wus_Book/Intermediate/Shaders/WorkingDirectory/19756/).
[2017.03.08-07.19.37:297][  0]LogShaderCompilers: Cleaned the shader compiler working directory 'C:/Users/Wu/AppData/Local/Temp/UnrealShaderWorkingDir/7D1923444ADD56A7D955CD90A267F6AF/'.
[2017.03.08-07.19.37:306][  0]LogShaderCompilers:Display: Using Local Shader Compiler.
[2017.03.08-07.19.42:410][  0]LogTemp:Display: Loaded TP AllDesktopTargetPlatform
[2017.03.08-07.19.42:501][  0]LogTemp:Display: Loaded TP MacClientTargetPlatform
[2017.03.08-07.19.42:589][  0]LogTemp:Display: Loaded TP MacNoEditorTargetPlatform
[2017.03.08-07.19.42:659][  0]LogTemp:Display: Loaded TP MacServerTargetPlatform
[2017.03.08-07.19.42:752][  0]LogTemp:Display: Loaded TP MacTargetPlatform
[2017.03.08-07.19.42:829][  0]LogTemp:Display: Loaded TP WindowsClientTargetPlatform
[2017.03.08-07.19.42:894][  0]LogTemp:Display: Loaded TP WindowsNoEditorTargetPlatform
[2017.03.08-07.19.42:962][  0]LogTemp:Display: Loaded TP WindowsServerTargetPlatform
[2017.03.08-07.19.43:023][  0]LogTemp:Display: Loaded TP WindowsTargetPlatform
[2017.03.08-07.19.43:127][  0]LogTemp:Display: Loaded TP AndroidTargetPlatform
[2017.03.08-07.19.43:199][  0]LogTemp:Display: Loaded TP Android_ASTCTargetPlatform
[2017.03.08-07.19.43:288][  0]LogTemp:Display: Loaded TP Android_ATCTargetPlatform
[2017.03.08-07.19.43:354][  0]LogTemp:Display: Loaded TP Android_DXTTargetPlatform
[2017.03.08-07.19.43:423][  0]LogTemp:Display: Loaded TP Android_ETC1TargetPlatform
[2017.03.08-07.19.43:487][  0]LogTemp:Display: Loaded TP Android_ETC2TargetPlatform
[2017.03.08-07.19.43:658][  0]LogTemp:Display: Loaded TP Android_MultiTargetPlatform
[2017.03.08-07.19.43:658][  0]LogTemp:Display: Loaded TP Android_PVRTCTargetPlatform
[2017.03.08-07.19.43:721][  0]LogTemp:Display: Loaded TP HTML5TargetPlatform
[2017.03.08-07.19.43:885][  0]LogTemp:Display: Loaded TP IOSTargetPlatform
[2017.03.08-07.19.43:921][  0]LogTemp:Display: Loaded TP TVOSTargetPlatform
[2017.03.08-07.19.43:987][  0]LogTemp:Display: Loaded TP LinuxClientTargetPlatform
[2017.03.08-07.19.44:054][  0]LogTemp:Display: Loaded TP LinuxNoEditorTargetPlatform
[2017.03.08-07.19.44:119][  0]LogTemp:Display: Loaded TP LinuxServerTargetPlatform
[2017.03.08-07.19.44:182][  0]LogTemp:Display: Loaded TP LinuxTargetPlatform
[2017.03.08-07.19.44:182][  0]LogTargetPlatformManager:Display: Building Assets For Windows
[2017.03.08-07.19.45:496][  0]LogDerivedDataCache:Display: Max Cache Size: 512 MB
[2017.03.08-07.19.45:864][  0]LogDerivedDataCache: Loaded boot cache 0.36s 60MB C:/Users/Wu/AppData/Local/UnrealEngine/4.15/DerivedDataCache/Boot.ddc.
[2017.03.08-07.19.45:864][  0]LogDerivedDataCache:Display: Loaded Boot cache: C:/Users/Wu/AppData/Local/UnrealEngine/4.15/DerivedDataCache/Boot.ddc
[2017.03.08-07.19.45:864][  0]LogDerivedDataCache: FDerivedDataBackendGraph:  Pak pak cache file ../../../../Shangda_Wus_Book/DerivedDataCache/DDC.ddp not found, will not use a pak cache.
[2017.03.08-07.19.45:864][  0]LogDerivedDataCache: Unable to find inner node Pak for hierarchical cache Hierarchy.
[2017.03.08-07.19.45:864][  0]LogDerivedDataCache: FDerivedDataBackendGraph:  CompressedPak pak cache file ../../../../Shangda_Wus_Book/DerivedDataCache/Compressed.ddp not found, will not use a pak cache.
[2017.03.08-07.19.45:864][  0]LogDerivedDataCache: Unable to find inner node CompressedPak for hierarchical cache Hierarchy.
[2017.03.08-07.19.45:954][  0]LogDerivedDataCache:Display: Pak cache opened for reading ../../../Engine/DerivedDataCache/Compressed.ddp.
[2017.03.08-07.19.45:979][  0]LogDerivedDataCache: Using Local data cache path C:/Users/Wu/AppData/Local/UnrealEngine/Common/DerivedDataCache: Writable
[2017.03.08-07.19.46:403][  0]LogSlate: Using Freetype 2.6.0
[2017.03.08-07.19.46:542][  0]LogSlate: SlateFontCache - WITH_FREETYPE: 1, WITH_HARFBUZZ: 1
[2017.03.08-07.19.46:542][  0]LogSlate: SlateFontCache - WITH_FREETYPE: 1, WITH_HARFBUZZ: 1
[2017.03.08-07.19.58:313][  0]LogInit: Selected Device Profile: [Windows]
[2017.03.08-07.19.58:452][  0]LogContentStreaming: Texture pool size is 0.00 MB
[2017.03.08-07.20.00:325][  0]LogMeshUtilities: Using QuadricMeshReduction for automatic static mesh reduction
[2017.03.08-07.20.00:515][  0]LogSimplygon: Simplygon DLL not present - disabling.
[2017.03.08-07.20.00:660][  0]LogMeshUtilities: Using SimplygonSwarm for distributed automatic mesh merging
[2017.03.08-07.20.00:660][  0]LogMeshUtilities: No automatic skeletal mesh reduction module available
[2017.03.08-07.20.00:660][  0]LogMeshUtilities: No automatic mesh merging module available
[2017.03.08-07.20.10:680][  0]LogNetVersion: GetLocalNetworkVersion: CL: 3299760, ProjectName: shangda_wus_book, ProjectVersion: , EngineNetworkVersion: 2, GameNetworkVersion: 0, NetworkChecksum: 2213960243
[2017.03.08-07.20.11:029][  0]LogAssetRegistry: FAssetRegistry took 0.0249 seconds to start up
[2017.03.08-07.20.11:305][  0]LogAssetRegistry:Error: Failed to open file for write ../../../../Shangda_Wus_Book/Intermediate/AssetRegistryCache/2657c409.bin
[2017.03.08-07.20.11:705][  0]LogPackageLocalizationCache: Processed 3 localized package path(s) for 1 prioritized culture(s) in 0.484230 seconds
[2017.03.08-07.20.11:794][  0]LogUObjectArray: 32475 objects as part of root set at end of initial load.
[2017.03.08-07.20.11:794][  0]LogUObjectAllocator: 7073360 out of 0 bytes used by permanent object pool.
[2017.03.08-07.20.11:794][  0]LogUObjectArray: CloseDisregardForGC: 0/0 objects in disregard for GC pool
[2017.03.08-07.20.12:017][  0]LogInit: WinSock: version 1.1 (2.2), MaxSocks=32767, MaxUdp=65467
[2017.03.08-07.20.47:321][  0]LogTcpMessaging: Initializing TcpMessaging bridge
[2017.03.08-07.20.47:396][  0]LogUdpMessaging: Initializing bridge on interface 0.0.0.0:0 to multicast group 230.0.0.1:6666.
[2017.03.08-07.20.49:588][  0]LogMaterial: Uniform references updated for custom material expression Custom.
[2017.03.08-07.20.50:788][  0]SourceControl: Info Source control is disabled
[2017.03.08-07.20.50:790][  0]SourceControl: Info Source control is disabled
[2017.03.08-07.20.50:978][  0]SourceControl: Info Source control is disabled
[2017.03.08-07.20.51:101][  0]SourceControl: Info Source control is disabled
[2017.03.08-07.20.54:717][  0]LogEngine: Initializing Engine...
[2017.03.08-07.20.54:759][  0]LogHMD: Failed to initialize OpenVR with code 110
[2017.03.08-07.20.56:256][  0]LogAIModule: Creating AISystem for world Untitled
[2017.03.08-07.20.56:747][  0]LogInit: XAudio2 using '扬声器 (Realtek High Definition Audio)' : 2 channels at 48 kHz using 32 bits per sample (channel mask 0x3)
[2017.03.08-07.20.56:828][  0]LogInit: FAudioDevice initialized.
[2017.03.08-07.20.56:843][  0]LogDerivedDataCache:Error: Could not save memory cache C:/Users/Wu/AppData/Local/UnrealEngine/4.15/DerivedDataCache/Boot.ddc.
[2017.03.08-07.20.56:866][  0]LogInit: Texture streaming: Enabled
[2017.03.08-07.20.57:079][  0]LogEngineSessionManager: EngineSessionManager initialized
[2017.03.08-07.20.57:508][  0]LogInit: Transaction tracking system initialized
[2017.03.08-07.20.58:496][  0]BlueprintLog: New page: Editor Load
[2017.03.08-07.21.01:448][  0]LocalizationService: Info Localization service is disabled
[2017.03.08-07.21.03:142][  0]LogConsoleResponse:Display: 
[2017.03.08-07.21.04:810][  0]LogFileCache: Scanning file cache for directory 'D:/UE/Shangda_Wus_Book/Content/' took 0.05s
[2017.03.08-07.21.04:810][  0]LogCook:Display: Max memory allowance for cook 16384mb min free memory 0mb
[2017.03.08-07.21.04:811][  0]LogCook:Display: Mobile HDR setting 1
[2017.03.08-07.21.09:902][  0]SourceControl: Info Source control is disabled
[2017.03.08-07.21.10:098][  0]Cmd: MAP LOAD FILE="../../../Engine/Content/Maps/Templates/Template_Default.umap" TEMPLATE=1 SHOWPROGRESS=1 FEATURELEVEL=3
[2017.03.08-07.21.10:114][  0]LightingResults: New page: Lighting Build
[2017.03.08-07.21.10:704][  0]MapCheck: New page: Map Check
[2017.03.08-07.21.10:704][  0]LightingResults: New page: Lighting Build
[2017.03.08-07.21.13:208][  0]LogAIModule: Creating AISystem for world Untitled_1
[2017.03.08-07.21.13:233][  0]LogActorComponent: RegisterComponentWithWorld: (/Temp/Untitled_1.Untitled_1:PersistentLevel.WorldSettings_1.StaticMeshComponent0) Trying to register component with IsPendingKill() == true. Aborting.
[2017.03.08-07.21.14:210][  0]LogEditorServer: Finished looking for orphan Actors (0.000 secs)
[2017.03.08-07.21.14:379][  0]Cmd: MAP CHECKDEP NOCLEARLOG
[2017.03.08-07.21.14:477][  0]MapCheck: Info Map check complete: 0 Error(s), 0 Warning(s), took 53.96ms to complete.
[2017.03.08-07.21.14:477][  0]LogFileHelpers: Loading map 'Template_Default' took 4.518
[2017.03.08-07.21.17:862][  0]LogCollectionManager: Loaded 0 collections in 0.002815 seconds
[2017.03.08-07.21.18:242][  0]LogFileCache: Scanning file cache for directory 'D:/UE/Shangda_Wus_Book/Saved/Collections/' took 0.01s
[2017.03.08-07.21.18:242][  0]LogFileCache: Scanning file cache for directory 'D:/UE/Shangda_Wus_Book/Content/Developers/Wu/Collections/' took 0.01s
[2017.03.08-07.21.18:242][  0]LogFileCache: Scanning file cache for directory 'D:/UE/Shangda_Wus_Book/Content/Collections/' took 0.01s
[2017.03.08-07.21.18:242][  0]LogCollectionManager: Rebuilt the GUID cache for 0 collections in 0.000005 seconds
[2017.03.08-07.21.18:282][  0]LogContentBrowser: Native class hierarchy populated in 0.0313 seconds. Added 2244 classes and 450 folders.
[2017.03.08-07.21.18:430][  0]LogStats: UGameplayTagsManager::ConstructGameplayTagTree: Construct from data asset -  0.006 s
[2017.03.08-07.21.18:431][  0]LogStats: UGameplayTagsManager::ConstructGameplayTagTree: GameplayTagTreeChangedEvent.Broadcast -  0.000 s
[2017.03.08-07.21.18:766][  0]LogContentBrowser: Native class hierarchy updated for 'WidgetCarousel' in 0.0006 seconds. Added 0 classes and 0 folders.
[2017.03.08-07.21.20:515][  0]LogContentBrowser: Native class hierarchy updated for 'AddContentDialog' in 0.0024 seconds. Added 0 classes and 0 folders.
[2017.03.08-07.21.20:714][  0]LogContentBrowser: Native class hierarchy updated for 'SceneOutliner' in 0.0005 seconds. Added 1 classes and 2 folders.
[2017.03.08-07.21.22:962][  0]LogCrashTracker: Crashtracker disabled due to settings.
[2017.03.08-07.21.23:355][  0]LogUObjectGlobals:Warning: Failed to find object 'Class None.'
[2017.03.08-07.21.23:664][  0]LogContentBrowser: Native class hierarchy updated for 'HierarchicalLODOutliner' in 0.0162 seconds. Added 1 classes and 2 folders.
[2017.03.08-07.21.23:664][  0]LogLoad: (Engine Initialization) Total time: 133.52 seconds
[2017.03.08-07.21.23:664][  0]LogLoad: (Engine Initialization) Total Blueprint compile time: 1.08 seconds
[2017.03.08-07.21.23:664][  0]LogExternalProfiler: No external profilers were discovered.  External profiling features will not be available.
[2017.03.08-07.21.24:088][  0]LogOcInput: OculusInput pre-init called
[2017.03.08-07.21.25:004][  0]LogContentStreaming: Texture pool size now 1000 MB
[2017.03.08-07.21.25:346][  0]LogSlate: Took 0.012745 seconds to synchronously load lazily loaded font '../../../Engine/Content/Slate/Fonts/Roboto-Regular.ttf' (155K)
[2017.03.08-07.21.25:415][  0]LogSlate: Took 0.017753 seconds to synchronously load lazily loaded font '../../../Engine/Content/Slate/Fonts/Roboto-Bold.ttf' (160K)
[2017.03.08-07.21.25:589][  0]LogSlate: Took 0.018027 seconds to synchronously load lazily loaded font '../../../Engine/Content/Editor/Slate/Fonts/FontAwesome.ttf' (139K)
[2017.03.08-07.21.27:967][  0]LogRenderer: Reallocating scene render targets to support 1116x616 NumSamples 1 (Frame:2).
[2017.03.08-07.21.28:747][  2]LogSlate: Took 0.024703 seconds to synchronously load lazily loaded font '../../../Engine/Content/Slate/Fonts/Roboto-Light.ttf' (159K)
[2017.03.08-07.21.29:043][  3]LogAssetRegistry: Asset discovery search completed in 78.0379 seconds
[2017.03.08-07.21.29:043][  3]LogCollectionManager: Rebuilt the object cache for 0 collections in 0.000006 seconds (found 0 objects)
[2017.03.08-07.21.29:043][  3]LogCollectionManager: Fixed up redirectors for 0 collections in 0.000020 seconds (updated 0 objects)
[2017.03.08-07.21.31:127][  9]LogSlate: Took 0.000275 seconds to synchronously load lazily loaded font '../../../Engine/Content/Slate/Fonts/Roboto-Light.ttf' (159K)
[2017.03.08-08.47.17:552][561]Cmd: QUIT_EDITOR
[2017.03.08-08.47.17:610][561]LogWindowsTextInputMethodSystem:Display: IME system now activated using TSF (搜狗拼音输入法).
[2017.03.08-08.47.17:648][561]LogExit: Preparing to exit.
[2017.03.08-08.47.18:272][561]LogDirectoryWatcher: A directory notification for 'D:/UE/Shangda_Wus_Book/Content/' was aborted.
[2017.03.08-08.47.18:400][561]LogExit: Editor shut down
[2017.03.08-08.47.18:403][561]LogExit: Transaction tracking system shut down
[2017.03.08-08.47.18:691][561]LogObj: Freed 0b from 0 cluster array pools.
[2017.03.08-08.47.18:691][561]LogExit: Object subsystem successfully closed.
[2017.03.08-08.47.18:732][561]LogD3D11RHI: Shutdown
[2017.03.08-08.47.18:732][561]LogD3D11RHI: CleanupD3DDevice
[2017.03.08-08.47.18:826][561]LogD3D11RHI: ~FD3D11DynamicRHI
[2017.03.08-08.47.18:840][561]LogModuleManager: Shutting down and abandoning module HierarchicalLODOutliner (496)
[2017.03.08-08.47.18:840][561]LogModuleManager: Shutting down and abandoning module CrashTracker (494)
[2017.03.08-08.47.18:840][561]LogModuleManager: Shutting down and abandoning module SceneOutliner (492)
[2017.03.08-08.47.18:840][561]LogModuleManager: Shutting down and abandoning module AddContentDialog (490)
[2017.03.08-08.47.18:841][561]LogDirectoryWatcher: A directory notification for 'D:/UE/UE_4.15/FeaturePacks/' was aborted.
[2017.03.08-08.47.18:851][561]LogModuleManager: Shutting down and abandoning module WidgetCarousel (489)
[2017.03.08-08.47.18:851][561]LogModuleManager: Shutting down and abandoning module EditorWidgets (486)
[2017.03.08-08.47.18:851][561]LogModuleManager: Shutting down and abandoning module CollectionManager (484)
[2017.03.08-08.47.18:851][561]LogDirectoryWatcher: A directory notification for 'D:/UE/Shangda_Wus_Book/Content/Collections/' was aborted.
[2017.03.08-08.47.18:851][561]LogDirectoryWatcher: A directory notification for 'D:/UE/Shangda_Wus_Book/Content/Developers/Wu/Collections/' was aborted.
[2017.03.08-08.47.18:851][561]LogDirectoryWatcher: A directory notification for 'D:/UE/Shangda_Wus_Book/Saved/Collections/' was aborted.
[2017.03.08-08.47.18:852][561]LogModuleManager: Shutting down and abandoning module StatsViewer (482)
[2017.03.08-08.47.18:852][561]LogModuleManager: Shutting down and abandoning module FoliageEdit (480)
[2017.03.08-08.47.18:852][561]LogModuleManager: Shutting down and abandoning module LandscapeEditor (478)
[2017.03.08-08.47.18:852][561]LogModuleManager: Shutting down and abandoning module SceneDepthPickerMode (476)
[2017.03.08-08.47.18:852][561]LogModuleManager: Shutting down and abandoning module ActorPickerMode (474)
[2017.03.08-08.47.18:852][561]LogModuleManager: Shutting down and abandoning module GeometryMode (472)
[2017.03.08-08.47.18:852][561]LogModuleManager: Shutting down and abandoning module TextureAlignMode (470)
[2017.03.08-08.47.18:852][561]LogModuleManager: Shutting down and abandoning module BspMode (468)
[2017.03.08-08.47.18:852][561]LogModuleManager: Shutting down and abandoning module HardwareSurvey (466)
[2017.03.08-08.47.18:852][561]LogModuleManager: Shutting down and abandoning module SequenceRecorderSections (464)
[2017.03.08-08.47.18:852][561]LogModuleManager: Shutting down and abandoning module AutomationWorker (462)
[2017.03.08-08.47.18:852][561]LogModuleManager: Shutting down and abandoning module MatineeToLevelSequence (460)
[2017.03.08-08.47.18:852][561]LogModuleManager: Shutting down and abandoning module LevelSequenceEditor (458)
[2017.03.08-08.47.18:852][561]LogModuleManager: Shutting down and abandoning module PlacementMode (457)
[2017.03.08-08.47.18:852][561]LogModuleManager: Shutting down and abandoning module WmfMediaFactory (454)
[2017.03.08-08.47.18:852][561]LogModuleManager: Shutting down and abandoning module WmfMediaEditor (452)
[2017.03.08-08.47.18:852][561]LogModuleManager: Shutting down and abandoning module MfMediaFactory (450)
[2017.03.08-08.47.18:852][561]LogModuleManager: Shutting down and abandoning module MfMediaEditor (448)
[2017.03.08-08.47.18:852][561]LogModuleManager: Shutting down and abandoning module AvfMediaFactory (446)
[2017.03.08-08.47.18:852][561]LogModuleManager: Shutting down and abandoning module AvfMediaEditor (444)
[2017.03.08-08.47.18:852][561]LogModuleManager: Shutting down and abandoning module AndroidMediaFactory (442)
[2017.03.08-08.47.18:852][561]LogModuleManager: Shutting down and abandoning module Media (441)
[2017.03.08-08.47.18:852][561]LogModuleManager: Shutting down and abandoning module AndroidMediaEditor (438)
[2017.03.08-08.47.18:852][561]LogModuleManager: Shutting down and abandoning module CharacterAI (436)
[2017.03.08-08.47.18:852][561]LogModuleManager: Shutting down and abandoning module AudioCapture (434)
[2017.03.08-08.47.18:852][561]LogModuleManager: Shutting down and abandoning module SequenceRecorder (433)
[2017.03.08-08.47.18:853][561]LogModuleManager: Shutting down and abandoning module SmartSnapping (430)
[2017.03.08-08.47.18:853][561]LogModuleManager: Shutting down and abandoning module SessionServices (428)
[2017.03.08-08.47.18:853][561]LogModuleManager: Shutting down and abandoning module ViewportSnapping (426)
[2017.03.08-08.47.18:853][561]LogModuleManager: Shutting down and abandoning module ViewportInteraction (424)
[2017.03.08-08.47.18:853][561]LogModuleManager: Shutting down and abandoning module LogVisualizer (422)
[2017.03.08-08.47.18:853][561]LogModuleManager: Shutting down and abandoning module IntroTutorials (420)
[2017.03.08-08.47.18:853][561]LogModuleManager: Shutting down and abandoning module GameProjectGeneration (419)
[2017.03.08-08.47.18:853][561]LogModuleManager: Shutting down and abandoning module EditorLiveStreaming (416)
[2017.03.08-08.47.18:853][561]LogModuleManager: Shutting down and abandoning module IOSPlatformEditor (414)
[2017.03.08-08.47.18:853][561]LogModuleManager: Shutting down and abandoning module HTML5PlatformEditor (412)
[2017.03.08-08.47.18:853][561]LogModuleManager: Shutting down and abandoning module AndroidPlatformEditor (410)
[2017.03.08-08.47.18:853][561]LogModuleManager: Shutting down and abandoning module AndroidDeviceDetection (409)
[2017.03.08-08.47.19:321][561]LogModuleManager: Shutting down and abandoning module IOSRuntimeSettings (406)
[2017.03.08-08.47.19:321][561]LogModuleManager: Shutting down and abandoning module AndroidRuntimeSettings (404)
[2017.03.08-08.47.19:321][561]LogModuleManager: Shutting down and abandoning module InputBindingEditor (402)
[2017.03.08-08.47.19:321][561]LogModuleManager: Shutting down and abandoning module NiagaraEditor (400)
[2017.03.08-08.47.19:321][561]LogModuleManager: Shutting down and abandoning module MergeActors (398)
[2017.03.08-08.47.19:321][561]LogModuleManager: Shutting down and abandoning module SizeMap (396)
[2017.03.08-08.47.19:321][561]LogModuleManager: Shutting down and abandoning module TreeMap (394)
[2017.03.08-08.47.19:321][561]LogModuleManager: Shutting down and abandoning module ReferenceViewer (392)
[2017.03.08-08.47.19:322][561]LogModuleManager: Shutting down and abandoning module LocalizationDashboard (390)
[2017.03.08-08.47.19:322][561]LogModuleManager: Shutting down and abandoning module LocalizationService (389)
[2017.03.08-08.47.19:322][561]LogModuleManager: Shutting down and abandoning module HardwareTargeting (386)
[2017.03.08-08.47.19:322][561]LogModuleManager: Shutting down and abandoning module DeviceProfileEditor (384)
[2017.03.08-08.47.19:322][561]LogModuleManager: Shutting down and abandoning module UndoHistory (382)
[2017.03.08-08.47.19:322][561]LogModuleManager: Shutting down and abandoning module UserFeedback (380)
[2017.03.08-08.47.19:322][561]LogModuleManager: Shutting down and abandoning module XmlParser (378)
[2017.03.08-08.47.19:322][561]LogModuleManager: Shutting down and abandoning module Blutility (376)
[2017.03.08-08.47.19:322][561]LogModuleManager: Shutting down and abandoning module ProjectSettingsViewer (374)
[2017.03.08-08.47.19:322][561]LogModuleManager: Shutting down and abandoning module ProjectTargetPlatformEditor (373)
[2017.03.08-08.47.19:323][561]LogModuleManager: Shutting down and abandoning module EditorSettingsViewer (370)
[2017.03.08-08.47.19:323][561]LogModuleManager: Shutting down and abandoning module SettingsEditor (368)
[2017.03.08-08.47.19:323][561]LogModuleManager: Shutting down and abandoning module ProjectLauncher (366)
[2017.03.08-08.47.19:323][561]LogModuleManager: Shutting down and abandoning module SessionFrontend (364)
[2017.03.08-08.47.19:323][561]LogModuleManager: Shutting down and abandoning module ProfilerClient (362)
[2017.03.08-08.47.19:323][561]LogModuleManager: Shutting down and abandoning module DeviceManager (360)
[2017.03.08-08.47.19:323][561]LogModuleManager: Shutting down and abandoning module TargetDeviceServices (359)
[2017.03.08-08.47.19:365][561]LogModuleManager: Shutting down and abandoning module AutomationController (356)
[2017.03.08-08.47.19:365][561]LogModuleManager: Shutting down and abandoning module AutomationWindow (354)
[2017.03.08-08.47.19:365][561]LogModuleManager: Shutting down and abandoning module Layers (352)
[2017.03.08-08.47.19:365][561]LogModuleManager: Shutting down and abandoning module ComponentVisualizers (350)
[2017.03.08-08.47.19:365][561]LogModuleManager: Shutting down and abandoning module DetailCustomizations (348)
[2017.03.08-08.47.19:366][561]LogModuleManager: Shutting down and abandoning module PackagesDialog (346)
[2017.03.08-08.47.19:366][561]LogModuleManager: Shutting down and abandoning module Persona (344)
[2017.03.08-08.47.19:366][561]LogModuleManager: Shutting down and abandoning module AnimGraph (343)
[2017.03.08-08.47.19:366][561]LogModuleManager: Shutting down and abandoning module Kismet (340)
[2017.03.08-08.47.19:367][561]LogModuleManager: Shutting down and abandoning module GraphEditor (338)
[2017.03.08-08.47.19:367][561]LogModuleManager: Shutting down and abandoning module ClassViewer (336)
[2017.03.08-08.47.19:367][561]LogModuleManager: Shutting down and abandoning module Toolbox (334)
[2017.03.08-08.47.19:367][561]LogModuleManager: Shutting down and abandoning module ModuleUI (332)
[2017.03.08-08.47.19:367][561]LogModuleManager: Shutting down and abandoning module MovieSceneTools (330)
[2017.03.08-08.47.19:367][561]LogModuleManager: Shutting down and abandoning module OutputLog (328)
[2017.03.08-08.47.19:367][561]LogModuleManager: Shutting down and abandoning module GammaUI (326)
[2017.03.08-08.47.19:367][561]LogModuleManager: Shutting down and abandoning module Documentation (324)
[2017.03.08-08.47.19:367][561]LogModuleManager: Shutting down and abandoning module Niagara (322)
[2017.03.08-08.47.19:367][561]LogModuleManager: Shutting down and abandoning module StreamingPauseRendering (320)
[2017.03.08-08.47.19:367][561]LogModuleManager: Shutting down and abandoning module AnalyticsET (318)
[2017.03.08-08.47.19:367][561]LogModuleManager: Shutting down and abandoning module PortalServices (316)
[2017.03.08-08.47.19:367][561]LogModuleManager: Shutting down and abandoning module PortalRpc (314)
[2017.03.08-08.47.19:367][561]LogModuleManager: Shutting down and abandoning module MessagingRpc (312)
[2017.03.08-08.47.19:367][561]LogModuleManager: Shutting down and abandoning module AIModule (310)
[2017.03.08-08.47.19:367][561]LogModuleManager: Shutting down and abandoning module GameplayDebugger (309)
[2017.03.08-08.47.19:367][561]LogModuleManager: Shutting down and abandoning module AITestSuite (307)
[2017.03.08-08.47.19:367][561]LogModuleManager: Shutting down and abandoning module ProfilerService (304)
[2017.03.08-08.47.19:369][561]LogModuleManager: Shutting down and abandoning module TaskGraph (302)
[2017.03.08-08.47.19:369][561]LogModuleManager: Shutting down and abandoning module SteamVRController (300)
[2017.03.08-08.47.19:369][561]LogModuleManager: Shutting down and abandoning module SteamVR (298)
[2017.03.08-08.47.19:369][561]LogModuleManager: Shutting down and abandoning module ProceduralMeshComponentEditor (296)
[2017.03.08-08.47.19:369][561]LogModuleManager: Shutting down and abandoning module ProceduralMeshComponent (294)
[2017.03.08-08.47.19:369][561]LogModuleManager: Shutting down and abandoning module OculusLibrary (292)
[2017.03.08-08.47.19:369][561]LogModuleManager: Shutting down and abandoning module OculusInput (290)
[2017.03.08-08.47.19:369][561]LogModuleManager: Shutting down and abandoning module MobilePatchingUtils (288)
[2017.03.08-08.47.19:369][561]LogModuleManager: Shutting down and abandoning module CustomMeshComponent (286)
[2017.03.08-08.47.19:369][561]LogModuleManager: Shutting down and abandoning module CableComponent (284)
[2017.03.08-08.47.19:369][561]LogModuleManager: Shutting down and abandoning module ArchVisCharacter (282)
[2017.03.08-08.47.19:369][561]LogModuleManager: Shutting down and abandoning module MediaPlayerEditor (278)
[2017.03.08-08.47.19:369][561]LogModuleManager: Shutting down and abandoning module HTML5Networking (276)
[2017.03.08-08.47.19:369][561]LogModuleManager: Shutting down and abandoning module AlembicImporter (274)
[2017.03.08-08.47.19:369][561]LogModuleManager: Shutting down and abandoning module AlembicLibrary (273)
[2017.03.08-08.47.19:369][561]LogModuleManager: Shutting down and abandoning module GeometryCache (272)
[2017.03.08-08.47.19:369][561]LogModuleManager: Shutting down and abandoning module GeometryCacheEd (271)
[2017.03.08-08.47.19:369][561]LogModuleManager: Shutting down and abandoning module SuperSearchEditor (266)
[2017.03.08-08.47.19:369][561]LogModuleManager: Shutting down and abandoning module SuperSearch (265)
[2017.03.08-08.47.19:369][561]LogModuleManager: Shutting down and abandoning module SpeedTreeImporter (262)
[2017.03.08-08.47.19:369][561]LogModuleManager: Shutting down and abandoning module PluginBrowser (260)
[2017.03.08-08.47.19:369][561]LogModuleManager: Shutting down and abandoning module MobileLauncherProfileWizard (258)
[2017.03.08-08.47.19:369][561]LogModuleManager: Shutting down and abandoning module EpicSurvey (256)
[2017.03.08-08.47.19:369][561]LogModuleManager: Shutting down and abandoning module VisualStudioSourceCodeAccess (254)
[2017.03.08-08.47.19:369][561]LogModuleManager: Shutting down and abandoning module DesktopPlatform (253)
[2017.03.08-08.47.19:369][561]LogModuleManager: Shutting down and abandoning module UObjectPlugin (250)
[2017.03.08-08.47.19:369][561]LogModuleManager: Shutting down and abandoning module SubversionSourceControl (248)
[2017.03.08-08.47.19:369][561]LogModuleManager: Shutting down and abandoning module PerforceSourceControl (246)
[2017.03.08-08.47.19:369][561]LogModuleManager: Shutting down and abandoning module GitSourceControl (244)
[2017.03.08-08.47.19:369][561]LogModuleManager: Shutting down and abandoning module SourceControl (243)
[2017.03.08-08.47.19:369][561]LogModuleManager: Shutting down and abandoning module LightPropagationVolumeEditor (240)
[2017.03.08-08.47.19:369][561]LogModuleManager: Shutting down and abandoning module PaperTiledImporter (238)
[2017.03.08-08.47.19:369][561]LogModuleManager: Shutting down and abandoning module PaperSpriteSheetImporter (236)
[2017.03.08-08.47.19:369][561]LogModuleManager: Shutting down and abandoning module Paper2DEditor (234)
[2017.03.08-08.47.19:370][561]LogModuleManager: Shutting down and abandoning module MeshPaint (233)
[2017.03.08-08.47.19:370][561]LogModuleManager: Shutting down and abandoning module LevelEditor (231)
[2017.03.08-08.47.19:371][561]LogModuleManager: Shutting down and abandoning module PixelInspectorModule (230)
[2017.03.08-08.47.19:371][561]LogModuleManager: Shutting down and abandoning module MainFrame (228)
[2017.03.08-08.47.19:371][561]LogModuleManager: Shutting down and abandoning module HotReload (227)
[2017.03.08-08.47.19:372][561]LogModuleManager: Shutting down and abandoning module ContentBrowser (223)
[2017.03.08-08.47.19:374][561]LogModuleManager: Shutting down and abandoning module PhysXVehiclesEditor (220)
[2017.03.08-08.47.19:374][561]LogModuleManager: Shutting down and abandoning module PhysXVehicles (218)
[2017.03.08-08.47.19:374][561]LogModuleManager: Shutting down and abandoning module LocationServicesBPLibrary (216)
[2017.03.08-08.47.19:374][561]LogModuleManager: Shutting down and abandoning module UdpMessaging (214)
[2017.03.08-08.47.19:474][561]LogModuleManager: Shutting down and abandoning module TcpMessaging (212)
[2017.03.08-08.47.19:575][561]LogModuleManager: Shutting down and abandoning module GameplayTagsEditor (210)
[2017.03.08-08.47.19:575][561]LogModuleManager: Shutting down and abandoning module FacialAnimationEditor (208)
[2017.03.08-08.47.19:575][561]LogModuleManager: Shutting down and abandoning module FacialAnimation (206)
[2017.03.08-08.47.19:575][561]LogModuleManager: Shutting down and abandoning module LightPropagationVolumeRuntime (204)
[2017.03.08-08.47.19:575][561]LogModuleManager: Shutting down and abandoning module Paper2D (202)
[2017.03.08-08.47.19:575][561]LogModuleManager: Shutting down and abandoning module WindowsMoviePlayer (200)
[2017.03.08-08.47.19:575][561]LogModuleManager: Shutting down and abandoning module WmfMedia (198)
[2017.03.08-08.47.19:575][561]LogModuleManager: Shutting down and abandoning module MfMedia (196)
[2017.03.08-08.47.19:575][561]LogModuleManager: Shutting down and abandoning module MediaAssets (194)
[2017.03.08-08.47.19:575][561]LogModuleManager: Shutting down and abandoning module GameLiveStreaming (192)
[2017.03.08-08.47.19:575][561]LogModuleManager: Shutting down and abandoning module VREditor (190)
[2017.03.08-08.47.19:575][561]LogModuleManager: Shutting down and abandoning module GameplayTasksEditor (188)
[2017.03.08-08.47.19:576][561]LogModuleManager: Shutting down and abandoning module BehaviorTreeEditor (186)
[2017.03.08-08.47.19:576][561]LogModuleManager: Shutting down and abandoning module FunctionalTesting (184)
[2017.03.08-08.47.19:576][561]LogModuleManager: Shutting down and abandoning module CollisionAnalyzer (182)
[2017.03.08-08.47.19:576][561]LogModuleManager: Shutting down and abandoning module UMG (180)
[2017.03.08-08.47.19:576][561]LogModuleManager: Shutting down and abandoning module UMGEditor (179)
[2017.03.08-08.47.19:576][561]LogModuleManager: Shutting down and abandoning module Sequencer (178)
[2017.03.08-08.47.19:576][561]LogModuleManager: Shutting down and abandoning module AssetTools (176)
[2017.03.08-08.47.19:576][561]LogModuleManager: Shutting down and abandoning module MessageLog (175)
[2017.03.08-08.47.19:576][561]LogModuleManager: Shutting down and abandoning module WorkspaceMenuStructure (174)
[2017.03.08-08.47.19:576][561]LogModuleManager: Shutting down and abandoning module SlateReflector (168)
[2017.03.08-08.47.19:576][561]LogModuleManager: Shutting down and abandoning module Slate (166)
[2017.03.08-08.47.19:576][561]LogModuleManager: Shutting down and abandoning module EditorStyle (164)
[2017.03.08-08.47.19:581][561]LogModuleManager: Shutting down and abandoning module SourceCodeAccess (162)
[2017.03.08-08.47.19:581][561]LogModuleManager: Shutting down and abandoning module HeadMountedDisplay (160)
[2017.03.08-08.47.19:581][561]LogModuleManager: Shutting down and abandoning module XAudio2 (158)
[2017.03.08-08.47.19:581][561]LogModuleManager: Shutting down and abandoning module Networking (156)
[2017.03.08-08.47.19:581][561]LogModuleManager: Shutting down and abandoning module Core (152)
[2017.03.08-08.47.19:581][561]LogModuleManager: Shutting down and abandoning module AssetRegistry (150)
[2017.03.08-08.47.19:769][561]LogDirectoryWatcher: A directory notification for '../../../Engine/Content/' was aborted.
[2017.03.08-08.47.19:769][561]LogDirectoryWatcher: A directory notification for '../../../../Shangda_Wus_Book/Content/' was aborted.
[2017.03.08-08.47.19:769][561]LogDirectoryWatcher: A directory notification for '../../../Engine/Plugins/2D/Paper2D/Content/' was aborted.
[2017.03.08-08.47.19:770][561]LogModuleManager: Shutting down and abandoning module DirectoryWatcher (149)
[2017.03.08-08.47.19:777][561]LogModuleManager: Shutting down and abandoning module KismetCompiler (146)
[2017.03.08-08.47.19:777][561]LogModuleManager: Shutting down and abandoning module PhysXFormats (144)
[2017.03.08-08.47.19:777][561]LogModuleManager: Shutting down and abandoning module MeshUtilities (142)
[2017.03.08-08.47.19:777][561]LogModuleManager: Shutting down and abandoning module SimplygonSwarm (141)
[2017.03.08-08.47.19:777][561]LogModuleManager: Shutting down and abandoning module SimplygonMeshReduction (139)
[2017.03.08-08.47.19:777][561]LogModuleManager: Shutting down and abandoning module QuadricMeshReduction (137)
[2017.03.08-08.47.19:777][561]LogModuleManager: Shutting down and abandoning module PropertyEditor (135)
[2017.03.08-08.47.19:777][561]LogModuleManager: Shutting down and abandoning module DerivedDataCache (132)
[2017.03.08-08.47.19:848][561]LogDerivedDataCache: Shutdown
[2017.03.08-08.47.19:848][561]LogModuleManager: Shutting down and abandoning module TargetPlatform (130)
[2017.03.08-08.47.19:848][561]LogModuleManager: Shutting down and abandoning module VulkanShaderFormat (129)
[2017.03.08-08.47.19:848][561]LogModuleManager: Shutting down and abandoning module ShaderFormatOpenGL (127)
[2017.03.08-08.47.19:848][561]LogModuleManager: Shutting down and abandoning module ShaderFormatD3D (125)
[2017.03.08-08.47.19:848][561]LogModuleManager: Shutting down and abandoning module MetalShaderFormat (123)
[2017.03.08-08.47.19:848][561]LogModuleManager: Shutting down and abandoning module TextureFormatUncompressed (121)
[2017.03.08-08.47.19:848][561]LogModuleManager: Shutting down and abandoning module TextureFormatPVR (119)
[2017.03.08-08.47.19:848][561]LogModuleManager: Shutting down and abandoning module TextureFormatDXT (117)
[2017.03.08-08.47.19:848][561]LogModuleManager: Shutting down and abandoning module TextureFormatIntelISPCTexComp (115)
[2017.03.08-08.47.19:849][561]LogModuleManager: Shutting down and abandoning module TextureFormatASTC (113)
[2017.03.08-08.47.19:849][561]LogModuleManager: Shutting down and abandoning module ImageWrapper (112)
[2017.03.08-08.47.19:849][561]LogModuleManager: Shutting down and abandoning module TextureFormatAndroid (109)
[2017.03.08-08.47.19:849][561]LogModuleManager: Shutting down and abandoning module AudioFormatOpus (107)
[2017.03.08-08.47.19:849][561]LogModuleManager: Shutting down and abandoning module AudioFormatOgg (105)
[2017.03.08-08.47.19:849][561]LogModuleManager: Shutting down and abandoning module AudioFormatADPCM (103)
[2017.03.08-08.47.19:849][561]LogModuleManager: Shutting down and abandoning module LinuxTargetPlatform (101)
[2017.03.08-08.47.19:849][561]LogModuleManager: Shutting down and abandoning module LinuxServerTargetPlatform (99)
[2017.03.08-08.47.19:849][561]LogModuleManager: Shutting down and abandoning module LinuxNoEditorTargetPlatform (97)
[2017.03.08-08.47.19:849][561]LogModuleManager: Shutting down and abandoning module LinuxClientTargetPlatform (95)
[2017.03.08-08.47.19:849][561]LogModuleManager: Shutting down and abandoning module TVOSTargetPlatform (93)
[2017.03.08-08.47.19:849][561]LogModuleManager: Shutting down and abandoning module Messaging (91)
[2017.03.08-08.47.19:849][561]LogModuleManager: Shutting down and abandoning module IOSTargetPlatform (89)
[2017.03.08-08.47.19:849][561]LogModuleManager: Shutting down and abandoning module HTML5TargetPlatform (87)
[2017.03.08-08.47.19:849][561]LogModuleManager: Shutting down and abandoning module Android_PVRTCTargetPlatform (85)
[2017.03.08-08.47.19:849][561]LogModuleManager: Shutting down and abandoning module Android_MultiTargetPlatform (83)
[2017.03.08-08.47.19:849][561]LogModuleManager: Shutting down and abandoning module Android_ETC2TargetPlatform (81)
[2017.03.08-08.47.19:849][561]LogModuleManager: Shutting down and abandoning module Android_ETC1TargetPlatform (79)
[2017.03.08-08.47.19:849][561]LogModuleManager: Shutting down and abandoning module Android_DXTTargetPlatform (77)
[2017.03.08-08.47.19:849][561]LogModuleManager: Shutting down and abandoning module Android_ATCTargetPlatform (75)
[2017.03.08-08.47.19:849][561]LogModuleManager: Shutting down and abandoning module Android_ASTCTargetPlatform (73)
[2017.03.08-08.47.19:849][561]LogModuleManager: Shutting down and abandoning module AndroidTargetPlatform (71)
[2017.03.08-08.47.19:849][561]LogModuleManager: Shutting down and abandoning module WindowsTargetPlatform (69)
[2017.03.08-08.47.19:849][561]LogModuleManager: Shutting down and abandoning module WindowsServerTargetPlatform (67)
[2017.03.08-08.47.19:849][561]LogModuleManager: Shutting down and abandoning module WindowsNoEditorTargetPlatform (65)
[2017.03.08-08.47.19:849][561]LogModuleManager: Shutting down and abandoning module WindowsClientTargetPlatform (63)
[2017.03.08-08.47.19:849][561]LogModuleManager: Shutting down and abandoning module MacTargetPlatform (61)
[2017.03.08-08.47.19:849][561]LogModuleManager: Shutting down and abandoning module MacServerTargetPlatform (59)
[2017.03.08-08.47.19:849][561]LogModuleManager: Shutting down and abandoning module MacNoEditorTargetPlatform (57)
[2017.03.08-08.47.19:849][561]LogModuleManager: Shutting down and abandoning module MacClientTargetPlatform (55)
[2017.03.08-08.47.19:849][561]LogModuleManager: Shutting down and abandoning module AllDesktopTargetPlatform (53)
[2017.03.08-08.47.19:849][561]LogModuleManager: Shutting down and abandoning module InputCore (50)
[2017.03.08-08.47.19:849][561]LogModuleManager: Shutting down and abandoning module Settings (48)
[2017.03.08-08.47.19:850][561]LogModuleManager: Shutting down and abandoning module OculusRift (46)
[2017.03.08-08.47.19:850][561]LogModuleManager: Shutting down and abandoning module ExampleDeviceProfileSelector (44)
[2017.03.08-08.47.19:850][561]LogModuleManager: Shutting down and abandoning module OnlineBlueprintSupport (42)
[2017.03.08-08.47.19:850][561]LogModuleManager: Shutting down and abandoning module OnlineSubsystem (38)
[2017.03.08-08.47.19:850][561]LogOnline:Display: Unloading online subsystem: NULL
[2017.03.08-08.47.19:850][561]LogModuleManager: Shutting down and abandoning module XMPP (37)
[2017.03.08-08.47.19:850][561]LogModuleManager: Shutting down and abandoning module HTTP (35)
[2017.03.08-08.47.19:850][561]LogHttp:Display: Http module shutting down, but needs to wait on 1 outstanding Http requests:
[2017.03.08-08.47.19:850][561]LogHttp:Display: 	verb=[POST] url=[https://datarouter.ol.epicgames.com/datarouter/api/v1/public/data?SessionID=%7B548B296C-4294-BBA3-855A-70AD7E84D8BE%7D&AppID=UEEditor.Rocket.Release&AppVersion=4.15.0-3299760%2B%2B%2BUE4%2BRelease-4.15&UserID=632252274a1a51c5d09319ad812ffc6f%7Cdfb84846bd18458ea4123b3e7e2ad85b%7C611662be-5782-4c58-b6ba-4e13bbc45909&AppEnvironment=datacollector-binary&UploadType=eteventstream] status=Processing
[2017.03.08-08.47.19:866][561]LogModuleManager: Shutting down and abandoning module SSL (34)
[2017.03.08-08.47.19:869][561]LogModuleManager: Shutting down and abandoning module AudioEditor (30)
[2017.03.08-08.47.19:869][561]LogModuleManager: Shutting down and abandoning module TextureCompressor (28)
[2017.03.08-08.47.19:869][561]LogModuleManager: Shutting down and abandoning module ShaderCore (26)
[2017.03.08-08.47.19:869][561]LogModuleManager: Shutting down and abandoning module Landscape (24)
[2017.03.08-08.47.19:869][561]LogModuleManager: Shutting down and abandoning module SlateRHIRenderer (22)
[2017.03.08-08.47.19:877][561]LogModuleManager: Shutting down and abandoning module OpenGLDrv (20)
[2017.03.08-08.47.19:877][561]LogModuleManager: Shutting down and abandoning module D3D11RHI (18)
[2017.03.08-08.47.19:878][561]LogModuleManager: Shutting down and abandoning module AnimGraphRuntime (16)
[2017.03.08-08.47.19:878][561]LogModuleManager: Shutting down and abandoning module Renderer (14)
[2017.03.08-08.47.19:878][561]LogModuleManager: Shutting down and abandoning module Engine (12)
[2017.03.08-08.47.19:878][561]LogModuleManager: Shutting down and abandoning module CoreUObject (10)
[2017.03.08-08.47.19:878][561]LogModuleManager: Shutting down and abandoning module NetworkFile (8)
[2017.03.08-08.47.19:878][561]LogModuleManager: Shutting down and abandoning module StreamingFile (6)
[2017.03.08-08.47.19:878][561]LogModuleManager: Shutting down and abandoning module SandboxFile (4)
[2017.03.08-08.47.19:878][561]LogModuleManager: Shutting down and abandoning module PakFile (2)
[2017.03.08-08.47.19:883][561]LogExit: Exiting.
[2017.03.08-08.47.19:891][561]Log file closed, 03/08/17 16:47:19
