Log file open, 02/26/17 19:43:23
LogInit:Display: Running engine for game: Shangda_Wus_Book
LogPlatformFile: Not using cached read wrapper
LogInit:Display: RandInit(-1648578541) SRandInit(-1648578541).
LogTaskGraph: Started task graph with 5 named threads and 6 total threads with 1 sets of task threads.
LogStats: Stats thread started at 0.066920
LogInit: Using libcurl 7.47.1
LogInit:  - built for x86_64-pc-win32
LogInit:  - supports SSL with OpenSSL/1.0.2g
LogInit:  - supports HTTP deflate (compression) using libz 1.2.8
LogInit:  - other features:
LogInit:      CURL_VERSION_SSL
LogInit:      CURL_VERSION_LIBZ
LogInit:      CURL_VERSION_IPV6
LogInit:      CURL_VERSION_ASYNCHDNS
LogInit:      CURL_VERSION_LARGEFILE
LogInit:      CURL_VERSION_IDN
LogInit:  CurlRequestOptions (configurable via config and command line):
LogInit:  - bVerifyPeer = false  - Libcurl will NOT verify peer certificate
LogInit:  - bUseHttpProxy = false  - Libcurl will NOT use HTTP proxy
LogInit:  - bDontReuseConnections = false  - Libcurl will reuse connections
LogInit:  - CertBundlePath = nullptr  - Libcurl will use whatever was configured at build time.
LogInit: Build: ++UE4+Release-4.15-CL-3299760
LogInit: Engine Version: 4.15.0-3299760+++UE4+Release-4.15
LogInit: Compatible Engine Version: 4.15.0-3299760+++UE4+Release-4.15
LogInit: Net CL: 3299760
LogDevObjectVersion: Number of dev versions registered: 14
LogDevObjectVersion:   Dev-Blueprints (B0D832E4-1F89-4F0D-ACCF-7EB736FD4AA2): 8
LogDevObjectVersion:   Dev-Build (E1C64328-A22C-4D53-A36C-8E866417BD8C): 0
LogDevObjectVersion:   Dev-Core (375EC13C-06E4-48FB-B500-84F0262A717E): 2
LogDevObjectVersion:   Dev-Editor (E4B068ED-F494-42E9-A231-DA0B2E46BB41): 14
LogDevObjectVersion:   Dev-Framework (CFFC743F-43B0-4480-9391-14DF171D2073): 22
LogDevObjectVersion:   Dev-Mobile (B02B49B5-BB20-44E9-A304-32B752E40360): 0
LogDevObjectVersion:   Dev-Networking (A4E4105C-59A1-49B5-A7C5-40C4547EDFEE): 0
LogDevObjectVersion:   Dev-Online (39C831C9-5AE6-47DC-9A44-9C173E1C8E7C): 0
LogDevObjectVersion:   Dev-Physics (78F01B33-EBEA-4F98-B9B4-84EACCB95AA2): 0
LogDevObjectVersion:   Dev-Platform (6631380F-2D4D-43E0-8009-CF276956A95A): 0
LogDevObjectVersion:   Dev-Rendering (12F88B9F-8875-4AFC-A67C-D90C383ABD29): 12
LogDevObjectVersion:   Dev-Sequencer (7B5AE74C-D270-4C10-A958-57980B212A5A): 3
LogDevObjectVersion:   Dev-VR (D7296918-1DD6-4BDD-9DE2-64A83CC13884): 0
LogDevObjectVersion:   Dev-LoadTimes (C2A15278-BFE7-4AFE-6C17-90FF531DF755): 1
LogInit: Compiled (64-bit): Feb 14 2017 02:04:14
LogInit: Compiled with Visual C++: 19.00.23026.00
LogInit: Build Configuration: Development
LogInit: Branch Name: ++UE4+Release-4.15
LogInit: Command line:  
LogInit: Base directory: C:/Program Files (x86)/Epic Games/4.15/Engine/Binaries/Win64/
LogInit: Installed Engine Build: 1
LogInit: Presizing for max 8388607 objects, including 0 objects not considered by GC, pre-allocating 0 bytes for permanent pool.
LogInit: Object subsystem initialized
[2017.02.26-11.43.24:249][  0]LogInit: Selected Device Profile: [Windows]
[2017.02.26-11.43.24:249][  0]LogInit: Applying CVar settings loaded from the selected device profile: [Windows]
[2017.02.26-11.43.24:263][  0]LogInit: Computer: DESKTOP-4SGI5H6
[2017.02.26-11.43.24:263][  0]LogInit: User: shang
[2017.02.26-11.43.24:263][  0]LogInit: CPU Page size=65536, Cores=2
[2017.02.26-11.43.24:263][  0]LogInit: High frequency timer resolution =3.234371 MHz
[2017.02.26-11.43.24:263][  0]LogMemory: Memory total: Physical=15.8GB (16GB approx)
[2017.02.26-11.43.24:263][  0]LogMemory: Platform Memory Stats for Windows
[2017.02.26-11.43.24:263][  0]LogMemory: Process Physical Memory: 264.13 MB used, 264.13 MB peak
[2017.02.26-11.43.24:263][  0]LogMemory: Process Virtual Memory: 262.31 MB used, 262.31 MB peak
[2017.02.26-11.43.24:263][  0]LogMemory: Physical Memory: 3860.45 MB used,  12340.46 MB free, 16200.91 MB total
[2017.02.26-11.43.24:263][  0]LogMemory: Virtual Memory: 641.67 MB used,  12340.46 MB free, 134217728.00 MB total
[2017.02.26-11.43.24:341][  0]LogInit: Overriding culture en with editor configuration.
[2017.02.26-11.43.25:003][  0]LogD3D11RHI: D3D11 adapters:
[2017.02.26-11.43.25:042][  0]LogD3D11RHI:    0. 'NVIDIA Quadro M1000M' (Feature Level 11_0)
[2017.02.26-11.43.25:042][  0]LogD3D11RHI:       4064/0/8100 MB DedicatedVideo/DedicatedSystem/SharedSystem, Outputs:1, VendorId:0x10de
[2017.02.26-11.43.25:052][  0]LogD3D11RHI:    1. 'Intel(R) Iris(TM) Graphics 550' (Feature Level 11_0)
[2017.02.26-11.43.25:052][  0]LogD3D11RHI:       128/0/8100 MB DedicatedVideo/DedicatedSystem/SharedSystem, Outputs:0, VendorId:0x8086
[2017.02.26-11.43.25:053][  0]LogD3D11RHI:    2. 'Microsoft Basic Render Driver' (Feature Level 11_0)
[2017.02.26-11.43.25:053][  0]LogD3D11RHI:       0/0/8100 MB DedicatedVideo/DedicatedSystem/SharedSystem, Outputs:0, VendorId:0x1414
[2017.02.26-11.43.25:053][  0]LogD3D11RHI: Chosen D3D11 Adapter: 0
[2017.02.26-11.43.25:058][  0]LogD3D11RHI: Creating new Direct3DDevice
[2017.02.26-11.43.25:059][  0]LogD3D11RHI:     GPU DeviceId: 0x13b1 (for the marketing name, search the web for "GPU Device Id")
[2017.02.26-11.43.25:059][  0]LogWindows: EnumDisplayDevices:
[2017.02.26-11.43.25:059][  0]LogWindows:    0. 'Intel(R) Iris(TM) Graphics 550' (P:1 D:1)
[2017.02.26-11.43.25:059][  0]LogWindows:    1. 'Intel(R) Iris(TM) Graphics 550' (P:0 D:0)
[2017.02.26-11.43.25:059][  0]LogWindows:    2. 'Intel(R) Iris(TM) Graphics 550' (P:0 D:0)
[2017.02.26-11.43.25:059][  0]LogWindows: DebugString: PrimaryIsNotTheChoosenAdapter PrimaryIsNotTheChoosenAdapter PrimaryIsNotTheChoosenAdapter FoundDriverCount:0 
[2017.02.26-11.43.25:059][  0]LogD3D11RHI:     Adapter Name: NVIDIA Quadro M1000M
[2017.02.26-11.43.25:059][  0]LogD3D11RHI:   Driver Version: Unknown (internal:Unknown, unified:Unknown)
[2017.02.26-11.43.25:059][  0]LogD3D11RHI:      Driver Date: Unknown
[2017.02.26-11.43.25:059][  0]LogRHI: Texture pool is 1361 MB (70% of 1945 MB)
[2017.02.26-11.43.25:081][  0]LogD3D11RHI: Async texture creation enabled
[2017.02.26-11.43.25:100][  0]LogD3D11RHI: GPU Timing Frequency: 1000.000000 (Debug: 2 2)
[2017.02.26-11.43.25:100][  0]LogShaderCompilers: Guid format shader working directory is -26 characters bigger than the processId version (../../../../../../Users/shang/Documents/Unreal Projects/Shangda_Wus_Book/Intermediate/Shaders/WorkingDirectory/6960/).
[2017.02.26-11.43.25:100][  0]LogShaderCompilers: Cleaned the shader compiler working directory 'C:/Users/shang/AppData/Local/Temp/UnrealShaderWorkingDir/19BCBDF04A16BA5008FAC7AAA45A7978/'.
[2017.02.26-11.43.25:100][  0]LogShaderCompilers:Display: Using Local Shader Compiler.
[2017.02.26-11.43.26:127][  0]LogTemp:Display: Loaded TP AllDesktopTargetPlatform
[2017.02.26-11.43.26:177][  0]LogTemp:Display: Loaded TP MacClientTargetPlatform
[2017.02.26-11.43.26:228][  0]LogTemp:Display: Loaded TP MacNoEditorTargetPlatform
[2017.02.26-11.43.26:278][  0]LogTemp:Display: Loaded TP MacServerTargetPlatform
[2017.02.26-11.43.26:329][  0]LogTemp:Display: Loaded TP MacTargetPlatform
[2017.02.26-11.43.26:388][  0]LogTemp:Display: Loaded TP WindowsClientTargetPlatform
[2017.02.26-11.43.26:440][  0]LogTemp:Display: Loaded TP WindowsNoEditorTargetPlatform
[2017.02.26-11.43.26:490][  0]LogTemp:Display: Loaded TP WindowsServerTargetPlatform
[2017.02.26-11.43.26:531][  0]LogTemp:Display: Loaded TP WindowsTargetPlatform
[2017.02.26-11.43.26:584][  0]LogTemp:Display: Loaded TP AndroidTargetPlatform
[2017.02.26-11.43.26:635][  0]LogTemp:Display: Loaded TP Android_ASTCTargetPlatform
[2017.02.26-11.43.26:685][  0]LogTemp:Display: Loaded TP Android_ATCTargetPlatform
[2017.02.26-11.43.26:735][  0]LogTemp:Display: Loaded TP Android_DXTTargetPlatform
[2017.02.26-11.43.26:787][  0]LogTemp:Display: Loaded TP Android_ETC1TargetPlatform
[2017.02.26-11.43.26:835][  0]LogTemp:Display: Loaded TP Android_ETC2TargetPlatform
[2017.02.26-11.43.26:932][  0]LogTemp:Display: Loaded TP Android_MultiTargetPlatform
[2017.02.26-11.43.26:932][  0]LogTemp:Display: Loaded TP Android_PVRTCTargetPlatform
[2017.02.26-11.43.26:967][  0]LogTemp:Display: Loaded TP HTML5TargetPlatform
[2017.02.26-11.43.27:061][  0]LogTemp:Display: Loaded TP IOSTargetPlatform
[2017.02.26-11.43.27:094][  0]LogTemp:Display: Loaded TP TVOSTargetPlatform
[2017.02.26-11.43.27:142][  0]LogTemp:Display: Loaded TP LinuxClientTargetPlatform
[2017.02.26-11.43.27:192][  0]LogTemp:Display: Loaded TP LinuxNoEditorTargetPlatform
[2017.02.26-11.43.27:243][  0]LogTemp:Display: Loaded TP LinuxServerTargetPlatform
[2017.02.26-11.43.27:294][  0]LogTemp:Display: Loaded TP LinuxTargetPlatform
[2017.02.26-11.43.27:294][  0]LogTargetPlatformManager:Display: Building Assets For Windows
[2017.02.26-11.43.27:698][  0]LogDerivedDataCache:Display: Max Cache Size: 512 MB
[2017.02.26-11.43.27:763][  0]LogDerivedDataCache: Loaded boot cache 0.07s 60MB C:/Users/shang/AppData/Local/UnrealEngine/4.15/DerivedDataCache/Boot.ddc.
[2017.02.26-11.43.27:763][  0]LogDerivedDataCache:Display: Loaded Boot cache: C:/Users/shang/AppData/Local/UnrealEngine/4.15/DerivedDataCache/Boot.ddc
[2017.02.26-11.43.27:763][  0]LogDerivedDataCache: FDerivedDataBackendGraph:  Pak pak cache file ../../../../../../Users/shang/Documents/Unreal Projects/Shangda_Wus_Book/DerivedDataCache/DDC.ddp not found, will not use a pak cache.
[2017.02.26-11.43.27:763][  0]LogDerivedDataCache: Unable to find inner node Pak for hierarchical cache Hierarchy.
[2017.02.26-11.43.27:763][  0]LogDerivedDataCache: FDerivedDataBackendGraph:  CompressedPak pak cache file ../../../../../../Users/shang/Documents/Unreal Projects/Shangda_Wus_Book/DerivedDataCache/Compressed.ddp not found, will not use a pak cache.
[2017.02.26-11.43.27:763][  0]LogDerivedDataCache: Unable to find inner node CompressedPak for hierarchical cache Hierarchy.
[2017.02.26-11.43.27:779][  0]LogDerivedDataCache:Display: Pak cache opened for reading ../../../Engine/DerivedDataCache/Compressed.ddp.
[2017.02.26-11.43.27:793][  0]LogDerivedDataCache: Using Local data cache path C:/Users/shang/AppData/Local/UnrealEngine/Common/DerivedDataCache: Writable
[2017.02.26-11.43.27:801][  0]LogSlate: Using Freetype 2.6.0
[2017.02.26-11.43.27:802][  0]LogSlate: SlateFontCache - WITH_FREETYPE: 1, WITH_HARFBUZZ: 1
[2017.02.26-11.43.27:802][  0]LogSlate: SlateFontCache - WITH_FREETYPE: 1, WITH_HARFBUZZ: 1
[2017.02.26-11.43.28:048][  0]LogInit: Selected Device Profile: [Windows]
[2017.02.26-11.43.28:050][  0]LogContentStreaming: Texture pool size is 0.00 MB
[2017.02.26-11.43.28:237][  0]LogMeshUtilities: Using QuadricMeshReduction for automatic static mesh reduction
[2017.02.26-11.43.28:277][  0]LogSimplygon: Simplygon DLL not present - disabling.
[2017.02.26-11.43.28:318][  0]LogMeshUtilities: Using SimplygonSwarm for distributed automatic mesh merging
[2017.02.26-11.43.28:318][  0]LogMeshUtilities: No automatic skeletal mesh reduction module available
[2017.02.26-11.43.28:318][  0]LogMeshUtilities: No automatic mesh merging module available
[2017.02.26-11.43.28:881][  0]LogNetVersion: GetLocalNetworkVersion: CL: 3299760, ProjectName: shangda_wus_book, ProjectVersion: , EngineNetworkVersion: 2, GameNetworkVersion: 0, NetworkChecksum: 2213960243
[2017.02.26-11.43.28:928][  0]LogAssetRegistry: FAssetRegistry took 0.0219 seconds to start up
[2017.02.26-11.43.28:973][  0]LogPackageLocalizationCache: Processed 3 localized package path(s) for 1 prioritized culture(s) in 0.018274 seconds
[2017.02.26-11.43.28:977][  0]LogUObjectArray: 32475 objects as part of root set at end of initial load.
[2017.02.26-11.43.28:977][  0]LogUObjectAllocator: 7073368 out of 0 bytes used by permanent object pool.
[2017.02.26-11.43.28:977][  0]LogUObjectArray: CloseDisregardForGC: 0/0 objects in disregard for GC pool
[2017.02.26-11.43.29:037][  0]LogInit: WinSock: version 1.1 (2.2), MaxSocks=32767, MaxUdp=65467
[2017.02.26-11.43.30:546][  0]LogTcpMessaging: Initializing TcpMessaging bridge
[2017.02.26-11.43.30:586][  0]LogUdpMessaging: Initializing bridge on interface 0.0.0.0:0 to multicast group 230.0.0.1:6666.
[2017.02.26-11.43.31:052][  0]LogMaterial: Uniform references updated for custom material expression Custom.
[2017.02.26-11.43.31:406][  0]SourceControl: Info Source control is disabled
[2017.02.26-11.43.31:407][  0]SourceControl: Info Source control is disabled
[2017.02.26-11.43.31:450][  0]SourceControl: Info Source control is disabled
[2017.02.26-11.43.31:491][  0]SourceControl: Info Source control is disabled
[2017.02.26-11.43.32:628][  0]LogEngine: Initializing Engine...
[2017.02.26-11.43.32:629][  0]LogHMD: Failed to initialize OpenVR with code 110
[2017.02.26-11.43.32:855][  0]LogAIModule: Creating AISystem for world Untitled
[2017.02.26-11.43.32:863][  0]LogInit: XAudio2 using '扬声器 (Realtek High Definition Audio)' : 2 channels at 48 kHz using 32 bits per sample (channel mask 0x3)
[2017.02.26-11.43.32:894][  0]LogInit: FAudioDevice initialized.
[2017.02.26-11.43.32:931][  0]LogDerivedDataCache: Saved boot cache 0.04s 60MB C:/Users/shang/AppData/Local/UnrealEngine/4.15/DerivedDataCache/Boot.ddc.
[2017.02.26-11.43.32:946][  0]LogInit: Texture streaming: Enabled
[2017.02.26-11.43.33:037][  0]LogEngineSessionManager: EngineSessionManager initialized
[2017.02.26-11.43.33:121][  0]LogInit: Transaction tracking system initialized
[2017.02.26-11.43.33:470][  0]BlueprintLog: New page: Editor Load
[2017.02.26-11.43.34:321][  0]LocalizationService: Info Localization service is disabled
[2017.02.26-11.43.34:981][  0]LogConsoleResponse:Display: 
[2017.02.26-11.43.35:124][  0]LogCook:Display: Max memory allowance for cook 16384mb min free memory 0mb
[2017.02.26-11.43.35:124][  0]LogCook:Display: Mobile HDR setting 1
[2017.02.26-11.43.35:333][  0]LogFileCache: Scanning file cache for directory 'C:/Users/shang/Documents/Unreal Projects/Shangda_Wus_Book/Content/' took 0.01s
[2017.02.26-11.43.36:109][  0]SourceControl: Info Source control is disabled
[2017.02.26-11.43.36:109][  0]Cmd: MAP LOAD FILE="../../../Engine/Content/Maps/Templates/Template_Default.umap" TEMPLATE=1 SHOWPROGRESS=1 FEATURELEVEL=3
[2017.02.26-11.43.36:109][  0]LightingResults: New page: Lighting Build
[2017.02.26-11.43.36:149][  0]MapCheck: New page: Map Check
[2017.02.26-11.43.36:149][  0]LightingResults: New page: Lighting Build
[2017.02.26-11.43.36:351][  0]LogAIModule: Creating AISystem for world Untitled_1
[2017.02.26-11.43.36:352][  0]LogActorComponent: RegisterComponentWithWorld: (/Temp/Untitled_1.Untitled_1:PersistentLevel.WorldSettings_1.StaticMeshComponent0) Trying to register component with IsPendingKill() == true. Aborting.
[2017.02.26-11.43.36:360][  0]LogEditorServer: Finished looking for orphan Actors (0.000 secs)
[2017.02.26-11.43.36:364][  0]Cmd: MAP CHECKDEP NOCLEARLOG
[2017.02.26-11.43.36:408][  0]MapCheck: Info Map check complete: 0 Error(s), 0 Warning(s), took 43.308ms to complete.
[2017.02.26-11.43.36:408][  0]LogFileHelpers: Loading map 'Template_Default' took 0.299
[2017.02.26-11.43.36:483][  0]LogWindowsTextInputMethodSystem:Display: IME system now activated using TSF (微软拼音).
[2017.02.26-11.43.36:483][  0]LogWindowsTextInputMethodSystem:Display: IME system now activated using TSF (微软拼音).
[2017.02.26-11.43.36:621][  0]LogCollectionManager: Loaded 0 collections in 0.002848 seconds
[2017.02.26-11.43.36:707][  0]LogFileCache: Scanning file cache for directory 'C:/Users/shang/Documents/Unreal Projects/Shangda_Wus_Book/Saved/Collections/' took 0.01s
[2017.02.26-11.43.36:707][  0]LogFileCache: Scanning file cache for directory 'C:/Users/shang/Documents/Unreal Projects/Shangda_Wus_Book/Content/Developers/shang/Collections/' took 0.01s
[2017.02.26-11.43.36:707][  0]LogFileCache: Scanning file cache for directory 'C:/Users/shang/Documents/Unreal Projects/Shangda_Wus_Book/Content/Collections/' took 0.01s
[2017.02.26-11.43.36:707][  0]LogCollectionManager: Rebuilt the GUID cache for 0 collections in 0.000002 seconds
[2017.02.26-11.43.36:716][  0]LogContentBrowser: Native class hierarchy populated in 0.0086 seconds. Added 2244 classes and 450 folders.
[2017.02.26-11.43.36:719][  0]LogStats: UGameplayTagsManager::ConstructGameplayTagTree: Construct from data asset -  0.000 s
[2017.02.26-11.43.36:719][  0]LogStats: UGameplayTagsManager::ConstructGameplayTagTree: GameplayTagTreeChangedEvent.Broadcast -  0.000 s
[2017.02.26-11.43.36:788][  0]LogContentBrowser: Native class hierarchy updated for 'WidgetCarousel' in 0.0008 seconds. Added 0 classes and 0 folders.
[2017.02.26-11.43.36:832][  0]LogContentBrowser: Native class hierarchy updated for 'AddContentDialog' in 0.0005 seconds. Added 0 classes and 0 folders.
[2017.02.26-11.43.36:877][  0]LogContentBrowser: Native class hierarchy updated for 'SceneOutliner' in 0.0004 seconds. Added 1 classes and 2 folders.
[2017.02.26-11.43.36:981][  0]LogCrashTracker: Crashtracker disabled due to settings.
[2017.02.26-11.43.36:993][  0]LogUObjectGlobals:Warning: Failed to find object 'Class None.'
[2017.02.26-11.43.37:063][  0]LogContentBrowser: Native class hierarchy updated for 'HierarchicalLODOutliner' in 0.0006 seconds. Added 1 classes and 2 folders.
[2017.02.26-11.43.37:064][  0]LogLoad: (Engine Initialization) Total time: 14.54 seconds
[2017.02.26-11.43.37:064][  0]LogLoad: (Engine Initialization) Total Blueprint compile time: 0.08 seconds
[2017.02.26-11.43.37:064][  0]LogExternalProfiler: No external profilers were discovered.  External profiling features will not be available.
[2017.02.26-11.43.37:082][  0]LogOcInput: OculusInput pre-init called
[2017.02.26-11.43.37:101][  0]LogContentStreaming: Texture pool size now 1000 MB
[2017.02.26-11.43.37:102][  0]LogSlate: Took 0.000208 seconds to synchronously load lazily loaded font '../../../Engine/Content/Slate/Fonts/Roboto-Regular.ttf' (155K)
[2017.02.26-11.43.37:107][  0]LogSlate: Took 0.000241 seconds to synchronously load lazily loaded font '../../../Engine/Content/Slate/Fonts/Roboto-Bold.ttf' (160K)
[2017.02.26-11.43.37:112][  0]LogSlate: Took 0.000171 seconds to synchronously load lazily loaded font '../../../Engine/Content/Editor/Slate/Fonts/FontAwesome.ttf' (139K)
[2017.02.26-11.43.37:251][  0]LogRenderer: Reallocating scene render targets to support 1208x576 NumSamples 1 (Frame:2).
[2017.02.26-11.43.37:327][  1]LogAssetRegistry: Asset discovery search completed in 8.4212 seconds
[2017.02.26-11.43.37:327][  1]LogCollectionManager: Rebuilt the object cache for 0 collections in 0.000007 seconds (found 0 objects)
[2017.02.26-11.43.37:327][  1]LogCollectionManager: Fixed up redirectors for 0 collections in 0.000027 seconds (updated 0 objects)
[2017.02.26-11.43.39:304][115]LogSlate: Took 0.000211 seconds to synchronously load lazily loaded font '../../../Engine/Content/Slate/Fonts/Roboto-Light.ttf' (159K)
[2017.02.26-11.43.53:268][949]LogSlate: Took 0.000170 seconds to synchronously load lazily loaded font '../../../Engine/Content/Slate/Fonts/Roboto-Light.ttf' (159K)
[2017.02.26-11.43.53:523][949]LogMetaData: Removing '/Game/User_Interfaces/UI_Story.UI_Story_C' ref from Metadata '/Game/User_Interfaces/UI_Plot.PackageMetaData'
[2017.02.26-11.43.53:523][949]LogMetaData: Removing '/Game/User_Interfaces/UI_Story.UI_Story:EventGraph.K2Node_Event_0' ref from Metadata '/Game/User_Interfaces/UI_Plot.PackageMetaData'
[2017.02.26-11.43.53:523][949]LogMetaData: Removing '/Game/User_Interfaces/UI_Story.UI_Story:Get_Plot_TextBlock.K2Node_FunctionResult_0' ref from Metadata '/Game/User_Interfaces/UI_Plot.PackageMetaData'
[2017.02.26-11.43.53:523][949]LogMetaData: Removing '/Game/User_Interfaces/UI_Story.UI_Story:Get_Plot_TextBlock.K2Node_FunctionEntry_0' ref from Metadata '/Game/User_Interfaces/UI_Plot.PackageMetaData'
[2017.02.26-11.43.53:523][949]LogMetaData: Removing '/Game/User_Interfaces/UI_Story.UI_Story:Plot_TextBlock_Macros.K2Node_Tunnel_1' ref from Metadata '/Game/User_Interfaces/UI_Plot.PackageMetaData'
[2017.02.26-11.43.53:523][949]LogMetaData: Removing '/Game/User_Interfaces/UI_Story.UI_Story:Plot_TextBlock_Macros.K2Node_Tunnel_0' ref from Metadata '/Game/User_Interfaces/UI_Plot.PackageMetaData'
[2017.02.26-11.43.53:523][949]LogMetaData: Removing '/Game/User_Interfaces/UI_Story.SKEL_UI_Story_C' ref from Metadata '/Game/User_Interfaces/UI_Plot.PackageMetaData'
[2017.02.26-11.43.53:559][949]Cmd: OBJ SAVEPACKAGE PACKAGE="/Game/User_Interfaces/UI_Story" FILE="../../../../../../Users/shang/Documents/Unreal Projects/Shangda_Wus_Book/Content/User_Interfaces/UI_Story.uasset" SILENT=true
[2017.02.26-11.43.53:603][949]LogSavePackage: Save=40.89ms
[2017.02.26-11.43.53:603][949]LogSavePackage: Moving '../../../../../../Users/shang/Documents/Unreal Projects/Shangda_Wus_Book/Saved/UI_Story741C8F58486A0CE9C60E5B9442166A82.tmp' to '../../../../../../Users/shang/Documents/Unreal Projects/Shangda_Wus_Book/Content/User_Interfaces/UI_Story.uasset'
[2017.02.26-11.43.53:608][949]LogSavePackage:Display: Finished SavePackage ../../../../../../Users/shang/Documents/Unreal Projects/Shangda_Wus_Book/Content/User_Interfaces/UI_Story.uasset
[2017.02.26-11.43.53:785][949]Cmd: OBJ SAVEPACKAGE PACKAGE="/Game/User_Interfaces/UI_Start_Game" FILE="../../../../../../Users/shang/Documents/Unreal Projects/Shangda_Wus_Book/Content/User_Interfaces/UI_Start_Game.uasset" SILENT=true
[2017.02.26-11.43.53:822][949]LogSavePackage: Save=21.26ms
[2017.02.26-11.43.53:822][949]LogSavePackage: Moving '../../../../../../Users/shang/Documents/Unreal Projects/Shangda_Wus_Book/Saved/UI_Start_Game61A79B6C40C747B486196BBD12F7CF09.tmp' to '../../../../../../Users/shang/Documents/Unreal Projects/Shangda_Wus_Book/Content/User_Interfaces/UI_Start_Game.uasset'
[2017.02.26-11.43.53:825][949]LogSavePackage:Display: Finished SavePackage ../../../../../../Users/shang/Documents/Unreal Projects/Shangda_Wus_Book/Content/User_Interfaces/UI_Start_Game.uasset
[2017.02.26-11.44.01:221][360]LogSlate: Took 0.000174 seconds to synchronously load lazily loaded font '../../../Engine/Content/Slate/Fonts/Roboto-Regular.ttf' (155K)
[2017.02.26-11.44.01:327][360]LogContentBrowser: Native class hierarchy updated for 'BlueprintGraph' in 0.0009 seconds. Added 112 classes and 0 folders.
[2017.02.26-11.44.02:036][360]LogSlate: Took 0.000200 seconds to synchronously load lazily loaded font '../../../Engine/Content/Slate/Fonts/Roboto-Light.ttf' (159K)
[2017.02.26-11.44.02:036][360]LogSlate: Took 0.000228 seconds to synchronously load lazily loaded font '../../../Engine/Content/Editor/Slate/Fonts/Roboto-BoldCondensed.ttf' (158K)
[2017.02.26-11.44.20:348][244]LogSlate: Took 0.002813 seconds to synchronously load lazily loaded font '../../../Engine/Content/Slate/Fonts/DroidSansFallback.ttf' (3848K)
[2017.02.26-11.44.20:356][244]LogSlate: Took 0.000162 seconds to synchronously load lazily loaded font '../../../Engine/Content/Editor/Slate/Fonts/Roboto-Italic.ttf' (157K)
[2017.02.26-11.45.49:953][313]Cmd: OBJ SAVEPACKAGE PACKAGE="/Game/User_Interfaces/UI_Story" FILE="../../../../../../Users/shang/Documents/Unreal Projects/Shangda_Wus_Book/Content/User_Interfaces/UI_Story.uasset" SILENT=true
[2017.02.26-11.45.50:023][313]LogSavePackage: Save=51.62ms
[2017.02.26-11.45.50:023][313]LogSavePackage: Moving '../../../../../../Users/shang/Documents/Unreal Projects/Shangda_Wus_Book/Saved/UI_Story0BD521724E60AC32FBE2EC932A6857BA.tmp' to '../../../../../../Users/shang/Documents/Unreal Projects/Shangda_Wus_Book/Content/User_Interfaces/UI_Story.uasset'
[2017.02.26-11.45.50:028][313]LogSavePackage:Display: Finished SavePackage ../../../../../../Users/shang/Documents/Unreal Projects/Shangda_Wus_Book/Content/User_Interfaces/UI_Story.uasset
[2017.02.26-11.45.51:337][385]BlueprintLog: New page: Compile UI_Story
[2017.02.26-11.45.55:861][608]LogTemp: Repeting last play command: New Editor Window (PIE)
[2017.02.26-11.45.55:906][608]LogPlayLevel: PlayLevel: No blueprints needed recompiling
[2017.02.26-11.45.55:907][608]PIE: New page: PIE session: Untitled_1 (Feb 27, 2017, 3:45:55 AM)
[2017.02.26-11.45.55:907][608]LogPlayLevel: Creating play world package: /Temp/UEDPIE_0_Untitled_1
[2017.02.26-11.45.55:910][608]LogPlayLevel: PIE: StaticDuplicateObject took: (0.002828s)
[2017.02.26-11.45.55:911][608]LogAIModule: Creating AISystem for world Untitled_1
[2017.02.26-11.45.55:911][608]LogPlayLevel: PIE: World Init took: (0.001313s)
[2017.02.26-11.45.55:912][608]LogPlayLevel: PIE: Created PIE world by copying editor world from /Temp/Untitled_1.Untitled_1 to /Temp/UEDPIE_0_Untitled_1.Untitled_1 (0.004712s)
[2017.02.26-11.45.55:956][608]LogInit: XAudio2 using '扬声器 (Realtek High Definition Audio)' : 2 channels at 48 kHz using 32 bits per sample (channel mask 0x3)
[2017.02.26-11.45.55:972][608]LogInit: FAudioDevice initialized.
[2017.02.26-11.45.56:050][608]LogLoad: Game class is 'GameModeBase'
[2017.02.26-11.45.56:054][608]LogWorld: Bringing World /Temp/UEDPIE_0_Untitled_1.Untitled_1 up for play (max tick rate 60) at 2017.02.26-19.45.56
[2017.02.26-11.45.56:054][608]LogWorld: Bringing up level for play took: 0.003572
[2017.02.26-11.45.56:123][608]LogContentBrowser: Native class hierarchy updated for 'MovieSceneCapture' in 0.0012 seconds. Added 11 classes and 0 folders.
[2017.02.26-11.45.56:131][608]PIE: Info Play in editor start time for /Temp/UEDPIE_0_Untitled_1 -0.738
[2017.02.26-11.45.56:196][608]LogRenderer: Reallocating scene render targets to support 1208x996 NumSamples 1 (Frame:6452).
[2017.02.26-11.46.18:349][883]LogTemp: Repeting last play command: New Editor Window (PIE)
[2017.02.26-11.46.18:371][883]LogPlayLevel: PlayLevel: No blueprints needed recompiling
[2017.02.26-11.46.18:372][883]PIE: New page: PIE session: Untitled_1 (Feb 27, 2017, 3:46:18 AM)
[2017.02.26-11.46.18:372][883]LogPlayLevel: Creating play world package: /Temp/UEDPIE_0_Untitled_1
[2017.02.26-11.46.18:374][883]LogPlayLevel: PIE: StaticDuplicateObject took: (0.002040s)
[2017.02.26-11.46.18:374][883]LogAIModule: Creating AISystem for world Untitled_1
[2017.02.26-11.46.18:375][883]LogPlayLevel: PIE: World Init took: (0.000908s)
[2017.02.26-11.46.18:375][883]LogPlayLevel: PIE: Created PIE world by copying editor world from /Temp/Untitled_1.Untitled_1 to /Temp/UEDPIE_0_Untitled_1.Untitled_1 (0.003212s)
[2017.02.26-11.46.18:412][883]LogInit: XAudio2 using '扬声器 (Realtek High Definition Audio)' : 2 channels at 48 kHz using 32 bits per sample (channel mask 0x3)
[2017.02.26-11.46.18:423][883]LogInit: FAudioDevice initialized.
[2017.02.26-11.46.18:479][883]LogLoad: Game class is 'GameModeBase'
[2017.02.26-11.46.18:482][883]LogWorld: Bringing World /Temp/UEDPIE_0_Untitled_1.Untitled_1 up for play (max tick rate 60) at 2017.02.26-19.46.18
[2017.02.26-11.46.18:482][883]LogWorld: Bringing up level for play took: 0.001803
[2017.02.26-11.46.18:488][883]PIE: Info Play in editor start time for /Temp/UEDPIE_0_Untitled_1 -0.38
[2017.02.26-11.46.24:542][222]LogBlueprint:Error: [Compiler GC_Main_Scenes] Error The type of  Object  is undetermined.  Connect something to  Cast To GM_Main_Scenes_1  to imply a specific type.
[2017.02.26-11.46.24:542][222]LogBlueprint:Error: [Compiler GC_Main_Scenes] Error The current value of the ' Object ' pin is invalid: Unsupported type Wildcard on pin Object
[2017.02.26-11.46.24:545][222]LogBlueprint:Warning: [Compiler GC_Main_Scenes] Warning [0182.02] Compile of GC_Main_Scenes failed. 2 Fatal Issue(s) 0 Warning(s) [in 4 ms] (/Game/Game_Cameras/GC_Main_Scenes.GC_Main_Scenes)
[2017.02.26-11.46.24:545][222]LogBlueprint:Warning: [Compiler GC_Main_Scenes] Warning [0182.02] Compile of GC_Main_Scenes failed. 2 Fatal Issue(s) 1 Warning(s) [in 0 ms] (/Game/Game_Cameras/GC_Main_Scenes.GC_Main_Scenes)
[2017.02.26-11.46.24:545][222]LogBlueprint:Warning: [Compiler GC_Main_Scenes] Warning [0182.02] Compile of GC_Main_Scenes failed. 2 Fatal Issue(s) 2 Warning(s) [in 0 ms] (/Game/Game_Cameras/GC_Main_Scenes.GC_Main_Scenes)
[2017.02.26-11.46.24:587][222]LogAIModule: Creating AISystem for world Shangda_Wus_Book_Main_Scenes
[2017.02.26-11.46.25:931][222]Cmd: OBJ SAVEPACKAGE PACKAGE="/Game/User_Interfaces/UI_Start_Game" FILE="../../../../../../Users/shang/Documents/Unreal Projects/Shangda_Wus_Book/Content/User_Interfaces/UI_Start_Game.uasset" SILENT=true
[2017.02.26-11.46.25:956][222]LogSavePackage: Save=15.00ms
[2017.02.26-11.46.25:956][222]LogSavePackage: Moving '../../../../../../Users/shang/Documents/Unreal Projects/Shangda_Wus_Book/Saved/UI_Start_Game4BF3616F4937484367CBC9B086299FE3.tmp' to '../../../../../../Users/shang/Documents/Unreal Projects/Shangda_Wus_Book/Content/User_Interfaces/UI_Start_Game.uasset'
[2017.02.26-11.46.25:960][222]LogSavePackage:Display: Finished SavePackage ../../../../../../Users/shang/Documents/Unreal Projects/Shangda_Wus_Book/Content/User_Interfaces/UI_Start_Game.uasset
[2017.02.26-11.46.25:962][222]Cmd: MAP LOAD FILE="../../../../../../Users/shang/Documents/Unreal Projects/Shangda_Wus_Book/Content/Shangda_Wus_Book_Main_Scenes.umap" TEMPLATE=0 SHOWPROGRESS=1 FEATURELEVEL=3
[2017.02.26-11.46.25:962][222]LightingResults: New page: Lighting Build
[2017.02.26-11.46.25:963][222]LoadErrors: New page: Loading map: Shangda_Wus_Book_Main_Scenes.umap
[2017.02.26-11.46.25:964][222]MapCheck: New page: Map Check
[2017.02.26-11.46.25:964][222]LightingResults: New page: Lighting Build
[2017.02.26-11.46.26:089][222]LogEditorServer: Finished looking for orphan Actors (0.000 secs)
[2017.02.26-11.46.26:117][222]Cmd: MAP CHECKDEP NOCLEARLOG
[2017.02.26-11.46.26:164][222]MapCheck: Info Map check complete: 0 Error(s), 0 Warning(s), took 46.052ms to complete.
[2017.02.26-11.46.26:165][222]LogFileHelpers: Loading map 'Shangda_Wus_Book_Main_Scenes' took 0.205
[2017.02.26-11.46.27:298][285]LogTemp: Repeting last play command: New Editor Window (PIE)
[2017.02.26-11.46.27:326][285]LogBlueprintUserMessages: Early PlayInEditor Detection: Level '/Game/Shangda_Wus_Book_Main_Scenes.Shangda_Wus_Book_Main_Scenes:PersistentLevel' has LevelScriptBlueprint '/Game/Shangda_Wus_Book_Main_Scenes.Shangda_Wus_Book_Main_Scenes:PersistentLevel.Shangda_Wus_Book_Main_Scenes' with GeneratedClass '/Game/Shangda_Wus_Book_Main_Scenes.Shangda_Wus_Book_Main_Scenes_C' with ClassGeneratedBy '/Game/Shangda_Wus_Book_Main_Scenes.Shangda_Wus_Book_Main_Scenes:PersistentLevel.Shangda_Wus_Book_Main_Scenes'
[2017.02.26-11.46.27:326][285]LogPlayLevel: PlayLevel: No blueprints needed recompiling
[2017.02.26-11.46.28:592][285]PIE: New page: PIE session: Shangda_Wus_Book_Main_Scenes (Feb 27, 2017, 3:46:28 AM)
[2017.02.26-11.46.28:592][285]LogPlayLevel: Creating play world package: /Game/UEDPIE_0_Shangda_Wus_Book_Main_Scenes
[2017.02.26-11.46.28:595][285]LogPlayLevel: PIE: StaticDuplicateObject took: (0.002958s)
[2017.02.26-11.46.28:596][285]LogAIModule: Creating AISystem for world Shangda_Wus_Book_Main_Scenes
[2017.02.26-11.46.28:596][285]LogPlayLevel: PIE: World Init took: (0.000849s)
[2017.02.26-11.46.28:596][285]LogPlayLevel: PIE: Created PIE world by copying editor world from /Game/Shangda_Wus_Book_Main_Scenes.Shangda_Wus_Book_Main_Scenes to /Game/UEDPIE_0_Shangda_Wus_Book_Main_Scenes.Shangda_Wus_Book_Main_Scenes (0.004048s)
[2017.02.26-11.46.28:633][285]LogInit: XAudio2 using '扬声器 (Realtek High Definition Audio)' : 2 channels at 48 kHz using 32 bits per sample (channel mask 0x3)
[2017.02.26-11.46.28:646][285]LogInit: FAudioDevice initialized.
[2017.02.26-11.46.28:702][285]LogLoad: Game class is 'GameMode'
[2017.02.26-11.46.28:706][285]LogWorld: Bringing World /Game/UEDPIE_0_Shangda_Wus_Book_Main_Scenes.Shangda_Wus_Book_Main_Scenes up for play (max tick rate 60) at 2017.02.26-19.46.28
[2017.02.26-11.46.28:707][285]LogWorld: Bringing up level for play took: 0.004879
[2017.02.26-11.46.28:708][285]LogGameMode:Display: Match State Changed from EnteringMap to WaitingToStart
[2017.02.26-11.46.28:708][285]LogGameState: Match State Changed from EnteringMap to WaitingToStart
[2017.02.26-11.46.28:708][285]LogGameMode:Display: Match State Changed from WaitingToStart to InProgress
[2017.02.26-11.46.28:709][285]LogGameState: Match State Changed from WaitingToStart to InProgress
[2017.02.26-11.46.28:713][285]PIE: Info Play in editor start time for /Game/UEDPIE_0_Shangda_Wus_Book_Main_Scenes 1.845
[2017.02.26-11.46.28:714][285]LogBlueprintUserMessages: Late PlayInEditor Detection: Level '/Game/Shangda_Wus_Book_Main_Scenes.Shangda_Wus_Book_Main_Scenes:PersistentLevel' has LevelScriptBlueprint '/Game/Shangda_Wus_Book_Main_Scenes.Shangda_Wus_Book_Main_Scenes:PersistentLevel.Shangda_Wus_Book_Main_Scenes' with GeneratedClass '/Game/Shangda_Wus_Book_Main_Scenes.Shangda_Wus_Book_Main_Scenes_C' with ClassGeneratedBy '/Game/Shangda_Wus_Book_Main_Scenes.Shangda_Wus_Book_Main_Scenes:PersistentLevel.Shangda_Wus_Book_Main_Scenes'
[2017.02.26-11.46.33:638][576]LogBlueprintUserMessages: Early EndPlayMap Detection: Level '/Game/Shangda_Wus_Book_Main_Scenes.Shangda_Wus_Book_Main_Scenes:PersistentLevel' has LevelScriptBlueprint '/Game/Shangda_Wus_Book_Main_Scenes.Shangda_Wus_Book_Main_Scenes:PersistentLevel.Shangda_Wus_Book_Main_Scenes' with GeneratedClass '/Game/Shangda_Wus_Book_Main_Scenes.Shangda_Wus_Book_Main_Scenes_C' with ClassGeneratedBy '/Game/Shangda_Wus_Book_Main_Scenes.Shangda_Wus_Book_Main_Scenes:PersistentLevel.Shangda_Wus_Book_Main_Scenes'
[2017.02.26-11.46.33:673][576]LogBlueprintUserMessages: Late EndPlayMap Detection: Level '/Game/Shangda_Wus_Book_Main_Scenes.Shangda_Wus_Book_Main_Scenes:PersistentLevel' has LevelScriptBlueprint '/Game/Shangda_Wus_Book_Main_Scenes.Shangda_Wus_Book_Main_Scenes:PersistentLevel.Shangda_Wus_Book_Main_Scenes' with GeneratedClass '/Game/Shangda_Wus_Book_Main_Scenes.Shangda_Wus_Book_Main_Scenes_C' with ClassGeneratedBy '/Game/Shangda_Wus_Book_Main_Scenes.Shangda_Wus_Book_Main_Scenes:PersistentLevel.Shangda_Wus_Book_Main_Scenes'
[2017.02.26-11.46.37:614][795]LogSavePackage: Save=117.95ms
[2017.02.26-11.46.37:614][795]LogSavePackage: Moving '../../../../../../Users/shang/Documents/Unreal Projects/Shangda_Wus_Book/Saved/Shangda_Wus_Book_Main_Scenes1F91BC564D5AC3F44271A0B2C7B2B95E.tmp' to '../../../../../../Users/shang/Documents/Unreal Projects/Shangda_Wus_Book/Content/Shangda_Wus_Book_Main_Scenes.umap'
[2017.02.26-11.46.37:617][795]LogSavePackage:Display: Finished SavePackage ../../../../../../Users/shang/Documents/Unreal Projects/Shangda_Wus_Book/Content/Shangda_Wus_Book_Main_Scenes.umap
[2017.02.26-11.46.37:707][795]LogSavePackage: Save=35.66ms
[2017.02.26-11.46.37:707][795]LogSavePackage: Moving '../../../../../../Users/shang/Documents/Unreal Projects/Shangda_Wus_Book/Saved/Shangda_Wus_Book_Main_Scenes_BuiltDataC182D9CB4A428054C9FC8F8492E0D3E4.tmp' to '../../../../../../Users/shang/Documents/Unreal Projects/Shangda_Wus_Book/Content/Shangda_Wus_Book_Main_Scenes_BuiltData.uasset'
[2017.02.26-11.46.37:709][795]LogSavePackage:Display: Finished SavePackage ../../../../../../Users/shang/Documents/Unreal Projects/Shangda_Wus_Book/Content/Shangda_Wus_Book_Main_Scenes_BuiltData.uasset
[2017.02.26-11.46.39:971][929]LogTemp: Repeting last play command: New Editor Window (PIE)
[2017.02.26-11.46.39:994][929]LogBlueprintUserMessages: Early PlayInEditor Detection: Level '/Game/Shangda_Wus_Book_Main_Scenes.Shangda_Wus_Book_Main_Scenes:PersistentLevel' has LevelScriptBlueprint '/Game/Shangda_Wus_Book_Main_Scenes.Shangda_Wus_Book_Main_Scenes:PersistentLevel.Shangda_Wus_Book_Main_Scenes' with GeneratedClass '/Game/Shangda_Wus_Book_Main_Scenes.Shangda_Wus_Book_Main_Scenes_C' with ClassGeneratedBy '/Game/Shangda_Wus_Book_Main_Scenes.Shangda_Wus_Book_Main_Scenes:PersistentLevel.Shangda_Wus_Book_Main_Scenes'
[2017.02.26-11.46.39:994][929]LogPlayLevel: PlayLevel: No blueprints needed recompiling
[2017.02.26-11.46.39:995][929]PIE: New page: PIE session: Shangda_Wus_Book_Main_Scenes (Feb 27, 2017, 3:46:39 AM)
[2017.02.26-11.46.39:995][929]LogPlayLevel: Creating play world package: /Game/UEDPIE_0_Shangda_Wus_Book_Main_Scenes
[2017.02.26-11.46.39:997][929]LogPlayLevel: PIE: StaticDuplicateObject took: (0.002751s)
[2017.02.26-11.46.39:998][929]LogAIModule: Creating AISystem for world Shangda_Wus_Book_Main_Scenes
[2017.02.26-11.46.39:998][929]LogPlayLevel: PIE: World Init took: (0.000974s)
[2017.02.26-11.46.39:999][929]LogPlayLevel: PIE: Created PIE world by copying editor world from /Game/Shangda_Wus_Book_Main_Scenes.Shangda_Wus_Book_Main_Scenes to /Game/UEDPIE_0_Shangda_Wus_Book_Main_Scenes.Shangda_Wus_Book_Main_Scenes (0.004007s)
[2017.02.26-11.46.40:039][929]LogInit: XAudio2 using '扬声器 (Realtek High Definition Audio)' : 2 channels at 48 kHz using 32 bits per sample (channel mask 0x3)
[2017.02.26-11.46.40:050][929]LogInit: FAudioDevice initialized.
[2017.02.26-11.46.40:103][929]LogLoad: Game class is 'GameMode'
[2017.02.26-11.46.40:106][929]LogWorld: Bringing World /Game/UEDPIE_0_Shangda_Wus_Book_Main_Scenes.Shangda_Wus_Book_Main_Scenes up for play (max tick rate 60) at 2017.02.26-19.46.40
[2017.02.26-11.46.40:106][929]LogWorld: Bringing up level for play took: 0.002726
[2017.02.26-11.46.40:107][929]LogGameMode:Display: Match State Changed from EnteringMap to WaitingToStart
[2017.02.26-11.46.40:107][929]LogGameState: Match State Changed from EnteringMap to WaitingToStart
[2017.02.26-11.46.40:107][929]LogGameMode:Display: Match State Changed from WaitingToStart to InProgress
[2017.02.26-11.46.40:108][929]LogGameState: Match State Changed from WaitingToStart to InProgress
[2017.02.26-11.46.40:112][929]PIE: Info Play in editor start time for /Game/UEDPIE_0_Shangda_Wus_Book_Main_Scenes -0.756
[2017.02.26-11.46.40:113][929]LogBlueprintUserMessages: Late PlayInEditor Detection: Level '/Game/Shangda_Wus_Book_Main_Scenes.Shangda_Wus_Book_Main_Scenes:PersistentLevel' has LevelScriptBlueprint '/Game/Shangda_Wus_Book_Main_Scenes.Shangda_Wus_Book_Main_Scenes:PersistentLevel.Shangda_Wus_Book_Main_Scenes' with GeneratedClass '/Game/Shangda_Wus_Book_Main_Scenes.Shangda_Wus_Book_Main_Scenes_C' with ClassGeneratedBy '/Game/Shangda_Wus_Book_Main_Scenes.Shangda_Wus_Book_Main_Scenes:PersistentLevel.Shangda_Wus_Book_Main_Scenes'
[2017.02.26-11.46.43:432][124]LogBlueprintUserMessages: Early EndPlayMap Detection: Level '/Game/Shangda_Wus_Book_Main_Scenes.Shangda_Wus_Book_Main_Scenes:PersistentLevel' has LevelScriptBlueprint '/Game/Shangda_Wus_Book_Main_Scenes.Shangda_Wus_Book_Main_Scenes:PersistentLevel.Shangda_Wus_Book_Main_Scenes' with GeneratedClass '/Game/Shangda_Wus_Book_Main_Scenes.Shangda_Wus_Book_Main_Scenes_C' with ClassGeneratedBy '/Game/Shangda_Wus_Book_Main_Scenes.Shangda_Wus_Book_Main_Scenes:PersistentLevel.Shangda_Wus_Book_Main_Scenes'
[2017.02.26-11.46.43:462][124]LogBlueprintUserMessages: Late EndPlayMap Detection: Level '/Game/Shangda_Wus_Book_Main_Scenes.Shangda_Wus_Book_Main_Scenes:PersistentLevel' has LevelScriptBlueprint '/Game/Shangda_Wus_Book_Main_Scenes.Shangda_Wus_Book_Main_Scenes:PersistentLevel.Shangda_Wus_Book_Main_Scenes' with GeneratedClass '/Game/Shangda_Wus_Book_Main_Scenes.Shangda_Wus_Book_Main_Scenes_C' with ClassGeneratedBy '/Game/Shangda_Wus_Book_Main_Scenes.Shangda_Wus_Book_Main_Scenes:PersistentLevel.Shangda_Wus_Book_Main_Scenes'
[2017.02.26-11.46.44:711][195]LogTemp: Repeting last play command: New Editor Window (PIE)
[2017.02.26-11.46.44:733][195]LogBlueprintUserMessages: Early PlayInEditor Detection: Level '/Game/Shangda_Wus_Book_Main_Scenes.Shangda_Wus_Book_Main_Scenes:PersistentLevel' has LevelScriptBlueprint '/Game/Shangda_Wus_Book_Main_Scenes.Shangda_Wus_Book_Main_Scenes:PersistentLevel.Shangda_Wus_Book_Main_Scenes' with GeneratedClass '/Game/Shangda_Wus_Book_Main_Scenes.Shangda_Wus_Book_Main_Scenes_C' with ClassGeneratedBy '/Game/Shangda_Wus_Book_Main_Scenes.Shangda_Wus_Book_Main_Scenes:PersistentLevel.Shangda_Wus_Book_Main_Scenes'
[2017.02.26-11.46.44:733][195]LogPlayLevel: PlayLevel: No blueprints needed recompiling
[2017.02.26-11.46.44:733][195]PIE: New page: PIE session: Shangda_Wus_Book_Main_Scenes (Feb 27, 2017, 3:46:44 AM)
[2017.02.26-11.46.44:734][195]LogPlayLevel: Creating play world package: /Game/UEDPIE_0_Shangda_Wus_Book_Main_Scenes
[2017.02.26-11.46.44:736][195]LogPlayLevel: PIE: StaticDuplicateObject took: (0.002637s)
[2017.02.26-11.46.44:737][195]LogAIModule: Creating AISystem for world Shangda_Wus_Book_Main_Scenes
[2017.02.26-11.46.44:737][195]LogPlayLevel: PIE: World Init took: (0.000930s)
[2017.02.26-11.46.44:737][195]LogPlayLevel: PIE: Created PIE world by copying editor world from /Game/Shangda_Wus_Book_Main_Scenes.Shangda_Wus_Book_Main_Scenes to /Game/UEDPIE_0_Shangda_Wus_Book_Main_Scenes.Shangda_Wus_Book_Main_Scenes (0.003780s)
[2017.02.26-11.46.44:773][195]LogInit: XAudio2 using '扬声器 (Realtek High Definition Audio)' : 2 channels at 48 kHz using 32 bits per sample (channel mask 0x3)
[2017.02.26-11.46.44:783][195]LogInit: FAudioDevice initialized.
[2017.02.26-11.46.44:837][195]LogLoad: Game class is 'GameMode'
[2017.02.26-11.46.44:842][195]LogWorld: Bringing World /Game/UEDPIE_0_Shangda_Wus_Book_Main_Scenes.Shangda_Wus_Book_Main_Scenes up for play (max tick rate 60) at 2017.02.26-19.46.44
[2017.02.26-11.46.44:844][195]LogWorld: Bringing up level for play took: 0.006601
[2017.02.26-11.46.44:846][195]LogGameMode:Display: Match State Changed from EnteringMap to WaitingToStart
[2017.02.26-11.46.44:846][195]LogGameState: Match State Changed from EnteringMap to WaitingToStart
[2017.02.26-11.46.44:846][195]LogGameMode:Display: Match State Changed from WaitingToStart to InProgress
[2017.02.26-11.46.44:847][195]LogGameState: Match State Changed from WaitingToStart to InProgress
[2017.02.26-11.46.44:859][195]PIE: Info Play in editor start time for /Game/UEDPIE_0_Shangda_Wus_Book_Main_Scenes -0.01
[2017.02.26-11.46.44:860][195]LogBlueprintUserMessages: Late PlayInEditor Detection: Level '/Game/Shangda_Wus_Book_Main_Scenes.Shangda_Wus_Book_Main_Scenes:PersistentLevel' has LevelScriptBlueprint '/Game/Shangda_Wus_Book_Main_Scenes.Shangda_Wus_Book_Main_Scenes:PersistentLevel.Shangda_Wus_Book_Main_Scenes' with GeneratedClass '/Game/Shangda_Wus_Book_Main_Scenes.Shangda_Wus_Book_Main_Scenes_C' with ClassGeneratedBy '/Game/Shangda_Wus_Book_Main_Scenes.Shangda_Wus_Book_Main_Scenes:PersistentLevel.Shangda_Wus_Book_Main_Scenes'
[2017.02.26-11.46.49:388][462]LogBlueprintUserMessages: Early EndPlayMap Detection: Level '/Game/Shangda_Wus_Book_Main_Scenes.Shangda_Wus_Book_Main_Scenes:PersistentLevel' has LevelScriptBlueprint '/Game/Shangda_Wus_Book_Main_Scenes.Shangda_Wus_Book_Main_Scenes:PersistentLevel.Shangda_Wus_Book_Main_Scenes' with GeneratedClass '/Game/Shangda_Wus_Book_Main_Scenes.Shangda_Wus_Book_Main_Scenes_C' with ClassGeneratedBy '/Game/Shangda_Wus_Book_Main_Scenes.Shangda_Wus_Book_Main_Scenes:PersistentLevel.Shangda_Wus_Book_Main_Scenes'
[2017.02.26-11.46.49:419][462]LogBlueprintUserMessages: Late EndPlayMap Detection: Level '/Game/Shangda_Wus_Book_Main_Scenes.Shangda_Wus_Book_Main_Scenes:PersistentLevel' has LevelScriptBlueprint '/Game/Shangda_Wus_Book_Main_Scenes.Shangda_Wus_Book_Main_Scenes:PersistentLevel.Shangda_Wus_Book_Main_Scenes' with GeneratedClass '/Game/Shangda_Wus_Book_Main_Scenes.Shangda_Wus_Book_Main_Scenes_C' with ClassGeneratedBy '/Game/Shangda_Wus_Book_Main_Scenes.Shangda_Wus_Book_Main_Scenes:PersistentLevel.Shangda_Wus_Book_Main_Scenes'
[2017.02.26-11.46.53:028][568]LogWindowsTextInputMethodSystem:Display: IME system now activated using TSF (微软拼音).
[2017.02.26-11.46.53:029][568]LogWindowsTextInputMethodSystem:Display: IME system now activated using TSF (微软拼音).
[2017.02.26-11.46.53:029][568]LogWindowsTextInputMethodSystem:Display: IME system now activated using TSF (微软拼音).
[2017.02.26-11.46.53:029][568]LogWindowsTextInputMethodSystem:Display: IME system now activated using TSF (微软拼音).
[2017.02.26-11.46.53:307][569]Cmd: QUIT_EDITOR
[2017.02.26-11.46.54:333][569]LogWindowsTextInputMethodSystem:Display: IME system now activated using TSF (微软拼音).
[2017.02.26-11.46.54:333][569]LogWindowsTextInputMethodSystem:Display: IME system now activated using TSF (微软拼音).
[2017.02.26-11.46.54:400][569]LogExit: Preparing to exit.
[2017.02.26-11.46.54:945][569]LogDirectoryWatcher: A directory notification for 'C:/Users/shang/Documents/Unreal Projects/Shangda_Wus_Book/Content/' was aborted.
[2017.02.26-11.46.54:982][569]LogExit: Editor shut down
[2017.02.26-11.46.54:983][569]LogExit: Transaction tracking system shut down
[2017.02.26-11.46.55:054][569]LogObj: Freed 0b from 0 cluster array pools.
[2017.02.26-11.46.55:054][569]LogExit: Object subsystem successfully closed.
[2017.02.26-11.46.55:065][569]LogD3D11RHI: Shutdown
[2017.02.26-11.46.55:065][569]LogD3D11RHI: CleanupD3DDevice
[2017.02.26-11.46.55:170][569]LogD3D11RHI: ~FD3D11DynamicRHI
[2017.02.26-11.46.55:183][569]LogModuleManager: Shutting down and abandoning module MovieSceneCapture (504)
[2017.02.26-11.46.55:183][569]LogModuleManager: Shutting down and abandoning module SequencerWidgets (502)
[2017.02.26-11.46.55:183][569]LogModuleManager: Shutting down and abandoning module BlueprintGraph (500)
[2017.02.26-11.46.55:183][569]LogModuleManager: Shutting down and abandoning module BlueprintProfiler (498)
[2017.02.26-11.46.55:183][569]LogModuleManager: Shutting down and abandoning module HierarchicalLODOutliner (496)
[2017.02.26-11.46.55:183][569]LogModuleManager: Shutting down and abandoning module CrashTracker (494)
[2017.02.26-11.46.55:183][569]LogModuleManager: Shutting down and abandoning module SceneOutliner (492)
[2017.02.26-11.46.55:183][569]LogModuleManager: Shutting down and abandoning module AddContentDialog (490)
[2017.02.26-11.46.55:183][569]LogDirectoryWatcher: A directory notification for 'C:/Program Files (x86)/Epic Games/4.15/FeaturePacks/' was aborted.
[2017.02.26-11.46.55:183][569]LogModuleManager: Shutting down and abandoning module WidgetCarousel (489)
[2017.02.26-11.46.55:183][569]LogModuleManager: Shutting down and abandoning module EditorWidgets (486)
[2017.02.26-11.46.55:183][569]LogModuleManager: Shutting down and abandoning module CollectionManager (484)
[2017.02.26-11.46.55:183][569]LogDirectoryWatcher: A directory notification for 'C:/Users/shang/Documents/Unreal Projects/Shangda_Wus_Book/Content/Collections/' was aborted.
[2017.02.26-11.46.55:183][569]LogDirectoryWatcher: A directory notification for 'C:/Users/shang/Documents/Unreal Projects/Shangda_Wus_Book/Content/Developers/shang/Collections/' was aborted.
[2017.02.26-11.46.55:184][569]LogDirectoryWatcher: A directory notification for 'C:/Users/shang/Documents/Unreal Projects/Shangda_Wus_Book/Saved/Collections/' was aborted.
[2017.02.26-11.46.55:184][569]LogModuleManager: Shutting down and abandoning module StatsViewer (482)
[2017.02.26-11.46.55:184][569]LogModuleManager: Shutting down and abandoning module FoliageEdit (480)
[2017.02.26-11.46.55:184][569]LogModuleManager: Shutting down and abandoning module LandscapeEditor (478)
[2017.02.26-11.46.55:184][569]LogModuleManager: Shutting down and abandoning module SceneDepthPickerMode (476)
[2017.02.26-11.46.55:184][569]LogModuleManager: Shutting down and abandoning module ActorPickerMode (474)
[2017.02.26-11.46.55:184][569]LogModuleManager: Shutting down and abandoning module GeometryMode (472)
[2017.02.26-11.46.55:184][569]LogModuleManager: Shutting down and abandoning module TextureAlignMode (470)
[2017.02.26-11.46.55:184][569]LogModuleManager: Shutting down and abandoning module BspMode (468)
[2017.02.26-11.46.55:184][569]LogModuleManager: Shutting down and abandoning module HardwareSurvey (466)
[2017.02.26-11.46.55:184][569]LogModuleManager: Shutting down and abandoning module SequenceRecorderSections (464)
[2017.02.26-11.46.55:184][569]LogModuleManager: Shutting down and abandoning module AutomationWorker (462)
[2017.02.26-11.46.55:184][569]LogModuleManager: Shutting down and abandoning module MatineeToLevelSequence (460)
[2017.02.26-11.46.55:184][569]LogModuleManager: Shutting down and abandoning module LevelSequenceEditor (458)
[2017.02.26-11.46.55:184][569]LogModuleManager: Shutting down and abandoning module PlacementMode (457)
[2017.02.26-11.46.55:184][569]LogModuleManager: Shutting down and abandoning module WmfMediaFactory (454)
[2017.02.26-11.46.55:184][569]LogModuleManager: Shutting down and abandoning module WmfMediaEditor (452)
[2017.02.26-11.46.55:184][569]LogModuleManager: Shutting down and abandoning module MfMediaFactory (450)
[2017.02.26-11.46.55:184][569]LogModuleManager: Shutting down and abandoning module MfMediaEditor (448)
[2017.02.26-11.46.55:184][569]LogModuleManager: Shutting down and abandoning module AvfMediaFactory (446)
[2017.02.26-11.46.55:184][569]LogModuleManager: Shutting down and abandoning module AvfMediaEditor (444)
[2017.02.26-11.46.55:184][569]LogModuleManager: Shutting down and abandoning module AndroidMediaFactory (442)
[2017.02.26-11.46.55:184][569]LogModuleManager: Shutting down and abandoning module Media (441)
[2017.02.26-11.46.55:184][569]LogModuleManager: Shutting down and abandoning module AndroidMediaEditor (438)
[2017.02.26-11.46.55:184][569]LogModuleManager: Shutting down and abandoning module CharacterAI (436)
[2017.02.26-11.46.55:184][569]LogModuleManager: Shutting down and abandoning module AudioCapture (434)
[2017.02.26-11.46.55:184][569]LogModuleManager: Shutting down and abandoning module SequenceRecorder (433)
[2017.02.26-11.46.55:184][569]LogModuleManager: Shutting down and abandoning module SmartSnapping (430)
[2017.02.26-11.46.55:184][569]LogModuleManager: Shutting down and abandoning module SessionServices (428)
[2017.02.26-11.46.55:184][569]LogModuleManager: Shutting down and abandoning module ViewportSnapping (426)
[2017.02.26-11.46.55:184][569]LogModuleManager: Shutting down and abandoning module ViewportInteraction (424)
[2017.02.26-11.46.55:184][569]LogModuleManager: Shutting down and abandoning module LogVisualizer (422)
[2017.02.26-11.46.55:184][569]LogModuleManager: Shutting down and abandoning module IntroTutorials (420)
[2017.02.26-11.46.55:184][569]LogModuleManager: Shutting down and abandoning module GameProjectGeneration (419)
[2017.02.26-11.46.55:184][569]LogModuleManager: Shutting down and abandoning module EditorLiveStreaming (416)
[2017.02.26-11.46.55:184][569]LogModuleManager: Shutting down and abandoning module IOSPlatformEditor (414)
[2017.02.26-11.46.55:184][569]LogModuleManager: Shutting down and abandoning module HTML5PlatformEditor (412)
[2017.02.26-11.46.55:184][569]LogModuleManager: Shutting down and abandoning module AndroidPlatformEditor (410)
[2017.02.26-11.46.55:184][569]LogModuleManager: Shutting down and abandoning module AndroidDeviceDetection (409)
[2017.02.26-11.46.55:763][569]LogModuleManager: Shutting down and abandoning module IOSRuntimeSettings (406)
[2017.02.26-11.46.55:763][569]LogModuleManager: Shutting down and abandoning module AndroidRuntimeSettings (404)
[2017.02.26-11.46.55:763][569]LogModuleManager: Shutting down and abandoning module InputBindingEditor (402)
[2017.02.26-11.46.55:763][569]LogModuleManager: Shutting down and abandoning module NiagaraEditor (400)
[2017.02.26-11.46.55:764][569]LogModuleManager: Shutting down and abandoning module MergeActors (398)
[2017.02.26-11.46.55:764][569]LogModuleManager: Shutting down and abandoning module SizeMap (396)
[2017.02.26-11.46.55:764][569]LogModuleManager: Shutting down and abandoning module TreeMap (394)
[2017.02.26-11.46.55:764][569]LogModuleManager: Shutting down and abandoning module ReferenceViewer (392)
[2017.02.26-11.46.55:764][569]LogModuleManager: Shutting down and abandoning module LocalizationDashboard (390)
[2017.02.26-11.46.55:764][569]LogModuleManager: Shutting down and abandoning module LocalizationService (389)
[2017.02.26-11.46.55:764][569]LogModuleManager: Shutting down and abandoning module HardwareTargeting (386)
[2017.02.26-11.46.55:764][569]LogModuleManager: Shutting down and abandoning module DeviceProfileEditor (384)
[2017.02.26-11.46.55:764][569]LogModuleManager: Shutting down and abandoning module UndoHistory (382)
[2017.02.26-11.46.55:764][569]LogModuleManager: Shutting down and abandoning module UserFeedback (380)
[2017.02.26-11.46.55:764][569]LogModuleManager: Shutting down and abandoning module XmlParser (378)
[2017.02.26-11.46.55:764][569]LogModuleManager: Shutting down and abandoning module Blutility (376)
[2017.02.26-11.46.55:764][569]LogModuleManager: Shutting down and abandoning module ProjectSettingsViewer (374)
[2017.02.26-11.46.55:764][569]LogModuleManager: Shutting down and abandoning module ProjectTargetPlatformEditor (373)
[2017.02.26-11.46.55:764][569]LogModuleManager: Shutting down and abandoning module EditorSettingsViewer (370)
[2017.02.26-11.46.55:764][569]LogModuleManager: Shutting down and abandoning module SettingsEditor (368)
[2017.02.26-11.46.55:764][569]LogModuleManager: Shutting down and abandoning module ProjectLauncher (366)
[2017.02.26-11.46.55:764][569]LogModuleManager: Shutting down and abandoning module SessionFrontend (364)
[2017.02.26-11.46.55:764][569]LogModuleManager: Shutting down and abandoning module ProfilerClient (362)
[2017.02.26-11.46.55:764][569]LogModuleManager: Shutting down and abandoning module DeviceManager (360)
[2017.02.26-11.46.55:765][569]LogModuleManager: Shutting down and abandoning module TargetDeviceServices (359)
[2017.02.26-11.46.55:806][569]LogModuleManager: Shutting down and abandoning module AutomationController (356)
[2017.02.26-11.46.55:806][569]LogModuleManager: Shutting down and abandoning module AutomationWindow (354)
[2017.02.26-11.46.55:806][569]LogModuleManager: Shutting down and abandoning module Layers (352)
[2017.02.26-11.46.55:806][569]LogModuleManager: Shutting down and abandoning module ComponentVisualizers (350)
[2017.02.26-11.46.55:806][569]LogModuleManager: Shutting down and abandoning module DetailCustomizations (348)
[2017.02.26-11.46.55:806][569]LogModuleManager: Shutting down and abandoning module PackagesDialog (346)
[2017.02.26-11.46.55:806][569]LogModuleManager: Shutting down and abandoning module Persona (344)
[2017.02.26-11.46.55:806][569]LogModuleManager: Shutting down and abandoning module AnimGraph (343)
[2017.02.26-11.46.55:806][569]LogModuleManager: Shutting down and abandoning module Kismet (340)
[2017.02.26-11.46.55:820][569]LogModuleManager: Shutting down and abandoning module GraphEditor (338)
[2017.02.26-11.46.55:820][569]LogModuleManager: Shutting down and abandoning module ClassViewer (336)
[2017.02.26-11.46.55:823][569]LogModuleManager: Shutting down and abandoning module Toolbox (334)
[2017.02.26-11.46.55:823][569]LogModuleManager: Shutting down and abandoning module ModuleUI (332)
[2017.02.26-11.46.55:823][569]LogModuleManager: Shutting down and abandoning module MovieSceneTools (330)
[2017.02.26-11.46.55:824][569]LogModuleManager: Shutting down and abandoning module OutputLog (328)
[2017.02.26-11.46.55:824][569]LogModuleManager: Shutting down and abandoning module GammaUI (326)
[2017.02.26-11.46.55:824][569]LogModuleManager: Shutting down and abandoning module Documentation (324)
[2017.02.26-11.46.55:824][569]LogModuleManager: Shutting down and abandoning module Niagara (322)
[2017.02.26-11.46.55:824][569]LogModuleManager: Shutting down and abandoning module StreamingPauseRendering (320)
[2017.02.26-11.46.55:824][569]LogModuleManager: Shutting down and abandoning module AnalyticsET (318)
[2017.02.26-11.46.55:824][569]LogModuleManager: Shutting down and abandoning module PortalServices (316)
[2017.02.26-11.46.55:824][569]LogModuleManager: Shutting down and abandoning module PortalRpc (314)
[2017.02.26-11.46.55:824][569]LogModuleManager: Shutting down and abandoning module MessagingRpc (312)
[2017.02.26-11.46.55:824][569]LogModuleManager: Shutting down and abandoning module AIModule (310)
[2017.02.26-11.46.55:824][569]LogModuleManager: Shutting down and abandoning module GameplayDebugger (309)
[2017.02.26-11.46.55:824][569]LogModuleManager: Shutting down and abandoning module AITestSuite (307)
[2017.02.26-11.46.55:824][569]LogModuleManager: Shutting down and abandoning module ProfilerService (304)
[2017.02.26-11.46.55:840][569]LogModuleManager: Shutting down and abandoning module TaskGraph (302)
[2017.02.26-11.46.55:840][569]LogModuleManager: Shutting down and abandoning module SteamVRController (300)
[2017.02.26-11.46.55:840][569]LogModuleManager: Shutting down and abandoning module SteamVR (298)
[2017.02.26-11.46.55:840][569]LogModuleManager: Shutting down and abandoning module ProceduralMeshComponentEditor (296)
[2017.02.26-11.46.55:840][569]LogModuleManager: Shutting down and abandoning module ProceduralMeshComponent (294)
[2017.02.26-11.46.55:840][569]LogModuleManager: Shutting down and abandoning module OculusLibrary (292)
[2017.02.26-11.46.55:840][569]LogModuleManager: Shutting down and abandoning module OculusInput (290)
[2017.02.26-11.46.55:840][569]LogModuleManager: Shutting down and abandoning module MobilePatchingUtils (288)
[2017.02.26-11.46.55:840][569]LogModuleManager: Shutting down and abandoning module CustomMeshComponent (286)
[2017.02.26-11.46.55:840][569]LogModuleManager: Shutting down and abandoning module CableComponent (284)
[2017.02.26-11.46.55:840][569]LogModuleManager: Shutting down and abandoning module ArchVisCharacter (282)
[2017.02.26-11.46.55:840][569]LogModuleManager: Shutting down and abandoning module MediaPlayerEditor (278)
[2017.02.26-11.46.55:840][569]LogModuleManager: Shutting down and abandoning module HTML5Networking (276)
[2017.02.26-11.46.55:840][569]LogModuleManager: Shutting down and abandoning module AlembicImporter (274)
[2017.02.26-11.46.55:841][569]LogModuleManager: Shutting down and abandoning module AlembicLibrary (273)
[2017.02.26-11.46.55:841][569]LogModuleManager: Shutting down and abandoning module GeometryCache (272)
[2017.02.26-11.46.55:841][569]LogModuleManager: Shutting down and abandoning module GeometryCacheEd (271)
[2017.02.26-11.46.55:841][569]LogModuleManager: Shutting down and abandoning module SuperSearchEditor (266)
[2017.02.26-11.46.55:841][569]LogModuleManager: Shutting down and abandoning module SuperSearch (265)
[2017.02.26-11.46.55:841][569]LogModuleManager: Shutting down and abandoning module SpeedTreeImporter (262)
[2017.02.26-11.46.55:841][569]LogModuleManager: Shutting down and abandoning module PluginBrowser (260)
[2017.02.26-11.46.55:841][569]LogModuleManager: Shutting down and abandoning module MobileLauncherProfileWizard (258)
[2017.02.26-11.46.55:841][569]LogModuleManager: Shutting down and abandoning module EpicSurvey (256)
[2017.02.26-11.46.55:841][569]LogModuleManager: Shutting down and abandoning module VisualStudioSourceCodeAccess (254)
[2017.02.26-11.46.55:841][569]LogModuleManager: Shutting down and abandoning module DesktopPlatform (253)
[2017.02.26-11.46.55:841][569]LogModuleManager: Shutting down and abandoning module UObjectPlugin (250)
[2017.02.26-11.46.55:841][569]LogModuleManager: Shutting down and abandoning module SubversionSourceControl (248)
[2017.02.26-11.46.55:841][569]LogModuleManager: Shutting down and abandoning module PerforceSourceControl (246)
[2017.02.26-11.46.55:841][569]LogModuleManager: Shutting down and abandoning module GitSourceControl (244)
[2017.02.26-11.46.55:841][569]LogModuleManager: Shutting down and abandoning module SourceControl (243)
[2017.02.26-11.46.55:841][569]LogModuleManager: Shutting down and abandoning module LightPropagationVolumeEditor (240)
[2017.02.26-11.46.55:841][569]LogModuleManager: Shutting down and abandoning module PaperTiledImporter (238)
[2017.02.26-11.46.55:841][569]LogModuleManager: Shutting down and abandoning module PaperSpriteSheetImporter (236)
[2017.02.26-11.46.55:841][569]LogModuleManager: Shutting down and abandoning module Paper2DEditor (234)
[2017.02.26-11.46.55:842][569]LogModuleManager: Shutting down and abandoning module MeshPaint (233)
[2017.02.26-11.46.55:842][569]LogModuleManager: Shutting down and abandoning module LevelEditor (231)
[2017.02.26-11.46.55:843][569]LogModuleManager: Shutting down and abandoning module PixelInspectorModule (230)
[2017.02.26-11.46.55:843][569]LogModuleManager: Shutting down and abandoning module MainFrame (228)
[2017.02.26-11.46.55:843][569]LogModuleManager: Shutting down and abandoning module HotReload (227)
[2017.02.26-11.46.55:844][569]LogModuleManager: Shutting down and abandoning module ContentBrowser (223)
[2017.02.26-11.46.55:845][569]LogModuleManager: Shutting down and abandoning module PhysXVehiclesEditor (220)
[2017.02.26-11.46.55:845][569]LogModuleManager: Shutting down and abandoning module PhysXVehicles (218)
[2017.02.26-11.46.55:845][569]LogModuleManager: Shutting down and abandoning module LocationServicesBPLibrary (216)
[2017.02.26-11.46.55:845][569]LogModuleManager: Shutting down and abandoning module UdpMessaging (214)
[2017.02.26-11.46.55:946][569]LogModuleManager: Shutting down and abandoning module TcpMessaging (212)
[2017.02.26-11.46.56:047][569]LogModuleManager: Shutting down and abandoning module GameplayTagsEditor (210)
[2017.02.26-11.46.56:047][569]LogModuleManager: Shutting down and abandoning module FacialAnimationEditor (208)
[2017.02.26-11.46.56:047][569]LogModuleManager: Shutting down and abandoning module FacialAnimation (206)
[2017.02.26-11.46.56:047][569]LogModuleManager: Shutting down and abandoning module LightPropagationVolumeRuntime (204)
[2017.02.26-11.46.56:047][569]LogModuleManager: Shutting down and abandoning module Paper2D (202)
[2017.02.26-11.46.56:047][569]LogModuleManager: Shutting down and abandoning module WindowsMoviePlayer (200)
[2017.02.26-11.46.56:047][569]LogModuleManager: Shutting down and abandoning module WmfMedia (198)
[2017.02.26-11.46.56:047][569]LogModuleManager: Shutting down and abandoning module MfMedia (196)
[2017.02.26-11.46.56:047][569]LogModuleManager: Shutting down and abandoning module MediaAssets (194)
[2017.02.26-11.46.56:047][569]LogModuleManager: Shutting down and abandoning module GameLiveStreaming (192)
[2017.02.26-11.46.56:047][569]LogModuleManager: Shutting down and abandoning module VREditor (190)
[2017.02.26-11.46.56:047][569]LogModuleManager: Shutting down and abandoning module GameplayTasksEditor (188)
[2017.02.26-11.46.56:047][569]LogModuleManager: Shutting down and abandoning module BehaviorTreeEditor (186)
[2017.02.26-11.46.56:047][569]LogModuleManager: Shutting down and abandoning module FunctionalTesting (184)
[2017.02.26-11.46.56:047][569]LogModuleManager: Shutting down and abandoning module CollisionAnalyzer (182)
[2017.02.26-11.46.56:048][569]LogModuleManager: Shutting down and abandoning module UMG (180)
[2017.02.26-11.46.56:048][569]LogModuleManager: Shutting down and abandoning module UMGEditor (179)
[2017.02.26-11.46.56:048][569]LogModuleManager: Shutting down and abandoning module Sequencer (178)
[2017.02.26-11.46.56:048][569]LogModuleManager: Shutting down and abandoning module AssetTools (176)
[2017.02.26-11.46.56:048][569]LogModuleManager: Shutting down and abandoning module MessageLog (175)
[2017.02.26-11.46.56:048][569]LogModuleManager: Shutting down and abandoning module WorkspaceMenuStructure (174)
[2017.02.26-11.46.56:048][569]LogModuleManager: Shutting down and abandoning module SlateReflector (168)
[2017.02.26-11.46.56:048][569]LogModuleManager: Shutting down and abandoning module Slate (166)
[2017.02.26-11.46.56:048][569]LogModuleManager: Shutting down and abandoning module EditorStyle (164)
[2017.02.26-11.46.56:055][569]LogModuleManager: Shutting down and abandoning module SourceCodeAccess (162)
[2017.02.26-11.46.56:055][569]LogModuleManager: Shutting down and abandoning module HeadMountedDisplay (160)
[2017.02.26-11.46.56:055][569]LogModuleManager: Shutting down and abandoning module XAudio2 (158)
[2017.02.26-11.46.56:055][569]LogModuleManager: Shutting down and abandoning module Networking (156)
[2017.02.26-11.46.56:055][569]LogModuleManager: Shutting down and abandoning module Core (152)
[2017.02.26-11.46.56:055][569]LogModuleManager: Shutting down and abandoning module AssetRegistry (150)
[2017.02.26-11.46.56:282][569]LogDirectoryWatcher: A directory notification for '../../../Engine/Content/' was aborted.
[2017.02.26-11.46.56:282][569]LogDirectoryWatcher: A directory notification for '../../../../../../Users/shang/Documents/Unreal Projects/Shangda_Wus_Book/Content/' was aborted.
[2017.02.26-11.46.56:282][569]LogDirectoryWatcher: A directory notification for '../../../Engine/Plugins/2D/Paper2D/Content/' was aborted.
[2017.02.26-11.46.56:283][569]LogModuleManager: Shutting down and abandoning module DirectoryWatcher (149)
[2017.02.26-11.46.56:283][569]LogModuleManager: Shutting down and abandoning module KismetCompiler (146)
[2017.02.26-11.46.56:283][569]LogModuleManager: Shutting down and abandoning module PhysXFormats (144)
[2017.02.26-11.46.56:283][569]LogModuleManager: Shutting down and abandoning module MeshUtilities (142)
[2017.02.26-11.46.56:283][569]LogModuleManager: Shutting down and abandoning module SimplygonSwarm (141)
[2017.02.26-11.46.56:283][569]LogModuleManager: Shutting down and abandoning module SimplygonMeshReduction (139)
[2017.02.26-11.46.56:283][569]LogModuleManager: Shutting down and abandoning module QuadricMeshReduction (137)
[2017.02.26-11.46.56:283][569]LogModuleManager: Shutting down and abandoning module PropertyEditor (135)
[2017.02.26-11.46.56:283][569]LogModuleManager: Shutting down and abandoning module DerivedDataCache (132)
[2017.02.26-11.46.56:290][569]LogDerivedDataCache: Shutdown
[2017.02.26-11.46.56:290][569]LogModuleManager: Shutting down and abandoning module TargetPlatform (130)
[2017.02.26-11.46.56:290][569]LogModuleManager: Shutting down and abandoning module VulkanShaderFormat (129)
[2017.02.26-11.46.56:290][569]LogModuleManager: Shutting down and abandoning module ShaderFormatOpenGL (127)
[2017.02.26-11.46.56:290][569]LogModuleManager: Shutting down and abandoning module ShaderFormatD3D (125)
[2017.02.26-11.46.56:290][569]LogModuleManager: Shutting down and abandoning module MetalShaderFormat (123)
[2017.02.26-11.46.56:290][569]LogModuleManager: Shutting down and abandoning module TextureFormatUncompressed (121)
[2017.02.26-11.46.56:290][569]LogModuleManager: Shutting down and abandoning module TextureFormatPVR (119)
[2017.02.26-11.46.56:290][569]LogModuleManager: Shutting down and abandoning module TextureFormatDXT (117)
[2017.02.26-11.46.56:290][569]LogModuleManager: Shutting down and abandoning module TextureFormatIntelISPCTexComp (115)
[2017.02.26-11.46.56:291][569]LogModuleManager: Shutting down and abandoning module TextureFormatASTC (113)
[2017.02.26-11.46.56:291][569]LogModuleManager: Shutting down and abandoning module ImageWrapper (112)
[2017.02.26-11.46.56:291][569]LogModuleManager: Shutting down and abandoning module TextureFormatAndroid (109)
[2017.02.26-11.46.56:291][569]LogModuleManager: Shutting down and abandoning module AudioFormatOpus (107)
[2017.02.26-11.46.56:291][569]LogModuleManager: Shutting down and abandoning module AudioFormatOgg (105)
[2017.02.26-11.46.56:291][569]LogModuleManager: Shutting down and abandoning module AudioFormatADPCM (103)
[2017.02.26-11.46.56:291][569]LogModuleManager: Shutting down and abandoning module LinuxTargetPlatform (101)
[2017.02.26-11.46.56:291][569]LogModuleManager: Shutting down and abandoning module LinuxServerTargetPlatform (99)
[2017.02.26-11.46.56:291][569]LogModuleManager: Shutting down and abandoning module LinuxNoEditorTargetPlatform (97)
[2017.02.26-11.46.56:291][569]LogModuleManager: Shutting down and abandoning module LinuxClientTargetPlatform (95)
[2017.02.26-11.46.56:291][569]LogModuleManager: Shutting down and abandoning module TVOSTargetPlatform (93)
[2017.02.26-11.46.56:291][569]LogModuleManager: Shutting down and abandoning module Messaging (91)
[2017.02.26-11.46.56:291][569]LogModuleManager: Shutting down and abandoning module IOSTargetPlatform (89)
[2017.02.26-11.46.56:291][569]LogModuleManager: Shutting down and abandoning module HTML5TargetPlatform (87)
[2017.02.26-11.46.56:291][569]LogModuleManager: Shutting down and abandoning module Android_PVRTCTargetPlatform (85)
[2017.02.26-11.46.56:291][569]LogModuleManager: Shutting down and abandoning module Android_MultiTargetPlatform (83)
[2017.02.26-11.46.56:291][569]LogModuleManager: Shutting down and abandoning module Android_ETC2TargetPlatform (81)
[2017.02.26-11.46.56:291][569]LogModuleManager: Shutting down and abandoning module Android_ETC1TargetPlatform (79)
[2017.02.26-11.46.56:291][569]LogModuleManager: Shutting down and abandoning module Android_DXTTargetPlatform (77)
[2017.02.26-11.46.56:291][569]LogModuleManager: Shutting down and abandoning module Android_ATCTargetPlatform (75)
[2017.02.26-11.46.56:291][569]LogModuleManager: Shutting down and abandoning module Android_ASTCTargetPlatform (73)
[2017.02.26-11.46.56:291][569]LogModuleManager: Shutting down and abandoning module AndroidTargetPlatform (71)
[2017.02.26-11.46.56:291][569]LogModuleManager: Shutting down and abandoning module WindowsTargetPlatform (69)
[2017.02.26-11.46.56:291][569]LogModuleManager: Shutting down and abandoning module WindowsServerTargetPlatform (67)
[2017.02.26-11.46.56:291][569]LogModuleManager: Shutting down and abandoning module WindowsNoEditorTargetPlatform (65)
[2017.02.26-11.46.56:291][569]LogModuleManager: Shutting down and abandoning module WindowsClientTargetPlatform (63)
[2017.02.26-11.46.56:291][569]LogModuleManager: Shutting down and abandoning module MacTargetPlatform (61)
[2017.02.26-11.46.56:291][569]LogModuleManager: Shutting down and abandoning module MacServerTargetPlatform (59)
[2017.02.26-11.46.56:291][569]LogModuleManager: Shutting down and abandoning module MacNoEditorTargetPlatform (57)
[2017.02.26-11.46.56:291][569]LogModuleManager: Shutting down and abandoning module MacClientTargetPlatform (55)
[2017.02.26-11.46.56:291][569]LogModuleManager: Shutting down and abandoning module AllDesktopTargetPlatform (53)
[2017.02.26-11.46.56:291][569]LogModuleManager: Shutting down and abandoning module InputCore (50)
[2017.02.26-11.46.56:291][569]LogModuleManager: Shutting down and abandoning module Settings (48)
[2017.02.26-11.46.56:291][569]LogModuleManager: Shutting down and abandoning module OculusRift (46)
[2017.02.26-11.46.56:291][569]LogModuleManager: Shutting down and abandoning module ExampleDeviceProfileSelector (44)
[2017.02.26-11.46.56:291][569]LogModuleManager: Shutting down and abandoning module OnlineBlueprintSupport (42)
[2017.02.26-11.46.56:291][569]LogModuleManager: Shutting down and abandoning module OnlineSubsystem (38)
[2017.02.26-11.46.56:291][569]LogOnline:Display: Unloading online subsystem: NULL
[2017.02.26-11.46.56:291][569]LogModuleManager: Shutting down and abandoning module XMPP (37)
[2017.02.26-11.46.56:291][569]LogModuleManager: Shutting down and abandoning module HTTP (35)
[2017.02.26-11.46.56:291][569]LogHttp:Display: Http module shutting down, but needs to wait on 1 outstanding Http requests:
[2017.02.26-11.46.56:291][569]LogHttp:Display: 	verb=[POST] url=[https://datarouter.ol.epicgames.com/datarouter/api/v1/public/data?SessionID=%7B993528D2-4D91-5966-4ECE-1A9E1217EE0B%7D&AppID=UEEditor.Rocket.Release&AppVersion=4.15.0-3299760%2B%2B%2BUE4%2BRelease-4.15&UserID=a231bfa54ebfa1884fddf88ff15c4b67%7Cdfb84846bd18458ea4123b3e7e2ad85b%7Cfd703aee-249f-4dad-9698-b22c87760a14&AppEnvironment=datacollector-binary&UploadType=eteventstream] status=Processing
[2017.02.26-11.46.56:313][569]LogModuleManager: Shutting down and abandoning module SSL (34)
[2017.02.26-11.46.56:315][569]LogModuleManager: Shutting down and abandoning module AudioEditor (30)
[2017.02.26-11.46.56:315][569]LogModuleManager: Shutting down and abandoning module TextureCompressor (28)
[2017.02.26-11.46.56:315][569]LogModuleManager: Shutting down and abandoning module ShaderCore (26)
[2017.02.26-11.46.56:315][569]LogModuleManager: Shutting down and abandoning module Landscape (24)
[2017.02.26-11.46.56:315][569]LogModuleManager: Shutting down and abandoning module SlateRHIRenderer (22)
[2017.02.26-11.46.56:318][569]LogModuleManager: Shutting down and abandoning module OpenGLDrv (20)
[2017.02.26-11.46.56:318][569]LogModuleManager: Shutting down and abandoning module D3D11RHI (18)
[2017.02.26-11.46.56:318][569]LogModuleManager: Shutting down and abandoning module AnimGraphRuntime (16)
[2017.02.26-11.46.56:318][569]LogModuleManager: Shutting down and abandoning module Renderer (14)
[2017.02.26-11.46.56:318][569]LogModuleManager: Shutting down and abandoning module Engine (12)
[2017.02.26-11.46.56:318][569]LogModuleManager: Shutting down and abandoning module CoreUObject (10)
[2017.02.26-11.46.56:318][569]LogModuleManager: Shutting down and abandoning module NetworkFile (8)
[2017.02.26-11.46.56:318][569]LogModuleManager: Shutting down and abandoning module StreamingFile (6)
[2017.02.26-11.46.56:318][569]LogModuleManager: Shutting down and abandoning module SandboxFile (4)
[2017.02.26-11.46.56:318][569]LogModuleManager: Shutting down and abandoning module PakFile (2)
[2017.02.26-11.46.56:320][569]LogExit: Exiting.
[2017.02.26-11.46.56:322][569]Log file closed, 02/26/17 19:46:56
