Log file open, 02/25/17 21:31:49
LogInit:Display: Running engine for game: Shangda_Wus_Book
LogPlatformFile: Not using cached read wrapper
LogInit:Display: RandInit(1929688100) SRandInit(1929688100).
LogTaskGraph: Started task graph with 5 named threads and 6 total threads with 1 sets of task threads.
LogStats: Stats thread started at 0.096810
LogInit: Using libcurl 7.47.1
LogInit:  - built for x86_64-pc-win32
LogInit:  - supports SSL with OpenSSL/1.0.2g
LogInit:  - supports HTTP deflate (compression) using libz 1.2.8
LogInit:  - other features:
LogInit:      CURL_VERSION_SSL
LogInit:      CURL_VERSION_LIBZ
LogInit:      CURL_VERSION_IPV6
LogInit:      CURL_VERSION_ASYNCHDNS
LogInit:      CURL_VERSION_LARGEFILE
LogInit:      CURL_VERSION_IDN
LogInit:  CurlRequestOptions (configurable via config and command line):
LogInit:  - bVerifyPeer = false  - Libcurl will NOT verify peer certificate
LogInit:  - bUseHttpProxy = false  - Libcurl will NOT use HTTP proxy
LogInit:  - bDontReuseConnections = false  - Libcurl will reuse connections
LogInit:  - CertBundlePath = nullptr  - Libcurl will use whatever was configured at build time.
LogInit: Build: ++UE4+Release-4.15-CL-3299760
LogInit: Engine Version: 4.15.0-3299760+++UE4+Release-4.15
LogInit: Compatible Engine Version: 4.15.0-3299760+++UE4+Release-4.15
LogInit: Net CL: 3299760
LogDevObjectVersion: Number of dev versions registered: 14
LogDevObjectVersion:   Dev-Blueprints (B0D832E4-1F89-4F0D-ACCF-7EB736FD4AA2): 8
LogDevObjectVersion:   Dev-Build (E1C64328-A22C-4D53-A36C-8E866417BD8C): 0
LogDevObjectVersion:   Dev-Core (375EC13C-06E4-48FB-B500-84F0262A717E): 2
LogDevObjectVersion:   Dev-Editor (E4B068ED-F494-42E9-A231-DA0B2E46BB41): 14
LogDevObjectVersion:   Dev-Framework (CFFC743F-43B0-4480-9391-14DF171D2073): 22
LogDevObjectVersion:   Dev-Mobile (B02B49B5-BB20-44E9-A304-32B752E40360): 0
LogDevObjectVersion:   Dev-Networking (A4E4105C-59A1-49B5-A7C5-40C4547EDFEE): 0
LogDevObjectVersion:   Dev-Online (39C831C9-5AE6-47DC-9A44-9C173E1C8E7C): 0
LogDevObjectVersion:   Dev-Physics (78F01B33-EBEA-4F98-B9B4-84EACCB95AA2): 0
LogDevObjectVersion:   Dev-Platform (6631380F-2D4D-43E0-8009-CF276956A95A): 0
LogDevObjectVersion:   Dev-Rendering (12F88B9F-8875-4AFC-A67C-D90C383ABD29): 12
LogDevObjectVersion:   Dev-Sequencer (7B5AE74C-D270-4C10-A958-57980B212A5A): 3
LogDevObjectVersion:   Dev-VR (D7296918-1DD6-4BDD-9DE2-64A83CC13884): 0
LogDevObjectVersion:   Dev-LoadTimes (C2A15278-BFE7-4AFE-6C17-90FF531DF755): 1
LogInit: Compiled (64-bit): Feb 14 2017 02:04:14
LogInit: Compiled with Visual C++: 19.00.23026.00
LogInit: Build Configuration: Development
LogInit: Branch Name: ++UE4+Release-4.15
LogInit: Command line:  /Temp/Autosaves/Game/UEDPCShangda_Wus_Book_Main_Scenes -game -PIEVIACONSOLE -ResX=640 -ResY=960  -Multiprocess -messaging -SessionName="Play in Standalone Game" -featureleveles2 -faketouches -windowed 
LogInit: Base directory: C:/Program Files (x86)/Epic Games/4.15/Engine/Binaries/Win64/
LogInit: Installed Engine Build: 1
LogInit: Presizing for max 8388607 objects, including 0 objects not considered by GC, pre-allocating 0 bytes for permanent pool.
LogInit: Object subsystem initialized
[2017.02.25-13.31.50:515][  0]LogInit: Selected Device Profile: [Windows]
[2017.02.25-13.31.50:515][  0]LogInit: Applying CVar settings loaded from the selected device profile: [Windows]
[2017.02.25-13.31.50:521][  0]LogInit: Computer: DESKTOP-4SGI5H6
[2017.02.25-13.31.50:521][  0]LogInit: User: shang
[2017.02.25-13.31.50:521][  0]LogInit: CPU Page size=65536, Cores=2
[2017.02.25-13.31.50:521][  0]LogInit: High frequency timer resolution =3.234371 MHz
[2017.02.25-13.31.50:522][  0]LogMemory: Memory total: Physical=15.8GB (16GB approx)
[2017.02.25-13.31.50:522][  0]LogMemory: Platform Memory Stats for Windows
[2017.02.25-13.31.50:522][  0]LogMemory: Process Physical Memory: 264.60 MB used, 264.60 MB peak
[2017.02.25-13.31.50:522][  0]LogMemory: Process Virtual Memory: 262.14 MB used, 262.14 MB peak
[2017.02.25-13.31.50:522][  0]LogMemory: Physical Memory: 7270.94 MB used,  8929.97 MB free, 16200.91 MB total
[2017.02.25-13.31.50:522][  0]LogMemory: Virtual Memory: 641.67 MB used,  8929.97 MB free, 134217728.00 MB total
[2017.02.25-13.31.50:912][  0]LogTextLocalizationManager:Warning: Loaded localization resources contain conflicting entries for (Namespace:UObjectToolTips, Key:AnimNode_AssetPlayerBase:InternalTimeAccumulator):
Localization Resource: (C:/Program Files (x86)/Epic Games/4.15/Engine/Content/Localization/EditorTutorials/zh-CN/EditorTutorials.locres) Source String Hash: (502993589) Localized String: (用于引用此节点中的资源的累积时间)
Localization Resource: (C:/Program Files (x86)/Epic Games/4.15/Engine/Content/Localization/Engine/zh-CN/Engine.locres) Source String Hash: (502993589) Localized String: (引用该节点中资源所用的累计时间)
[2017.02.25-13.31.50:912][  0]LogTextLocalizationManager:Warning: Loaded localization resources contain conflicting entries for (Namespace:UObjectToolTips, Key:AnimNode_AssetPlayerBase:bIgnoreForRelevancyTest):
Localization Resource: (C:/Program Files (x86)/Epic Games/4.15/Engine/Content/Localization/EditorTutorials/zh-CN/EditorTutorials.locres) Source String Hash: (319969718) Localized String: (若为真，在状态中寻找最高权重动画的“相关动画”节点将忽视 此节点)
Localization Resource: (C:/Program Files (x86)/Epic Games/4.15/Engine/Content/Localization/Engine/zh-CN/Engine.locres) Source String Hash: (319969718) Localized String: (如果为真，那么将会忽略查找最高权重动画的"相关动画"节点。
这个节点)
[2017.02.25-13.31.50:912][  0]LogTextLocalizationManager:Warning: Loaded localization resources contain conflicting entries for (Namespace:UObjectToolTips, Key:AnimNode_AssetPlayerBase:BlendWeight):
Localization Resource: (C:/Program Files (x86)/Epic Games/4.15/Engine/Content/Localization/EditorTutorials/zh-CN/EditorTutorials.locres) Source String Hash: (-1232800293) Localized String: (此节点最后交会的混合权重)
Localization Resource: (C:/Program Files (x86)/Epic Games/4.15/Engine/Content/Localization/Engine/zh-CN/Engine.locres) Source String Hash: (-1232800293) Localized String: (该节点上一次遇到的混合权重)
[2017.02.25-13.31.51:149][  0]LogD3D11RHI: D3D11 adapters:
[2017.02.25-13.31.51:180][  0]LogD3D11RHI:    0. 'NVIDIA Quadro M1000M' (Feature Level 11_0)
[2017.02.25-13.31.51:180][  0]LogD3D11RHI:       4064/0/8100 MB DedicatedVideo/DedicatedSystem/SharedSystem, Outputs:1, VendorId:0x10de
[2017.02.25-13.31.51:188][  0]LogD3D11RHI:    1. 'Intel(R) Iris(TM) Graphics 550' (Feature Level 11_0)
[2017.02.25-13.31.51:188][  0]LogD3D11RHI:       128/0/8100 MB DedicatedVideo/DedicatedSystem/SharedSystem, Outputs:0, VendorId:0x8086
[2017.02.25-13.31.51:192][  0]LogD3D11RHI:    2. 'Microsoft Basic Render Driver' (Feature Level 11_0)
[2017.02.25-13.31.51:192][  0]LogD3D11RHI:       0/0/8100 MB DedicatedVideo/DedicatedSystem/SharedSystem, Outputs:0, VendorId:0x1414
[2017.02.25-13.31.51:192][  0]LogD3D11RHI: Chosen D3D11 Adapter: 0
[2017.02.25-13.31.51:198][  0]LogD3D11RHI: Creating new Direct3DDevice
[2017.02.25-13.31.51:198][  0]LogD3D11RHI:     GPU DeviceId: 0x13b1 (for the marketing name, search the web for "GPU Device Id")
[2017.02.25-13.31.51:198][  0]LogWindows: EnumDisplayDevices:
[2017.02.25-13.31.51:199][  0]LogWindows:    0. 'Intel(R) Iris(TM) Graphics 550' (P:1 D:1)
[2017.02.25-13.31.51:199][  0]LogWindows:    1. 'Intel(R) Iris(TM) Graphics 550' (P:0 D:0)
[2017.02.25-13.31.51:199][  0]LogWindows:    2. 'Intel(R) Iris(TM) Graphics 550' (P:0 D:0)
[2017.02.25-13.31.51:199][  0]LogWindows: DebugString: PrimaryIsNotTheChoosenAdapter PrimaryIsNotTheChoosenAdapter PrimaryIsNotTheChoosenAdapter FoundDriverCount:0 
[2017.02.25-13.31.51:199][  0]LogD3D11RHI:     Adapter Name: NVIDIA Quadro M1000M
[2017.02.25-13.31.51:199][  0]LogD3D11RHI:   Driver Version: Unknown (internal:Unknown, unified:Unknown)
[2017.02.25-13.31.51:199][  0]LogD3D11RHI:      Driver Date: Unknown
[2017.02.25-13.31.51:199][  0]LogRHI: Texture pool is 1361 MB (70% of 1945 MB)
[2017.02.25-13.31.51:219][  0]LogD3D11RHI: Async texture creation enabled
[2017.02.25-13.31.51:239][  0]LogD3D11RHI: GPU Timing Frequency: 1000.000000 (Debug: 2 2)
[2017.02.25-13.31.51:242][  0]LogShaderCompilers: Guid format shader working directory is -27 characters bigger than the processId version (../../../../../../Users/shang/Documents/Unreal Projects/Shangda_Wus_Book/Intermediate/Shaders/WorkingDirectory/25036/).
[2017.02.25-13.31.51:242][  0]LogShaderCompilers: Cleaned the shader compiler working directory 'C:/Users/shang/AppData/Local/Temp/UnrealShaderWorkingDir/53A3ABFF4ED7376E6CAFAF855C0FF5F5/'.
[2017.02.25-13.31.51:242][  0]LogShaderCompilers:Display: Using Local Shader Compiler.
[2017.02.25-13.31.52:279][  0]LogTemp:Display: Loaded TP WindowsClientTargetPlatform
[2017.02.25-13.31.52:331][  0]LogTemp:Display: Loaded TP WindowsNoEditorTargetPlatform
[2017.02.25-13.31.52:385][  0]LogTemp:Display: Loaded TP WindowsServerTargetPlatform
[2017.02.25-13.31.52:437][  0]LogTemp:Display: Loaded TP WindowsTargetPlatform
[2017.02.25-13.31.52:437][  0]LogTargetPlatformManager:Display: Building Assets For Windows
[2017.02.25-13.31.52:851][  0]LogDerivedDataCache:Display: Max Cache Size: 512 MB
[2017.02.25-13.31.52:904][  0]LogDerivedDataCache: Loaded boot cache 0.05s 50MB C:/Users/shang/AppData/Local/UnrealEngine/4.15/DerivedDataCache/Boot.ddc.
[2017.02.25-13.31.52:904][  0]LogDerivedDataCache:Display: Loaded Boot cache: C:/Users/shang/AppData/Local/UnrealEngine/4.15/DerivedDataCache/Boot.ddc
[2017.02.25-13.31.52:904][  0]LogDerivedDataCache: FDerivedDataBackendGraph:  Pak pak cache file ../../../../../../Users/shang/Documents/Unreal Projects/Shangda_Wus_Book/DerivedDataCache/DDC.ddp not found, will not use a pak cache.
[2017.02.25-13.31.52:904][  0]LogDerivedDataCache: Unable to find inner node Pak for hierarchical cache Hierarchy.
[2017.02.25-13.31.52:904][  0]LogDerivedDataCache: FDerivedDataBackendGraph:  CompressedPak pak cache file ../../../../../../Users/shang/Documents/Unreal Projects/Shangda_Wus_Book/DerivedDataCache/Compressed.ddp not found, will not use a pak cache.
[2017.02.25-13.31.52:904][  0]LogDerivedDataCache: Unable to find inner node CompressedPak for hierarchical cache Hierarchy.
[2017.02.25-13.31.52:921][  0]LogDerivedDataCache:Display: Pak cache opened for reading ../../../Engine/DerivedDataCache/Compressed.ddp.
[2017.02.25-13.31.52:933][  0]LogDerivedDataCache: Using Local data cache path C:/Users/shang/AppData/Local/UnrealEngine/Common/DerivedDataCache: Writable
[2017.02.25-13.31.52:937][  0]LogSlate: Using Freetype 2.6.0
[2017.02.25-13.31.52:938][  0]LogSlate: SlateFontCache - WITH_FREETYPE: 1, WITH_HARFBUZZ: 1
[2017.02.25-13.31.52:938][  0]LogSlate: SlateFontCache - WITH_FREETYPE: 1, WITH_HARFBUZZ: 1
[2017.02.25-13.31.53:185][  0]LogAssetRegistry: FAssetRegistry took 0.0001 seconds to start up
[2017.02.25-13.31.53:197][  0]LogPackageLocalizationCache: Processed 3 localized package path(s) for 4 prioritized culture(s) in 0.012322 seconds
[2017.02.25-13.31.53:214][  0]LogInit: Selected Device Profile: [Windows]
[2017.02.25-13.31.53:216][  0]LogContentStreaming: Texture pool size is 1000.00 MB
[2017.02.25-13.31.53:400][  0]LogMeshUtilities: Using QuadricMeshReduction for automatic static mesh reduction
[2017.02.25-13.31.53:446][  0]LogSimplygon: Simplygon DLL not present - disabling.
[2017.02.25-13.31.53:488][  0]LogMeshUtilities: Using SimplygonSwarm for distributed automatic mesh merging
[2017.02.25-13.31.53:488][  0]LogMeshUtilities: No automatic skeletal mesh reduction module available
[2017.02.25-13.31.53:488][  0]LogMeshUtilities: No automatic mesh merging module available
[2017.02.25-13.31.53:703][  0]LogMaterial: Missing cached shader map for material M_SimpleTranslucent, compiling. 
[2017.02.25-13.31.53:703][  0]LogTemp:Display: Added material ShaderMap 0x000002143F96A780 with Material 0x000002143F95AF80 to ShaderMapsBeingCompiled
[2017.02.25-13.31.53:760][  0]LogTemp:Display: Kicking off shader compilation for M_SimpleTranslucent, GameThreadShaderMap 0x000002143F96A780
[2017.02.25-13.31.53:871][  0]LogMaterial: Missing cached shader map for material SkySphereMaterial, compiling. 
[2017.02.25-13.31.53:872][  0]LogTemp:Display: Added material ShaderMap 0x000002143FC5D600 with Material 0x00000214401A8400 to ShaderMapsBeingCompiled
[2017.02.25-13.31.53:875][  0]LogTemp:Display: Kicking off shader compilation for SkySphereMaterial, GameThreadShaderMap 0x000002143FC5D600
[2017.02.25-13.31.53:885][  0]LogMaterial: Missing cached shader map for material FloorPlaneMaterial, compiling. 
[2017.02.25-13.31.53:886][  0]LogTemp:Display: Added material ShaderMap 0x00000214420B3900 with Material 0x0000021440932E00 to ShaderMapsBeingCompiled
[2017.02.25-13.31.53:965][  0]LogTemp:Display: Kicking off shader compilation for FloorPlaneMaterial, GameThreadShaderMap 0x00000214420B3900
[2017.02.25-13.31.54:026][  0]LogMaterial: Missing cached shader map for material LandscapeGizmo_Mat, compiling. 
[2017.02.25-13.31.54:027][  0]LogTemp:Display: Added material ShaderMap 0x000002144498EB00 with Material 0x000002144497B400 to ShaderMapsBeingCompiled
[2017.02.25-13.31.54:039][  0]LogTemp:Display: Kicking off shader compilation for LandscapeGizmo_Mat, GameThreadShaderMap 0x000002144498EB00
[2017.02.25-13.31.54:041][  0]LogTemp:Display: Added shader map 0x000002144498EB00 from material 0x0000021444979300
[2017.02.25-13.31.54:041][  0]LogTemp:Display: Found existing compiling shader for material LandscapeGizmo_Mat, linking to other GameThreadShaderMap 0x000002144498EB00
[2017.02.25-13.31.54:053][  0]LogMaterial: Missing cached shader map for material LandscapeGizmoHeight_Mat, compiling. 
[2017.02.25-13.31.54:054][  0]LogTemp:Display: Added material ShaderMap 0x000002144898C480 with Material 0x000002144893FD00 to ShaderMapsBeingCompiled
[2017.02.25-13.31.54:124][  0]LogTemp:Display: Kicking off shader compilation for LandscapeGizmoHeight_Mat, GameThreadShaderMap 0x000002144898C480
[2017.02.25-13.31.54:131][  0]LogMaterial: Missing cached shader map for material SplineEditorMeshMat, compiling. 
[2017.02.25-13.31.54:132][  0]LogTemp:Display: Added material ShaderMap 0x0000021449038800 with Material 0x0000021448D97700 to ShaderMapsBeingCompiled
[2017.02.25-13.31.54:140][  0]LogTemp:Display: Kicking off shader compilation for SplineEditorMeshMat, GameThreadShaderMap 0x0000021449038800
[2017.02.25-13.31.54:152][  0]LogMaterial: Missing cached shader map for material HelpActorMaterial, compiling. 
[2017.02.25-13.31.54:154][  0]LogTemp:Display: Added material ShaderMap 0x0000021448CF9980 with Material 0x0000021448D94B80 to ShaderMapsBeingCompiled
[2017.02.25-13.31.54:179][  0]LogTemp:Display: Kicking off shader compilation for HelpActorMaterial, GameThreadShaderMap 0x0000021448CF9980
[2017.02.25-13.31.54:285][  0]LogNetVersion: GetLocalNetworkVersion: CL: 3299760, ProjectName: shangda_wus_book, ProjectVersion: , EngineNetworkVersion: 2, GameNetworkVersion: 0, NetworkChecksum: 2213960243
[2017.02.25-13.31.54:384][  0]LogInit: WinSock: version 1.1 (2.2), MaxSocks=32767, MaxUdp=65467
[2017.02.25-13.31.55:536][  0]LogMoviePlayer: Initializing movie player
[2017.02.25-13.31.55:601][  0]LogWindowsTextInputMethodSystem:Display: IME system now activated using TSF (微软拼音).
[2017.02.25-13.31.55:601][  0]LogWindowsTextInputMethodSystem:Display: IME system now activated using TSF (微软拼音).
[2017.02.25-13.31.55:754][  0]LogMaterial: Missing cached shader map for material DefaultSpriteMaterial, compiling. 
[2017.02.25-13.31.55:755][  0]LogTemp:Display: Added material ShaderMap 0x0000021449C3CF00 with Material 0x0000021449C58D00 to ShaderMapsBeingCompiled
[2017.02.25-13.31.55:768][  0]LogTemp:Display: Kicking off shader compilation for DefaultSpriteMaterial, GameThreadShaderMap 0x0000021449C3CF00
[2017.02.25-13.31.55:776][  0]LogMaterial: Missing cached shader map for material DefaultSpriteMaterial, compiling. 
[2017.02.25-13.31.55:778][  0]LogTemp:Display: Added material ShaderMap 0x0000021449C04800 with Material 0x0000021449C3AC80 to ShaderMapsBeingCompiled
[2017.02.25-13.31.55:784][  0]LogTemp:Display: Kicking off shader compilation for DefaultSpriteMaterial, GameThreadShaderMap 0x0000021449C04800
[2017.02.25-13.31.56:071][  0]LogTcpMessaging: Initializing TcpMessaging bridge
[2017.02.25-13.31.56:138][  0]LogUdpMessaging: Initializing bridge on interface 0.0.0.0:0 to multicast group 230.0.0.1:6666.
[2017.02.25-13.31.56:352][  0]LogMaterial: Missing cached shader map for material DefaultMaterial, compiling. 
[2017.02.25-13.31.56:354][  0]LogTemp:Display: Added material ShaderMap 0x000002144A8ECF00 with Material 0x000002144A974D00 to ShaderMapsBeingCompiled
[2017.02.25-13.31.56:563][  0]LogTemp:Display: Kicking off shader compilation for DefaultMaterial, GameThreadShaderMap 0x000002144A8ECF00
[2017.02.25-13.31.56:783][  0]SourceControl: 信息 源码控制已禁用
[2017.02.25-13.31.56:783][  0]SourceControl: 信息 源码控制已禁用
[2017.02.25-13.31.56:856][  0]SourceControl: 信息 源码控制已禁用
[2017.02.25-13.31.57:906][  0]LogUObjectArray: 34390 objects as part of root set at end of initial load.
[2017.02.25-13.31.57:906][  0]LogUObjectAllocator: 7635864 out of 0 bytes used by permanent object pool.
[2017.02.25-13.31.57:906][  0]LogUObjectArray: CloseDisregardForGC: 0/0 objects in disregard for GC pool
[2017.02.25-13.31.58:026][  0]LogMaterial: Missing cached shader map for material HighResScreenshot, compiling. 
[2017.02.25-13.31.58:027][  0]LogTemp:Display: Added material ShaderMap 0x000002144BB86400 with Material 0x000002144BB4FA00 to ShaderMapsBeingCompiled
[2017.02.25-13.31.58:039][  0]LogTemp:Display: Kicking off shader compilation for HighResScreenshot, GameThreadShaderMap 0x000002144BB86400
[2017.02.25-13.31.58:041][  0]LogMaterial: Missing cached shader map for material HighResScreenshotMask, compiling. 
[2017.02.25-13.31.58:042][  0]LogTemp:Display: Added material ShaderMap 0x000002144B964F00 with Material 0x000002144BB4D480 to ShaderMapsBeingCompiled
[2017.02.25-13.31.58:050][  0]LogTemp:Display: Kicking off shader compilation for HighResScreenshotMask, GameThreadShaderMap 0x000002144B964F00
[2017.02.25-13.31.58:056][  0]LogMaterial: Missing cached shader map for material HighResScreenshotCaptureRegion, compiling. 
[2017.02.25-13.31.58:057][  0]LogTemp:Display: Added material ShaderMap 0x000002144B90C800 with Material 0x000002144B933700 to ShaderMapsBeingCompiled
[2017.02.25-13.31.58:062][  0]LogTemp:Display: Kicking off shader compilation for HighResScreenshotCaptureRegion, GameThreadShaderMap 0x000002144B90C800
[2017.02.25-13.31.58:084][  0]LogEngine: Initializing Engine...
[2017.02.25-13.31.58:085][  0]LogHMD: Failed to initialize OpenVR with code 110
[2017.02.25-13.31.58:106][  0]LogMaterial: Missing cached shader map for material WireframeMaterial, compiling. Is special engine material.
[2017.02.25-13.31.58:107][  0]LogTemp:Display: Added material ShaderMap 0x0000021445F25D00 with Material 0x000002144B930A00 to ShaderMapsBeingCompiled
[2017.02.25-13.31.58:199][  0]LogTemp:Display: Kicking off shader compilation for WireframeMaterial, GameThreadShaderMap 0x0000021445F25D00
[2017.02.25-13.31.58:206][  0]LogMaterial: Missing cached shader map for material LevelColorationLitMaterial, compiling. Is special engine material.
[2017.02.25-13.31.58:208][  0]LogTemp:Display: Added material ShaderMap 0x000002144C938B80 with Material 0x000002144C032380 to ShaderMapsBeingCompiled
[2017.02.25-13.31.58:699][  0]LogTemp:Display: Kicking off shader compilation for LevelColorationLitMaterial, GameThreadShaderMap 0x000002144C938B80
[2017.02.25-13.31.58:704][  0]LogMaterial: Missing cached shader map for material LevelColorationUnlitMaterial, compiling. Is special engine material.
[2017.02.25-13.31.58:705][  0]LogTemp:Display: Added material ShaderMap 0x00000214510CFC80 with Material 0x000002144F16C580 to ShaderMapsBeingCompiled
[2017.02.25-13.31.58:772][  0]LogTemp:Display: Kicking off shader compilation for LevelColorationUnlitMaterial, GameThreadShaderMap 0x00000214510CFC80
[2017.02.25-13.31.58:779][  0]LogMaterial: Missing cached shader map for material MAT_LevelColorationLitLightmapUV, compiling. Is special engine material.
[2017.02.25-13.31.58:780][  0]LogTemp:Display: Added material ShaderMap 0x00000214518BC480 with Material 0x000002144C8CDD80 to ShaderMapsBeingCompiled
[2017.02.25-13.31.59:274][  0]LogTemp:Display: Kicking off shader compilation for MAT_LevelColorationLitLightmapUV, GameThreadShaderMap 0x00000214518BC480
[2017.02.25-13.31.59:280][  0]LogMaterial: Missing cached shader map for material ShadedLevelColorationLitMaterial, compiling. Is special engine material.
[2017.02.25-13.31.59:282][  0]LogTemp:Display: Added material ShaderMap 0x0000021456057200 with Material 0x0000021454867280 to ShaderMapsBeingCompiled
[2017.02.25-13.31.59:783][  0]LogTemp:Display: Kicking off shader compilation for ShadedLevelColorationLitMaterial, GameThreadShaderMap 0x0000021456057200
[2017.02.25-13.31.59:787][  0]LogMaterial: Missing cached shader map for material ShadedLevelColorationUnlitMateri, compiling. Is special engine material.
[2017.02.25-13.31.59:788][  0]LogTemp:Display: Added material ShaderMap 0x000002145A836080 with Material 0x0000021458848880 to ShaderMapsBeingCompiled
[2017.02.25-13.31.59:848][  0]LogTemp:Display: Kicking off shader compilation for ShadedLevelColorationUnlitMateri, GameThreadShaderMap 0x000002145A836080
[2017.02.25-13.31.59:851][  0]LogMaterial: Missing cached shader map for material VertexColorMaterial, compiling. 
[2017.02.25-13.31.59:853][  0]LogTemp:Display: Added material ShaderMap 0x000002145B06C100 with Material 0x0000021456041900 to ShaderMapsBeingCompiled
[2017.02.25-13.31.59:925][  0]LogTemp:Display: Kicking off shader compilation for VertexColorMaterial, GameThreadShaderMap 0x000002145B06C100
[2017.02.25-13.31.59:928][  0]LogMaterial: Missing cached shader map for material VertexColorViewMode_ColorOnly, compiling. 
[2017.02.25-13.31.59:929][  0]LogTemp:Display: Added material ShaderMap 0x000002145B4D9280 with Material 0x000002145BD8F880 to ShaderMapsBeingCompiled
[2017.02.25-13.31.59:937][  0]LogTemp:Display: Kicking off shader compilation for VertexColorViewMode_ColorOnly, GameThreadShaderMap 0x000002145B4D9280
[2017.02.25-13.31.59:939][  0]LogMaterial: Missing cached shader map for material VertexColorViewMode_AlphaAsColor, compiling. 
[2017.02.25-13.31.59:940][  0]LogTemp:Display: Added material ShaderMap 0x000002145B47D280 with Material 0x000002145BD8E380 to ShaderMapsBeingCompiled
[2017.02.25-13.31.59:947][  0]LogTemp:Display: Kicking off shader compilation for VertexColorViewMode_AlphaAsColor, GameThreadShaderMap 0x000002145B47D280
[2017.02.25-13.31.59:954][  0]LogMaterial: Missing cached shader map for material VertexColorViewMode_RedOnly, compiling. 
[2017.02.25-13.31.59:955][  0]LogTemp:Display: Added material ShaderMap 0x000002145C195280 with Material 0x000002145BD8CE80 to ShaderMapsBeingCompiled
[2017.02.25-13.31.59:962][  0]LogTemp:Display: Kicking off shader compilation for VertexColorViewMode_RedOnly, GameThreadShaderMap 0x000002145C195280
[2017.02.25-13.31.59:964][  0]LogMaterial: Missing cached shader map for material VertexColorViewMode_GreenOnly, compiling. 
[2017.02.25-13.31.59:965][  0]LogTemp:Display: Added material ShaderMap 0x000002145C12D280 with Material 0x000002145C14F700 to ShaderMapsBeingCompiled
[2017.02.25-13.31.59:977][  0]LogTemp:Display: Kicking off shader compilation for VertexColorViewMode_GreenOnly, GameThreadShaderMap 0x000002145C12D280
[2017.02.25-13.31.59:979][  0]LogMaterial: Missing cached shader map for material VertexColorViewMode_BlueOnly, compiling. 
[2017.02.25-13.31.59:980][  0]LogTemp:Display: Added material ShaderMap 0x000002145C0C5280 with Material 0x000002145C14E200 to ShaderMapsBeingCompiled
[2017.02.25-13.31.59:990][  0]LogTemp:Display: Kicking off shader compilation for VertexColorViewMode_BlueOnly, GameThreadShaderMap 0x000002145C0C5280
[2017.02.25-13.31.59:991][  0]LogMaterial: Missing cached shader map for material RemoveSurfaceMaterial, compiling. 
[2017.02.25-13.31.59:992][  0]LogTemp:Display: Added material ShaderMap 0x000002145C069980 with Material 0x000002145C14D000 to ShaderMapsBeingCompiled
[2017.02.25-13.31.59:995][  0]LogTemp:Display: Kicking off shader compilation for RemoveSurfaceMaterial, GameThreadShaderMap 0x000002145C069980
[2017.02.25-13.31.59:997][  0]LogMaterial: Missing cached shader map for material DebugMeshMaterial, compiling. 
[2017.02.25-13.31.59:998][  0]LogTemp:Display: Added material ShaderMap 0x000002145CD6BC80 with Material 0x000002145C023880 to ShaderMapsBeingCompiled
[2017.02.25-13.32.00:005][  0]LogTemp:Display: Kicking off shader compilation for DebugMeshMaterial, GameThreadShaderMap 0x000002145CD6BC80
[2017.02.25-13.32.00:009][  0]LogMaterial: Missing cached shader map for material M_InvalidLightmapSettings, compiling. 
[2017.02.25-13.32.00:010][  0]LogTemp:Display: Added material ShaderMap 0x000002145CD0B580 with Material 0x000002145C022200 to ShaderMapsBeingCompiled
[2017.02.25-13.32.00:079][  0]LogTemp:Display: Kicking off shader compilation for M_InvalidLightmapSettings, GameThreadShaderMap 0x000002145CD0B580
[2017.02.25-13.32.00:082][  0]LogMaterial: Missing cached shader map for material GizmoMaterial, compiling. 
[2017.02.25-13.32.00:085][  0]LogTemp:Display: Added material ShaderMap 0x000002145C3EDD00 with Material 0x000002145C020E80 to ShaderMapsBeingCompiled
[2017.02.25-13.32.00:093][  0]LogTemp:Display: Kicking off shader compilation for GizmoMaterial, GameThreadShaderMap 0x000002145C3EDD00
[2017.02.25-13.32.00:095][  0]LogMaterial: Missing cached shader map for material PhAT_JointLimitMaterial, compiling. 
[2017.02.25-13.32.00:096][  0]LogTemp:Display: Added material ShaderMap 0x000002145D152E80 with Material 0x000002145D18EF80 to ShaderMapsBeingCompiled
[2017.02.25-13.32.00:104][  0]LogTemp:Display: Kicking off shader compilation for PhAT_JointLimitMaterial, GameThreadShaderMap 0x000002145D152E80
[2017.02.25-13.32.00:125][  0]LogInit: XAudio2 using '扬声器 (Realtek High Definition Audio)' : 2 channels at 48 kHz using 32 bits per sample (channel mask 0x3)
[2017.02.25-13.32.00:145][  0]LogInit: FAudioDevice initialized.
[2017.02.25-13.32.00:161][  0]LogInit: Texture streaming: Enabled
[2017.02.25-13.32.00:164][  0]LogMaterial: Missing cached shader map for material BaseColor, compiling. 
[2017.02.25-13.32.00:164][  0]LogMaterial:Warning: Failed to compile Material /Engine/BufferVisualization/BaseColor.BaseColor for platform PCD3D_ES2, Default Material will be used in game.
[2017.02.25-13.32.00:164][  0]LogMaterial:Warning: 	(Node FeatureLevelSwitch) Feature Level switch missing default input
[2017.02.25-13.32.00:166][  0]LogMaterial: Missing cached shader map for material CustomDepth, compiling. 
[2017.02.25-13.32.00:167][  0]LogTemp:Display: Added material ShaderMap 0x000002145D0F2400 with Material 0x000002145D0B2380 to ShaderMapsBeingCompiled
[2017.02.25-13.32.00:171][  0]LogTemp:Display: Kicking off shader compilation for CustomDepth, GameThreadShaderMap 0x000002145D0F2400
[2017.02.25-13.32.00:181][  0]LogMaterial: Uniform references updated for custom material expression Custom.
[2017.02.25-13.32.00:187][  0]LogMaterial: Missing cached shader map for material CustomStencil, compiling. 
[2017.02.25-13.32.00:188][  0]LogTemp:Display: Added material ShaderMap 0x0000021436A7CF00 with Material 0x000002145D0B0A00 to ShaderMapsBeingCompiled
[2017.02.25-13.32.00:192][  0]LogTemp:Display: Kicking off shader compilation for CustomStencil, GameThreadShaderMap 0x0000021436A7CF00
[2017.02.25-13.32.00:195][  0]LogMaterial: Missing cached shader map for material FinalImage, compiling. 
[2017.02.25-13.32.00:196][  0]LogTemp:Display: Added material ShaderMap 0x0000021436A7F200 with Material 0x0000021436A42380 to ShaderMapsBeingCompiled
[2017.02.25-13.32.00:199][  0]LogTemp:Display: Kicking off shader compilation for FinalImage, GameThreadShaderMap 0x0000021436A7F200
[2017.02.25-13.32.00:202][  0]LogMaterial: Missing cached shader map for material LightingModel, compiling. 
[2017.02.25-13.32.00:202][  0]LogTemp:Display: Added material ShaderMap 0x00000214379EA780 with Material 0x0000021436A40A00 to ShaderMapsBeingCompiled
[2017.02.25-13.32.00:206][  0]LogTemp:Display: Kicking off shader compilation for LightingModel, GameThreadShaderMap 0x00000214379EA780
[2017.02.25-13.32.00:208][  0]LogMaterial: Missing cached shader map for material MaterialAO, compiling. 
[2017.02.25-13.32.00:209][  0]LogTemp:Display: Added material ShaderMap 0x00000214379E8480 with Material 0x0000021436A50E80 to ShaderMapsBeingCompiled
[2017.02.25-13.32.00:213][  0]LogTemp:Display: Kicking off shader compilation for MaterialAO, GameThreadShaderMap 0x00000214379E8480
[2017.02.25-13.32.00:217][  0]LogMaterial: Missing cached shader map for material Metallic, compiling. 
[2017.02.25-13.32.00:218][  0]LogTemp:Display: Added material ShaderMap 0x000002143797E080 with Material 0x000002143798E980 to ShaderMapsBeingCompiled
[2017.02.25-13.32.00:223][  0]LogTemp:Display: Kicking off shader compilation for Metallic, GameThreadShaderMap 0x000002143797E080
[2017.02.25-13.32.00:225][  0]LogMaterial: Missing cached shader map for material Opacity, compiling. 
[2017.02.25-13.32.00:226][  0]LogTemp:Display: Added material ShaderMap 0x000002145DD6BC80 with Material 0x000002143798D300 to ShaderMapsBeingCompiled
[2017.02.25-13.32.00:230][  0]LogTemp:Display: Kicking off shader compilation for Opacity, GameThreadShaderMap 0x000002145DD6BC80
[2017.02.25-13.32.00:232][  0]LogMaterial: Missing cached shader map for material Roughness, compiling. 
[2017.02.25-13.32.00:233][  0]LogTemp:Display: Added material ShaderMap 0x000002145DD69980 with Material 0x000002145DD5F700 to ShaderMapsBeingCompiled
[2017.02.25-13.32.00:236][  0]LogTemp:Display: Kicking off shader compilation for Roughness, GameThreadShaderMap 0x000002145DD69980
[2017.02.25-13.32.00:238][  0]LogMaterial: Missing cached shader map for material SceneColor, compiling. 
[2017.02.25-13.32.00:239][  0]LogTemp:Display: Added material ShaderMap 0x000002145DCFF580 with Material 0x000002145DD5DD80 to ShaderMapsBeingCompiled
[2017.02.25-13.32.00:243][  0]LogTemp:Display: Kicking off shader compilation for SceneColor, GameThreadShaderMap 0x000002145DCFF580
[2017.02.25-13.32.00:245][  0]LogMaterial: Missing cached shader map for material SceneDepth, compiling. 
[2017.02.25-13.32.00:246][  0]LogTemp:Display: Added material ShaderMap 0x000002145DCFCF00 with Material 0x000002145DD5C580 to ShaderMapsBeingCompiled
[2017.02.25-13.32.00:253][  0]LogTemp:Display: Kicking off shader compilation for SceneDepth, GameThreadShaderMap 0x000002145DCFCF00
[2017.02.25-13.32.00:256][  0]LogMaterial: Missing cached shader map for material SeparateTranslucencyRGB, compiling. 
[2017.02.25-13.32.00:257][  0]LogTemp:Display: Added material ShaderMap 0x000002145DC9AB00 with Material 0x000002145DCA6980 to ShaderMapsBeingCompiled
[2017.02.25-13.32.00:261][  0]LogTemp:Display: Kicking off shader compilation for SeparateTranslucencyRGB, GameThreadShaderMap 0x000002145DC9AB00
[2017.02.25-13.32.00:263][  0]LogMaterial: Missing cached shader map for material SeparateTranslucencyA, compiling. 
[2017.02.25-13.32.00:264][  0]LogTemp:Display: Added material ShaderMap 0x000002145DC98800 with Material 0x000002145DCA5180 to ShaderMapsBeingCompiled
[2017.02.25-13.32.00:268][  0]LogTemp:Display: Kicking off shader compilation for SeparateTranslucencyA, GameThreadShaderMap 0x000002145DC98800
[2017.02.25-13.32.00:270][  0]LogMaterial: Missing cached shader map for material Specular, compiling. 
[2017.02.25-13.32.00:270][  0]LogMaterial:Warning: Failed to compile Material /Engine/BufferVisualization/Specular.Specular for platform PCD3D_ES2, Default Material will be used in game.
[2017.02.25-13.32.00:270][  0]LogMaterial:Warning: 	(Node FeatureLevelSwitch) Feature Level switch missing default input
[2017.02.25-13.32.00:273][  0]LogMaterial: Missing cached shader map for material SubsurfaceColor, compiling. 
[2017.02.25-13.32.00:273][  0]LogTemp:Display: Added material ShaderMap 0x000002145DC05D00 with Material 0x000002145DC2A200 to ShaderMapsBeingCompiled
[2017.02.25-13.32.00:278][  0]LogTemp:Display: Kicking off shader compilation for SubsurfaceColor, GameThreadShaderMap 0x000002145DC05D00
[2017.02.25-13.32.00:280][  0]LogMaterial: Missing cached shader map for material WorldNormal, compiling. 
[2017.02.25-13.32.00:281][  0]LogTemp:Display: Added material ShaderMap 0x000002145DBAF580 with Material 0x000002145DC28880 to ShaderMapsBeingCompiled
[2017.02.25-13.32.00:289][  0]LogTemp:Display: Kicking off shader compilation for WorldNormal, GameThreadShaderMap 0x000002145DBAF580
[2017.02.25-13.32.00:292][  0]LogMaterial: Missing cached shader map for material AmbientOcclusion, compiling. 
[2017.02.25-13.32.00:293][  0]LogTemp:Display: Added material ShaderMap 0x000002145DBAD280 with Material 0x000002145DBAAE00 to ShaderMapsBeingCompiled
[2017.02.25-13.32.00:301][  0]LogTemp:Display: Kicking off shader compilation for AmbientOcclusion, GameThreadShaderMap 0x000002145DBAD280
[2017.02.25-13.32.00:305][  0]LogMaterial: Missing cached shader map for material CustomDepthWorldUnits, compiling. 
[2017.02.25-13.32.00:306][  0]LogTemp:Display: Added material ShaderMap 0x000002145DB3C800 with Material 0x000002145DBA9780 to ShaderMapsBeingCompiled
[2017.02.25-13.32.00:310][  0]LogTemp:Display: Kicking off shader compilation for CustomDepthWorldUnits, GameThreadShaderMap 0x000002145DB3C800
[2017.02.25-13.32.00:313][  0]LogMaterial: Missing cached shader map for material SceneDepthWorldUnits, compiling. 
[2017.02.25-13.32.00:314][  0]LogTemp:Display: Added material ShaderMap 0x000002145DACE080 with Material 0x000002145DAEF100 to ShaderMapsBeingCompiled
[2017.02.25-13.32.00:321][  0]LogTemp:Display: Kicking off shader compilation for SceneDepthWorldUnits, GameThreadShaderMap 0x000002145DACE080
[2017.02.25-13.32.00:323][  0]LogMaterial: Missing cached shader map for material PreTonemapHDRColor, compiling. 
[2017.02.25-13.32.00:324][  0]LogTemp:Display: Added material ShaderMap 0x000002145DA73580 with Material 0x000002145DAED600 to ShaderMapsBeingCompiled
[2017.02.25-13.32.00:328][  0]LogTemp:Display: Kicking off shader compilation for PreTonemapHDRColor, GameThreadShaderMap 0x000002145DA73580
[2017.02.25-13.32.00:331][  0]LogMaterial: Missing cached shader map for material PostTonemapHDRColor, compiling. 
[2017.02.25-13.32.00:331][  0]LogTemp:Display: Added material ShaderMap 0x000002145DA70B80 with Material 0x000002145D987880 to ShaderMapsBeingCompiled
[2017.02.25-13.32.00:335][  0]LogTemp:Display: Kicking off shader compilation for PostTonemapHDRColor, GameThreadShaderMap 0x000002145DA70B80
[2017.02.25-13.32.00:795][  0]LogInit:Display: Game Engine Initialized.
[2017.02.25-13.32.01:075][  0]LogInit:Display: Starting Game.
[2017.02.25-13.32.01:075][  0]LogNet: Browse: /Temp/Autosaves/Game/UEDPCShangda_Wus_Book_Main_Scenes?Name=Player
[2017.02.25-13.32.01:075][  0]LogLoad: LoadMap: /Temp/Autosaves/Game/UEDPCShangda_Wus_Book_Main_Scenes?Name=Player
[2017.02.25-13.32.01:117][  0]LogMemory: Platform Memory Stats for Windows
[2017.02.25-13.32.01:117][  0]LogMemory: Process Physical Memory: 973.70 MB used, 997.28 MB peak
[2017.02.25-13.32.01:117][  0]LogMemory: Process Virtual Memory: 1025.47 MB used, 1025.48 MB peak
[2017.02.25-13.32.01:117][  0]LogMemory: Physical Memory: 7984.73 MB used,  8216.18 MB free, 16200.91 MB total
[2017.02.25-13.32.01:117][  0]LogMemory: Virtual Memory: 1608.42 MB used,  8216.18 MB free, 134217728.00 MB total
[2017.02.25-13.32.01:117][  0]LogMemory: 
[2017.02.25-13.32.01:117][  0]Allocator Stats for TBB: (not implemented)
[2017.02.25-13.32.01:307][  0]LogMaterial: Missing cached shader map for material BasicShapeMaterial, compiling. 
[2017.02.25-13.32.01:308][  0]LogTemp:Display: Added material ShaderMap 0x000002145D3CB900 with Material 0x000002145D491900 to ShaderMapsBeingCompiled
[2017.02.25-13.32.01:425][  0]LogTemp:Display: Kicking off shader compilation for BasicShapeMaterial, GameThreadShaderMap 0x000002145D3CB900
[2017.02.25-13.32.01:436][  0]LogMaterial: Missing cached shader map for material M_Sky_Panning_Clouds2, compiling. 
[2017.02.25-13.32.01:438][  0]LogTemp:Display: Added material ShaderMap 0x000002145F892780 with Material 0x000002145D79AF80 to ShaderMapsBeingCompiled
[2017.02.25-13.32.01:440][  0]LogTemp:Display: Kicking off shader compilation for M_Sky_Panning_Clouds2, GameThreadShaderMap 0x000002145F892780
[2017.02.25-13.32.01:641][  0]LogAIModule: Creating AISystem for world Shangda_Wus_Book_Main_Scenes
[2017.02.25-13.32.01:642][  0]LogLoad: Game class is 'GameMode'
[2017.02.25-13.32.01:645][  0]LogWorld: Bringing World /Temp/Autosaves/Game/UEDPCShangda_Wus_Book_Main_Scenes.Shangda_Wus_Book_Main_Scenes up for play (max tick rate 0) at 2017.02.25-21.32.01
[2017.02.25-13.32.01:645][  0]LogWorld: Bringing up level for play took: 0.002788
[2017.02.25-13.32.01:646][  0]LogGameMode:Display: Match State Changed from EnteringMap to WaitingToStart
[2017.02.25-13.32.01:646][  0]LogGameState: Match State Changed from EnteringMap to WaitingToStart
[2017.02.25-13.32.01:646][  0]LogGameMode:Display: Match State Changed from WaitingToStart to InProgress
[2017.02.25-13.32.01:647][  0]LogGameState: Match State Changed from WaitingToStart to InProgress
[2017.02.25-13.32.01:647][  0]LogLoad: Took 0.572361 seconds to LoadMap(/Temp/Autosaves/Game/UEDPCShangda_Wus_Book_Main_Scenes)
[2017.02.25-13.32.02:772][  0]LogRenderer: Reallocating scene render targets to support 640x960 NumSamples 1 (Frame:2).
[2017.02.25-13.32.02:772][  0]LogLoad: (Engine Initialization) Total time: 14.82 seconds
[2017.02.25-13.32.02:772][  0]LogLoad: (Engine Initialization) Total Blueprint compile time: 0.13 seconds
[2017.02.25-13.32.02:772][  0]LogExternalProfiler: No external profilers were discovered.  External profiling features will not be available.
[2017.02.25-13.32.02:791][  0]LogOcInput: OculusInput pre-init called
[2017.02.25-13.32.02:829][  1]LogTemp:Display: Finished compile of shader map 0x000002143F96A780
[2017.02.25-13.32.02:829][  1]LogTemp:Display: Shader map M_SimpleTranslucent complete, GameThreadShaderMap 0x000002143F96A780, marking material M_SimpleTranslucent as finished
[2017.02.25-13.32.02:829][  1]LogTemp:Display: Marking material as finished 0x000002143F95AF80
[2017.02.25-13.32.02:832][  1]LogTemp:Display: Finished compile of shader map 0x000002143FC5D600
[2017.02.25-13.32.02:832][  1]LogTemp:Display: Shader map SkySphereMaterial complete, GameThreadShaderMap 0x000002143FC5D600, marking material SkySphereMaterial as finished
[2017.02.25-13.32.02:832][  1]LogTemp:Display: Marking material as finished 0x00000214401A8400
[2017.02.25-13.32.08:780][243]LogWindowsTextInputMethodSystem:Display: IME system now activated using TSF (微软拼音).
[2017.02.25-13.32.08:781][243]LogWindowsTextInputMethodSystem:Display: IME system now activated using TSF (微软拼音).
[2017.02.25-13.32.08:782][243]LogWindowsTextInputMethodSystem:Display: IME system now activated using TSF (微软拼音).
[2017.02.25-13.32.08:783][243]LogWindowsTextInputMethodSystem:Display: IME system now activated using TSF (微软拼音).
[2017.02.25-13.32.08:789][243]LogEngine: All Windows Closed
[2017.02.25-13.32.08:789][243]LogWindows: FPlatformMisc::RequestExit(0)
[2017.02.25-13.32.08:791][243]LogTemp:Display: Finished compile of shader map 0x000002144498EB00
[2017.02.25-13.32.08:791][243]LogTemp:Display: Shader map LandscapeGizmo_Mat complete, GameThreadShaderMap 0x000002144498EB00, marking material LandscapeGizmo_Mat as finished
[2017.02.25-13.32.08:791][243]LogTemp:Display: Marking material as finished 0x000002144497B400
[2017.02.25-13.32.08:792][243]LogTemp:Display: Shader map LandscapeGizmo_Mat complete, GameThreadShaderMap 0x000002144498EB00, marking material LandscapeGizmo_Mat as finished
[2017.02.25-13.32.08:792][243]LogTemp:Display: Marking material as finished 0x0000021444979300
[2017.02.25-13.32.08:793][244]LogMoviePlayer: Shutting down movie player
[2017.02.25-13.32.09:091][244]LogExit: Preparing to exit.
[2017.02.25-13.32.10:287][244]LogTemp:Display: Removed shader map 0x00000214420B3900 from material 0x0000021440932E00
[2017.02.25-13.32.10:289][244]LogTemp:Display: Removed shader map 0x000002144898C480 from material 0x000002144893FD00
[2017.02.25-13.32.10:289][244]LogTemp:Display: Removed shader map 0x0000021449038800 from material 0x0000021448D97700
[2017.02.25-13.32.10:289][244]LogTemp:Display: Removed shader map 0x0000021448CF9980 from material 0x0000021448D94B80
[2017.02.25-13.32.10:290][244]LogTemp:Display: Removed shader map 0x0000021449C3CF00 from material 0x0000021449C58D00
[2017.02.25-13.32.10:290][244]LogTemp:Display: Removed shader map 0x0000021449C04800 from material 0x0000021449C3AC80
[2017.02.25-13.32.10:290][244]LogTemp:Display: Removed shader map 0x000002144A8ECF00 from material 0x000002144A974D00
[2017.02.25-13.32.10:291][244]LogTemp:Display: Removed shader map 0x000002144BB86400 from material 0x000002144BB4FA00
[2017.02.25-13.32.10:291][244]LogTemp:Display: Removed shader map 0x000002144B964F00 from material 0x000002144BB4D480
[2017.02.25-13.32.10:291][244]LogTemp:Display: Removed shader map 0x000002144B90C800 from material 0x000002144B933700
[2017.02.25-13.32.10:291][244]LogExit: Game engine shut down
[2017.02.25-13.32.10:291][244]LogTemp:Display: Removed shader map 0x0000021445F25D00 from material 0x000002144B930A00
[2017.02.25-13.32.10:291][244]LogTemp:Display: Removed shader map 0x000002144C938B80 from material 0x000002144C032380
[2017.02.25-13.32.10:291][244]LogTemp:Display: Removed shader map 0x00000214510CFC80 from material 0x000002144F16C580
[2017.02.25-13.32.10:291][244]LogTemp:Display: Removed shader map 0x00000214518BC480 from material 0x000002144C8CDD80
[2017.02.25-13.32.10:291][244]LogTemp:Display: Removed shader map 0x0000021456057200 from material 0x0000021454867280
[2017.02.25-13.32.10:291][244]LogTemp:Display: Removed shader map 0x000002145A836080 from material 0x0000021458848880
[2017.02.25-13.32.10:291][244]LogTemp:Display: Removed shader map 0x000002145B06C100 from material 0x0000021456041900
[2017.02.25-13.32.10:291][244]LogTemp:Display: Removed shader map 0x000002145B4D9280 from material 0x000002145BD8F880
[2017.02.25-13.32.10:291][244]LogTemp:Display: Removed shader map 0x000002145B47D280 from material 0x000002145BD8E380
[2017.02.25-13.32.10:291][244]LogTemp:Display: Removed shader map 0x000002145C195280 from material 0x000002145BD8CE80
[2017.02.25-13.32.10:291][244]LogTemp:Display: Removed shader map 0x000002145C12D280 from material 0x000002145C14F700
[2017.02.25-13.32.10:291][244]LogTemp:Display: Removed shader map 0x000002145C0C5280 from material 0x000002145C14E200
[2017.02.25-13.32.10:291][244]LogTemp:Display: Removed shader map 0x000002145C069980 from material 0x000002145C14D000
[2017.02.25-13.32.10:291][244]LogTemp:Display: Removed shader map 0x000002145CD6BC80 from material 0x000002145C023880
[2017.02.25-13.32.10:291][244]LogTemp:Display: Removed shader map 0x000002145CD0B580 from material 0x000002145C022200
[2017.02.25-13.32.10:291][244]LogTemp:Display: Removed shader map 0x000002145C3EDD00 from material 0x000002145C020E80
[2017.02.25-13.32.10:291][244]LogTemp:Display: Removed shader map 0x000002145D152E80 from material 0x000002145D18EF80
[2017.02.25-13.32.10:291][244]LogTemp:Display: Removed shader map 0x000002145D0F2400 from material 0x000002145D0B2380
[2017.02.25-13.32.10:291][244]LogTemp:Display: Removed shader map 0x0000021436A7CF00 from material 0x000002145D0B0A00
[2017.02.25-13.32.10:292][244]LogTemp:Display: Removed shader map 0x0000021436A7F200 from material 0x0000021436A42380
[2017.02.25-13.32.10:292][244]LogTemp:Display: Removed shader map 0x00000214379EA780 from material 0x0000021436A40A00
[2017.02.25-13.32.10:292][244]LogTemp:Display: Removed shader map 0x00000214379E8480 from material 0x0000021436A50E80
[2017.02.25-13.32.10:292][244]LogTemp:Display: Removed shader map 0x000002143797E080 from material 0x000002143798E980
[2017.02.25-13.32.10:292][244]LogTemp:Display: Removed shader map 0x000002145DD6BC80 from material 0x000002143798D300
[2017.02.25-13.32.10:292][244]LogTemp:Display: Removed shader map 0x000002145DD69980 from material 0x000002145DD5F700
[2017.02.25-13.32.10:292][244]LogTemp:Display: Removed shader map 0x000002145DCFF580 from material 0x000002145DD5DD80
[2017.02.25-13.32.10:292][244]LogTemp:Display: Removed shader map 0x000002145DCFCF00 from material 0x000002145DD5C580
[2017.02.25-13.32.10:292][244]LogTemp:Display: Removed shader map 0x000002145DC9AB00 from material 0x000002145DCA6980
[2017.02.25-13.32.10:292][244]LogTemp:Display: Removed shader map 0x000002145DC98800 from material 0x000002145DCA5180
[2017.02.25-13.32.10:292][244]LogTemp:Display: Removed shader map 0x000002145DC05D00 from material 0x000002145DC2A200
[2017.02.25-13.32.10:292][244]LogTemp:Display: Removed shader map 0x000002145DBAF580 from material 0x000002145DC28880
[2017.02.25-13.32.10:292][244]LogTemp:Display: Removed shader map 0x000002145DBAD280 from material 0x000002145DBAAE00
[2017.02.25-13.32.10:292][244]LogTemp:Display: Removed shader map 0x000002145DB3C800 from material 0x000002145DBA9780
[2017.02.25-13.32.10:292][244]LogTemp:Display: Removed shader map 0x000002145DACE080 from material 0x000002145DAEF100
[2017.02.25-13.32.10:292][244]LogTemp:Display: Removed shader map 0x000002145DA73580 from material 0x000002145DAED600
[2017.02.25-13.32.10:292][244]LogTemp:Display: Removed shader map 0x000002145DA70B80 from material 0x000002145D987880
[2017.02.25-13.32.10:296][244]LogTemp:Display: Removed shader map 0x000002145F892780 from material 0x000002145D79AF80
[2017.02.25-13.32.10:297][244]LogTemp:Display: Removed shader map 0x000002145D3CB900 from material 0x000002145D491900
[2017.02.25-13.32.10:369][244]LogObj: Freed 0b from 0 cluster array pools.
[2017.02.25-13.32.10:369][244]LogExit: Object subsystem successfully closed.
[2017.02.25-13.32.10:374][244]LogD3D11RHI: Shutdown
[2017.02.25-13.32.10:374][244]LogD3D11RHI: CleanupD3DDevice
[2017.02.25-13.32.10:437][244]LogD3D11RHI: ~FD3D11DynamicRHI
[2017.02.25-13.32.10:449][244]LogModuleManager: Shutting down and abandoning module SequenceRecorderSections (262)
[2017.02.25-13.32.10:449][244]LogModuleManager: Shutting down and abandoning module SequenceRecorder (260)
[2017.02.25-13.32.10:449][244]LogModuleManager: Shutting down and abandoning module AutomationController (258)
[2017.02.25-13.32.10:449][244]LogModuleManager: Shutting down and abandoning module AutomationWorker (256)
[2017.02.25-13.32.10:449][244]LogModuleManager: Shutting down and abandoning module AIModule (254)
[2017.02.25-13.32.10:449][244]LogModuleManager: Shutting down and abandoning module GameplayDebugger (253)
[2017.02.25-13.32.10:449][244]LogModuleManager: Shutting down and abandoning module AITestSuite (251)
[2017.02.25-13.32.10:449][244]LogModuleManager: Shutting down and abandoning module WmfMediaFactory (248)
[2017.02.25-13.32.10:449][244]LogModuleManager: Shutting down and abandoning module MfMediaFactory (246)
[2017.02.25-13.32.10:449][244]LogModuleManager: Shutting down and abandoning module AvfMediaFactory (244)
[2017.02.25-13.32.10:449][244]LogModuleManager: Shutting down and abandoning module AndroidMediaFactory (242)
[2017.02.25-13.32.10:449][244]LogModuleManager: Shutting down and abandoning module Media (241)
[2017.02.25-13.32.10:449][244]LogModuleManager: Shutting down and abandoning module CharacterAI (238)
[2017.02.25-13.32.10:449][244]LogModuleManager: Shutting down and abandoning module SessionServices (236)
[2017.02.25-13.32.10:449][244]LogModuleManager: Shutting down and abandoning module MovieSceneCapture (234)
[2017.02.25-13.32.10:449][244]LogModuleManager: Shutting down and abandoning module GeometryCache (232)
[2017.02.25-13.32.10:449][244]LogModuleManager: Shutting down and abandoning module GeometryCacheEd (231)
[2017.02.25-13.32.10:449][244]LogModuleManager: Shutting down and abandoning module Niagara (228)
[2017.02.25-13.32.10:449][244]LogModuleManager: Shutting down and abandoning module StreamingPauseRendering (226)
[2017.02.25-13.32.10:449][244]LogModuleManager: Shutting down and abandoning module PortalServices (224)
[2017.02.25-13.32.10:449][244]LogModuleManager: Shutting down and abandoning module PortalRpc (222)
[2017.02.25-13.32.10:449][244]LogModuleManager: Shutting down and abandoning module MessagingRpc (220)
[2017.02.25-13.32.10:449][244]LogModuleManager: Shutting down and abandoning module ProfilerService (218)
[2017.02.25-13.32.10:520][244]LogModuleManager: Shutting down and abandoning module TaskGraph (216)
[2017.02.25-13.32.10:520][244]LogModuleManager: Shutting down and abandoning module SteamVRController (214)
[2017.02.25-13.32.10:520][244]LogModuleManager: Shutting down and abandoning module SteamVR (212)
[2017.02.25-13.32.10:520][244]LogModuleManager: Shutting down and abandoning module ProceduralMeshComponent (210)
[2017.02.25-13.32.10:520][244]LogModuleManager: Shutting down and abandoning module OculusLibrary (208)
[2017.02.25-13.32.10:520][244]LogModuleManager: Shutting down and abandoning module OculusInput (206)
[2017.02.25-13.32.10:520][244]LogModuleManager: Shutting down and abandoning module MobilePatchingUtils (204)
[2017.02.25-13.32.10:520][244]LogModuleManager: Shutting down and abandoning module CustomMeshComponent (202)
[2017.02.25-13.32.10:520][244]LogModuleManager: Shutting down and abandoning module CableComponent (200)
[2017.02.25-13.32.10:520][244]LogModuleManager: Shutting down and abandoning module ArchVisCharacter (198)
[2017.02.25-13.32.10:520][244]LogModuleManager: Shutting down and abandoning module HTML5Networking (194)
[2017.02.25-13.32.10:520][244]LogModuleManager: Shutting down and abandoning module VisualStudioSourceCodeAccess (192)
[2017.02.25-13.32.10:520][244]LogModuleManager: Shutting down and abandoning module DesktopPlatform (191)
[2017.02.25-13.32.10:520][244]LogModuleManager: Shutting down and abandoning module HotReload (189)
[2017.02.25-13.32.10:520][244]LogModuleManager: Shutting down and abandoning module DirectoryWatcher (188)
[2017.02.25-13.32.10:520][244]LogModuleManager: Shutting down and abandoning module UObjectPlugin (184)
[2017.02.25-13.32.10:520][244]LogModuleManager: Shutting down and abandoning module SubversionSourceControl (182)
[2017.02.25-13.32.10:520][244]LogModuleManager: Shutting down and abandoning module PerforceSourceControl (180)
[2017.02.25-13.32.10:520][244]LogModuleManager: Shutting down and abandoning module SourceControl (179)
[2017.02.25-13.32.10:520][244]LogModuleManager: Shutting down and abandoning module PhysXVehiclesEditor (176)
[2017.02.25-13.32.10:520][244]LogModuleManager: Shutting down and abandoning module PhysXVehicles (174)
[2017.02.25-13.32.10:520][244]LogModuleManager: Shutting down and abandoning module LocationServicesBPLibrary (172)
[2017.02.25-13.32.10:520][244]LogModuleManager: Shutting down and abandoning module UdpMessaging (170)
[2017.02.25-13.32.10:622][244]LogModuleManager: Shutting down and abandoning module TcpMessaging (168)
[2017.02.25-13.32.11:076][244]LogModuleManager: Shutting down and abandoning module GameplayTagsEditor (166)
[2017.02.25-13.32.11:076][244]LogModuleManager: Shutting down and abandoning module FacialAnimation (164)
[2017.02.25-13.32.11:076][244]LogModuleManager: Shutting down and abandoning module LightPropagationVolumeRuntime (162)
[2017.02.25-13.32.11:076][244]LogModuleManager: Shutting down and abandoning module Paper2D (160)
[2017.02.25-13.32.11:076][244]LogModuleManager: Shutting down and abandoning module WindowsMoviePlayer (158)
[2017.02.25-13.32.11:076][244]LogModuleManager: Shutting down and abandoning module WmfMedia (156)
[2017.02.25-13.32.11:077][244]LogModuleManager: Shutting down and abandoning module MfMedia (154)
[2017.02.25-13.32.11:077][244]LogModuleManager: Shutting down and abandoning module MediaAssets (152)
[2017.02.25-13.32.11:077][244]LogModuleManager: Shutting down and abandoning module GameLiveStreaming (150)
[2017.02.25-13.32.11:077][244]LogModuleManager: Shutting down and abandoning module VREditor (148)
[2017.02.25-13.32.11:077][244]LogModuleManager: Shutting down and abandoning module GameplayTasksEditor (146)
[2017.02.25-13.32.11:077][244]LogModuleManager: Shutting down and abandoning module BehaviorTreeEditor (144)
[2017.02.25-13.32.11:077][244]LogModuleManager: Shutting down and abandoning module FunctionalTesting (142)
[2017.02.25-13.32.11:077][244]LogModuleManager: Shutting down and abandoning module CollisionAnalyzer (140)
[2017.02.25-13.32.11:077][244]LogModuleManager: Shutting down and abandoning module UMG (138)
[2017.02.25-13.32.11:077][244]LogModuleManager: Shutting down and abandoning module UMGEditor (137)
[2017.02.25-13.32.11:077][244]LogModuleManager: Shutting down and abandoning module Sequencer (136)
[2017.02.25-13.32.11:077][244]LogModuleManager: Shutting down and abandoning module AssetTools (134)
[2017.02.25-13.32.11:078][244]LogModuleManager: Shutting down and abandoning module MessageLog (133)
[2017.02.25-13.32.11:078][244]LogModuleManager: Shutting down and abandoning module WorkspaceMenuStructure (132)
[2017.02.25-13.32.11:078][244]LogModuleManager: Shutting down and abandoning module SlateReflector (126)
[2017.02.25-13.32.11:078][244]LogModuleManager: Shutting down and abandoning module Slate (124)
[2017.02.25-13.32.11:078][244]LogModuleManager: Shutting down and abandoning module EditorStyle (122)
[2017.02.25-13.32.11:083][244]LogModuleManager: Shutting down and abandoning module Messaging (120)
[2017.02.25-13.32.11:083][244]LogModuleManager: Shutting down and abandoning module SourceCodeAccess (118)
[2017.02.25-13.32.11:083][244]LogModuleManager: Shutting down and abandoning module HeadMountedDisplay (116)
[2017.02.25-13.32.11:083][244]LogModuleManager: Shutting down and abandoning module XAudio2 (114)
[2017.02.25-13.32.11:083][244]LogModuleManager: Shutting down and abandoning module Networking (112)
[2017.02.25-13.32.11:083][244]LogModuleManager: Shutting down and abandoning module Core (108)
[2017.02.25-13.32.11:083][244]LogModuleManager: Shutting down and abandoning module KismetCompiler (106)
[2017.02.25-13.32.11:083][244]LogModuleManager: Shutting down and abandoning module PhysXFormats (104)
[2017.02.25-13.32.11:083][244]LogModuleManager: Shutting down and abandoning module MeshUtilities (102)
[2017.02.25-13.32.11:084][244]LogModuleManager: Shutting down and abandoning module SimplygonSwarm (101)
[2017.02.25-13.32.11:084][244]LogModuleManager: Shutting down and abandoning module SimplygonMeshReduction (99)
[2017.02.25-13.32.11:084][244]LogModuleManager: Shutting down and abandoning module QuadricMeshReduction (97)
[2017.02.25-13.32.11:084][244]LogModuleManager: Shutting down and abandoning module PropertyEditor (95)
[2017.02.25-13.32.11:084][244]LogModuleManager: Shutting down and abandoning module AssetRegistry (92)
[2017.02.25-13.32.11:084][244]LogModuleManager: Shutting down and abandoning module DerivedDataCache (90)
[2017.02.25-13.32.11:437][244]LogDerivedDataCache: Shutdown
[2017.02.25-13.32.11:437][244]LogModuleManager: Shutting down and abandoning module TargetPlatform (88)
[2017.02.25-13.32.11:437][244]LogModuleManager: Shutting down and abandoning module VulkanShaderFormat (87)
[2017.02.25-13.32.11:437][244]LogModuleManager: Shutting down and abandoning module ShaderFormatOpenGL (85)
[2017.02.25-13.32.11:437][244]LogModuleManager: Shutting down and abandoning module ShaderFormatD3D (83)
[2017.02.25-13.32.11:437][244]LogModuleManager: Shutting down and abandoning module MetalShaderFormat (81)
[2017.02.25-13.32.11:437][244]LogModuleManager: Shutting down and abandoning module TextureFormatUncompressed (79)
[2017.02.25-13.32.11:437][244]LogModuleManager: Shutting down and abandoning module TextureFormatPVR (77)
[2017.02.25-13.32.11:437][244]LogModuleManager: Shutting down and abandoning module TextureFormatDXT (75)
[2017.02.25-13.32.11:437][244]LogModuleManager: Shutting down and abandoning module TextureFormatIntelISPCTexComp (73)
[2017.02.25-13.32.11:438][244]LogModuleManager: Shutting down and abandoning module TextureFormatASTC (71)
[2017.02.25-13.32.11:438][244]LogModuleManager: Shutting down and abandoning module ImageWrapper (70)
[2017.02.25-13.32.11:438][244]LogModuleManager: Shutting down and abandoning module TextureFormatAndroid (67)
[2017.02.25-13.32.11:438][244]LogModuleManager: Shutting down and abandoning module AudioFormatOpus (65)
[2017.02.25-13.32.11:438][244]LogModuleManager: Shutting down and abandoning module AudioFormatOgg (63)
[2017.02.25-13.32.11:438][244]LogModuleManager: Shutting down and abandoning module AudioFormatADPCM (61)
[2017.02.25-13.32.11:438][244]LogModuleManager: Shutting down and abandoning module WindowsTargetPlatform (59)
[2017.02.25-13.32.11:438][244]LogModuleManager: Shutting down and abandoning module WindowsServerTargetPlatform (57)
[2017.02.25-13.32.11:438][244]LogModuleManager: Shutting down and abandoning module WindowsNoEditorTargetPlatform (55)
[2017.02.25-13.32.11:438][244]LogModuleManager: Shutting down and abandoning module WindowsClientTargetPlatform (53)
[2017.02.25-13.32.11:438][244]LogModuleManager: Shutting down and abandoning module InputCore (50)
[2017.02.25-13.32.11:438][244]LogModuleManager: Shutting down and abandoning module Settings (48)
[2017.02.25-13.32.11:438][244]LogModuleManager: Shutting down and abandoning module OculusRift (46)
[2017.02.25-13.32.11:438][244]LogModuleManager: Shutting down and abandoning module ExampleDeviceProfileSelector (44)
[2017.02.25-13.32.11:438][244]LogModuleManager: Shutting down and abandoning module OnlineBlueprintSupport (42)
[2017.02.25-13.32.11:438][244]LogModuleManager: Shutting down and abandoning module OnlineSubsystem (38)
[2017.02.25-13.32.11:438][244]LogOnline:Display: Unloading online subsystem: NULL
[2017.02.25-13.32.11:438][244]LogModuleManager: Shutting down and abandoning module XMPP (37)
[2017.02.25-13.32.11:438][244]LogModuleManager: Shutting down and abandoning module HTTP (35)
[2017.02.25-13.32.11:463][244]LogModuleManager: Shutting down and abandoning module SSL (34)
[2017.02.25-13.32.11:466][244]LogModuleManager: Shutting down and abandoning module AudioEditor (30)
[2017.02.25-13.32.11:466][244]LogModuleManager: Shutting down and abandoning module TextureCompressor (28)
[2017.02.25-13.32.11:466][244]LogModuleManager: Shutting down and abandoning module ShaderCore (26)
[2017.02.25-13.32.11:466][244]LogModuleManager: Shutting down and abandoning module Landscape (24)
[2017.02.25-13.32.11:466][244]LogModuleManager: Shutting down and abandoning module SlateRHIRenderer (22)
[2017.02.25-13.32.11:467][244]LogModuleManager: Shutting down and abandoning module OpenGLDrv (20)
[2017.02.25-13.32.11:467][244]LogModuleManager: Shutting down and abandoning module D3D11RHI (18)
[2017.02.25-13.32.11:467][244]LogModuleManager: Shutting down and abandoning module AnimGraphRuntime (16)
[2017.02.25-13.32.11:467][244]LogModuleManager: Shutting down and abandoning module Renderer (14)
[2017.02.25-13.32.11:467][244]LogModuleManager: Shutting down and abandoning module Engine (12)
[2017.02.25-13.32.11:467][244]LogModuleManager: Shutting down and abandoning module CoreUObject (10)
[2017.02.25-13.32.11:467][244]LogModuleManager: Shutting down and abandoning module NetworkFile (8)
[2017.02.25-13.32.11:467][244]LogModuleManager: Shutting down and abandoning module StreamingFile (6)
[2017.02.25-13.32.11:467][244]LogModuleManager: Shutting down and abandoning module SandboxFile (4)
[2017.02.25-13.32.11:467][244]LogModuleManager: Shutting down and abandoning module PakFile (2)
[2017.02.25-13.32.11:469][244]LogExit: Exiting.
[2017.02.25-13.32.11:473][244]Log file closed, 02/25/17 21:32:11
